[0.103s] Invoking command in '/home/drail/ros2_ws/build/cr35ia_ros2_moveit2': AMENT_PREFIX_PATH=/home/drail/ros2_ws/install/ros2_data:${AMENT_PREFIX_PATH} CMAKE_PREFIX_PATH=/home/drail/ros2_ws/install/ros2_data:/home/drail/ros2_ws/install/turtlesim:/home/drail/ros2_humble/ros2-linux:/opt/ros/humble LD_LIBRARY_PATH=/home/drail/ros2_ws/install/ros2_data/lib:/home/drail/ros2_ws/install/turtlesim/lib:/usr/lib/x86_64-linux-gnu/gazebo-11/plugins:/opt/ros/humble/opt/rviz_ogre_vendor/lib:/opt/ros/humble/lib/x86_64-linux-gnu:/opt/ros/humble/lib:/home/drail/ros2_humble/ros2-linux/opt/rviz_ogre_vendor/lib:/home/drail/ros2_humble/ros2-linux/lib:/usr/local/cuda-12.9/lib64 PYTHONPATH=/home/drail/ros2_ws/install/ros2_data/local/lib/python3.10/dist-packages:${PYTHONPATH} /usr/bin/cmake /home/drail/ros2_ws/src/ros2_RobotSimulation/Fanuc/CR35iA/cr35ia_ros2_moveit2 -DCMAKE_INSTALL_PREFIX=/home/drail/ros2_ws/install/cr35ia_ros2_moveit2
[0.149s] -- The C compiler identification is GNU 11.4.0
[0.193s] -- The CXX compiler identification is GNU 11.4.0
[0.199s] -- Detecting C compiler ABI info
[0.255s] -- Detecting C compiler ABI info - done
[0.260s] -- Check for working C compiler: /usr/bin/cc - skipped
[0.260s] -- Detecting C compile features
[0.260s] -- Detecting C compile features - done
[0.263s] -- Detecting CXX compiler ABI info
[0.329s] -- Detecting CXX compiler ABI info - done
[0.334s] -- Check for working CXX compiler: /usr/bin/c++ - skipped
[0.334s] -- Detecting CXX compile features
[0.335s] -- Detecting CXX compile features - done
[0.337s] -- Found ament_cmake: 1.3.12 (/home/drail/ros2_humble/ros2-linux/share/ament_cmake/cmake)
[0.457s] -- Found Python3: /usr/bin/python3 (found version "3.10.12") found components: Interpreter 
[0.527s] -- Found ament_lint_auto: 0.12.14 (/home/drail/ros2_humble/ros2-linux/share/ament_lint_auto/cmake)
[0.597s] -- Added test 'copyright' to check source files copyright and LICENSE
[0.600s] -- Added test 'flake8' to check Python code syntax and style conventions
[0.606s] -- Added test 'lint_cmake' to check CMake code style
[0.607s] -- Added test 'pep257' to check Python code against some of the docstring style conventions in PEP 257
[0.608s] -- Added test 'xmllint' to check XML markup files
[0.610s] -- Configuring done
[0.615s] -- Generating done
[0.617s] -- Build files have been written to: /home/drail/ros2_ws/build/cr35ia_ros2_moveit2
[0.622s] Invoked command in '/home/drail/ros2_ws/build/cr35ia_ros2_moveit2' returned '0': AMENT_PREFIX_PATH=/home/drail/ros2_ws/install/ros2_data:${AMENT_PREFIX_PATH} CMAKE_PREFIX_PATH=/home/drail/ros2_ws/install/ros2_data:/home/drail/ros2_ws/install/turtlesim:/home/drail/ros2_humble/ros2-linux:/opt/ros/humble LD_LIBRARY_PATH=/home/drail/ros2_ws/install/ros2_data/lib:/home/drail/ros2_ws/install/turtlesim/lib:/usr/lib/x86_64-linux-gnu/gazebo-11/plugins:/opt/ros/humble/opt/rviz_ogre_vendor/lib:/opt/ros/humble/lib/x86_64-linux-gnu:/opt/ros/humble/lib:/home/drail/ros2_humble/ros2-linux/opt/rviz_ogre_vendor/lib:/home/drail/ros2_humble/ros2-linux/lib:/usr/local/cuda-12.9/lib64 PYTHONPATH=/home/drail/ros2_ws/install/ros2_data/local/lib/python3.10/dist-packages:${PYTHONPATH} /usr/bin/cmake /home/drail/ros2_ws/src/ros2_RobotSimulation/Fanuc/CR35iA/cr35ia_ros2_moveit2 -DCMAKE_INSTALL_PREFIX=/home/drail/ros2_ws/install/cr35ia_ros2_moveit2
[0.624s] Invoking command in '/home/drail/ros2_ws/build/cr35ia_ros2_moveit2': AMENT_PREFIX_PATH=/home/drail/ros2_ws/install/ros2_data:${AMENT_PREFIX_PATH} CMAKE_PREFIX_PATH=/home/drail/ros2_ws/install/ros2_data:/home/drail/ros2_ws/install/turtlesim:/home/drail/ros2_humble/ros2-linux:/opt/ros/humble LD_LIBRARY_PATH=/home/drail/ros2_ws/install/ros2_data/lib:/home/drail/ros2_ws/install/turtlesim/lib:/usr/lib/x86_64-linux-gnu/gazebo-11/plugins:/opt/ros/humble/opt/rviz_ogre_vendor/lib:/opt/ros/humble/lib/x86_64-linux-gnu:/opt/ros/humble/lib:/home/drail/ros2_humble/ros2-linux/opt/rviz_ogre_vendor/lib:/home/drail/ros2_humble/ros2-linux/lib:/usr/local/cuda-12.9/lib64 PYTHONPATH=/home/drail/ros2_ws/install/ros2_data/local/lib/python3.10/dist-packages:${PYTHONPATH} /usr/bin/cmake --build /home/drail/ros2_ws/build/cr35ia_ros2_moveit2 -- -j24 -l24
[0.657s] Invoked command in '/home/drail/ros2_ws/build/cr35ia_ros2_moveit2' returned '0': AMENT_PREFIX_PATH=/home/drail/ros2_ws/install/ros2_data:${AMENT_PREFIX_PATH} CMAKE_PREFIX_PATH=/home/drail/ros2_ws/install/ros2_data:/home/drail/ros2_ws/install/turtlesim:/home/drail/ros2_humble/ros2-linux:/opt/ros/humble LD_LIBRARY_PATH=/home/drail/ros2_ws/install/ros2_data/lib:/home/drail/ros2_ws/install/turtlesim/lib:/usr/lib/x86_64-linux-gnu/gazebo-11/plugins:/opt/ros/humble/opt/rviz_ogre_vendor/lib:/opt/ros/humble/lib/x86_64-linux-gnu:/opt/ros/humble/lib:/home/drail/ros2_humble/ros2-linux/opt/rviz_ogre_vendor/lib:/home/drail/ros2_humble/ros2-linux/lib:/usr/local/cuda-12.9/lib64 PYTHONPATH=/home/drail/ros2_ws/install/ros2_data/local/lib/python3.10/dist-packages:${PYTHONPATH} /usr/bin/cmake --build /home/drail/ros2_ws/build/cr35ia_ros2_moveit2 -- -j24 -l24
[0.662s] Invoking command in '/home/drail/ros2_ws/build/cr35ia_ros2_moveit2': AMENT_PREFIX_PATH=/home/drail/ros2_ws/install/ros2_data:${AMENT_PREFIX_PATH} CMAKE_PREFIX_PATH=/home/drail/ros2_ws/install/ros2_data:/home/drail/ros2_ws/install/turtlesim:/home/drail/ros2_humble/ros2-linux:/opt/ros/humble LD_LIBRARY_PATH=/home/drail/ros2_ws/install/ros2_data/lib:/home/drail/ros2_ws/install/turtlesim/lib:/usr/lib/x86_64-linux-gnu/gazebo-11/plugins:/opt/ros/humble/opt/rviz_ogre_vendor/lib:/opt/ros/humble/lib/x86_64-linux-gnu:/opt/ros/humble/lib:/home/drail/ros2_humble/ros2-linux/opt/rviz_ogre_vendor/lib:/home/drail/ros2_humble/ros2-linux/lib:/usr/local/cuda-12.9/lib64 PYTHONPATH=/home/drail/ros2_ws/install/ros2_data/local/lib/python3.10/dist-packages:${PYTHONPATH} /usr/bin/cmake --install /home/drail/ros2_ws/build/cr35ia_ros2_moveit2
[0.668s] -- Install configuration: ""
[0.668s] -- Installing: /home/drail/ros2_ws/install/cr35ia_ros2_moveit2/share/cr35ia_ros2_moveit2/config
[0.668s] -- Installing: /home/drail/ros2_ws/install/cr35ia_ros2_moveit2/share/cr35ia_ros2_moveit2/config/kinematics.yaml
[0.668s] -- Installing: /home/drail/ros2_ws/install/cr35ia_ros2_moveit2/share/cr35ia_ros2_moveit2/config/cr35ia_moveit2.rviz
[0.668s] -- Installing: /home/drail/ros2_ws/install/cr35ia_ros2_moveit2/share/cr35ia_ros2_moveit2/config/cr35ia.srdf
[0.668s] -- Installing: /home/drail/ros2_ws/install/cr35ia_ros2_moveit2/share/cr35ia_ros2_moveit2/config/ompl_planning.yaml
[0.668s] -- Installing: /home/drail/ros2_ws/install/cr35ia_ros2_moveit2/share/cr35ia_ros2_moveit2/config/cr35ia_controllers.yaml
[0.669s] -- Installing: /home/drail/ros2_ws/install/cr35ia_ros2_moveit2/share/cr35ia_ros2_moveit2/launch
[0.669s] -- Installing: /home/drail/ros2_ws/install/cr35ia_ros2_moveit2/share/cr35ia_ros2_moveit2/launch/cr35ia.launch.py
[0.669s] -- Installing: /home/drail/ros2_ws/install/cr35ia_ros2_moveit2/share/cr35ia_ros2_moveit2/launch/cr35ia_interface.launch.py
[0.669s] -- Installing: /home/drail/ros2_ws/install/cr35ia_ros2_moveit2/share/ament_index/resource_index/package_run_dependencies/cr35ia_ros2_moveit2
[0.669s] -- Installing: /home/drail/ros2_ws/install/cr35ia_ros2_moveit2/share/ament_index/resource_index/parent_prefix_path/cr35ia_ros2_moveit2
[0.669s] -- Installing: /home/drail/ros2_ws/install/cr35ia_ros2_moveit2/share/cr35ia_ros2_moveit2/environment/ament_prefix_path.sh
[0.669s] -- Installing: /home/drail/ros2_ws/install/cr35ia_ros2_moveit2/share/cr35ia_ros2_moveit2/environment/ament_prefix_path.dsv
[0.669s] -- Installing: /home/drail/ros2_ws/install/cr35ia_ros2_moveit2/share/cr35ia_ros2_moveit2/environment/path.sh
[0.670s] -- Installing: /home/drail/ros2_ws/install/cr35ia_ros2_moveit2/share/cr35ia_ros2_moveit2/environment/path.dsv
[0.670s] -- Installing: /home/drail/ros2_ws/install/cr35ia_ros2_moveit2/share/cr35ia_ros2_moveit2/local_setup.bash
[0.670s] -- Installing: /home/drail/ros2_ws/install/cr35ia_ros2_moveit2/share/cr35ia_ros2_moveit2/local_setup.sh
[0.670s] -- Installing: /home/drail/ros2_ws/install/cr35ia_ros2_moveit2/share/cr35ia_ros2_moveit2/local_setup.zsh
[0.670s] -- Installing: /home/drail/ros2_ws/install/cr35ia_ros2_moveit2/share/cr35ia_ros2_moveit2/local_setup.dsv
[0.670s] -- Installing: /home/drail/ros2_ws/install/cr35ia_ros2_moveit2/share/cr35ia_ros2_moveit2/package.dsv
[0.670s] -- Installing: /home/drail/ros2_ws/install/cr35ia_ros2_moveit2/share/ament_index/resource_index/packages/cr35ia_ros2_moveit2
[0.670s] -- Installing: /home/drail/ros2_ws/install/cr35ia_ros2_moveit2/share/cr35ia_ros2_moveit2/cmake/cr35ia_ros2_moveit2Config.cmake
[0.670s] -- Installing: /home/drail/ros2_ws/install/cr35ia_ros2_moveit2/share/cr35ia_ros2_moveit2/cmake/cr35ia_ros2_moveit2Config-version.cmake
[0.670s] -- Installing: /home/drail/ros2_ws/install/cr35ia_ros2_moveit2/share/cr35ia_ros2_moveit2/package.xml
[0.710s] Invoked command in '/home/drail/ros2_ws/build/cr35ia_ros2_moveit2' returned '0': AMENT_PREFIX_PATH=/home/drail/ros2_ws/install/ros2_data:${AMENT_PREFIX_PATH} CMAKE_PREFIX_PATH=/home/drail/ros2_ws/install/ros2_data:/home/drail/ros2_ws/install/turtlesim:/home/drail/ros2_humble/ros2-linux:/opt/ros/humble LD_LIBRARY_PATH=/home/drail/ros2_ws/install/ros2_data/lib:/home/drail/ros2_ws/install/turtlesim/lib:/usr/lib/x86_64-linux-gnu/gazebo-11/plugins:/opt/ros/humble/opt/rviz_ogre_vendor/lib:/opt/ros/humble/lib/x86_64-linux-gnu:/opt/ros/humble/lib:/home/drail/ros2_humble/ros2-linux/opt/rviz_ogre_vendor/lib:/home/drail/ros2_humble/ros2-linux/lib:/usr/local/cuda-12.9/lib64 PYTHONPATH=/home/drail/ros2_ws/install/ros2_data/local/lib/python3.10/dist-packages:${PYTHONPATH} /usr/bin/cmake --install /home/drail/ros2_ws/build/cr35ia_ros2_moveit2
