[0.021s] Invoking command in '/home/drail/changk2/school/ROB545/Grasping-Moving-Objects/ros2_ws/build/ros2_conveyorbelt': AMENT_PREFIX_PATH=/home/drail/changk2/school/ROB545/Grasping-Moving-Objects/ros2_ws/install/conveyorbelt_msgs:${AMENT_PREFIX_PATH} CMAKE_PREFIX_PATH=/home/drail/changk2/school/ROB545/Grasping-Moving-Objects/ros2_ws/install/conveyorbelt_msgs:/home/drail/changk2/school/ROB545/Grasping-Moving-Objects/ros2_ws/install/ur5_ros2_moveit2:/home/drail/changk2/school/ROB545/Grasping-Moving-Objects/ros2_ws/install/ur5_ros2_gazebo:/home/drail/changk2/school/ROB545/Grasping-Moving-Objects/ros2_ws/install/ur3_ros2_moveit2:/home/drail/changk2/school/ROB545/Grasping-Moving-Objects/ros2_ws/install/ur3_ros2_gazebo:/home/drail/changk2/school/ROB545/Grasping-Moving-Objects/ros2_ws/install/ur10_ros2_moveit2:/home/drail/changk2/school/ROB545/Grasping-Moving-Objects/ros2_ws/install/ur10_ros2_gazebo:/home/drail/changk2/school/ROB545/Grasping-Moving-Objects/ros2_ws/install/turtlesim:/home/drail/changk2/school/ROB545/Grasping-Moving-Objects/ros2_ws/install/ros2_grasping:/home/drail/changk2/school/ROB545/Grasping-Moving-Objects/ros2_ws/install/ros2_execution:/home/drail/changk2/school/ROB545/Grasping-Moving-Objects/ros2_ws/install/ros2_actions:/home/drail/changk2/school/ROB545/Grasping-Moving-Objects/ros2_ws/install/panda_ros2_moveit2:/home/drail/changk2/school/ROB545/Grasping-Moving-Objects/ros2_ws/install/irb6640_ros2_moveit2:/home/drail/changk2/school/ROB545/Grasping-Moving-Objects/ros2_ws/install/irb120_ros2_moveit2:/home/drail/changk2/school/ROB545/Grasping-Moving-Objects/ros2_ws/install/irb1200_ros2_moveit2:/home/drail/changk2/school/ROB545/Grasping-Moving-Objects/ros2_ws/install/iiwa_ros2_moveit2:/home/drail/changk2/school/ROB545/Grasping-Moving-Objects/ros2_ws/install/cr35ia_ros2_moveit2:/home/drail/changk2/school/ROB545/Grasping-Moving-Objects/ros2_ws/install/ros2_data:/home/drail/changk2/school/ROB545/Grasping-Moving-Objects/ros2_ws/install/panda_ros2_gazebo:/home/drail/changk2/school/ROB545/Grasping-Moving-Objects/ros2_ws/install/irb6640_ros2_gazebo:/home/drail/changk2/school/ROB545/Grasping-Moving-Objects/ros2_ws/install/irb120_ros2_gazebo:/home/drail/changk2/school/ROB545/Grasping-Moving-Objects/ros2_ws/install/irb1200_ros2_gazebo:/home/drail/changk2/school/ROB545/Grasping-Moving-Objects/ros2_ws/install/iiwa_ros2_gazebo:/home/drail/changk2/school/ROB545/Grasping-Moving-Objects/ros2_ws/install/cr35ia_ros2_gazebo:/home/drail/ros2_ws/install/turtlesim:/home/drail/ros2_humble/ros2-linux:/home/drail/ros2_ws/install/ur5_ros2_moveit2:/home/drail/ros2_ws/install/ur5_ros2_gazebo:/home/drail/ros2_ws/install/ur3_ros2_moveit2:/home/drail/ros2_ws/install/ur3_ros2_gazebo:/home/drail/ros2_ws/install/ur10_ros2_moveit2:/home/drail/ros2_ws/install/ur10_ros2_gazebo:/home/drail/ros2_ws/install/ros2_grasping:/home/drail/ros2_ws/install/ros2_execution:/home/drail/ros2_ws/install/ros2_actions:/home/drail/ros2_ws/install/panda_ros2_moveit2:/home/drail/ros2_ws/install/irb6640_ros2_moveit2:/home/drail/ros2_ws/install/irb120_ros2_moveit2:/home/drail/ros2_ws/install/irb1200_ros2_moveit2:/home/drail/ros2_ws/install/iiwa_ros2_moveit2:/home/drail/ros2_ws/install/cr35ia_ros2_moveit2:/home/drail/ros2_ws/install/ros2_data:/home/drail/ros2_ws/install/panda_ros2_gazebo:/home/drail/ros2_ws/install/irb6640_ros2_gazebo:/home/drail/ros2_ws/install/irb120_ros2_gazebo:/home/drail/ros2_ws/install/irb1200_ros2_gazebo:/home/drail/ros2_ws/install/iiwa_ros2_gazebo:/home/drail/ros2_ws/install/cr35ia_ros2_gazebo:/opt/ros/humble LD_LIBRARY_PATH=/home/drail/changk2/school/ROB545/Grasping-Moving-Objects/ros2_ws/install/conveyorbelt_msgs/lib:/home/drail/changk2/school/ROB545/Grasping-Moving-Objects/ros2_ws/install/turtlesim/lib:/home/drail/changk2/school/ROB545/Grasping-Moving-Objects/ros2_ws/install/ros2_grasping/lib:/home/drail/changk2/school/ROB545/Grasping-Moving-Objects/ros2_ws/install/ros2_data/lib:/home/drail/ros2_ws/install/ros2_grasping/lib:/home/drail/ros2_ws/install/ros2_data/lib:/home/drail/ros2_ws/install/turtlesim/lib:/usr/lib/x86_64-linux-gnu/gazebo-11/plugins:/opt/ros/humble/opt/rviz_ogre_vendor/lib:/opt/ros/humble/lib/x86_64-linux-gnu:/opt/ros/humble/lib:/home/drail/ros2_humble/ros2-linux/opt/rviz_ogre_vendor/lib:/home/drail/ros2_humble/ros2-linux/lib:/usr/local/cuda-12.9/lib64 PYTHONPATH=/home/drail/changk2/school/ROB545/Grasping-Moving-Objects/ros2_ws/install/conveyorbelt_msgs/local/lib/python3.10/dist-packages:${PYTHONPATH} /usr/bin/cmake /home/drail/changk2/school/ROB545/Grasping-Moving-Objects/ros2_ws/src/IFRA_ConveyorBelt/ros2_conveyorbelt -DCMAKE_INSTALL_PREFIX=/home/drail/changk2/school/ROB545/Grasping-Moving-Objects/ros2_ws/install/ros2_conveyorbelt
[0.075s] -- The C compiler identification is GNU 11.4.0
[0.125s] -- The CXX compiler identification is GNU 11.4.0
[0.134s] -- Detecting C compiler ABI info
[0.208s] -- Detecting C compiler ABI info - done
[0.216s] -- Check for working C compiler: /usr/bin/cc - skipped
[0.216s] -- Detecting C compile features
[0.216s] -- Detecting C compile features - done
[0.220s] -- Detecting CXX compiler ABI info
[0.299s] -- Detecting CXX compiler ABI info - done
[0.307s] -- Check for working CXX compiler: /usr/bin/c++ - skipped
[0.307s] -- Detecting CXX compile features
[0.308s] -- Detecting CXX compile features - done
[0.314s] -- Found ament_cmake: 1.3.12 (/home/drail/ros2_humble/ros2-linux/share/ament_cmake/cmake)
[0.477s] -- Found Python3: /usr/bin/python3 (found version "3.10.12") found components: Interpreter 
[0.601s] -- Found ament_lint_auto: 0.12.14 (/home/drail/ros2_humble/ros2-linux/share/ament_lint_auto/cmake)
[0.707s] -- Found gazebo_ros: 3.9.0 (/opt/ros/humble/share/gazebo_ros/cmake)
[0.764s] -- Found rosidl_generator_c: 3.1.7 (/home/drail/ros2_humble/ros2-linux/share/rosidl_generator_c/cmake)
[0.771s] -- Found rosidl_adapter: 3.1.7 (/home/drail/ros2_humble/ros2-linux/share/rosidl_adapter/cmake)
[0.781s] -- Found rosidl_generator_cpp: 3.1.7 (/home/drail/ros2_humble/ros2-linux/share/rosidl_generator_cpp/cmake)
[0.794s] -- Using all available rosidl_typesupport_c: rosidl_typesupport_fastrtps_c;rosidl_typesupport_introspection_c
[0.813s] -- Using all available rosidl_typesupport_cpp: rosidl_typesupport_fastrtps_cpp;rosidl_typesupport_introspection_cpp
[0.864s] -- Found rmw_implementation_cmake: 6.1.2 (/home/drail/ros2_humble/ros2-linux/share/rmw_implementation_cmake/cmake)
[0.869s] -- Found rmw_cyclonedds_cpp: 1.3.4 (/home/drail/ros2_humble/ros2-linux/share/rmw_cyclonedds_cpp/cmake)
[0.898s] -- Using RMW implementation 'rmw_cyclonedds_cpp' as default
[0.912s] -- Looking for pthread.h
[0.990s] -- Looking for pthread.h - found
[0.990s] -- Performing Test CMAKE_HAVE_LIBC_PTHREAD
[1.056s] -- Performing Test CMAKE_HAVE_LIBC_PTHREAD - Success
[1.057s] -- Found Threads: TRUE  
[1.131s] -- Found PkgConfig: /usr/bin/pkg-config (found version "0.29.2") 
[1.131s] -- Checking for module 'bullet>=2.82'
[1.150s] --   Found bullet, version 3.05
[1.289s] -- Found fcl: /usr/include (found suitable version "0.7.0", minimum required is "0.5.0") 
[1.362s] -- Found assimp: /usr/include (found version "5.2.0") 
[1.412s] -- Found DART: /usr/include (Required is at least version "6.6") found components: dart 
[1.459s] -- Found Boost: /usr/lib/x86_64-linux-gnu/cmake/Boost-1.74.0/BoostConfig.cmake (found suitable version "1.74.0", minimum required is "1.40.0") found components: thread system filesystem program_options regex iostreams date_time 
[1.481s] -- Found Protobuf: /usr/lib/x86_64-linux-gnu/libprotobuf.so (found version "3.12.4") 
[1.493s] -- Looking for ignition-math6 -- found version 6.15.1
[1.501s] -- Searching for dependencies of ignition-math6
[1.502s] -- Looking for OGRE...
[1.503s] -- OGRE_PREFIX_WATCH changed.
[1.508s] -- Checking for module 'OGRE'
[1.524s] --   Found OGRE, version 1.9.0
[1.567s] -- Found Ogre Ghadamon (1.9.0)
[1.578s] -- Found OGRE: optimized;/usr/lib/x86_64-linux-gnu/libOgreMain.so;debug;/usr/lib/x86_64-linux-gnu/libOgreMain.so
[1.585s] -- Looking for OGRE_Paging...
[1.592s] -- Found OGRE_Paging: optimized;/usr/lib/x86_64-linux-gnu/libOgrePaging.so;debug;/usr/lib/x86_64-linux-gnu/libOgrePaging.so
[1.592s] -- Looking for OGRE_Terrain...
[1.600s] -- Found OGRE_Terrain: optimized;/usr/lib/x86_64-linux-gnu/libOgreTerrain.so;debug;/usr/lib/x86_64-linux-gnu/libOgreTerrain.so
[1.600s] -- Looking for OGRE_Property...
[1.607s] -- Found OGRE_Property: optimized;/usr/lib/x86_64-linux-gnu/libOgreProperty.so;debug;/usr/lib/x86_64-linux-gnu/libOgreProperty.so
[1.607s] -- Looking for OGRE_RTShaderSystem...
[1.614s] -- Found OGRE_RTShaderSystem: optimized;/usr/lib/x86_64-linux-gnu/libOgreRTShaderSystem.so;debug;/usr/lib/x86_64-linux-gnu/libOgreRTShaderSystem.so
[1.614s] -- Looking for OGRE_Volume...
[1.622s] -- Found OGRE_Volume: optimized;/usr/lib/x86_64-linux-gnu/libOgreVolume.so;debug;/usr/lib/x86_64-linux-gnu/libOgreVolume.so
[1.622s] -- Looking for OGRE_Overlay...
[1.629s] -- Found OGRE_Overlay: optimized;/usr/lib/x86_64-linux-gnu/libOgreOverlay.so;debug;/usr/lib/x86_64-linux-gnu/libOgreOverlay.so
[1.812s] -- Looking for ignition-math6 -- found version 6.15.1
[1.818s] -- Looking for ignition-transport8 -- found version 8.2.1
[1.818s] -- Searching for dependencies of ignition-transport8
[1.838s] -- Found Protobuf: /usr/lib/x86_64-linux-gnu/libprotobuf.so (found suitable version "3.12.4", minimum required is "3") 
[1.850s] -- Config-file not installed for ZeroMQ -- checking for pkg-config
[1.856s] -- Checking for module 'libzmq >= 4'
[1.874s] --   Found libzmq , version 4.3.4
[1.917s] -- Found ZeroMQ: TRUE (Required is at least version "4") 
[1.924s] -- Checking for module 'uuid'
[1.946s] --   Found uuid, version 2.37.2
[1.998s] -- Found UUID: TRUE  
[2.008s] -- Looking for ignition-msgs5 -- found version 5.8.1
[2.008s] -- Searching for dependencies of ignition-msgs5
[2.038s] -- Looking for ignition-math6 -- found version 6.15.1
[2.044s] -- Checking for module 'tinyxml2'
[2.065s] --   Found tinyxml2, version 9.0.0
[2.115s] -- Looking for ignition-msgs5 -- found version 5.8.1
[2.127s] -- Looking for ignition-common3 -- found version 3.14.0
[2.128s] -- Searching for dependencies of ignition-common3
[2.129s] -- Looking for dlfcn.h - found
[2.131s] -- Looking for libdl - found
[2.132s] -- Found DL: TRUE  
[2.155s] -- Found tinyobjloader: /usr/lib/x86_64-linux-gnu/cmake/tinyobjloader/tinyobjloader-config.cmake (found version "2.0.0") 
[2.155s] -- Searching for <ignition-common3> component [graphics]
[2.165s] -- Looking for ignition-common3-graphics -- found version 3.14.0
[2.166s] -- Searching for dependencies of ignition-common3-graphics
[2.166s] -- Looking for ignition-math6 -- found version 6.15.1
[2.176s] -- Looking for ignition-fuel_tools4 -- found version 4.4.0
[2.176s] -- Searching for dependencies of ignition-fuel_tools4
[2.287s] -- Found CURL: /usr/lib/x86_64-linux-gnu/libcurl.so (found version "7.81.0")  
[2.299s] -- Checking for module 'jsoncpp'
[2.315s] --   Found jsoncpp, version 1.9.5
[2.363s] -- Found JSONCPP: TRUE  
[2.370s] -- Checking for module 'libzip'
[2.391s] --   Found libzip, version 1.7.3
[2.445s] -- Found ZIP: TRUE  
[2.445s] -- Looking for ignition-common3 -- found version 3.14.0
[2.445s] -- Looking for ignition-math6 -- found version 6.15.1
[2.446s] -- Looking for ignition-msgs5 -- found version 5.8.1
[2.457s] -- Gazebo version: 11.10
[2.457s] -- Checking for module 'tbb'
[2.480s] --   Found tbb, version 2021.5.0
[2.547s] -- Found gazebo_msgs: 3.9.0 (/opt/ros/humble/share/gazebo_msgs/cmake)
[2.619s] -- Found conveyorbelt_msgs: 0.0.0 (/home/drail/changk2/school/ROB545/Grasping-Moving-Objects/ros2_ws/install/conveyorbelt_msgs/share/conveyorbelt_msgs/cmake)
[2.642s] -- Added test 'copyright' to check source files copyright and LICENSE
[2.644s] -- Added test 'cppcheck' to perform static code analysis on C / C++ code
[2.644s] -- Configured cppcheck include dirs: /home/drail/changk2/school/ROB545/Grasping-Moving-Objects/ros2_ws/src/IFRA_ConveyorBelt/ros2_conveyorbelt/include
[2.644s] -- Configured cppcheck exclude dirs and/or files: 
[2.645s] -- Added test 'cpplint' to check C / C++ code against the Google style
[2.645s] -- Configured cpplint exclude dirs and/or files: 
[2.646s] -- Added test 'flake8' to check Python code syntax and style conventions
[2.647s] -- Added test 'lint_cmake' to check CMake code style
[2.648s] -- Added test 'pep257' to check Python code against some of the docstring style conventions in PEP 257
[2.649s] -- Added test 'uncrustify' to check C / C++ code style
[2.649s] -- Configured uncrustify additional arguments: 
[2.650s] -- Added test 'xmllint' to check XML markup files
[2.652s] -- Configuring done
[2.679s] -- Generating done
[2.683s] -- Build files have been written to: /home/drail/changk2/school/ROB545/Grasping-Moving-Objects/ros2_ws/build/ros2_conveyorbelt
[2.693s] Invoked command in '/home/drail/changk2/school/ROB545/Grasping-Moving-Objects/ros2_ws/build/ros2_conveyorbelt' returned '0': AMENT_PREFIX_PATH=/home/drail/changk2/school/ROB545/Grasping-Moving-Objects/ros2_ws/install/conveyorbelt_msgs:${AMENT_PREFIX_PATH} CMAKE_PREFIX_PATH=/home/drail/changk2/school/ROB545/Grasping-Moving-Objects/ros2_ws/install/conveyorbelt_msgs:/home/drail/changk2/school/ROB545/Grasping-Moving-Objects/ros2_ws/install/ur5_ros2_moveit2:/home/drail/changk2/school/ROB545/Grasping-Moving-Objects/ros2_ws/install/ur5_ros2_gazebo:/home/drail/changk2/school/ROB545/Grasping-Moving-Objects/ros2_ws/install/ur3_ros2_moveit2:/home/drail/changk2/school/ROB545/Grasping-Moving-Objects/ros2_ws/install/ur3_ros2_gazebo:/home/drail/changk2/school/ROB545/Grasping-Moving-Objects/ros2_ws/install/ur10_ros2_moveit2:/home/drail/changk2/school/ROB545/Grasping-Moving-Objects/ros2_ws/install/ur10_ros2_gazebo:/home/drail/changk2/school/ROB545/Grasping-Moving-Objects/ros2_ws/install/turtlesim:/home/drail/changk2/school/ROB545/Grasping-Moving-Objects/ros2_ws/install/ros2_grasping:/home/drail/changk2/school/ROB545/Grasping-Moving-Objects/ros2_ws/install/ros2_execution:/home/drail/changk2/school/ROB545/Grasping-Moving-Objects/ros2_ws/install/ros2_actions:/home/drail/changk2/school/ROB545/Grasping-Moving-Objects/ros2_ws/install/panda_ros2_moveit2:/home/drail/changk2/school/ROB545/Grasping-Moving-Objects/ros2_ws/install/irb6640_ros2_moveit2:/home/drail/changk2/school/ROB545/Grasping-Moving-Objects/ros2_ws/install/irb120_ros2_moveit2:/home/drail/changk2/school/ROB545/Grasping-Moving-Objects/ros2_ws/install/irb1200_ros2_moveit2:/home/drail/changk2/school/ROB545/Grasping-Moving-Objects/ros2_ws/install/iiwa_ros2_moveit2:/home/drail/changk2/school/ROB545/Grasping-Moving-Objects/ros2_ws/install/cr35ia_ros2_moveit2:/home/drail/changk2/school/ROB545/Grasping-Moving-Objects/ros2_ws/install/ros2_data:/home/drail/changk2/school/ROB545/Grasping-Moving-Objects/ros2_ws/install/panda_ros2_gazebo:/home/drail/changk2/school/ROB545/Grasping-Moving-Objects/ros2_ws/install/irb6640_ros2_gazebo:/home/drail/changk2/school/ROB545/Grasping-Moving-Objects/ros2_ws/install/irb120_ros2_gazebo:/home/drail/changk2/school/ROB545/Grasping-Moving-Objects/ros2_ws/install/irb1200_ros2_gazebo:/home/drail/changk2/school/ROB545/Grasping-Moving-Objects/ros2_ws/install/iiwa_ros2_gazebo:/home/drail/changk2/school/ROB545/Grasping-Moving-Objects/ros2_ws/install/cr35ia_ros2_gazebo:/home/drail/ros2_ws/install/turtlesim:/home/drail/ros2_humble/ros2-linux:/home/drail/ros2_ws/install/ur5_ros2_moveit2:/home/drail/ros2_ws/install/ur5_ros2_gazebo:/home/drail/ros2_ws/install/ur3_ros2_moveit2:/home/drail/ros2_ws/install/ur3_ros2_gazebo:/home/drail/ros2_ws/install/ur10_ros2_moveit2:/home/drail/ros2_ws/install/ur10_ros2_gazebo:/home/drail/ros2_ws/install/ros2_grasping:/home/drail/ros2_ws/install/ros2_execution:/home/drail/ros2_ws/install/ros2_actions:/home/drail/ros2_ws/install/panda_ros2_moveit2:/home/drail/ros2_ws/install/irb6640_ros2_moveit2:/home/drail/ros2_ws/install/irb120_ros2_moveit2:/home/drail/ros2_ws/install/irb1200_ros2_moveit2:/home/drail/ros2_ws/install/iiwa_ros2_moveit2:/home/drail/ros2_ws/install/cr35ia_ros2_moveit2:/home/drail/ros2_ws/install/ros2_data:/home/drail/ros2_ws/install/panda_ros2_gazebo:/home/drail/ros2_ws/install/irb6640_ros2_gazebo:/home/drail/ros2_ws/install/irb120_ros2_gazebo:/home/drail/ros2_ws/install/irb1200_ros2_gazebo:/home/drail/ros2_ws/install/iiwa_ros2_gazebo:/home/drail/ros2_ws/install/cr35ia_ros2_gazebo:/opt/ros/humble LD_LIBRARY_PATH=/home/drail/changk2/school/ROB545/Grasping-Moving-Objects/ros2_ws/install/conveyorbelt_msgs/lib:/home/drail/changk2/school/ROB545/Grasping-Moving-Objects/ros2_ws/install/turtlesim/lib:/home/drail/changk2/school/ROB545/Grasping-Moving-Objects/ros2_ws/install/ros2_grasping/lib:/home/drail/changk2/school/ROB545/Grasping-Moving-Objects/ros2_ws/install/ros2_data/lib:/home/drail/ros2_ws/install/ros2_grasping/lib:/home/drail/ros2_ws/install/ros2_data/lib:/home/drail/ros2_ws/install/turtlesim/lib:/usr/lib/x86_64-linux-gnu/gazebo-11/plugins:/opt/ros/humble/opt/rviz_ogre_vendor/lib:/opt/ros/humble/lib/x86_64-linux-gnu:/opt/ros/humble/lib:/home/drail/ros2_humble/ros2-linux/opt/rviz_ogre_vendor/lib:/home/drail/ros2_humble/ros2-linux/lib:/usr/local/cuda-12.9/lib64 PYTHONPATH=/home/drail/changk2/school/ROB545/Grasping-Moving-Objects/ros2_ws/install/conveyorbelt_msgs/local/lib/python3.10/dist-packages:${PYTHONPATH} /usr/bin/cmake /home/drail/changk2/school/ROB545/Grasping-Moving-Objects/ros2_ws/src/IFRA_ConveyorBelt/ros2_conveyorbelt -DCMAKE_INSTALL_PREFIX=/home/drail/changk2/school/ROB545/Grasping-Moving-Objects/ros2_ws/install/ros2_conveyorbelt
[2.695s] Invoking command in '/home/drail/changk2/school/ROB545/Grasping-Moving-Objects/ros2_ws/build/ros2_conveyorbelt': AMENT_PREFIX_PATH=/home/drail/changk2/school/ROB545/Grasping-Moving-Objects/ros2_ws/install/conveyorbelt_msgs:${AMENT_PREFIX_PATH} CMAKE_PREFIX_PATH=/home/drail/changk2/school/ROB545/Grasping-Moving-Objects/ros2_ws/install/conveyorbelt_msgs:/home/drail/changk2/school/ROB545/Grasping-Moving-Objects/ros2_ws/install/ur5_ros2_moveit2:/home/drail/changk2/school/ROB545/Grasping-Moving-Objects/ros2_ws/install/ur5_ros2_gazebo:/home/drail/changk2/school/ROB545/Grasping-Moving-Objects/ros2_ws/install/ur3_ros2_moveit2:/home/drail/changk2/school/ROB545/Grasping-Moving-Objects/ros2_ws/install/ur3_ros2_gazebo:/home/drail/changk2/school/ROB545/Grasping-Moving-Objects/ros2_ws/install/ur10_ros2_moveit2:/home/drail/changk2/school/ROB545/Grasping-Moving-Objects/ros2_ws/install/ur10_ros2_gazebo:/home/drail/changk2/school/ROB545/Grasping-Moving-Objects/ros2_ws/install/turtlesim:/home/drail/changk2/school/ROB545/Grasping-Moving-Objects/ros2_ws/install/ros2_grasping:/home/drail/changk2/school/ROB545/Grasping-Moving-Objects/ros2_ws/install/ros2_execution:/home/drail/changk2/school/ROB545/Grasping-Moving-Objects/ros2_ws/install/ros2_actions:/home/drail/changk2/school/ROB545/Grasping-Moving-Objects/ros2_ws/install/panda_ros2_moveit2:/home/drail/changk2/school/ROB545/Grasping-Moving-Objects/ros2_ws/install/irb6640_ros2_moveit2:/home/drail/changk2/school/ROB545/Grasping-Moving-Objects/ros2_ws/install/irb120_ros2_moveit2:/home/drail/changk2/school/ROB545/Grasping-Moving-Objects/ros2_ws/install/irb1200_ros2_moveit2:/home/drail/changk2/school/ROB545/Grasping-Moving-Objects/ros2_ws/install/iiwa_ros2_moveit2:/home/drail/changk2/school/ROB545/Grasping-Moving-Objects/ros2_ws/install/cr35ia_ros2_moveit2:/home/drail/changk2/school/ROB545/Grasping-Moving-Objects/ros2_ws/install/ros2_data:/home/drail/changk2/school/ROB545/Grasping-Moving-Objects/ros2_ws/install/panda_ros2_gazebo:/home/drail/changk2/school/ROB545/Grasping-Moving-Objects/ros2_ws/install/irb6640_ros2_gazebo:/home/drail/changk2/school/ROB545/Grasping-Moving-Objects/ros2_ws/install/irb120_ros2_gazebo:/home/drail/changk2/school/ROB545/Grasping-Moving-Objects/ros2_ws/install/irb1200_ros2_gazebo:/home/drail/changk2/school/ROB545/Grasping-Moving-Objects/ros2_ws/install/iiwa_ros2_gazebo:/home/drail/changk2/school/ROB545/Grasping-Moving-Objects/ros2_ws/install/cr35ia_ros2_gazebo:/home/drail/ros2_ws/install/turtlesim:/home/drail/ros2_humble/ros2-linux:/home/drail/ros2_ws/install/ur5_ros2_moveit2:/home/drail/ros2_ws/install/ur5_ros2_gazebo:/home/drail/ros2_ws/install/ur3_ros2_moveit2:/home/drail/ros2_ws/install/ur3_ros2_gazebo:/home/drail/ros2_ws/install/ur10_ros2_moveit2:/home/drail/ros2_ws/install/ur10_ros2_gazebo:/home/drail/ros2_ws/install/ros2_grasping:/home/drail/ros2_ws/install/ros2_execution:/home/drail/ros2_ws/install/ros2_actions:/home/drail/ros2_ws/install/panda_ros2_moveit2:/home/drail/ros2_ws/install/irb6640_ros2_moveit2:/home/drail/ros2_ws/install/irb120_ros2_moveit2:/home/drail/ros2_ws/install/irb1200_ros2_moveit2:/home/drail/ros2_ws/install/iiwa_ros2_moveit2:/home/drail/ros2_ws/install/cr35ia_ros2_moveit2:/home/drail/ros2_ws/install/ros2_data:/home/drail/ros2_ws/install/panda_ros2_gazebo:/home/drail/ros2_ws/install/irb6640_ros2_gazebo:/home/drail/ros2_ws/install/irb120_ros2_gazebo:/home/drail/ros2_ws/install/irb1200_ros2_gazebo:/home/drail/ros2_ws/install/iiwa_ros2_gazebo:/home/drail/ros2_ws/install/cr35ia_ros2_gazebo:/opt/ros/humble LD_LIBRARY_PATH=/home/drail/changk2/school/ROB545/Grasping-Moving-Objects/ros2_ws/install/conveyorbelt_msgs/lib:/home/drail/changk2/school/ROB545/Grasping-Moving-Objects/ros2_ws/install/turtlesim/lib:/home/drail/changk2/school/ROB545/Grasping-Moving-Objects/ros2_ws/install/ros2_grasping/lib:/home/drail/changk2/school/ROB545/Grasping-Moving-Objects/ros2_ws/install/ros2_data/lib:/home/drail/ros2_ws/install/ros2_grasping/lib:/home/drail/ros2_ws/install/ros2_data/lib:/home/drail/ros2_ws/install/turtlesim/lib:/usr/lib/x86_64-linux-gnu/gazebo-11/plugins:/opt/ros/humble/opt/rviz_ogre_vendor/lib:/opt/ros/humble/lib/x86_64-linux-gnu:/opt/ros/humble/lib:/home/drail/ros2_humble/ros2-linux/opt/rviz_ogre_vendor/lib:/home/drail/ros2_humble/ros2-linux/lib:/usr/local/cuda-12.9/lib64 PYTHONPATH=/home/drail/changk2/school/ROB545/Grasping-Moving-Objects/ros2_ws/install/conveyorbelt_msgs/local/lib/python3.10/dist-packages:${PYTHONPATH} /usr/bin/cmake --build /home/drail/changk2/school/ROB545/Grasping-Moving-Objects/ros2_ws/build/ros2_conveyorbelt -- -j24 -l24
[2.745s] [ 50%] [32mBuilding CXX object CMakeFiles/ros2_conveyorbelt_plugin.dir/src/ros2_conveyorbelt_plugin.cpp.o[0m
[11.228s] [100%] [32m[1mLinking CXX shared library libros2_conveyorbelt_plugin.so[0m
[11.644s] [100%] Built target ros2_conveyorbelt_plugin
[11.657s] Invoked command in '/home/drail/changk2/school/ROB545/Grasping-Moving-Objects/ros2_ws/build/ros2_conveyorbelt' returned '0': AMENT_PREFIX_PATH=/home/drail/changk2/school/ROB545/Grasping-Moving-Objects/ros2_ws/install/conveyorbelt_msgs:${AMENT_PREFIX_PATH} CMAKE_PREFIX_PATH=/home/drail/changk2/school/ROB545/Grasping-Moving-Objects/ros2_ws/install/conveyorbelt_msgs:/home/drail/changk2/school/ROB545/Grasping-Moving-Objects/ros2_ws/install/ur5_ros2_moveit2:/home/drail/changk2/school/ROB545/Grasping-Moving-Objects/ros2_ws/install/ur5_ros2_gazebo:/home/drail/changk2/school/ROB545/Grasping-Moving-Objects/ros2_ws/install/ur3_ros2_moveit2:/home/drail/changk2/school/ROB545/Grasping-Moving-Objects/ros2_ws/install/ur3_ros2_gazebo:/home/drail/changk2/school/ROB545/Grasping-Moving-Objects/ros2_ws/install/ur10_ros2_moveit2:/home/drail/changk2/school/ROB545/Grasping-Moving-Objects/ros2_ws/install/ur10_ros2_gazebo:/home/drail/changk2/school/ROB545/Grasping-Moving-Objects/ros2_ws/install/turtlesim:/home/drail/changk2/school/ROB545/Grasping-Moving-Objects/ros2_ws/install/ros2_grasping:/home/drail/changk2/school/ROB545/Grasping-Moving-Objects/ros2_ws/install/ros2_execution:/home/drail/changk2/school/ROB545/Grasping-Moving-Objects/ros2_ws/install/ros2_actions:/home/drail/changk2/school/ROB545/Grasping-Moving-Objects/ros2_ws/install/panda_ros2_moveit2:/home/drail/changk2/school/ROB545/Grasping-Moving-Objects/ros2_ws/install/irb6640_ros2_moveit2:/home/drail/changk2/school/ROB545/Grasping-Moving-Objects/ros2_ws/install/irb120_ros2_moveit2:/home/drail/changk2/school/ROB545/Grasping-Moving-Objects/ros2_ws/install/irb1200_ros2_moveit2:/home/drail/changk2/school/ROB545/Grasping-Moving-Objects/ros2_ws/install/iiwa_ros2_moveit2:/home/drail/changk2/school/ROB545/Grasping-Moving-Objects/ros2_ws/install/cr35ia_ros2_moveit2:/home/drail/changk2/school/ROB545/Grasping-Moving-Objects/ros2_ws/install/ros2_data:/home/drail/changk2/school/ROB545/Grasping-Moving-Objects/ros2_ws/install/panda_ros2_gazebo:/home/drail/changk2/school/ROB545/Grasping-Moving-Objects/ros2_ws/install/irb6640_ros2_gazebo:/home/drail/changk2/school/ROB545/Grasping-Moving-Objects/ros2_ws/install/irb120_ros2_gazebo:/home/drail/changk2/school/ROB545/Grasping-Moving-Objects/ros2_ws/install/irb1200_ros2_gazebo:/home/drail/changk2/school/ROB545/Grasping-Moving-Objects/ros2_ws/install/iiwa_ros2_gazebo:/home/drail/changk2/school/ROB545/Grasping-Moving-Objects/ros2_ws/install/cr35ia_ros2_gazebo:/home/drail/ros2_ws/install/turtlesim:/home/drail/ros2_humble/ros2-linux:/home/drail/ros2_ws/install/ur5_ros2_moveit2:/home/drail/ros2_ws/install/ur5_ros2_gazebo:/home/drail/ros2_ws/install/ur3_ros2_moveit2:/home/drail/ros2_ws/install/ur3_ros2_gazebo:/home/drail/ros2_ws/install/ur10_ros2_moveit2:/home/drail/ros2_ws/install/ur10_ros2_gazebo:/home/drail/ros2_ws/install/ros2_grasping:/home/drail/ros2_ws/install/ros2_execution:/home/drail/ros2_ws/install/ros2_actions:/home/drail/ros2_ws/install/panda_ros2_moveit2:/home/drail/ros2_ws/install/irb6640_ros2_moveit2:/home/drail/ros2_ws/install/irb120_ros2_moveit2:/home/drail/ros2_ws/install/irb1200_ros2_moveit2:/home/drail/ros2_ws/install/iiwa_ros2_moveit2:/home/drail/ros2_ws/install/cr35ia_ros2_moveit2:/home/drail/ros2_ws/install/ros2_data:/home/drail/ros2_ws/install/panda_ros2_gazebo:/home/drail/ros2_ws/install/irb6640_ros2_gazebo:/home/drail/ros2_ws/install/irb120_ros2_gazebo:/home/drail/ros2_ws/install/irb1200_ros2_gazebo:/home/drail/ros2_ws/install/iiwa_ros2_gazebo:/home/drail/ros2_ws/install/cr35ia_ros2_gazebo:/opt/ros/humble LD_LIBRARY_PATH=/home/drail/changk2/school/ROB545/Grasping-Moving-Objects/ros2_ws/install/conveyorbelt_msgs/lib:/home/drail/changk2/school/ROB545/Grasping-Moving-Objects/ros2_ws/install/turtlesim/lib:/home/drail/changk2/school/ROB545/Grasping-Moving-Objects/ros2_ws/install/ros2_grasping/lib:/home/drail/changk2/school/ROB545/Grasping-Moving-Objects/ros2_ws/install/ros2_data/lib:/home/drail/ros2_ws/install/ros2_grasping/lib:/home/drail/ros2_ws/install/ros2_data/lib:/home/drail/ros2_ws/install/turtlesim/lib:/usr/lib/x86_64-linux-gnu/gazebo-11/plugins:/opt/ros/humble/opt/rviz_ogre_vendor/lib:/opt/ros/humble/lib/x86_64-linux-gnu:/opt/ros/humble/lib:/home/drail/ros2_humble/ros2-linux/opt/rviz_ogre_vendor/lib:/home/drail/ros2_humble/ros2-linux/lib:/usr/local/cuda-12.9/lib64 PYTHONPATH=/home/drail/changk2/school/ROB545/Grasping-Moving-Objects/ros2_ws/install/conveyorbelt_msgs/local/lib/python3.10/dist-packages:${PYTHONPATH} /usr/bin/cmake --build /home/drail/changk2/school/ROB545/Grasping-Moving-Objects/ros2_ws/build/ros2_conveyorbelt -- -j24 -l24
[11.659s] Invoking command in '/home/drail/changk2/school/ROB545/Grasping-Moving-Objects/ros2_ws/build/ros2_conveyorbelt': AMENT_PREFIX_PATH=/home/drail/changk2/school/ROB545/Grasping-Moving-Objects/ros2_ws/install/conveyorbelt_msgs:${AMENT_PREFIX_PATH} CMAKE_PREFIX_PATH=/home/drail/changk2/school/ROB545/Grasping-Moving-Objects/ros2_ws/install/conveyorbelt_msgs:/home/drail/changk2/school/ROB545/Grasping-Moving-Objects/ros2_ws/install/ur5_ros2_moveit2:/home/drail/changk2/school/ROB545/Grasping-Moving-Objects/ros2_ws/install/ur5_ros2_gazebo:/home/drail/changk2/school/ROB545/Grasping-Moving-Objects/ros2_ws/install/ur3_ros2_moveit2:/home/drail/changk2/school/ROB545/Grasping-Moving-Objects/ros2_ws/install/ur3_ros2_gazebo:/home/drail/changk2/school/ROB545/Grasping-Moving-Objects/ros2_ws/install/ur10_ros2_moveit2:/home/drail/changk2/school/ROB545/Grasping-Moving-Objects/ros2_ws/install/ur10_ros2_gazebo:/home/drail/changk2/school/ROB545/Grasping-Moving-Objects/ros2_ws/install/turtlesim:/home/drail/changk2/school/ROB545/Grasping-Moving-Objects/ros2_ws/install/ros2_grasping:/home/drail/changk2/school/ROB545/Grasping-Moving-Objects/ros2_ws/install/ros2_execution:/home/drail/changk2/school/ROB545/Grasping-Moving-Objects/ros2_ws/install/ros2_actions:/home/drail/changk2/school/ROB545/Grasping-Moving-Objects/ros2_ws/install/panda_ros2_moveit2:/home/drail/changk2/school/ROB545/Grasping-Moving-Objects/ros2_ws/install/irb6640_ros2_moveit2:/home/drail/changk2/school/ROB545/Grasping-Moving-Objects/ros2_ws/install/irb120_ros2_moveit2:/home/drail/changk2/school/ROB545/Grasping-Moving-Objects/ros2_ws/install/irb1200_ros2_moveit2:/home/drail/changk2/school/ROB545/Grasping-Moving-Objects/ros2_ws/install/iiwa_ros2_moveit2:/home/drail/changk2/school/ROB545/Grasping-Moving-Objects/ros2_ws/install/cr35ia_ros2_moveit2:/home/drail/changk2/school/ROB545/Grasping-Moving-Objects/ros2_ws/install/ros2_data:/home/drail/changk2/school/ROB545/Grasping-Moving-Objects/ros2_ws/install/panda_ros2_gazebo:/home/drail/changk2/school/ROB545/Grasping-Moving-Objects/ros2_ws/install/irb6640_ros2_gazebo:/home/drail/changk2/school/ROB545/Grasping-Moving-Objects/ros2_ws/install/irb120_ros2_gazebo:/home/drail/changk2/school/ROB545/Grasping-Moving-Objects/ros2_ws/install/irb1200_ros2_gazebo:/home/drail/changk2/school/ROB545/Grasping-Moving-Objects/ros2_ws/install/iiwa_ros2_gazebo:/home/drail/changk2/school/ROB545/Grasping-Moving-Objects/ros2_ws/install/cr35ia_ros2_gazebo:/home/drail/ros2_ws/install/turtlesim:/home/drail/ros2_humble/ros2-linux:/home/drail/ros2_ws/install/ur5_ros2_moveit2:/home/drail/ros2_ws/install/ur5_ros2_gazebo:/home/drail/ros2_ws/install/ur3_ros2_moveit2:/home/drail/ros2_ws/install/ur3_ros2_gazebo:/home/drail/ros2_ws/install/ur10_ros2_moveit2:/home/drail/ros2_ws/install/ur10_ros2_gazebo:/home/drail/ros2_ws/install/ros2_grasping:/home/drail/ros2_ws/install/ros2_execution:/home/drail/ros2_ws/install/ros2_actions:/home/drail/ros2_ws/install/panda_ros2_moveit2:/home/drail/ros2_ws/install/irb6640_ros2_moveit2:/home/drail/ros2_ws/install/irb120_ros2_moveit2:/home/drail/ros2_ws/install/irb1200_ros2_moveit2:/home/drail/ros2_ws/install/iiwa_ros2_moveit2:/home/drail/ros2_ws/install/cr35ia_ros2_moveit2:/home/drail/ros2_ws/install/ros2_data:/home/drail/ros2_ws/install/panda_ros2_gazebo:/home/drail/ros2_ws/install/irb6640_ros2_gazebo:/home/drail/ros2_ws/install/irb120_ros2_gazebo:/home/drail/ros2_ws/install/irb1200_ros2_gazebo:/home/drail/ros2_ws/install/iiwa_ros2_gazebo:/home/drail/ros2_ws/install/cr35ia_ros2_gazebo:/opt/ros/humble LD_LIBRARY_PATH=/home/drail/changk2/school/ROB545/Grasping-Moving-Objects/ros2_ws/install/conveyorbelt_msgs/lib:/home/drail/changk2/school/ROB545/Grasping-Moving-Objects/ros2_ws/install/turtlesim/lib:/home/drail/changk2/school/ROB545/Grasping-Moving-Objects/ros2_ws/install/ros2_grasping/lib:/home/drail/changk2/school/ROB545/Grasping-Moving-Objects/ros2_ws/install/ros2_data/lib:/home/drail/ros2_ws/install/ros2_grasping/lib:/home/drail/ros2_ws/install/ros2_data/lib:/home/drail/ros2_ws/install/turtlesim/lib:/usr/lib/x86_64-linux-gnu/gazebo-11/plugins:/opt/ros/humble/opt/rviz_ogre_vendor/lib:/opt/ros/humble/lib/x86_64-linux-gnu:/opt/ros/humble/lib:/home/drail/ros2_humble/ros2-linux/opt/rviz_ogre_vendor/lib:/home/drail/ros2_humble/ros2-linux/lib:/usr/local/cuda-12.9/lib64 PYTHONPATH=/home/drail/changk2/school/ROB545/Grasping-Moving-Objects/ros2_ws/install/conveyorbelt_msgs/local/lib/python3.10/dist-packages:${PYTHONPATH} /usr/bin/cmake --install /home/drail/changk2/school/ROB545/Grasping-Moving-Objects/ros2_ws/build/ros2_conveyorbelt
[11.668s] -- Install configuration: ""
[11.669s] -- Installing: /home/drail/changk2/school/ROB545/Grasping-Moving-Objects/ros2_ws/install/ros2_conveyorbelt/share/ros2_conveyorbelt/environment/library_path.sh
[11.669s] -- Installing: /home/drail/changk2/school/ROB545/Grasping-Moving-Objects/ros2_ws/install/ros2_conveyorbelt/share/ros2_conveyorbelt/environment/library_path.dsv
[11.669s] -- Installing: /home/drail/changk2/school/ROB545/Grasping-Moving-Objects/ros2_ws/install/ros2_conveyorbelt/lib/libros2_conveyorbelt_plugin.so
[11.674s] -- Set runtime path of "/home/drail/changk2/school/ROB545/Grasping-Moving-Objects/ros2_ws/install/ros2_conveyorbelt/lib/libros2_conveyorbelt_plugin.so" to ""
[11.674s] -- Installing: /home/drail/changk2/school/ROB545/Grasping-Moving-Objects/ros2_ws/install/ros2_conveyorbelt/share/ros2_conveyorbelt/python
[11.675s] -- Installing: /home/drail/changk2/school/ROB545/Grasping-Moving-Objects/ros2_ws/install/ros2_conveyorbelt/share/ros2_conveyorbelt/python/SpawnObject.py
[11.675s] -- Installing: /home/drail/changk2/school/ROB545/Grasping-Moving-Objects/ros2_ws/install/ros2_conveyorbelt/lib/ros2_conveyorbelt/SpawnObject.py
[11.675s] -- Installing: /home/drail/changk2/school/ROB545/Grasping-Moving-Objects/ros2_ws/install/ros2_conveyorbelt/share/ament_index/resource_index/package_run_dependencies/ros2_conveyorbelt
[11.675s] -- Installing: /home/drail/changk2/school/ROB545/Grasping-Moving-Objects/ros2_ws/install/ros2_conveyorbelt/share/ament_index/resource_index/parent_prefix_path/ros2_conveyorbelt
[11.676s] -- Installing: /home/drail/changk2/school/ROB545/Grasping-Moving-Objects/ros2_ws/install/ros2_conveyorbelt/share/ros2_conveyorbelt/environment/ament_prefix_path.sh
[11.676s] -- Installing: /home/drail/changk2/school/ROB545/Grasping-Moving-Objects/ros2_ws/install/ros2_conveyorbelt/share/ros2_conveyorbelt/environment/ament_prefix_path.dsv
[11.676s] -- Installing: /home/drail/changk2/school/ROB545/Grasping-Moving-Objects/ros2_ws/install/ros2_conveyorbelt/share/ros2_conveyorbelt/environment/path.sh
[11.676s] -- Installing: /home/drail/changk2/school/ROB545/Grasping-Moving-Objects/ros2_ws/install/ros2_conveyorbelt/share/ros2_conveyorbelt/environment/path.dsv
[11.676s] -- Installing: /home/drail/changk2/school/ROB545/Grasping-Moving-Objects/ros2_ws/install/ros2_conveyorbelt/share/ros2_conveyorbelt/local_setup.bash
[11.677s] -- Installing: /home/drail/changk2/school/ROB545/Grasping-Moving-Objects/ros2_ws/install/ros2_conveyorbelt/share/ros2_conveyorbelt/local_setup.sh
[11.677s] -- Installing: /home/drail/changk2/school/ROB545/Grasping-Moving-Objects/ros2_ws/install/ros2_conveyorbelt/share/ros2_conveyorbelt/local_setup.zsh
[11.677s] -- Installing: /home/drail/changk2/school/ROB545/Grasping-Moving-Objects/ros2_ws/install/ros2_conveyorbelt/share/ros2_conveyorbelt/local_setup.dsv
[11.677s] -- Installing: /home/drail/changk2/school/ROB545/Grasping-Moving-Objects/ros2_ws/install/ros2_conveyorbelt/share/ros2_conveyorbelt/package.dsv
[11.677s] -- Installing: /home/drail/changk2/school/ROB545/Grasping-Moving-Objects/ros2_ws/install/ros2_conveyorbelt/share/ament_index/resource_index/packages/ros2_conveyorbelt
[11.678s] -- Installing: /home/drail/changk2/school/ROB545/Grasping-Moving-Objects/ros2_ws/install/ros2_conveyorbelt/share/ros2_conveyorbelt/cmake/ament_cmake_export_libraries-extras.cmake
[11.678s] -- Installing: /home/drail/changk2/school/ROB545/Grasping-Moving-Objects/ros2_ws/install/ros2_conveyorbelt/share/ros2_conveyorbelt/cmake/ros2_conveyorbeltConfig.cmake
[11.678s] -- Installing: /home/drail/changk2/school/ROB545/Grasping-Moving-Objects/ros2_ws/install/ros2_conveyorbelt/share/ros2_conveyorbelt/cmake/ros2_conveyorbeltConfig-version.cmake
[11.678s] -- Installing: /home/drail/changk2/school/ROB545/Grasping-Moving-Objects/ros2_ws/install/ros2_conveyorbelt/share/ros2_conveyorbelt/package.xml
[11.680s] Invoked command in '/home/drail/changk2/school/ROB545/Grasping-Moving-Objects/ros2_ws/build/ros2_conveyorbelt' returned '0': AMENT_PREFIX_PATH=/home/drail/changk2/school/ROB545/Grasping-Moving-Objects/ros2_ws/install/conveyorbelt_msgs:${AMENT_PREFIX_PATH} CMAKE_PREFIX_PATH=/home/drail/changk2/school/ROB545/Grasping-Moving-Objects/ros2_ws/install/conveyorbelt_msgs:/home/drail/changk2/school/ROB545/Grasping-Moving-Objects/ros2_ws/install/ur5_ros2_moveit2:/home/drail/changk2/school/ROB545/Grasping-Moving-Objects/ros2_ws/install/ur5_ros2_gazebo:/home/drail/changk2/school/ROB545/Grasping-Moving-Objects/ros2_ws/install/ur3_ros2_moveit2:/home/drail/changk2/school/ROB545/Grasping-Moving-Objects/ros2_ws/install/ur3_ros2_gazebo:/home/drail/changk2/school/ROB545/Grasping-Moving-Objects/ros2_ws/install/ur10_ros2_moveit2:/home/drail/changk2/school/ROB545/Grasping-Moving-Objects/ros2_ws/install/ur10_ros2_gazebo:/home/drail/changk2/school/ROB545/Grasping-Moving-Objects/ros2_ws/install/turtlesim:/home/drail/changk2/school/ROB545/Grasping-Moving-Objects/ros2_ws/install/ros2_grasping:/home/drail/changk2/school/ROB545/Grasping-Moving-Objects/ros2_ws/install/ros2_execution:/home/drail/changk2/school/ROB545/Grasping-Moving-Objects/ros2_ws/install/ros2_actions:/home/drail/changk2/school/ROB545/Grasping-Moving-Objects/ros2_ws/install/panda_ros2_moveit2:/home/drail/changk2/school/ROB545/Grasping-Moving-Objects/ros2_ws/install/irb6640_ros2_moveit2:/home/drail/changk2/school/ROB545/Grasping-Moving-Objects/ros2_ws/install/irb120_ros2_moveit2:/home/drail/changk2/school/ROB545/Grasping-Moving-Objects/ros2_ws/install/irb1200_ros2_moveit2:/home/drail/changk2/school/ROB545/Grasping-Moving-Objects/ros2_ws/install/iiwa_ros2_moveit2:/home/drail/changk2/school/ROB545/Grasping-Moving-Objects/ros2_ws/install/cr35ia_ros2_moveit2:/home/drail/changk2/school/ROB545/Grasping-Moving-Objects/ros2_ws/install/ros2_data:/home/drail/changk2/school/ROB545/Grasping-Moving-Objects/ros2_ws/install/panda_ros2_gazebo:/home/drail/changk2/school/ROB545/Grasping-Moving-Objects/ros2_ws/install/irb6640_ros2_gazebo:/home/drail/changk2/school/ROB545/Grasping-Moving-Objects/ros2_ws/install/irb120_ros2_gazebo:/home/drail/changk2/school/ROB545/Grasping-Moving-Objects/ros2_ws/install/irb1200_ros2_gazebo:/home/drail/changk2/school/ROB545/Grasping-Moving-Objects/ros2_ws/install/iiwa_ros2_gazebo:/home/drail/changk2/school/ROB545/Grasping-Moving-Objects/ros2_ws/install/cr35ia_ros2_gazebo:/home/drail/ros2_ws/install/turtlesim:/home/drail/ros2_humble/ros2-linux:/home/drail/ros2_ws/install/ur5_ros2_moveit2:/home/drail/ros2_ws/install/ur5_ros2_gazebo:/home/drail/ros2_ws/install/ur3_ros2_moveit2:/home/drail/ros2_ws/install/ur3_ros2_gazebo:/home/drail/ros2_ws/install/ur10_ros2_moveit2:/home/drail/ros2_ws/install/ur10_ros2_gazebo:/home/drail/ros2_ws/install/ros2_grasping:/home/drail/ros2_ws/install/ros2_execution:/home/drail/ros2_ws/install/ros2_actions:/home/drail/ros2_ws/install/panda_ros2_moveit2:/home/drail/ros2_ws/install/irb6640_ros2_moveit2:/home/drail/ros2_ws/install/irb120_ros2_moveit2:/home/drail/ros2_ws/install/irb1200_ros2_moveit2:/home/drail/ros2_ws/install/iiwa_ros2_moveit2:/home/drail/ros2_ws/install/cr35ia_ros2_moveit2:/home/drail/ros2_ws/install/ros2_data:/home/drail/ros2_ws/install/panda_ros2_gazebo:/home/drail/ros2_ws/install/irb6640_ros2_gazebo:/home/drail/ros2_ws/install/irb120_ros2_gazebo:/home/drail/ros2_ws/install/irb1200_ros2_gazebo:/home/drail/ros2_ws/install/iiwa_ros2_gazebo:/home/drail/ros2_ws/install/cr35ia_ros2_gazebo:/opt/ros/humble LD_LIBRARY_PATH=/home/drail/changk2/school/ROB545/Grasping-Moving-Objects/ros2_ws/install/conveyorbelt_msgs/lib:/home/drail/changk2/school/ROB545/Grasping-Moving-Objects/ros2_ws/install/turtlesim/lib:/home/drail/changk2/school/ROB545/Grasping-Moving-Objects/ros2_ws/install/ros2_grasping/lib:/home/drail/changk2/school/ROB545/Grasping-Moving-Objects/ros2_ws/install/ros2_data/lib:/home/drail/ros2_ws/install/ros2_grasping/lib:/home/drail/ros2_ws/install/ros2_data/lib:/home/drail/ros2_ws/install/turtlesim/lib:/usr/lib/x86_64-linux-gnu/gazebo-11/plugins:/opt/ros/humble/opt/rviz_ogre_vendor/lib:/opt/ros/humble/lib/x86_64-linux-gnu:/opt/ros/humble/lib:/home/drail/ros2_humble/ros2-linux/opt/rviz_ogre_vendor/lib:/home/drail/ros2_humble/ros2-linux/lib:/usr/local/cuda-12.9/lib64 PYTHONPATH=/home/drail/changk2/school/ROB545/Grasping-Moving-Objects/ros2_ws/install/conveyorbelt_msgs/local/lib/python3.10/dist-packages:${PYTHONPATH} /usr/bin/cmake --install /home/drail/changk2/school/ROB545/Grasping-Moving-Objects/ros2_ws/build/ros2_conveyorbelt
