[0.089s] Invoking command in '/home/drail/changk2/school/ROB545/Grasping-Moving-Objects/ros2_ws/build/irb1200_ros2_gazebo': CMAKE_PREFIX_PATH=${CMAKE_PREFIX_PATH}:/home/drail/ros2_ws/install/ur5_ros2_moveit2:/home/drail/ros2_ws/install/ur5_ros2_gazebo:/home/drail/ros2_ws/install/ur3_ros2_moveit2:/home/drail/ros2_ws/install/ur3_ros2_gazebo:/home/drail/ros2_ws/install/ur10_ros2_moveit2:/home/drail/ros2_ws/install/ur10_ros2_gazebo:/home/drail/ros2_ws/install/ros2_grasping:/home/drail/ros2_ws/install/ros2_execution:/home/drail/ros2_ws/install/ros2_actions:/home/drail/ros2_ws/install/panda_ros2_moveit2:/home/drail/ros2_ws/install/irb6640_ros2_moveit2:/home/drail/ros2_ws/install/irb120_ros2_moveit2:/home/drail/ros2_ws/install/irb1200_ros2_moveit2:/home/drail/ros2_ws/install/iiwa_ros2_moveit2:/home/drail/ros2_ws/install/cr35ia_ros2_moveit2:/home/drail/ros2_ws/install/ros2_data:/home/drail/ros2_ws/install/panda_ros2_gazebo:/home/drail/ros2_ws/install/irb6640_ros2_gazebo:/home/drail/ros2_ws/install/irb120_ros2_gazebo:/home/drail/ros2_ws/install/irb1200_ros2_gazebo:/home/drail/ros2_ws/install/iiwa_ros2_gazebo:/home/drail/ros2_ws/install/cr35ia_ros2_gazebo:/opt/ros/humble /usr/bin/cmake --build /home/drail/changk2/school/ROB545/Grasping-Moving-Objects/ros2_ws/build/irb1200_ros2_gazebo -- -j24 -l24
[0.108s] [0mCMake Error: The current CMakeCache.txt directory /home/drail/changk2/school/ROB545/Grasping-Moving-Objects/ros2_ws/build/irb1200_ros2_gazebo/CMakeCache.txt is different than the directory /home/drail/ros2_ws/build/irb1200_ros2_gazebo where CMakeCache.txt was created. This may result in binaries being created in the wrong place. If you are not sure, reedit the CMakeCache.txt[0m
[0.109s] -- Found ament_cmake: 1.3.12 (/home/drail/ros2_humble/ros2-linux/share/ament_cmake/cmake)
[0.215s] -- Found ament_lint_auto: 0.12.14 (/home/drail/ros2_humble/ros2-linux/share/ament_lint_auto/cmake)
[0.272s] -- Added test 'copyright' to check source files copyright and LICENSE
[0.276s] -- Added test 'flake8' to check Python code syntax and style conventions
[0.276s] -- Added test 'lint_cmake' to check CMake code style
[0.277s] -- Added test 'pep257' to check Python code against some of the docstring style conventions in PEP 257
[0.279s] -- Added test 'xmllint' to check XML markup files
[0.279s] -- Configuring done
[0.282s] -- Generating done
[0.283s] -- Build files have been written to: /home/drail/ros2_ws/build/irb1200_ros2_gazebo
[0.323s] Invoked command in '/home/drail/changk2/school/ROB545/Grasping-Moving-Objects/ros2_ws/build/irb1200_ros2_gazebo' returned '0': CMAKE_PREFIX_PATH=${CMAKE_PREFIX_PATH}:/home/drail/ros2_ws/install/ur5_ros2_moveit2:/home/drail/ros2_ws/install/ur5_ros2_gazebo:/home/drail/ros2_ws/install/ur3_ros2_moveit2:/home/drail/ros2_ws/install/ur3_ros2_gazebo:/home/drail/ros2_ws/install/ur10_ros2_moveit2:/home/drail/ros2_ws/install/ur10_ros2_gazebo:/home/drail/ros2_ws/install/ros2_grasping:/home/drail/ros2_ws/install/ros2_execution:/home/drail/ros2_ws/install/ros2_actions:/home/drail/ros2_ws/install/panda_ros2_moveit2:/home/drail/ros2_ws/install/irb6640_ros2_moveit2:/home/drail/ros2_ws/install/irb120_ros2_moveit2:/home/drail/ros2_ws/install/irb1200_ros2_moveit2:/home/drail/ros2_ws/install/iiwa_ros2_moveit2:/home/drail/ros2_ws/install/cr35ia_ros2_moveit2:/home/drail/ros2_ws/install/ros2_data:/home/drail/ros2_ws/install/panda_ros2_gazebo:/home/drail/ros2_ws/install/irb6640_ros2_gazebo:/home/drail/ros2_ws/install/irb120_ros2_gazebo:/home/drail/ros2_ws/install/irb1200_ros2_gazebo:/home/drail/ros2_ws/install/iiwa_ros2_gazebo:/home/drail/ros2_ws/install/cr35ia_ros2_gazebo:/opt/ros/humble /usr/bin/cmake --build /home/drail/changk2/school/ROB545/Grasping-Moving-Objects/ros2_ws/build/irb1200_ros2_gazebo -- -j24 -l24
[0.325s] Invoking command in '/home/drail/changk2/school/ROB545/Grasping-Moving-Objects/ros2_ws/build/irb1200_ros2_gazebo': CMAKE_PREFIX_PATH=${CMAKE_PREFIX_PATH}:/home/drail/ros2_ws/install/ur5_ros2_moveit2:/home/drail/ros2_ws/install/ur5_ros2_gazebo:/home/drail/ros2_ws/install/ur3_ros2_moveit2:/home/drail/ros2_ws/install/ur3_ros2_gazebo:/home/drail/ros2_ws/install/ur10_ros2_moveit2:/home/drail/ros2_ws/install/ur10_ros2_gazebo:/home/drail/ros2_ws/install/ros2_grasping:/home/drail/ros2_ws/install/ros2_execution:/home/drail/ros2_ws/install/ros2_actions:/home/drail/ros2_ws/install/panda_ros2_moveit2:/home/drail/ros2_ws/install/irb6640_ros2_moveit2:/home/drail/ros2_ws/install/irb120_ros2_moveit2:/home/drail/ros2_ws/install/irb1200_ros2_moveit2:/home/drail/ros2_ws/install/iiwa_ros2_moveit2:/home/drail/ros2_ws/install/cr35ia_ros2_moveit2:/home/drail/ros2_ws/install/ros2_data:/home/drail/ros2_ws/install/panda_ros2_gazebo:/home/drail/ros2_ws/install/irb6640_ros2_gazebo:/home/drail/ros2_ws/install/irb120_ros2_gazebo:/home/drail/ros2_ws/install/irb1200_ros2_gazebo:/home/drail/ros2_ws/install/iiwa_ros2_gazebo:/home/drail/ros2_ws/install/cr35ia_ros2_gazebo:/opt/ros/humble /usr/bin/cmake --install /home/drail/changk2/school/ROB545/Grasping-Moving-Objects/ros2_ws/build/irb1200_ros2_gazebo
[0.335s] -- Install configuration: ""
[0.335s] -- Up-to-date: /home/drail/ros2_ws/install/irb1200_ros2_gazebo/share/irb1200_ros2_gazebo/config
[0.335s] -- Up-to-date: /home/drail/ros2_ws/install/irb1200_ros2_gazebo/share/irb1200_ros2_gazebo/config/irb1200_controller.yaml
[0.335s] -- Up-to-date: /home/drail/ros2_ws/install/irb1200_ros2_gazebo/share/irb1200_ros2_gazebo/launch
[0.335s] -- Up-to-date: /home/drail/ros2_ws/install/irb1200_ros2_gazebo/share/irb1200_ros2_gazebo/launch/irb1200_simulation.launch.py
[0.335s] -- Up-to-date: /home/drail/ros2_ws/install/irb1200_ros2_gazebo/share/irb1200_ros2_gazebo/urdf
[0.335s] -- Up-to-date: /home/drail/ros2_ws/install/irb1200_ros2_gazebo/share/irb1200_ros2_gazebo/urdf/irb1200_ros2control.xacro
[0.336s] -- Up-to-date: /home/drail/ros2_ws/install/irb1200_ros2_gazebo/share/irb1200_ros2_gazebo/urdf/irb1200_macro.urdf.xacro
[0.336s] -- Up-to-date: /home/drail/ros2_ws/install/irb1200_ros2_gazebo/share/irb1200_ros2_gazebo/urdf/irb1200_transmission.xacro
[0.336s] -- Up-to-date: /home/drail/ros2_ws/install/irb1200_ros2_gazebo/share/irb1200_ros2_gazebo/urdf/irb1200.urdf.xacro
[0.336s] -- Up-to-date: /home/drail/ros2_ws/install/irb1200_ros2_gazebo/share/irb1200_ros2_gazebo/urdf/abb_resources
[0.336s] -- Up-to-date: /home/drail/ros2_ws/install/irb1200_ros2_gazebo/share/irb1200_ros2_gazebo/urdf/abb_resources/common_colours.xacro
[0.336s] -- Up-to-date: /home/drail/ros2_ws/install/irb1200_ros2_gazebo/share/irb1200_ros2_gazebo/urdf/abb_resources/common_materials.xacro
[0.336s] -- Up-to-date: /home/drail/ros2_ws/install/irb1200_ros2_gazebo/share/irb1200_ros2_gazebo/worlds
[0.336s] -- Up-to-date: /home/drail/ros2_ws/install/irb1200_ros2_gazebo/share/irb1200_ros2_gazebo/worlds/irb1200.world
[0.336s] -- Up-to-date: /home/drail/ros2_ws/install/irb1200_ros2_gazebo/share/irb1200_ros2_gazebo/meshes
[0.336s] -- Up-to-date: /home/drail/ros2_ws/install/irb1200_ros2_gazebo/share/irb1200_ros2_gazebo/meshes/collision
[0.336s] -- Up-to-date: /home/drail/ros2_ws/install/irb1200_ros2_gazebo/share/irb1200_ros2_gazebo/meshes/collision/link_5.stl
[0.336s] -- Up-to-date: /home/drail/ros2_ws/install/irb1200_ros2_gazebo/share/irb1200_ros2_gazebo/meshes/collision/link_4.stl
[0.336s] -- Up-to-date: /home/drail/ros2_ws/install/irb1200_ros2_gazebo/share/irb1200_ros2_gazebo/meshes/collision/link_2.stl
[0.336s] -- Up-to-date: /home/drail/ros2_ws/install/irb1200_ros2_gazebo/share/irb1200_ros2_gazebo/meshes/collision/link_6.stl
[0.336s] -- Up-to-date: /home/drail/ros2_ws/install/irb1200_ros2_gazebo/share/irb1200_ros2_gazebo/meshes/collision/base_link.stl
[0.336s] -- Up-to-date: /home/drail/ros2_ws/install/irb1200_ros2_gazebo/share/irb1200_ros2_gazebo/meshes/collision/link_1.stl
[0.336s] -- Up-to-date: /home/drail/ros2_ws/install/irb1200_ros2_gazebo/share/irb1200_ros2_gazebo/meshes/collision/link_3.stl
[0.336s] -- Up-to-date: /home/drail/ros2_ws/install/irb1200_ros2_gazebo/share/irb1200_ros2_gazebo/meshes/visual
[0.337s] -- Up-to-date: /home/drail/ros2_ws/install/irb1200_ros2_gazebo/share/irb1200_ros2_gazebo/meshes/visual/link_2.dae
[0.337s] -- Up-to-date: /home/drail/ros2_ws/install/irb1200_ros2_gazebo/share/irb1200_ros2_gazebo/meshes/visual/link_3.dae
[0.337s] -- Up-to-date: /home/drail/ros2_ws/install/irb1200_ros2_gazebo/share/irb1200_ros2_gazebo/meshes/visual/link_6.dae
[0.337s] -- Up-to-date: /home/drail/ros2_ws/install/irb1200_ros2_gazebo/share/irb1200_ros2_gazebo/meshes/visual/link_1.dae
[0.337s] -- Up-to-date: /home/drail/ros2_ws/install/irb1200_ros2_gazebo/share/irb1200_ros2_gazebo/meshes/visual/link_4.dae
[0.337s] -- Up-to-date: /home/drail/ros2_ws/install/irb1200_ros2_gazebo/share/irb1200_ros2_gazebo/meshes/visual/base_link.dae
[0.337s] -- Up-to-date: /home/drail/ros2_ws/install/irb1200_ros2_gazebo/share/irb1200_ros2_gazebo/meshes/visual/link_5.dae
[0.337s] -- Up-to-date: /home/drail/ros2_ws/install/irb1200_ros2_gazebo/share/ament_index/resource_index/package_run_dependencies/irb1200_ros2_gazebo
[0.338s] -- Installing: /home/drail/ros2_ws/install/irb1200_ros2_gazebo/share/ament_index/resource_index/parent_prefix_path/irb1200_ros2_gazebo
[0.338s] -- Up-to-date: /home/drail/ros2_ws/install/irb1200_ros2_gazebo/share/irb1200_ros2_gazebo/environment/ament_prefix_path.sh
[0.338s] -- Installing: /home/drail/ros2_ws/install/irb1200_ros2_gazebo/share/irb1200_ros2_gazebo/environment/ament_prefix_path.dsv
[0.338s] -- Up-to-date: /home/drail/ros2_ws/install/irb1200_ros2_gazebo/share/irb1200_ros2_gazebo/environment/path.sh
[0.338s] -- Installing: /home/drail/ros2_ws/install/irb1200_ros2_gazebo/share/irb1200_ros2_gazebo/environment/path.dsv
[0.338s] -- Up-to-date: /home/drail/ros2_ws/install/irb1200_ros2_gazebo/share/irb1200_ros2_gazebo/local_setup.bash
[0.338s] -- Up-to-date: /home/drail/ros2_ws/install/irb1200_ros2_gazebo/share/irb1200_ros2_gazebo/local_setup.sh
[0.338s] -- Up-to-date: /home/drail/ros2_ws/install/irb1200_ros2_gazebo/share/irb1200_ros2_gazebo/local_setup.zsh
[0.338s] -- Installing: /home/drail/ros2_ws/install/irb1200_ros2_gazebo/share/irb1200_ros2_gazebo/local_setup.dsv
[0.338s] -- Installing: /home/drail/ros2_ws/install/irb1200_ros2_gazebo/share/irb1200_ros2_gazebo/package.dsv
[0.338s] -- Up-to-date: /home/drail/ros2_ws/install/irb1200_ros2_gazebo/share/ament_index/resource_index/packages/irb1200_ros2_gazebo
[0.338s] -- Up-to-date: /home/drail/ros2_ws/install/irb1200_ros2_gazebo/share/irb1200_ros2_gazebo/cmake/irb1200_ros2_gazeboConfig.cmake
[0.338s] -- Up-to-date: /home/drail/ros2_ws/install/irb1200_ros2_gazebo/share/irb1200_ros2_gazebo/cmake/irb1200_ros2_gazeboConfig-version.cmake
[0.338s] -- Up-to-date: /home/drail/ros2_ws/install/irb1200_ros2_gazebo/share/irb1200_ros2_gazebo/package.xml
[0.357s] Invoked command in '/home/drail/changk2/school/ROB545/Grasping-Moving-Objects/ros2_ws/build/irb1200_ros2_gazebo' returned '0': CMAKE_PREFIX_PATH=${CMAKE_PREFIX_PATH}:/home/drail/ros2_ws/install/ur5_ros2_moveit2:/home/drail/ros2_ws/install/ur5_ros2_gazebo:/home/drail/ros2_ws/install/ur3_ros2_moveit2:/home/drail/ros2_ws/install/ur3_ros2_gazebo:/home/drail/ros2_ws/install/ur10_ros2_moveit2:/home/drail/ros2_ws/install/ur10_ros2_gazebo:/home/drail/ros2_ws/install/ros2_grasping:/home/drail/ros2_ws/install/ros2_execution:/home/drail/ros2_ws/install/ros2_actions:/home/drail/ros2_ws/install/panda_ros2_moveit2:/home/drail/ros2_ws/install/irb6640_ros2_moveit2:/home/drail/ros2_ws/install/irb120_ros2_moveit2:/home/drail/ros2_ws/install/irb1200_ros2_moveit2:/home/drail/ros2_ws/install/iiwa_ros2_moveit2:/home/drail/ros2_ws/install/cr35ia_ros2_moveit2:/home/drail/ros2_ws/install/ros2_data:/home/drail/ros2_ws/install/panda_ros2_gazebo:/home/drail/ros2_ws/install/irb6640_ros2_gazebo:/home/drail/ros2_ws/install/irb120_ros2_gazebo:/home/drail/ros2_ws/install/irb1200_ros2_gazebo:/home/drail/ros2_ws/install/iiwa_ros2_gazebo:/home/drail/ros2_ws/install/cr35ia_ros2_gazebo:/opt/ros/humble /usr/bin/cmake --install /home/drail/changk2/school/ROB545/Grasping-Moving-Objects/ros2_ws/build/irb1200_ros2_gazebo
