[0.045s] Invoking command in '/home/drail/ros2_ws/build/ros2_execution': CMAKE_PREFIX_PATH=${CMAKE_PREFIX_PATH}:/opt/ros/humble /usr/bin/cmake /home/drail/ros2_ws/src/ros2_RobotSimulation/ros2_execution -DCMAKE_INSTALL_PREFIX=/home/drail/ros2_ws/install/ros2_execution
[0.088s] -- The C compiler identification is GNU 11.4.0
[0.133s] -- The CXX compiler identification is GNU 11.4.0
[0.140s] -- Detecting C compiler ABI info
[0.200s] -- Detecting C compiler ABI info - done
[0.206s] -- Check for working C compiler: /usr/bin/cc - skipped
[0.206s] -- Detecting C compile features
[0.206s] -- Detecting C compile features - done
[0.208s] -- Detecting CXX compiler ABI info
[0.276s] -- Detecting CXX compiler ABI info - done
[0.282s] -- Check for working CXX compiler: /usr/bin/c++ - skipped
[0.282s] -- Detecting CXX compile features
[0.283s] -- Detecting CXX compile features - done
[0.285s] -- Found ament_cmake: 1.3.12 (/home/drail/ros2_humble/ros2-linux/share/ament_cmake/cmake)
[0.414s] -- Found Python3: /usr/bin/python3 (found version "3.10.12") found components: Interpreter 
[0.483s] -- Found ament_lint_auto: 0.12.14 (/home/drail/ros2_humble/ros2-linux/share/ament_lint_auto/cmake)
[0.546s] -- Added test 'copyright' to check source files copyright and LICENSE
[0.547s] -- Added test 'flake8' to check Python code syntax and style conventions
[0.548s] -- Added test 'lint_cmake' to check CMake code style
[0.548s] -- Added test 'pep257' to check Python code against some of the docstring style conventions in PEP 257
[0.549s] -- Added test 'xmllint' to check XML markup files
[0.550s] -- Configuring done
[0.552s] -- Generating done
[0.554s] -- Build files have been written to: /home/drail/ros2_ws/build/ros2_execution
[0.559s] Invoked command in '/home/drail/ros2_ws/build/ros2_execution' returned '0': CMAKE_PREFIX_PATH=${CMAKE_PREFIX_PATH}:/opt/ros/humble /usr/bin/cmake /home/drail/ros2_ws/src/ros2_RobotSimulation/ros2_execution -DCMAKE_INSTALL_PREFIX=/home/drail/ros2_ws/install/ros2_execution
[0.561s] Invoking command in '/home/drail/ros2_ws/build/ros2_execution': CMAKE_PREFIX_PATH=${CMAKE_PREFIX_PATH}:/opt/ros/humble /usr/bin/cmake --build /home/drail/ros2_ws/build/ros2_execution -- -j24 -l24
[0.612s] Invoked command in '/home/drail/ros2_ws/build/ros2_execution' returned '0': CMAKE_PREFIX_PATH=${CMAKE_PREFIX_PATH}:/opt/ros/humble /usr/bin/cmake --build /home/drail/ros2_ws/build/ros2_execution -- -j24 -l24
[0.613s] Invoking command in '/home/drail/ros2_ws/build/ros2_execution': CMAKE_PREFIX_PATH=${CMAKE_PREFIX_PATH}:/opt/ros/humble /usr/bin/cmake --install /home/drail/ros2_ws/build/ros2_execution
[0.624s] -- Install configuration: ""
[0.624s] -- Installing: /home/drail/ros2_ws/install/ros2_execution/share/ros2_execution/scripts
[0.624s] -- Installing: /home/drail/ros2_ws/install/ros2_execution/share/ros2_execution/scripts/ros2_execution.py
[0.624s] -- Installing: /home/drail/ros2_ws/install/ros2_execution/lib/ros2_execution/ros2_execution.py
[0.624s] -- Installing: /home/drail/ros2_ws/install/ros2_execution/share/ament_index/resource_index/package_run_dependencies/ros2_execution
[0.624s] -- Installing: /home/drail/ros2_ws/install/ros2_execution/share/ament_index/resource_index/parent_prefix_path/ros2_execution
[0.625s] -- Installing: /home/drail/ros2_ws/install/ros2_execution/share/ros2_execution/environment/ament_prefix_path.sh
[0.625s] -- Installing: /home/drail/ros2_ws/install/ros2_execution/share/ros2_execution/environment/ament_prefix_path.dsv
[0.625s] -- Installing: /home/drail/ros2_ws/install/ros2_execution/share/ros2_execution/environment/path.sh
[0.625s] -- Installing: /home/drail/ros2_ws/install/ros2_execution/share/ros2_execution/environment/path.dsv
[0.625s] -- Installing: /home/drail/ros2_ws/install/ros2_execution/share/ros2_execution/local_setup.bash
[0.625s] -- Installing: /home/drail/ros2_ws/install/ros2_execution/share/ros2_execution/local_setup.sh
[0.626s] -- Installing: /home/drail/ros2_ws/install/ros2_execution/share/ros2_execution/local_setup.zsh
[0.626s] -- Installing: /home/drail/ros2_ws/install/ros2_execution/share/ros2_execution/local_setup.dsv
[0.626s] -- Installing: /home/drail/ros2_ws/install/ros2_execution/share/ros2_execution/package.dsv
[0.626s] -- Installing: /home/drail/ros2_ws/install/ros2_execution/share/ament_index/resource_index/packages/ros2_execution
[0.626s] -- Installing: /home/drail/ros2_ws/install/ros2_execution/share/ros2_execution/cmake/ros2_executionConfig.cmake
[0.626s] -- Installing: /home/drail/ros2_ws/install/ros2_execution/share/ros2_execution/cmake/ros2_executionConfig-version.cmake
[0.626s] -- Installing: /home/drail/ros2_ws/install/ros2_execution/share/ros2_execution/package.xml
[0.651s] Invoked command in '/home/drail/ros2_ws/build/ros2_execution' returned '0': CMAKE_PREFIX_PATH=${CMAKE_PREFIX_PATH}:/opt/ros/humble /usr/bin/cmake --install /home/drail/ros2_ws/build/ros2_execution
