[0.089s] Invoking command in '/home/drail/changk2/school/ROB545/Grasping-Moving-Objects/ros2_ws/build/ros2_data': CMAKE_PREFIX_PATH=${CMAKE_PREFIX_PATH}:/opt/ros/humble /usr/bin/cmake --build /home/drail/changk2/school/ROB545/Grasping-Moving-Objects/ros2_ws/build/ros2_data -- -j24 -l24
[0.107s] [0mCMake Error: The current CMakeCache.txt directory /home/drail/changk2/school/ROB545/Grasping-Moving-Objects/ros2_ws/build/ros2_data/CMakeCache.txt is different than the directory /home/drail/ros2_ws/build/ros2_data where CMakeCache.txt was created. This may result in binaries being created in the wrong place. If you are not sure, reedit the CMakeCache.txt[0m
[0.113s] -- Found ament_cmake: 1.3.12 (/home/drail/ros2_humble/ros2-linux/share/ament_cmake/cmake)
[0.209s] -- Found rosidl_default_generators: 1.2.0 (/home/drail/ros2_humble/ros2-linux/share/rosidl_default_generators/cmake)
[0.211s] -- Using all available rosidl_typesupport_c: rosidl_typesupport_fastrtps_c;rosidl_typesupport_introspection_c
[0.213s] -- Found rosidl_adapter: 3.1.7 (/home/drail/ros2_humble/ros2-linux/share/rosidl_adapter/cmake)
[0.237s] -- Using all available rosidl_typesupport_cpp: rosidl_typesupport_fastrtps_cpp;rosidl_typesupport_introspection_cpp
[0.554s] -- Found ament_cmake_ros: 0.10.0 (/home/drail/ros2_humble/ros2-linux/share/ament_cmake_ros/cmake)
[0.705s] -- Using all available rosidl_typesupport_c: rosidl_typesupport_fastrtps_c;rosidl_typesupport_introspection_c
[0.894s] -- Using all available rosidl_typesupport_cpp: rosidl_typesupport_fastrtps_cpp;rosidl_typesupport_introspection_cpp
[0.910s] -- Found python_cmake_module: 0.10.0 (/home/drail/ros2_humble/ros2-linux/share/python_cmake_module/cmake)
[0.925s] -- Using PYTHON_EXECUTABLE: /usr/bin/python3
[0.926s] -- Using PYTHON_INCLUDE_DIRS: /usr/include/python3.10
[0.926s] -- Using PYTHON_LIBRARIES: /usr/lib/x86_64-linux-gnu/libpython3.10.so
[0.945s] -- Found ament_lint_auto: 0.12.14 (/home/drail/ros2_humble/ros2-linux/share/ament_lint_auto/cmake)
[0.954s] -- Added test 'copyright' to check source files copyright and LICENSE
[0.957s] -- Added test 'lint_cmake' to check CMake code style
[0.958s] -- Added test 'xmllint' to check XML markup files
[0.960s] -- Configuring done
[1.001s] -- Generating done
[1.011s] -- Build files have been written to: /home/drail/ros2_ws/build/ros2_data
[1.074s] [  0%] Built target ament_cmake_python_copy_ros2_data
[1.092s] [35m[1mConsolidate compiler generated dependencies of target ros2_data__rosidl_generator_c[0m
[1.100s] [  0%] Built target ros2_data__cpp
[1.105s] [  1%] [32mBuilding C object CMakeFiles/ros2_data__rosidl_generator_c.dir/rosidl_generator_c/ros2_data/msg/detail/joint_pose_s__functions.c.o[0m
[1.105s] [  2%] [32mBuilding C object CMakeFiles/ros2_data__rosidl_generator_c.dir/rosidl_generator_c/ros2_data/msg/detail/joint_pose__functions.c.o[0m
[1.106s] [  3%] [32mBuilding C object CMakeFiles/ros2_data__rosidl_generator_c.dir/rosidl_generator_c/ros2_data/action/detail/move_js__functions.c.o[0m
[1.108s] [  3%] [32mBuilding C object CMakeFiles/ros2_data__rosidl_generator_c.dir/rosidl_generator_c/ros2_data/action/detail/move_j__functions.c.o[0m
[1.108s] [  4%] [32mBuilding C object CMakeFiles/ros2_data__rosidl_generator_c.dir/rosidl_generator_c/ros2_data/action/detail/move_r__functions.c.o[0m
[1.109s] [  5%] [32mBuilding C object CMakeFiles/ros2_data__rosidl_generator_c.dir/rosidl_generator_c/ros2_data/action/detail/move_xyz__functions.c.o[0m
[1.109s] [  5%] [32mBuilding C object CMakeFiles/ros2_data__rosidl_generator_c.dir/rosidl_generator_c/ros2_data/action/detail/move_ypr__functions.c.o[0m
[1.109s] [  6%] [32mBuilding C object CMakeFiles/ros2_data__rosidl_generator_c.dir/rosidl_generator_c/ros2_data/action/detail/move_rot__functions.c.o[0m
[1.110s] [  7%] [32mBuilding C object CMakeFiles/ros2_data__rosidl_generator_c.dir/rosidl_generator_c/ros2_data/action/detail/move_g__functions.c.o[0m
[1.110s] [  8%] [32mBuilding C object CMakeFiles/ros2_data__rosidl_generator_c.dir/rosidl_generator_c/ros2_data/action/detail/move_xyzw__functions.c.o[0m
[1.110s] [  9%] [32mBuilding C object CMakeFiles/ros2_data__rosidl_generator_c.dir/rosidl_generator_c/ros2_data/action/detail/move_rp__functions.c.o[0m
[1.110s] [ 10%] [32mBuilding C object CMakeFiles/ros2_data__rosidl_generator_c.dir/rosidl_generator_c/ros2_data/action/detail/move_l__functions.c.o[0m
[1.134s] [35m[1mConsolidate compiler generated dependencies of target ros2_data__rosidl_typesupport_cpp[0m
[1.160s] [35m[1mConsolidate compiler generated dependencies of target ros2_data__rosidl_typesupport_introspection_cpp[0m
[1.164s] [ 11%] [32mBuilding CXX object CMakeFiles/ros2_data__rosidl_typesupport_cpp.dir/rosidl_typesupport_cpp/ros2_data/msg/joint_pose__type_support.cpp.o[0m
[1.164s] [ 12%] [32mBuilding CXX object CMakeFiles/ros2_data__rosidl_typesupport_cpp.dir/rosidl_typesupport_cpp/ros2_data/action/move_j__type_support.cpp.o[0m
[1.165s] [ 13%] [32mBuilding CXX object CMakeFiles/ros2_data__rosidl_typesupport_cpp.dir/rosidl_typesupport_cpp/ros2_data/msg/joint_pose_s__type_support.cpp.o[0m
[1.175s] [ 13%] [32mBuilding CXX object CMakeFiles/ros2_data__rosidl_typesupport_cpp.dir/rosidl_typesupport_cpp/ros2_data/action/move_g__type_support.cpp.o[0m
[1.177s] [ 14%] [32mBuilding CXX object CMakeFiles/ros2_data__rosidl_typesupport_cpp.dir/rosidl_typesupport_cpp/ros2_data/action/move_js__type_support.cpp.o[0m
[1.189s] [ 15%] [32mBuilding CXX object CMakeFiles/ros2_data__rosidl_typesupport_cpp.dir/rosidl_typesupport_cpp/ros2_data/action/move_r__type_support.cpp.o[0m
[1.189s] [ 16%] [32mBuilding CXX object CMakeFiles/ros2_data__rosidl_typesupport_cpp.dir/rosidl_typesupport_cpp/ros2_data/action/move_l__type_support.cpp.o[0m
[1.191s] [ 17%] [32mBuilding CXX object CMakeFiles/ros2_data__rosidl_typesupport_cpp.dir/rosidl_typesupport_cpp/ros2_data/action/move_xyzw__type_support.cpp.o[0m
[1.192s] [ 18%] [32mBuilding CXX object CMakeFiles/ros2_data__rosidl_typesupport_cpp.dir/rosidl_typesupport_cpp/ros2_data/action/move_ypr__type_support.cpp.o[0m
[1.196s] [ 19%] [32mBuilding CXX object CMakeFiles/ros2_data__rosidl_typesupport_cpp.dir/rosidl_typesupport_cpp/ros2_data/action/move_xyz__type_support.cpp.o[0m
[1.196s] [ 19%] [32mBuilding CXX object CMakeFiles/ros2_data__rosidl_typesupport_introspection_cpp.dir/rosidl_typesupport_introspection_cpp/ros2_data/msg/detail/joint_pose__type_support.cpp.o[0m
[1.201s] [ 19%] [32mBuilding CXX object CMakeFiles/ros2_data__rosidl_typesupport_cpp.dir/rosidl_typesupport_cpp/ros2_data/action/move_rot__type_support.cpp.o[0m
[1.216s] [35m[1mConsolidate compiler generated dependencies of target ros2_data__rosidl_typesupport_fastrtps_cpp[0m
[1.261s] [ 20%] [32mBuilding CXX object CMakeFiles/ros2_data__rosidl_typesupport_fastrtps_cpp.dir/rosidl_typesupport_fastrtps_cpp/ros2_data/msg/detail/dds_fastrtps/joint_pose__type_support.cpp.o[0m
[1.261s] [ 21%] [32mBuilding CXX object CMakeFiles/ros2_data__rosidl_typesupport_fastrtps_cpp.dir/rosidl_typesupport_fastrtps_cpp/ros2_data/msg/detail/dds_fastrtps/joint_pose_s__type_support.cpp.o[0m
[1.272s] [ 22%] [32mBuilding CXX object CMakeFiles/ros2_data__rosidl_typesupport_fastrtps_cpp.dir/rosidl_typesupport_fastrtps_cpp/ros2_data/action/detail/dds_fastrtps/move_j__type_support.cpp.o[0m
[1.273s] [ 23%] [32mBuilding CXX object CMakeFiles/ros2_data__rosidl_typesupport_cpp.dir/rosidl_typesupport_cpp/ros2_data/action/move_rp__type_support.cpp.o[0m
[1.275s] [ 24%] [32mBuilding CXX object CMakeFiles/ros2_data__rosidl_typesupport_introspection_cpp.dir/rosidl_typesupport_introspection_cpp/ros2_data/msg/detail/joint_pose_s__type_support.cpp.o[0m
[1.290s] [ 25%] [32mBuilding CXX object CMakeFiles/ros2_data__rosidl_typesupport_fastrtps_cpp.dir/rosidl_typesupport_fastrtps_cpp/ros2_data/action/detail/dds_fastrtps/move_g__type_support.cpp.o[0m
[1.292s] [ 26%] [32mBuilding CXX object CMakeFiles/ros2_data__rosidl_typesupport_fastrtps_cpp.dir/rosidl_typesupport_fastrtps_cpp/ros2_data/action/detail/dds_fastrtps/move_js__type_support.cpp.o[0m
[1.315s] [ 26%] [32mBuilding CXX object CMakeFiles/ros2_data__rosidl_typesupport_fastrtps_cpp.dir/rosidl_typesupport_fastrtps_cpp/ros2_data/action/detail/dds_fastrtps/move_xyzw__type_support.cpp.o[0m
[1.315s] [ 27%] [32mBuilding CXX object CMakeFiles/ros2_data__rosidl_typesupport_introspection_cpp.dir/rosidl_typesupport_introspection_cpp/ros2_data/action/detail/move_j__type_support.cpp.o[0m
[1.327s] [ 28%] [32m[1mLinking C shared library libros2_data__rosidl_generator_c.so[0m
[1.330s] [ 29%] [32mBuilding CXX object CMakeFiles/ros2_data__rosidl_typesupport_fastrtps_cpp.dir/rosidl_typesupport_fastrtps_cpp/ros2_data/action/detail/dds_fastrtps/move_l__type_support.cpp.o[0m
[1.461s] [ 30%] Built target ros2_data__rosidl_generator_c
[1.485s] [ 31%] [32mBuilding CXX object CMakeFiles/ros2_data__rosidl_typesupport_fastrtps_cpp.dir/rosidl_typesupport_fastrtps_cpp/ros2_data/action/detail/dds_fastrtps/move_r__type_support.cpp.o[0m
[1.492s] running egg_info
[1.494s] writing ros2_data.egg-info/PKG-INFO
[1.494s] writing dependency_links to ros2_data.egg-info/dependency_links.txt
[1.494s] writing top-level names to ros2_data.egg-info/top_level.txt
[1.498s] reading manifest file 'ros2_data.egg-info/SOURCES.txt'
[1.499s] writing manifest file 'ros2_data.egg-info/SOURCES.txt'
[1.525s] [ 32%] [32mBuilding CXX object CMakeFiles/ros2_data__rosidl_typesupport_fastrtps_cpp.dir/rosidl_typesupport_fastrtps_cpp/ros2_data/action/detail/dds_fastrtps/move_xyz__type_support.cpp.o[0m
[1.585s] [ 32%] Built target ament_cmake_python_build_ros2_data_egg
[1.766s] [ 33%] [32mBuilding CXX object CMakeFiles/ros2_data__rosidl_typesupport_introspection_cpp.dir/rosidl_typesupport_introspection_cpp/ros2_data/action/detail/move_js__type_support.cpp.o[0m
[1.780s] [ 34%] [32mBuilding CXX object CMakeFiles/ros2_data__rosidl_typesupport_fastrtps_cpp.dir/rosidl_typesupport_fastrtps_cpp/ros2_data/action/detail/dds_fastrtps/move_ypr__type_support.cpp.o[0m
[1.786s] [ 35%] [32mBuilding CXX object CMakeFiles/ros2_data__rosidl_typesupport_fastrtps_cpp.dir/rosidl_typesupport_fastrtps_cpp/ros2_data/action/detail/dds_fastrtps/move_rot__type_support.cpp.o[0m
[1.798s] [ 35%] [32mBuilding CXX object CMakeFiles/ros2_data__rosidl_typesupport_fastrtps_cpp.dir/rosidl_typesupport_fastrtps_cpp/ros2_data/action/detail/dds_fastrtps/move_rp__type_support.cpp.o[0m
[1.798s] [35m[1mConsolidate compiler generated dependencies of target ros2_data__rosidl_typesupport_c[0m
[1.818s] [ 36%] [32mBuilding CXX object CMakeFiles/ros2_data__rosidl_typesupport_introspection_cpp.dir/rosidl_typesupport_introspection_cpp/ros2_data/action/detail/move_g__type_support.cpp.o[0m
[1.825s] [ 37%] [32mBuilding CXX object CMakeFiles/ros2_data__rosidl_typesupport_c.dir/rosidl_typesupport_c/ros2_data/msg/joint_pose__type_support.cpp.o[0m
[1.830s] [ 38%] [32mBuilding CXX object CMakeFiles/ros2_data__rosidl_typesupport_introspection_cpp.dir/rosidl_typesupport_introspection_cpp/ros2_data/action/detail/move_xyzw__type_support.cpp.o[0m
[1.833s] [ 38%] [32mBuilding CXX object CMakeFiles/ros2_data__rosidl_typesupport_c.dir/rosidl_typesupport_c/ros2_data/msg/joint_pose_s__type_support.cpp.o[0m
[1.834s] [ 38%] [32mBuilding CXX object CMakeFiles/ros2_data__rosidl_typesupport_introspection_cpp.dir/rosidl_typesupport_introspection_cpp/ros2_data/action/detail/move_l__type_support.cpp.o[0m
[1.846s] [ 39%] [32mBuilding CXX object CMakeFiles/ros2_data__rosidl_typesupport_introspection_cpp.dir/rosidl_typesupport_introspection_cpp/ros2_data/action/detail/move_r__type_support.cpp.o[0m
[1.847s] [ 40%] [32mBuilding CXX object CMakeFiles/ros2_data__rosidl_typesupport_c.dir/rosidl_typesupport_c/ros2_data/action/move_j__type_support.cpp.o[0m
[1.848s] [ 41%] [32mBuilding CXX object CMakeFiles/ros2_data__rosidl_typesupport_c.dir/rosidl_typesupport_c/ros2_data/action/move_js__type_support.cpp.o[0m
[1.858s] [35m[1mConsolidate compiler generated dependencies of target ros2_data__rosidl_typesupport_fastrtps_c[0m
[1.862s] [ 42%] [32mBuilding CXX object CMakeFiles/ros2_data__rosidl_typesupport_introspection_cpp.dir/rosidl_typesupport_introspection_cpp/ros2_data/action/detail/move_xyz__type_support.cpp.o[0m
[1.879s] [ 43%] [32mBuilding CXX object CMakeFiles/ros2_data__rosidl_typesupport_c.dir/rosidl_typesupport_c/ros2_data/action/move_g__type_support.cpp.o[0m
[1.891s] [ 44%] [32mBuilding CXX object CMakeFiles/ros2_data__rosidl_typesupport_fastrtps_c.dir/rosidl_typesupport_fastrtps_c/ros2_data/msg/detail/joint_pose__type_support_c.cpp.o[0m
[1.906s] [ 45%] [32mBuilding CXX object CMakeFiles/ros2_data__rosidl_typesupport_fastrtps_c.dir/rosidl_typesupport_fastrtps_c/ros2_data/msg/detail/joint_pose_s__type_support_c.cpp.o[0m
[1.913s] [ 45%] [32mBuilding CXX object CMakeFiles/ros2_data__rosidl_typesupport_fastrtps_c.dir/rosidl_typesupport_fastrtps_c/ros2_data/action/detail/move_j__type_support_c.cpp.o[0m
[1.920s] [ 46%] [32mBuilding CXX object CMakeFiles/ros2_data__rosidl_typesupport_introspection_cpp.dir/rosidl_typesupport_introspection_cpp/ros2_data/action/detail/move_ypr__type_support.cpp.o[0m
[1.933s] [35m[1mConsolidate compiler generated dependencies of target ros2_data__rosidl_typesupport_introspection_c[0m
[1.945s] [ 47%] [32mBuilding CXX object CMakeFiles/ros2_data__rosidl_typesupport_c.dir/rosidl_typesupport_c/ros2_data/action/move_xyzw__type_support.cpp.o[0m
[1.961s] [ 48%] [32mBuilding C object CMakeFiles/ros2_data__rosidl_typesupport_introspection_c.dir/rosidl_typesupport_introspection_c/ros2_data/msg/detail/joint_pose__type_support.c.o[0m
[2.012s] [ 49%] [32mBuilding C object CMakeFiles/ros2_data__rosidl_typesupport_introspection_c.dir/rosidl_typesupport_introspection_c/ros2_data/msg/detail/joint_pose_s__type_support.c.o[0m
[2.013s] [ 50%] [32mBuilding CXX object CMakeFiles/ros2_data__rosidl_typesupport_c.dir/rosidl_typesupport_c/ros2_data/action/move_l__type_support.cpp.o[0m
[2.026s] [ 51%] [32mBuilding CXX object CMakeFiles/ros2_data__rosidl_typesupport_fastrtps_c.dir/rosidl_typesupport_fastrtps_c/ros2_data/action/detail/move_js__type_support_c.cpp.o[0m
[2.029s] [ 52%] [32m[1mLinking CXX shared library libros2_data__rosidl_typesupport_cpp.so[0m
[2.046s] [ 53%] [32mBuilding C object CMakeFiles/ros2_data__rosidl_typesupport_introspection_c.dir/rosidl_typesupport_introspection_c/ros2_data/action/detail/move_j__type_support.c.o[0m
[2.068s] [ 53%] [32mBuilding CXX object CMakeFiles/ros2_data__rosidl_typesupport_c.dir/rosidl_typesupport_c/ros2_data/action/move_r__type_support.cpp.o[0m
[2.075s] [ 54%] [32mBuilding CXX object CMakeFiles/ros2_data__rosidl_typesupport_introspection_cpp.dir/rosidl_typesupport_introspection_cpp/ros2_data/action/detail/move_rot__type_support.cpp.o[0m
[2.080s] [ 54%] [32mBuilding C object CMakeFiles/ros2_data__rosidl_typesupport_introspection_c.dir/rosidl_typesupport_introspection_c/ros2_data/action/detail/move_js__type_support.c.o[0m
[2.104s] [ 56%] [32mBuilding CXX object CMakeFiles/ros2_data__rosidl_typesupport_c.dir/rosidl_typesupport_c/ros2_data/action/move_xyz__type_support.cpp.o[0m
[2.105s] [ 56%] Built target ros2_data__rosidl_typesupport_cpp
[2.119s] [ 57%] [32mBuilding CXX object CMakeFiles/ros2_data__rosidl_typesupport_fastrtps_c.dir/rosidl_typesupport_fastrtps_c/ros2_data/action/detail/move_g__type_support_c.cpp.o[0m
[2.124s] [ 58%] [32mBuilding CXX object CMakeFiles/ros2_data__rosidl_typesupport_c.dir/rosidl_typesupport_c/ros2_data/action/move_ypr__type_support.cpp.o[0m
[2.133s] [ 59%] [32mBuilding C object CMakeFiles/ros2_data__rosidl_typesupport_introspection_c.dir/rosidl_typesupport_introspection_c/ros2_data/action/detail/move_g__type_support.c.o[0m
[2.145s] [ 60%] [32mBuilding CXX object CMakeFiles/ros2_data__rosidl_typesupport_fastrtps_c.dir/rosidl_typesupport_fastrtps_c/ros2_data/action/detail/move_xyzw__type_support_c.cpp.o[0m
[2.167s] [ 61%] [32mBuilding CXX object CMakeFiles/ros2_data__rosidl_typesupport_introspection_cpp.dir/rosidl_typesupport_introspection_cpp/ros2_data/action/detail/move_rp__type_support.cpp.o[0m
[2.170s] [ 62%] [32mBuilding CXX object CMakeFiles/ros2_data__rosidl_typesupport_c.dir/rosidl_typesupport_c/ros2_data/action/move_rot__type_support.cpp.o[0m
[2.177s] [ 63%] [32mBuilding C object CMakeFiles/ros2_data__rosidl_typesupport_introspection_c.dir/rosidl_typesupport_introspection_c/ros2_data/action/detail/move_xyzw__type_support.c.o[0m
[2.218s] [ 64%] [32mBuilding C object CMakeFiles/ros2_data__rosidl_typesupport_introspection_c.dir/rosidl_typesupport_introspection_c/ros2_data/action/detail/move_l__type_support.c.o[0m
[2.219s] [ 65%] [32mBuilding CXX object CMakeFiles/ros2_data__rosidl_typesupport_c.dir/rosidl_typesupport_c/ros2_data/action/move_rp__type_support.cpp.o[0m
[2.225s] [ 66%] [32mBuilding CXX object CMakeFiles/ros2_data__rosidl_typesupport_fastrtps_c.dir/rosidl_typesupport_fastrtps_c/ros2_data/action/detail/move_l__type_support_c.cpp.o[0m
[2.254s] [ 67%] [32mBuilding C object CMakeFiles/ros2_data__rosidl_typesupport_introspection_c.dir/rosidl_typesupport_introspection_c/ros2_data/action/detail/move_xyz__type_support.c.o[0m
[2.259s] [ 68%] [32mBuilding C object CMakeFiles/ros2_data__rosidl_typesupport_introspection_c.dir/rosidl_typesupport_introspection_c/ros2_data/action/detail/move_r__type_support.c.o[0m
[2.298s] [ 69%] [32m[1mLinking CXX shared library libros2_data__rosidl_typesupport_c.so[0m
[2.298s] [ 70%] [32mBuilding CXX object CMakeFiles/ros2_data__rosidl_typesupport_fastrtps_c.dir/rosidl_typesupport_fastrtps_c/ros2_data/action/detail/move_r__type_support_c.cpp.o[0m
[2.315s] [ 70%] [32mBuilding C object CMakeFiles/ros2_data__rosidl_typesupport_introspection_c.dir/rosidl_typesupport_introspection_c/ros2_data/action/detail/move_rot__type_support.c.o[0m
[2.318s] [ 71%] [32mBuilding C object CMakeFiles/ros2_data__rosidl_typesupport_introspection_c.dir/rosidl_typesupport_introspection_c/ros2_data/action/detail/move_ypr__type_support.c.o[0m
[2.327s] [ 71%] [32mBuilding CXX object CMakeFiles/ros2_data__rosidl_typesupport_fastrtps_c.dir/rosidl_typesupport_fastrtps_c/ros2_data/action/detail/move_xyz__type_support_c.cpp.o[0m
[2.335s] [ 73%] [32mBuilding C object CMakeFiles/ros2_data__rosidl_typesupport_introspection_c.dir/rosidl_typesupport_introspection_c/ros2_data/action/detail/move_rp__type_support.c.o[0m
[2.338s] [ 73%] [32mBuilding CXX object CMakeFiles/ros2_data__rosidl_typesupport_fastrtps_c.dir/rosidl_typesupport_fastrtps_c/ros2_data/action/detail/move_ypr__type_support_c.cpp.o[0m
[2.379s] [ 74%] Built target ros2_data__rosidl_typesupport_c
[2.382s] [ 75%] [32mBuilding CXX object CMakeFiles/ros2_data__rosidl_typesupport_fastrtps_c.dir/rosidl_typesupport_fastrtps_c/ros2_data/action/detail/move_rot__type_support_c.cpp.o[0m
[2.399s] [ 76%] [32mBuilding CXX object CMakeFiles/ros2_data__rosidl_typesupport_fastrtps_c.dir/rosidl_typesupport_fastrtps_c/ros2_data/action/detail/move_rp__type_support_c.cpp.o[0m
[2.411s] [ 77%] [32m[1mLinking C shared library libros2_data__rosidl_typesupport_introspection_c.so[0m
[2.464s] [ 78%] Built target ros2_data__rosidl_typesupport_introspection_c
[2.493s] [ 79%] [32m[1mLinking CXX shared library libros2_data__rosidl_typesupport_fastrtps_cpp.so[0m
[2.577s] [ 79%] Built target ros2_data__rosidl_typesupport_fastrtps_cpp
[2.726s] [ 80%] [32m[1mLinking CXX shared library libros2_data__rosidl_typesupport_introspection_cpp.so[0m
[2.742s] [ 81%] [32m[1mLinking CXX shared library libros2_data__rosidl_typesupport_fastrtps_c.so[0m
[2.786s] [ 82%] Built target ros2_data__rosidl_typesupport_introspection_cpp
[2.796s] [ 83%] Built target ros2_data__rosidl_typesupport_fastrtps_c
[2.817s] [ 83%] Built target ros2_data
[2.834s] [ 84%] Built target ros2_data__py
[2.846s] [35m[1mConsolidate compiler generated dependencies of target ros2_data__rosidl_generator_py[0m
[2.861s] [ 85%] [32mBuilding C object CMakeFiles/ros2_data__rosidl_generator_py.dir/rosidl_generator_py/ros2_data/msg/_joint_pose_s.c.o[0m
[2.862s] [ 86%] [32mBuilding C object CMakeFiles/ros2_data__rosidl_generator_py.dir/rosidl_generator_py/ros2_data/msg/_joint_pose_s_s.c.o[0m
[2.862s] [ 87%] [32mBuilding C object CMakeFiles/ros2_data__rosidl_generator_py.dir/rosidl_generator_py/ros2_data/action/_move_js_s.c.o[0m
[2.862s] [ 88%] [32mBuilding C object CMakeFiles/ros2_data__rosidl_generator_py.dir/rosidl_generator_py/ros2_data/action/_move_g_s.c.o[0m
[2.863s] [ 89%] [32mBuilding C object CMakeFiles/ros2_data__rosidl_generator_py.dir/rosidl_generator_py/ros2_data/action/_move_j_s.c.o[0m
[2.863s] [ 89%] [32mBuilding C object CMakeFiles/ros2_data__rosidl_generator_py.dir/rosidl_generator_py/ros2_data/action/_move_r_s.c.o[0m
[2.863s] [ 90%] [32mBuilding C object CMakeFiles/ros2_data__rosidl_generator_py.dir/rosidl_generator_py/ros2_data/action/_move_xyz_s.c.o[0m
[2.863s] [ 90%] [32mBuilding C object CMakeFiles/ros2_data__rosidl_generator_py.dir/rosidl_generator_py/ros2_data/action/_move_ypr_s.c.o[0m
[2.864s] [ 92%] [32mBuilding C object CMakeFiles/ros2_data__rosidl_generator_py.dir/rosidl_generator_py/ros2_data/action/_move_rot_s.c.o[0m
[2.864s] [ 92%] [32mBuilding C object CMakeFiles/ros2_data__rosidl_generator_py.dir/rosidl_generator_py/ros2_data/action/_move_xyzw_s.c.o[0m
[2.864s] [ 93%] [32mBuilding C object CMakeFiles/ros2_data__rosidl_generator_py.dir/rosidl_generator_py/ros2_data/action/_move_l_s.c.o[0m
[2.864s] [ 94%] [32mBuilding C object CMakeFiles/ros2_data__rosidl_generator_py.dir/rosidl_generator_py/ros2_data/action/_move_rp_s.c.o[0m
[3.000s] [ 95%] [32m[1mLinking C shared library rosidl_generator_py/ros2_data/libros2_data__rosidl_generator_py.so[0m
[3.041s] [ 95%] Built target ros2_data__rosidl_generator_py
[3.051s] [35m[1mConsolidate compiler generated dependencies of target ros2_data__rosidl_typesupport_c__pyext[0m
[3.051s] [35m[1mConsolidate compiler generated dependencies of target ros2_data__rosidl_typesupport_fastrtps_c__pyext[0m
[3.054s] [35m[1mConsolidate compiler generated dependencies of target ros2_data__rosidl_typesupport_introspection_c__pyext[0m
[3.061s] [ 95%] [32mBuilding C object CMakeFiles/ros2_data__rosidl_typesupport_c__pyext.dir/rosidl_generator_py/ros2_data/_ros2_data_s.ep.rosidl_typesupport_c.c.o[0m
[3.062s] [ 96%] [32mBuilding C object CMakeFiles/ros2_data__rosidl_typesupport_fastrtps_c__pyext.dir/rosidl_generator_py/ros2_data/_ros2_data_s.ep.rosidl_typesupport_fastrtps_c.c.o[0m
[3.065s] [ 97%] [32mBuilding C object CMakeFiles/ros2_data__rosidl_typesupport_introspection_c__pyext.dir/rosidl_generator_py/ros2_data/_ros2_data_s.ep.rosidl_typesupport_introspection_c.c.o[0m
[3.290s] [ 98%] [32m[1mLinking C shared library rosidl_generator_py/ros2_data/ros2_data_s__rosidl_typesupport_fastrtps_c.cpython-310-x86_64-linux-gnu.so[0m
[3.293s] [100%] [32m[1mLinking C shared library rosidl_generator_py/ros2_data/ros2_data_s__rosidl_typesupport_introspection_c.cpython-310-x86_64-linux-gnu.so[0m
[3.293s] [100%] [32m[1mLinking C shared library rosidl_generator_py/ros2_data/ros2_data_s__rosidl_typesupport_c.cpython-310-x86_64-linux-gnu.so[0m
[3.329s] [100%] Built target ros2_data__rosidl_typesupport_fastrtps_c__pyext
[3.331s] [100%] Built target ros2_data__rosidl_typesupport_c__pyext
[3.334s] [100%] Built target ros2_data__rosidl_typesupport_introspection_c__pyext
[3.345s] Invoked command in '/home/drail/changk2/school/ROB545/Grasping-Moving-Objects/ros2_ws/build/ros2_data' returned '0': CMAKE_PREFIX_PATH=${CMAKE_PREFIX_PATH}:/opt/ros/humble /usr/bin/cmake --build /home/drail/changk2/school/ROB545/Grasping-Moving-Objects/ros2_ws/build/ros2_data -- -j24 -l24
[3.346s] Invoking command in '/home/drail/changk2/school/ROB545/Grasping-Moving-Objects/ros2_ws/build/ros2_data': CMAKE_PREFIX_PATH=${CMAKE_PREFIX_PATH}:/opt/ros/humble /usr/bin/cmake --install /home/drail/changk2/school/ROB545/Grasping-Moving-Objects/ros2_ws/build/ros2_data
[3.352s] -- Install configuration: ""
[3.353s] -- Up-to-date: /home/drail/ros2_ws/install/ros2_data/share/ament_index/resource_index/rosidl_interfaces/ros2_data
[3.353s] -- Up-to-date: /home/drail/ros2_ws/install/ros2_data/include/ros2_data/ros2_data
[3.353s] -- Up-to-date: /home/drail/ros2_ws/install/ros2_data/include/ros2_data/ros2_data/action
[3.353s] -- Up-to-date: /home/drail/ros2_ws/install/ros2_data/include/ros2_data/ros2_data/action/move_l.h
[3.353s] -- Up-to-date: /home/drail/ros2_ws/install/ros2_data/include/ros2_data/ros2_data/action/move_rp.h
[3.353s] -- Up-to-date: /home/drail/ros2_ws/install/ros2_data/include/ros2_data/ros2_data/action/move_js.h
[3.353s] -- Up-to-date: /home/drail/ros2_ws/install/ros2_data/include/ros2_data/ros2_data/action/move_xyzw.h
[3.353s] -- Up-to-date: /home/drail/ros2_ws/install/ros2_data/include/ros2_data/ros2_data/action/move_xyz.h
[3.353s] -- Up-to-date: /home/drail/ros2_ws/install/ros2_data/include/ros2_data/ros2_data/action/move_g.h
[3.353s] -- Up-to-date: /home/drail/ros2_ws/install/ros2_data/include/ros2_data/ros2_data/action/detail
[3.353s] -- Up-to-date: /home/drail/ros2_ws/install/ros2_data/include/ros2_data/ros2_data/action/detail/move_xyz__functions.c
[3.353s] -- Up-to-date: /home/drail/ros2_ws/install/ros2_data/include/ros2_data/ros2_data/action/detail/move_xyzw__functions.c
[3.353s] -- Up-to-date: /home/drail/ros2_ws/install/ros2_data/include/ros2_data/ros2_data/action/detail/move_js__functions.c
[3.353s] -- Up-to-date: /home/drail/ros2_ws/install/ros2_data/include/ros2_data/ros2_data/action/detail/move_rp__functions.c
[3.354s] -- Up-to-date: /home/drail/ros2_ws/install/ros2_data/include/ros2_data/ros2_data/action/detail/move_g__functions.h
[3.354s] -- Up-to-date: /home/drail/ros2_ws/install/ros2_data/include/ros2_data/ros2_data/action/detail/move_js__type_support.h
[3.354s] -- Up-to-date: /home/drail/ros2_ws/install/ros2_data/include/ros2_data/ros2_data/action/detail/move_ypr__functions.h
[3.354s] -- Up-to-date: /home/drail/ros2_ws/install/ros2_data/include/ros2_data/ros2_data/action/detail/move_js__struct.h
[3.354s] -- Up-to-date: /home/drail/ros2_ws/install/ros2_data/include/ros2_data/ros2_data/action/detail/move_rp__type_support.h
[3.354s] -- Up-to-date: /home/drail/ros2_ws/install/ros2_data/include/ros2_data/ros2_data/action/detail/move_j__functions.c
[3.354s] -- Up-to-date: /home/drail/ros2_ws/install/ros2_data/include/ros2_data/ros2_data/action/detail/move_xyz__type_support.h
[3.354s] -- Up-to-date: /home/drail/ros2_ws/install/ros2_data/include/ros2_data/ros2_data/action/detail/move_xyz__struct.h
[3.354s] -- Up-to-date: /home/drail/ros2_ws/install/ros2_data/include/ros2_data/ros2_data/action/detail/move_r__struct.h
[3.354s] -- Up-to-date: /home/drail/ros2_ws/install/ros2_data/include/ros2_data/ros2_data/action/detail/move_js__functions.h
[3.354s] -- Up-to-date: /home/drail/ros2_ws/install/ros2_data/include/ros2_data/ros2_data/action/detail/move_rot__type_support.h
[3.354s] -- Up-to-date: /home/drail/ros2_ws/install/ros2_data/include/ros2_data/ros2_data/action/detail/move_rp__struct.h
[3.354s] -- Up-to-date: /home/drail/ros2_ws/install/ros2_data/include/ros2_data/ros2_data/action/detail/move_ypr__type_support.h
[3.354s] -- Up-to-date: /home/drail/ros2_ws/install/ros2_data/include/ros2_data/ros2_data/action/detail/move_g__functions.c
[3.355s] -- Up-to-date: /home/drail/ros2_ws/install/ros2_data/include/ros2_data/ros2_data/action/detail/move_r__type_support.h
[3.355s] -- Up-to-date: /home/drail/ros2_ws/install/ros2_data/include/ros2_data/ros2_data/action/detail/move_l__type_support.h
[3.355s] -- Up-to-date: /home/drail/ros2_ws/install/ros2_data/include/ros2_data/ros2_data/action/detail/move_xyzw__struct.h
[3.355s] -- Up-to-date: /home/drail/ros2_ws/install/ros2_data/include/ros2_data/ros2_data/action/detail/move_xyz__functions.h
[3.355s] -- Up-to-date: /home/drail/ros2_ws/install/ros2_data/include/ros2_data/ros2_data/action/detail/move_rot__struct.h
[3.355s] -- Up-to-date: /home/drail/ros2_ws/install/ros2_data/include/ros2_data/ros2_data/action/detail/move_j__struct.h
[3.355s] -- Up-to-date: /home/drail/ros2_ws/install/ros2_data/include/ros2_data/ros2_data/action/detail/move_ypr__functions.c
[3.355s] -- Up-to-date: /home/drail/ros2_ws/install/ros2_data/include/ros2_data/ros2_data/action/detail/move_j__functions.h
[3.355s] -- Up-to-date: /home/drail/ros2_ws/install/ros2_data/include/ros2_data/ros2_data/action/detail/move_g__type_support.h
[3.355s] -- Up-to-date: /home/drail/ros2_ws/install/ros2_data/include/ros2_data/ros2_data/action/detail/move_xyzw__functions.h
[3.355s] -- Up-to-date: /home/drail/ros2_ws/install/ros2_data/include/ros2_data/ros2_data/action/detail/move_r__functions.h
[3.355s] -- Up-to-date: /home/drail/ros2_ws/install/ros2_data/include/ros2_data/ros2_data/action/detail/move_g__struct.h
[3.355s] -- Up-to-date: /home/drail/ros2_ws/install/ros2_data/include/ros2_data/ros2_data/action/detail/move_l__functions.c
[3.355s] -- Up-to-date: /home/drail/ros2_ws/install/ros2_data/include/ros2_data/ros2_data/action/detail/move_rp__functions.h
[3.355s] -- Up-to-date: /home/drail/ros2_ws/install/ros2_data/include/ros2_data/ros2_data/action/detail/move_ypr__struct.h
[3.355s] -- Up-to-date: /home/drail/ros2_ws/install/ros2_data/include/ros2_data/ros2_data/action/detail/move_xyzw__type_support.h
[3.356s] -- Up-to-date: /home/drail/ros2_ws/install/ros2_data/include/ros2_data/ros2_data/action/detail/move_rot__functions.c
[3.356s] -- Up-to-date: /home/drail/ros2_ws/install/ros2_data/include/ros2_data/ros2_data/action/detail/move_rot__functions.h
[3.356s] -- Up-to-date: /home/drail/ros2_ws/install/ros2_data/include/ros2_data/ros2_data/action/detail/move_l__functions.h
[3.356s] -- Up-to-date: /home/drail/ros2_ws/install/ros2_data/include/ros2_data/ros2_data/action/detail/move_j__type_support.h
[3.356s] -- Up-to-date: /home/drail/ros2_ws/install/ros2_data/include/ros2_data/ros2_data/action/detail/move_r__functions.c
[3.356s] -- Up-to-date: /home/drail/ros2_ws/install/ros2_data/include/ros2_data/ros2_data/action/detail/move_l__struct.h
[3.356s] -- Up-to-date: /home/drail/ros2_ws/install/ros2_data/include/ros2_data/ros2_data/action/move_ypr.h
[3.356s] -- Up-to-date: /home/drail/ros2_ws/install/ros2_data/include/ros2_data/ros2_data/action/move_j.h
[3.356s] -- Up-to-date: /home/drail/ros2_ws/install/ros2_data/include/ros2_data/ros2_data/action/move_r.h
[3.356s] -- Up-to-date: /home/drail/ros2_ws/install/ros2_data/include/ros2_data/ros2_data/action/move_rot.h
[3.356s] -- Up-to-date: /home/drail/ros2_ws/install/ros2_data/include/ros2_data/ros2_data/msg
[3.356s] -- Up-to-date: /home/drail/ros2_ws/install/ros2_data/include/ros2_data/ros2_data/msg/detail
[3.356s] -- Up-to-date: /home/drail/ros2_ws/install/ros2_data/include/ros2_data/ros2_data/msg/detail/joint_pose_s__struct.h
[3.356s] -- Up-to-date: /home/drail/ros2_ws/install/ros2_data/include/ros2_data/ros2_data/msg/detail/joint_pose_s__functions.h
[3.356s] -- Up-to-date: /home/drail/ros2_ws/install/ros2_data/include/ros2_data/ros2_data/msg/detail/joint_pose__struct.h
[3.356s] -- Up-to-date: /home/drail/ros2_ws/install/ros2_data/include/ros2_data/ros2_data/msg/detail/joint_pose_s__functions.c
[3.356s] -- Up-to-date: /home/drail/ros2_ws/install/ros2_data/include/ros2_data/ros2_data/msg/detail/joint_pose__functions.h
[3.357s] -- Up-to-date: /home/drail/ros2_ws/install/ros2_data/include/ros2_data/ros2_data/msg/detail/joint_pose__functions.c
[3.357s] -- Up-to-date: /home/drail/ros2_ws/install/ros2_data/include/ros2_data/ros2_data/msg/detail/joint_pose_s__type_support.h
[3.357s] -- Up-to-date: /home/drail/ros2_ws/install/ros2_data/include/ros2_data/ros2_data/msg/detail/joint_pose__type_support.h
[3.357s] -- Up-to-date: /home/drail/ros2_ws/install/ros2_data/include/ros2_data/ros2_data/msg/joint_pose.h
[3.357s] -- Up-to-date: /home/drail/ros2_ws/install/ros2_data/include/ros2_data/ros2_data/msg/rosidl_generator_c__visibility_control.h
[3.357s] -- Up-to-date: /home/drail/ros2_ws/install/ros2_data/include/ros2_data/ros2_data/msg/joint_pose_s.h
[3.357s] -- Up-to-date: /home/drail/ros2_ws/install/ros2_data/share/ros2_data/environment/library_path.sh
[3.357s] -- Installing: /home/drail/ros2_ws/install/ros2_data/share/ros2_data/environment/library_path.dsv
[3.357s] -- Up-to-date: /home/drail/ros2_ws/install/ros2_data/lib/libros2_data__rosidl_generator_c.so
[3.357s] -- Up-to-date: /home/drail/ros2_ws/install/ros2_data/include/ros2_data/ros2_data
[3.357s] -- Up-to-date: /home/drail/ros2_ws/install/ros2_data/include/ros2_data/ros2_data/action
[3.357s] -- Up-to-date: /home/drail/ros2_ws/install/ros2_data/include/ros2_data/ros2_data/action/detail
[3.357s] -- Up-to-date: /home/drail/ros2_ws/install/ros2_data/include/ros2_data/ros2_data/action/detail/move_js__rosidl_typesupport_fastrtps_c.h
[3.358s] -- Up-to-date: /home/drail/ros2_ws/install/ros2_data/include/ros2_data/ros2_data/action/detail/move_l__rosidl_typesupport_fastrtps_c.h
[3.358s] -- Up-to-date: /home/drail/ros2_ws/install/ros2_data/include/ros2_data/ros2_data/action/detail/move_ypr__rosidl_typesupport_fastrtps_c.h
[3.358s] -- Up-to-date: /home/drail/ros2_ws/install/ros2_data/include/ros2_data/ros2_data/action/detail/move_rp__rosidl_typesupport_fastrtps_c.h
[3.358s] -- Up-to-date: /home/drail/ros2_ws/install/ros2_data/include/ros2_data/ros2_data/action/detail/move_g__rosidl_typesupport_fastrtps_c.h
[3.358s] -- Up-to-date: /home/drail/ros2_ws/install/ros2_data/include/ros2_data/ros2_data/action/detail/move_rot__rosidl_typesupport_fastrtps_c.h
[3.358s] -- Up-to-date: /home/drail/ros2_ws/install/ros2_data/include/ros2_data/ros2_data/action/detail/move_r__rosidl_typesupport_fastrtps_c.h
[3.358s] -- Up-to-date: /home/drail/ros2_ws/install/ros2_data/include/ros2_data/ros2_data/action/detail/move_xyzw__rosidl_typesupport_fastrtps_c.h
[3.358s] -- Up-to-date: /home/drail/ros2_ws/install/ros2_data/include/ros2_data/ros2_data/action/detail/move_j__rosidl_typesupport_fastrtps_c.h
[3.358s] -- Up-to-date: /home/drail/ros2_ws/install/ros2_data/include/ros2_data/ros2_data/action/detail/move_xyz__rosidl_typesupport_fastrtps_c.h
[3.358s] -- Up-to-date: /home/drail/ros2_ws/install/ros2_data/include/ros2_data/ros2_data/msg
[3.358s] -- Up-to-date: /home/drail/ros2_ws/install/ros2_data/include/ros2_data/ros2_data/msg/detail
[3.358s] -- Up-to-date: /home/drail/ros2_ws/install/ros2_data/include/ros2_data/ros2_data/msg/detail/joint_pose__rosidl_typesupport_fastrtps_c.h
[3.358s] -- Up-to-date: /home/drail/ros2_ws/install/ros2_data/include/ros2_data/ros2_data/msg/detail/joint_pose_s__rosidl_typesupport_fastrtps_c.h
[3.358s] -- Up-to-date: /home/drail/ros2_ws/install/ros2_data/include/ros2_data/ros2_data/msg/rosidl_typesupport_fastrtps_c__visibility_control.h
[3.358s] -- Up-to-date: /home/drail/ros2_ws/install/ros2_data/lib/libros2_data__rosidl_typesupport_fastrtps_c.so
[3.358s] -- Up-to-date: /home/drail/ros2_ws/install/ros2_data/include/ros2_data/ros2_data
[3.358s] -- Up-to-date: /home/drail/ros2_ws/install/ros2_data/include/ros2_data/ros2_data/action
[3.359s] -- Up-to-date: /home/drail/ros2_ws/install/ros2_data/include/ros2_data/ros2_data/action/detail
[3.359s] -- Up-to-date: /home/drail/ros2_ws/install/ros2_data/include/ros2_data/ros2_data/action/detail/move_g__type_support.c
[3.359s] -- Up-to-date: /home/drail/ros2_ws/install/ros2_data/include/ros2_data/ros2_data/action/detail/move_j__rosidl_typesupport_introspection_c.h
[3.359s] -- Up-to-date: /home/drail/ros2_ws/install/ros2_data/include/ros2_data/ros2_data/action/detail/move_xyzw__rosidl_typesupport_introspection_c.h
[3.359s] -- Up-to-date: /home/drail/ros2_ws/install/ros2_data/include/ros2_data/ros2_data/action/detail/move_xyz__type_support.c
[3.359s] -- Up-to-date: /home/drail/ros2_ws/install/ros2_data/include/ros2_data/ros2_data/action/detail/move_js__rosidl_typesupport_introspection_c.h
[3.359s] -- Up-to-date: /home/drail/ros2_ws/install/ros2_data/include/ros2_data/ros2_data/action/detail/move_xyz__rosidl_typesupport_introspection_c.h
[3.359s] -- Up-to-date: /home/drail/ros2_ws/install/ros2_data/include/ros2_data/ros2_data/action/detail/move_rot__type_support.c
[3.359s] -- Up-to-date: /home/drail/ros2_ws/install/ros2_data/include/ros2_data/ros2_data/action/detail/move_xyzw__type_support.c
[3.359s] -- Up-to-date: /home/drail/ros2_ws/install/ros2_data/include/ros2_data/ros2_data/action/detail/move_j__type_support.c
[3.359s] -- Up-to-date: /home/drail/ros2_ws/install/ros2_data/include/ros2_data/ros2_data/action/detail/move_l__rosidl_typesupport_introspection_c.h
[3.359s] -- Up-to-date: /home/drail/ros2_ws/install/ros2_data/include/ros2_data/ros2_data/action/detail/move_l__type_support.c
[3.359s] -- Up-to-date: /home/drail/ros2_ws/install/ros2_data/include/ros2_data/ros2_data/action/detail/move_rp__type_support.c
[3.359s] -- Up-to-date: /home/drail/ros2_ws/install/ros2_data/include/ros2_data/ros2_data/action/detail/move_rp__rosidl_typesupport_introspection_c.h
[3.359s] -- Up-to-date: /home/drail/ros2_ws/install/ros2_data/include/ros2_data/ros2_data/action/detail/move_r__rosidl_typesupport_introspection_c.h
[3.360s] -- Up-to-date: /home/drail/ros2_ws/install/ros2_data/include/ros2_data/ros2_data/action/detail/move_ypr__type_support.c
[3.360s] -- Up-to-date: /home/drail/ros2_ws/install/ros2_data/include/ros2_data/ros2_data/action/detail/move_ypr__rosidl_typesupport_introspection_c.h
[3.360s] -- Up-to-date: /home/drail/ros2_ws/install/ros2_data/include/ros2_data/ros2_data/action/detail/move_r__type_support.c
[3.360s] -- Up-to-date: /home/drail/ros2_ws/install/ros2_data/include/ros2_data/ros2_data/action/detail/move_g__rosidl_typesupport_introspection_c.h
[3.360s] -- Up-to-date: /home/drail/ros2_ws/install/ros2_data/include/ros2_data/ros2_data/action/detail/move_rot__rosidl_typesupport_introspection_c.h
[3.360s] -- Up-to-date: /home/drail/ros2_ws/install/ros2_data/include/ros2_data/ros2_data/action/detail/move_js__type_support.c
[3.360s] -- Up-to-date: /home/drail/ros2_ws/install/ros2_data/include/ros2_data/ros2_data/msg
[3.360s] -- Up-to-date: /home/drail/ros2_ws/install/ros2_data/include/ros2_data/ros2_data/msg/rosidl_typesupport_introspection_c__visibility_control.h
[3.360s] -- Up-to-date: /home/drail/ros2_ws/install/ros2_data/include/ros2_data/ros2_data/msg/detail
[3.360s] -- Up-to-date: /home/drail/ros2_ws/install/ros2_data/include/ros2_data/ros2_data/msg/detail/joint_pose_s__type_support.c
[3.360s] -- Up-to-date: /home/drail/ros2_ws/install/ros2_data/include/ros2_data/ros2_data/msg/detail/joint_pose__rosidl_typesupport_introspection_c.h
[3.360s] -- Up-to-date: /home/drail/ros2_ws/install/ros2_data/include/ros2_data/ros2_data/msg/detail/joint_pose_s__rosidl_typesupport_introspection_c.h
[3.360s] -- Up-to-date: /home/drail/ros2_ws/install/ros2_data/include/ros2_data/ros2_data/msg/detail/joint_pose__type_support.c
[3.360s] -- Up-to-date: /home/drail/ros2_ws/install/ros2_data/lib/libros2_data__rosidl_typesupport_introspection_c.so
[3.360s] -- Up-to-date: /home/drail/ros2_ws/install/ros2_data/lib/libros2_data__rosidl_typesupport_c.so
[3.360s] -- Up-to-date: /home/drail/ros2_ws/install/ros2_data/include/ros2_data/ros2_data
[3.360s] -- Up-to-date: /home/drail/ros2_ws/install/ros2_data/include/ros2_data/ros2_data/action
[3.361s] -- Up-to-date: /home/drail/ros2_ws/install/ros2_data/include/ros2_data/ros2_data/action/move_g.hpp
[3.361s] -- Up-to-date: /home/drail/ros2_ws/install/ros2_data/include/ros2_data/ros2_data/action/move_js.hpp
[3.361s] -- Up-to-date: /home/drail/ros2_ws/install/ros2_data/include/ros2_data/ros2_data/action/move_rp.hpp
[3.361s] -- Up-to-date: /home/drail/ros2_ws/install/ros2_data/include/ros2_data/ros2_data/action/detail
[3.361s] -- Up-to-date: /home/drail/ros2_ws/install/ros2_data/include/ros2_data/ros2_data/action/detail/move_rp__type_support.hpp
[3.361s] -- Up-to-date: /home/drail/ros2_ws/install/ros2_data/include/ros2_data/ros2_data/action/detail/move_xyz__struct.hpp
[3.361s] -- Up-to-date: /home/drail/ros2_ws/install/ros2_data/include/ros2_data/ros2_data/action/detail/move_g__type_support.hpp
[3.361s] -- Up-to-date: /home/drail/ros2_ws/install/ros2_data/include/ros2_data/ros2_data/action/detail/move_rp__struct.hpp
[3.361s] -- Up-to-date: /home/drail/ros2_ws/install/ros2_data/include/ros2_data/ros2_data/action/detail/move_xyz__type_support.hpp
[3.361s] -- Up-to-date: /home/drail/ros2_ws/install/ros2_data/include/ros2_data/ros2_data/action/detail/move_g__struct.hpp
[3.361s] -- Up-to-date: /home/drail/ros2_ws/install/ros2_data/include/ros2_data/ros2_data/action/detail/move_l__type_support.hpp
[3.361s] -- Up-to-date: /home/drail/ros2_ws/install/ros2_data/include/ros2_data/ros2_data/action/detail/move_xyz__traits.hpp
[3.361s] -- Up-to-date: /home/drail/ros2_ws/install/ros2_data/include/ros2_data/ros2_data/action/detail/move_ypr__traits.hpp
[3.361s] -- Up-to-date: /home/drail/ros2_ws/install/ros2_data/include/ros2_data/ros2_data/action/detail/move_js__builder.hpp
[3.361s] -- Up-to-date: /home/drail/ros2_ws/install/ros2_data/include/ros2_data/ros2_data/action/detail/move_r__builder.hpp
[3.361s] -- Up-to-date: /home/drail/ros2_ws/install/ros2_data/include/ros2_data/ros2_data/action/detail/move_xyzw__struct.hpp
[3.361s] -- Up-to-date: /home/drail/ros2_ws/install/ros2_data/include/ros2_data/ros2_data/action/detail/move_ypr__type_support.hpp
[3.361s] -- Up-to-date: /home/drail/ros2_ws/install/ros2_data/include/ros2_data/ros2_data/action/detail/move_g__traits.hpp
[3.361s] -- Up-to-date: /home/drail/ros2_ws/install/ros2_data/include/ros2_data/ros2_data/action/detail/move_r__type_support.hpp
[3.362s] -- Up-to-date: /home/drail/ros2_ws/install/ros2_data/include/ros2_data/ros2_data/action/detail/move_j__type_support.hpp
[3.362s] -- Up-to-date: /home/drail/ros2_ws/install/ros2_data/include/ros2_data/ros2_data/action/detail/move_j__traits.hpp
[3.362s] -- Up-to-date: /home/drail/ros2_ws/install/ros2_data/include/ros2_data/ros2_data/action/detail/move_j__builder.hpp
[3.362s] -- Up-to-date: /home/drail/ros2_ws/install/ros2_data/include/ros2_data/ros2_data/action/detail/move_ypr__builder.hpp
[3.362s] -- Up-to-date: /home/drail/ros2_ws/install/ros2_data/include/ros2_data/ros2_data/action/detail/move_xyzw__builder.hpp
[3.362s] -- Up-to-date: /home/drail/ros2_ws/install/ros2_data/include/ros2_data/ros2_data/action/detail/move_rp__traits.hpp
[3.362s] -- Up-to-date: /home/drail/ros2_ws/install/ros2_data/include/ros2_data/ros2_data/action/detail/move_l__builder.hpp
[3.362s] -- Up-to-date: /home/drail/ros2_ws/install/ros2_data/include/ros2_data/ros2_data/action/detail/move_js__traits.hpp
[3.362s] -- Up-to-date: /home/drail/ros2_ws/install/ros2_data/include/ros2_data/ros2_data/action/detail/move_js__struct.hpp
[3.362s] -- Up-to-date: /home/drail/ros2_ws/install/ros2_data/include/ros2_data/ros2_data/action/detail/move_r__traits.hpp
[3.362s] -- Up-to-date: /home/drail/ros2_ws/install/ros2_data/include/ros2_data/ros2_data/action/detail/move_j__struct.hpp
[3.363s] -- Up-to-date: /home/drail/ros2_ws/install/ros2_data/include/ros2_data/ros2_data/action/detail/move_l__traits.hpp
[3.363s] -- Up-to-date: /home/drail/ros2_ws/install/ros2_data/include/ros2_data/ros2_data/action/detail/move_r__struct.hpp
[3.363s] -- Up-to-date: /home/drail/ros2_ws/install/ros2_data/include/ros2_data/ros2_data/action/detail/move_xyz__builder.hpp
[3.363s] -- Up-to-date: /home/drail/ros2_ws/install/ros2_data/include/ros2_data/ros2_data/action/detail/move_ypr__struct.hpp
[3.363s] -- Up-to-date: /home/drail/ros2_ws/install/ros2_data/include/ros2_data/ros2_data/action/detail/move_js__type_support.hpp
[3.363s] -- Up-to-date: /home/drail/ros2_ws/install/ros2_data/include/ros2_data/ros2_data/action/detail/move_rp__builder.hpp
[3.363s] -- Up-to-date: /home/drail/ros2_ws/install/ros2_data/include/ros2_data/ros2_data/action/detail/move_g__builder.hpp
[3.363s] -- Up-to-date: /home/drail/ros2_ws/install/ros2_data/include/ros2_data/ros2_data/action/detail/move_rot__type_support.hpp
[3.363s] -- Up-to-date: /home/drail/ros2_ws/install/ros2_data/include/ros2_data/ros2_data/action/detail/move_rot__traits.hpp
[3.363s] -- Up-to-date: /home/drail/ros2_ws/install/ros2_data/include/ros2_data/ros2_data/action/detail/move_xyzw__traits.hpp
[3.363s] -- Up-to-date: /home/drail/ros2_ws/install/ros2_data/include/ros2_data/ros2_data/action/detail/move_xyzw__type_support.hpp
[3.363s] -- Up-to-date: /home/drail/ros2_ws/install/ros2_data/include/ros2_data/ros2_data/action/detail/move_rot__builder.hpp
[3.363s] -- Up-to-date: /home/drail/ros2_ws/install/ros2_data/include/ros2_data/ros2_data/action/detail/move_rot__struct.hpp
[3.363s] -- Up-to-date: /home/drail/ros2_ws/install/ros2_data/include/ros2_data/ros2_data/action/detail/move_l__struct.hpp
[3.363s] -- Up-to-date: /home/drail/ros2_ws/install/ros2_data/include/ros2_data/ros2_data/action/move_rot.hpp
[3.363s] -- Up-to-date: /home/drail/ros2_ws/install/ros2_data/include/ros2_data/ros2_data/action/move_xyz.hpp
[3.363s] -- Up-to-date: /home/drail/ros2_ws/install/ros2_data/include/ros2_data/ros2_data/action/move_l.hpp
[3.363s] -- Up-to-date: /home/drail/ros2_ws/install/ros2_data/include/ros2_data/ros2_data/action/move_r.hpp
[3.363s] -- Up-to-date: /home/drail/ros2_ws/install/ros2_data/include/ros2_data/ros2_data/action/move_ypr.hpp
[3.363s] -- Up-to-date: /home/drail/ros2_ws/install/ros2_data/include/ros2_data/ros2_data/action/move_j.hpp
[3.363s] -- Up-to-date: /home/drail/ros2_ws/install/ros2_data/include/ros2_data/ros2_data/action/move_xyzw.hpp
[3.364s] -- Up-to-date: /home/drail/ros2_ws/install/ros2_data/include/ros2_data/ros2_data/msg
[3.364s] -- Up-to-date: /home/drail/ros2_ws/install/ros2_data/include/ros2_data/ros2_data/msg/joint_pose_s.hpp
[3.364s] -- Up-to-date: /home/drail/ros2_ws/install/ros2_data/include/ros2_data/ros2_data/msg/joint_pose.hpp
[3.364s] -- Up-to-date: /home/drail/ros2_ws/install/ros2_data/include/ros2_data/ros2_data/msg/detail
[3.364s] -- Up-to-date: /home/drail/ros2_ws/install/ros2_data/include/ros2_data/ros2_data/msg/detail/joint_pose_s__type_support.hpp
[3.364s] -- Up-to-date: /home/drail/ros2_ws/install/ros2_data/include/ros2_data/ros2_data/msg/detail/joint_pose_s__traits.hpp
[3.364s] -- Up-to-date: /home/drail/ros2_ws/install/ros2_data/include/ros2_data/ros2_data/msg/detail/joint_pose_s__struct.hpp
[3.364s] -- Up-to-date: /home/drail/ros2_ws/install/ros2_data/include/ros2_data/ros2_data/msg/detail/joint_pose__type_support.hpp
[3.364s] -- Up-to-date: /home/drail/ros2_ws/install/ros2_data/include/ros2_data/ros2_data/msg/detail/joint_pose__traits.hpp
[3.364s] -- Up-to-date: /home/drail/ros2_ws/install/ros2_data/include/ros2_data/ros2_data/msg/detail/joint_pose__builder.hpp
[3.364s] -- Up-to-date: /home/drail/ros2_ws/install/ros2_data/include/ros2_data/ros2_data/msg/detail/joint_pose__struct.hpp
[3.364s] -- Up-to-date: /home/drail/ros2_ws/install/ros2_data/include/ros2_data/ros2_data/msg/detail/joint_pose_s__builder.hpp
[3.364s] -- Up-to-date: /home/drail/ros2_ws/install/ros2_data/include/ros2_data/ros2_data/msg/rosidl_generator_cpp__visibility_control.hpp
[3.364s] -- Up-to-date: /home/drail/ros2_ws/install/ros2_data/include/ros2_data/ros2_data
[3.364s] -- Up-to-date: /home/drail/ros2_ws/install/ros2_data/include/ros2_data/ros2_data/action
[3.364s] -- Up-to-date: /home/drail/ros2_ws/install/ros2_data/include/ros2_data/ros2_data/action/detail
[3.364s] -- Up-to-date: /home/drail/ros2_ws/install/ros2_data/include/ros2_data/ros2_data/action/detail/move_r__rosidl_typesupport_fastrtps_cpp.hpp
[3.364s] -- Up-to-date: /home/drail/ros2_ws/install/ros2_data/include/ros2_data/ros2_data/action/detail/move_rot__rosidl_typesupport_fastrtps_cpp.hpp
[3.364s] -- Up-to-date: /home/drail/ros2_ws/install/ros2_data/include/ros2_data/ros2_data/action/detail/move_rp__rosidl_typesupport_fastrtps_cpp.hpp
[3.364s] -- Up-to-date: /home/drail/ros2_ws/install/ros2_data/include/ros2_data/ros2_data/action/detail/move_xyzw__rosidl_typesupport_fastrtps_cpp.hpp
[3.364s] -- Up-to-date: /home/drail/ros2_ws/install/ros2_data/include/ros2_data/ros2_data/action/detail/move_js__rosidl_typesupport_fastrtps_cpp.hpp
[3.364s] -- Up-to-date: /home/drail/ros2_ws/install/ros2_data/include/ros2_data/ros2_data/action/detail/move_xyz__rosidl_typesupport_fastrtps_cpp.hpp
[3.365s] -- Up-to-date: /home/drail/ros2_ws/install/ros2_data/include/ros2_data/ros2_data/action/detail/move_ypr__rosidl_typesupport_fastrtps_cpp.hpp
[3.365s] -- Up-to-date: /home/drail/ros2_ws/install/ros2_data/include/ros2_data/ros2_data/action/detail/dds_fastrtps
[3.365s] -- Up-to-date: /home/drail/ros2_ws/install/ros2_data/include/ros2_data/ros2_data/action/detail/move_j__rosidl_typesupport_fastrtps_cpp.hpp
[3.365s] -- Up-to-date: /home/drail/ros2_ws/install/ros2_data/include/ros2_data/ros2_data/action/detail/move_g__rosidl_typesupport_fastrtps_cpp.hpp
[3.365s] -- Up-to-date: /home/drail/ros2_ws/install/ros2_data/include/ros2_data/ros2_data/action/detail/move_l__rosidl_typesupport_fastrtps_cpp.hpp
[3.365s] -- Up-to-date: /home/drail/ros2_ws/install/ros2_data/include/ros2_data/ros2_data/msg
[3.365s] -- Up-to-date: /home/drail/ros2_ws/install/ros2_data/include/ros2_data/ros2_data/msg/rosidl_typesupport_fastrtps_cpp__visibility_control.h
[3.365s] -- Up-to-date: /home/drail/ros2_ws/install/ros2_data/include/ros2_data/ros2_data/msg/detail
[3.365s] -- Up-to-date: /home/drail/ros2_ws/install/ros2_data/include/ros2_data/ros2_data/msg/detail/joint_pose_s__rosidl_typesupport_fastrtps_cpp.hpp
[3.365s] -- Up-to-date: /home/drail/ros2_ws/install/ros2_data/include/ros2_data/ros2_data/msg/detail/joint_pose__rosidl_typesupport_fastrtps_cpp.hpp
[3.365s] -- Up-to-date: /home/drail/ros2_ws/install/ros2_data/include/ros2_data/ros2_data/msg/detail/dds_fastrtps
[3.365s] -- Up-to-date: /home/drail/ros2_ws/install/ros2_data/lib/libros2_data__rosidl_typesupport_fastrtps_cpp.so
[3.365s] -- Up-to-date: /home/drail/ros2_ws/install/ros2_data/include/ros2_data/ros2_data
[3.365s] -- Up-to-date: /home/drail/ros2_ws/install/ros2_data/include/ros2_data/ros2_data/action
[3.365s] -- Up-to-date: /home/drail/ros2_ws/install/ros2_data/include/ros2_data/ros2_data/action/detail
[3.365s] -- Up-to-date: /home/drail/ros2_ws/install/ros2_data/include/ros2_data/ros2_data/action/detail/move_ypr__rosidl_typesupport_introspection_cpp.hpp
[3.365s] -- Up-to-date: /home/drail/ros2_ws/install/ros2_data/include/ros2_data/ros2_data/action/detail/move_xyz__type_support.cpp
[3.365s] -- Up-to-date: /home/drail/ros2_ws/install/ros2_data/include/ros2_data/ros2_data/action/detail/move_g__type_support.cpp
[3.365s] -- Up-to-date: /home/drail/ros2_ws/install/ros2_data/include/ros2_data/ros2_data/action/detail/move_r__type_support.cpp
[3.365s] -- Up-to-date: /home/drail/ros2_ws/install/ros2_data/include/ros2_data/ros2_data/action/detail/move_ypr__type_support.cpp
[3.366s] -- Up-to-date: /home/drail/ros2_ws/install/ros2_data/include/ros2_data/ros2_data/action/detail/move_xyz__rosidl_typesupport_introspection_cpp.hpp
[3.366s] -- Up-to-date: /home/drail/ros2_ws/install/ros2_data/include/ros2_data/ros2_data/action/detail/move_rp__type_support.cpp
[3.366s] -- Up-to-date: /home/drail/ros2_ws/install/ros2_data/include/ros2_data/ros2_data/action/detail/move_j__rosidl_typesupport_introspection_cpp.hpp
[3.366s] -- Up-to-date: /home/drail/ros2_ws/install/ros2_data/include/ros2_data/ros2_data/action/detail/move_rot__type_support.cpp
[3.366s] -- Up-to-date: /home/drail/ros2_ws/install/ros2_data/include/ros2_data/ros2_data/action/detail/move_l__type_support.cpp
[3.366s] -- Up-to-date: /home/drail/ros2_ws/install/ros2_data/include/ros2_data/ros2_data/action/detail/move_js__rosidl_typesupport_introspection_cpp.hpp
[3.366s] -- Up-to-date: /home/drail/ros2_ws/install/ros2_data/include/ros2_data/ros2_data/action/detail/move_r__rosidl_typesupport_introspection_cpp.hpp
[3.366s] -- Up-to-date: /home/drail/ros2_ws/install/ros2_data/include/ros2_data/ros2_data/action/detail/move_rp__rosidl_typesupport_introspection_cpp.hpp
[3.366s] -- Up-to-date: /home/drail/ros2_ws/install/ros2_data/include/ros2_data/ros2_data/action/detail/move_xyzw__type_support.cpp
[3.366s] -- Up-to-date: /home/drail/ros2_ws/install/ros2_data/include/ros2_data/ros2_data/action/detail/move_rot__rosidl_typesupport_introspection_cpp.hpp
[3.366s] -- Up-to-date: /home/drail/ros2_ws/install/ros2_data/include/ros2_data/ros2_data/action/detail/move_js__type_support.cpp
[3.366s] -- Up-to-date: /home/drail/ros2_ws/install/ros2_data/include/ros2_data/ros2_data/action/detail/move_g__rosidl_typesupport_introspection_cpp.hpp
[3.366s] -- Up-to-date: /home/drail/ros2_ws/install/ros2_data/include/ros2_data/ros2_data/action/detail/move_j__type_support.cpp
[3.366s] -- Up-to-date: /home/drail/ros2_ws/install/ros2_data/include/ros2_data/ros2_data/action/detail/move_l__rosidl_typesupport_introspection_cpp.hpp
[3.366s] -- Up-to-date: /home/drail/ros2_ws/install/ros2_data/include/ros2_data/ros2_data/action/detail/move_xyzw__rosidl_typesupport_introspection_cpp.hpp
[3.366s] -- Up-to-date: /home/drail/ros2_ws/install/ros2_data/include/ros2_data/ros2_data/msg
[3.366s] -- Up-to-date: /home/drail/ros2_ws/install/ros2_data/include/ros2_data/ros2_data/msg/detail
[3.366s] -- Up-to-date: /home/drail/ros2_ws/install/ros2_data/include/ros2_data/ros2_data/msg/detail/joint_pose__rosidl_typesupport_introspection_cpp.hpp
[3.366s] -- Up-to-date: /home/drail/ros2_ws/install/ros2_data/include/ros2_data/ros2_data/msg/detail/joint_pose_s__rosidl_typesupport_introspection_cpp.hpp
[3.366s] -- Up-to-date: /home/drail/ros2_ws/install/ros2_data/include/ros2_data/ros2_data/msg/detail/joint_pose_s__type_support.cpp
[3.366s] -- Up-to-date: /home/drail/ros2_ws/install/ros2_data/include/ros2_data/ros2_data/msg/detail/joint_pose__type_support.cpp
[3.367s] -- Up-to-date: /home/drail/ros2_ws/install/ros2_data/lib/libros2_data__rosidl_typesupport_introspection_cpp.so
[3.367s] -- Up-to-date: /home/drail/ros2_ws/install/ros2_data/lib/libros2_data__rosidl_typesupport_cpp.so
[3.367s] -- Up-to-date: /home/drail/ros2_ws/install/ros2_data/share/ros2_data/environment/pythonpath.sh
[3.367s] -- Installing: /home/drail/ros2_ws/install/ros2_data/share/ros2_data/environment/pythonpath.dsv
[3.367s] -- Up-to-date: /home/drail/ros2_ws/install/ros2_data/local/lib/python3.10/dist-packages/ros2_data-0.0.0-py3.10.egg-info
[3.367s] -- Installing: /home/drail/ros2_ws/install/ros2_data/local/lib/python3.10/dist-packages/ros2_data-0.0.0-py3.10.egg-info/top_level.txt
[3.367s] -- Installing: /home/drail/ros2_ws/install/ros2_data/local/lib/python3.10/dist-packages/ros2_data-0.0.0-py3.10.egg-info/PKG-INFO
[3.367s] -- Installing: /home/drail/ros2_ws/install/ros2_data/local/lib/python3.10/dist-packages/ros2_data-0.0.0-py3.10.egg-info/SOURCES.txt
[3.367s] -- Installing: /home/drail/ros2_ws/install/ros2_data/local/lib/python3.10/dist-packages/ros2_data-0.0.0-py3.10.egg-info/dependency_links.txt
[3.367s] -- Up-to-date: /home/drail/ros2_ws/install/ros2_data/local/lib/python3.10/dist-packages/ros2_data
[3.367s] -- Up-to-date: /home/drail/ros2_ws/install/ros2_data/local/lib/python3.10/dist-packages/ros2_data/ros2_data_s__rosidl_typesupport_fastrtps_c.cpython-310-x86_64-linux-gnu.so
[3.367s] -- Up-to-date: /home/drail/ros2_ws/install/ros2_data/local/lib/python3.10/dist-packages/ros2_data/libros2_data__rosidl_generator_py.so
[3.367s] -- Up-to-date: /home/drail/ros2_ws/install/ros2_data/local/lib/python3.10/dist-packages/ros2_data/ros2_data_s__rosidl_typesupport_c.cpython-310-x86_64-linux-gnu.so
[3.367s] -- Up-to-date: /home/drail/ros2_ws/install/ros2_data/local/lib/python3.10/dist-packages/ros2_data/_ros2_data_s.ep.rosidl_typesupport_fastrtps_c.c
[3.367s] -- Up-to-date: /home/drail/ros2_ws/install/ros2_data/local/lib/python3.10/dist-packages/ros2_data/_ros2_data_s.ep.rosidl_typesupport_introspection_c.c
[3.367s] -- Up-to-date: /home/drail/ros2_ws/install/ros2_data/local/lib/python3.10/dist-packages/ros2_data/ros2_data_s__rosidl_typesupport_introspection_c.cpython-310-x86_64-linux-gnu.so
[3.367s] -- Up-to-date: /home/drail/ros2_ws/install/ros2_data/local/lib/python3.10/dist-packages/ros2_data/_ros2_data_s.ep.rosidl_typesupport_c.c
[3.367s] -- Installing: /home/drail/ros2_ws/install/ros2_data/local/lib/python3.10/dist-packages/ros2_data/__init__.py
[3.367s] -- Up-to-date: /home/drail/ros2_ws/install/ros2_data/local/lib/python3.10/dist-packages/ros2_data/action
[3.367s] -- Up-to-date: /home/drail/ros2_ws/install/ros2_data/local/lib/python3.10/dist-packages/ros2_data/action/_move_r.py
[3.367s] -- Up-to-date: /home/drail/ros2_ws/install/ros2_data/local/lib/python3.10/dist-packages/ros2_data/action/_move_rp.py
[3.367s] -- Up-to-date: /home/drail/ros2_ws/install/ros2_data/local/lib/python3.10/dist-packages/ros2_data/action/_move_j.py
[3.368s] -- Up-to-date: /home/drail/ros2_ws/install/ros2_data/local/lib/python3.10/dist-packages/ros2_data/action/_move_js_s.c
[3.368s] -- Up-to-date: /home/drail/ros2_ws/install/ros2_data/local/lib/python3.10/dist-packages/ros2_data/action/_move_rp_s.c
[3.368s] -- Up-to-date: /home/drail/ros2_ws/install/ros2_data/local/lib/python3.10/dist-packages/ros2_data/action/_move_rot_s.c
[3.368s] -- Up-to-date: /home/drail/ros2_ws/install/ros2_data/local/lib/python3.10/dist-packages/ros2_data/action/_move_j_s.c
[3.368s] -- Up-to-date: /home/drail/ros2_ws/install/ros2_data/local/lib/python3.10/dist-packages/ros2_data/action/_move_g_s.c
[3.368s] -- Up-to-date: /home/drail/ros2_ws/install/ros2_data/local/lib/python3.10/dist-packages/ros2_data/action/_move_xyz_s.c
[3.368s] -- Up-to-date: /home/drail/ros2_ws/install/ros2_data/local/lib/python3.10/dist-packages/ros2_data/action/_move_ypr.py
[3.368s] -- Up-to-date: /home/drail/ros2_ws/install/ros2_data/local/lib/python3.10/dist-packages/ros2_data/action/_move_r_s.c
[3.368s] -- Up-to-date: /home/drail/ros2_ws/install/ros2_data/local/lib/python3.10/dist-packages/ros2_data/action/_move_l_s.c
[3.368s] -- Up-to-date: /home/drail/ros2_ws/install/ros2_data/local/lib/python3.10/dist-packages/ros2_data/action/_move_xyz.py
[3.368s] -- Up-to-date: /home/drail/ros2_ws/install/ros2_data/local/lib/python3.10/dist-packages/ros2_data/action/_move_ypr_s.c
[3.368s] -- Up-to-date: /home/drail/ros2_ws/install/ros2_data/local/lib/python3.10/dist-packages/ros2_data/action/_move_js.py
[3.368s] -- Up-to-date: /home/drail/ros2_ws/install/ros2_data/local/lib/python3.10/dist-packages/ros2_data/action/_move_l.py
[3.368s] -- Up-to-date: /home/drail/ros2_ws/install/ros2_data/local/lib/python3.10/dist-packages/ros2_data/action/_move_xyzw.py
[3.368s] -- Up-to-date: /home/drail/ros2_ws/install/ros2_data/local/lib/python3.10/dist-packages/ros2_data/action/_move_xyzw_s.c
[3.368s] -- Up-to-date: /home/drail/ros2_ws/install/ros2_data/local/lib/python3.10/dist-packages/ros2_data/action/__init__.py
[3.368s] -- Up-to-date: /home/drail/ros2_ws/install/ros2_data/local/lib/python3.10/dist-packages/ros2_data/action/_move_g.py
[3.368s] -- Up-to-date: /home/drail/ros2_ws/install/ros2_data/local/lib/python3.10/dist-packages/ros2_data/action/_move_rot.py
[3.368s] -- Up-to-date: /home/drail/ros2_ws/install/ros2_data/local/lib/python3.10/dist-packages/ros2_data/msg
[3.368s] -- Up-to-date: /home/drail/ros2_ws/install/ros2_data/local/lib/python3.10/dist-packages/ros2_data/msg/_joint_pose.py
[3.368s] -- Up-to-date: /home/drail/ros2_ws/install/ros2_data/local/lib/python3.10/dist-packages/ros2_data/msg/_joint_pose_s.py
[3.369s] -- Up-to-date: /home/drail/ros2_ws/install/ros2_data/local/lib/python3.10/dist-packages/ros2_data/msg/_joint_pose_s.c
[3.369s] -- Up-to-date: /home/drail/ros2_ws/install/ros2_data/local/lib/python3.10/dist-packages/ros2_data/msg/_joint_pose_s_s.c
[3.369s] -- Up-to-date: /home/drail/ros2_ws/install/ros2_data/local/lib/python3.10/dist-packages/ros2_data/msg/__init__.py
[3.389s] Listing '/home/drail/ros2_ws/install/ros2_data/local/lib/python3.10/dist-packages/ros2_data'...
[3.389s] Compiling '/home/drail/ros2_ws/install/ros2_data/local/lib/python3.10/dist-packages/ros2_data/__init__.py'...
[3.389s] Listing '/home/drail/ros2_ws/install/ros2_data/local/lib/python3.10/dist-packages/ros2_data/action'...
[3.389s] Listing '/home/drail/ros2_ws/install/ros2_data/local/lib/python3.10/dist-packages/ros2_data/msg'...
[3.391s] -- Up-to-date: /home/drail/ros2_ws/install/ros2_data/local/lib/python3.10/dist-packages/ros2_data/ros2_data_s__rosidl_typesupport_fastrtps_c.cpython-310-x86_64-linux-gnu.so
[3.392s] -- Up-to-date: /home/drail/ros2_ws/install/ros2_data/local/lib/python3.10/dist-packages/ros2_data/ros2_data_s__rosidl_typesupport_introspection_c.cpython-310-x86_64-linux-gnu.so
[3.392s] -- Up-to-date: /home/drail/ros2_ws/install/ros2_data/local/lib/python3.10/dist-packages/ros2_data/ros2_data_s__rosidl_typesupport_c.cpython-310-x86_64-linux-gnu.so
[3.392s] -- Up-to-date: /home/drail/ros2_ws/install/ros2_data/lib/libros2_data__rosidl_generator_py.so
[3.392s] -- Up-to-date: /home/drail/ros2_ws/install/ros2_data/share/ros2_data/msg/JointPose.idl
[3.393s] -- Up-to-date: /home/drail/ros2_ws/install/ros2_data/share/ros2_data/msg/JointPoseS.idl
[3.393s] -- Up-to-date: /home/drail/ros2_ws/install/ros2_data/share/ros2_data/action/MoveJ.idl
[3.393s] -- Up-to-date: /home/drail/ros2_ws/install/ros2_data/share/ros2_data/action/MoveJs.idl
[3.393s] -- Up-to-date: /home/drail/ros2_ws/install/ros2_data/share/ros2_data/action/MoveG.idl
[3.393s] -- Up-to-date: /home/drail/ros2_ws/install/ros2_data/share/ros2_data/action/MoveXYZW.idl
[3.393s] -- Up-to-date: /home/drail/ros2_ws/install/ros2_data/share/ros2_data/action/MoveL.idl
[3.393s] -- Up-to-date: /home/drail/ros2_ws/install/ros2_data/share/ros2_data/action/MoveR.idl
[3.393s] -- Up-to-date: /home/drail/ros2_ws/install/ros2_data/share/ros2_data/action/MoveXYZ.idl
[3.393s] -- Up-to-date: /home/drail/ros2_ws/install/ros2_data/share/ros2_data/action/MoveYPR.idl
[3.393s] -- Up-to-date: /home/drail/ros2_ws/install/ros2_data/share/ros2_data/action/MoveROT.idl
[3.393s] -- Up-to-date: /home/drail/ros2_ws/install/ros2_data/share/ros2_data/action/MoveRP.idl
[3.393s] -- Up-to-date: /home/drail/ros2_ws/install/ros2_data/share/ros2_data/msg/JointPose.msg
[3.393s] -- Up-to-date: /home/drail/ros2_ws/install/ros2_data/share/ros2_data/msg/JointPoseS.msg
[3.393s] -- Up-to-date: /home/drail/ros2_ws/install/ros2_data/share/ros2_data/action/MoveJ.action
[3.394s] -- Up-to-date: /home/drail/ros2_ws/install/ros2_data/share/ros2_data/action/MoveJs.action
[3.394s] -- Up-to-date: /home/drail/ros2_ws/install/ros2_data/share/ros2_data/action/MoveG.action
[3.394s] -- Up-to-date: /home/drail/ros2_ws/install/ros2_data/share/ros2_data/action/MoveXYZW.action
[3.394s] -- Up-to-date: /home/drail/ros2_ws/install/ros2_data/share/ros2_data/action/MoveL.action
[3.394s] -- Up-to-date: /home/drail/ros2_ws/install/ros2_data/share/ros2_data/action/MoveR.action
[3.394s] -- Up-to-date: /home/drail/ros2_ws/install/ros2_data/share/ros2_data/action/MoveXYZ.action
[3.394s] -- Up-to-date: /home/drail/ros2_ws/install/ros2_data/share/ros2_data/action/MoveYPR.action
[3.394s] -- Up-to-date: /home/drail/ros2_ws/install/ros2_data/share/ros2_data/action/MoveROT.action
[3.394s] -- Up-to-date: /home/drail/ros2_ws/install/ros2_data/share/ros2_data/action/MoveRP.action
[3.394s] -- Up-to-date: /home/drail/ros2_ws/install/ros2_data/share/ament_index/resource_index/package_run_dependencies/ros2_data
[3.394s] -- Up-to-date: /home/drail/ros2_ws/install/ros2_data/share/ament_index/resource_index/parent_prefix_path/ros2_data
[3.394s] -- Up-to-date: /home/drail/ros2_ws/install/ros2_data/share/ros2_data/environment/ament_prefix_path.sh
[3.394s] -- Installing: /home/drail/ros2_ws/install/ros2_data/share/ros2_data/environment/ament_prefix_path.dsv
[3.394s] -- Up-to-date: /home/drail/ros2_ws/install/ros2_data/share/ros2_data/environment/path.sh
[3.394s] -- Installing: /home/drail/ros2_ws/install/ros2_data/share/ros2_data/environment/path.dsv
[3.395s] -- Up-to-date: /home/drail/ros2_ws/install/ros2_data/share/ros2_data/local_setup.bash
[3.395s] -- Up-to-date: /home/drail/ros2_ws/install/ros2_data/share/ros2_data/local_setup.sh
[3.395s] -- Up-to-date: /home/drail/ros2_ws/install/ros2_data/share/ros2_data/local_setup.zsh
[3.395s] -- Installing: /home/drail/ros2_ws/install/ros2_data/share/ros2_data/local_setup.dsv
[3.395s] -- Installing: /home/drail/ros2_ws/install/ros2_data/share/ros2_data/package.dsv
[3.395s] -- Up-to-date: /home/drail/ros2_ws/install/ros2_data/share/ament_index/resource_index/packages/ros2_data
[3.395s] -- Up-to-date: /home/drail/ros2_ws/install/ros2_data/share/ros2_data/cmake/export_ros2_data__rosidl_generator_cExport.cmake
[3.395s] -- Up-to-date: /home/drail/ros2_ws/install/ros2_data/share/ros2_data/cmake/export_ros2_data__rosidl_generator_cExport-noconfig.cmake
[3.395s] -- Up-to-date: /home/drail/ros2_ws/install/ros2_data/share/ros2_data/cmake/export_ros2_data__rosidl_typesupport_fastrtps_cExport.cmake
[3.395s] -- Up-to-date: /home/drail/ros2_ws/install/ros2_data/share/ros2_data/cmake/export_ros2_data__rosidl_typesupport_fastrtps_cExport-noconfig.cmake
[3.396s] -- Up-to-date: /home/drail/ros2_ws/install/ros2_data/share/ros2_data/cmake/ros2_data__rosidl_typesupport_introspection_cExport.cmake
[3.396s] -- Up-to-date: /home/drail/ros2_ws/install/ros2_data/share/ros2_data/cmake/ros2_data__rosidl_typesupport_introspection_cExport-noconfig.cmake
[3.396s] -- Up-to-date: /home/drail/ros2_ws/install/ros2_data/share/ros2_data/cmake/ros2_data__rosidl_typesupport_cExport.cmake
[3.396s] -- Up-to-date: /home/drail/ros2_ws/install/ros2_data/share/ros2_data/cmake/ros2_data__rosidl_typesupport_cExport-noconfig.cmake
[3.396s] -- Up-to-date: /home/drail/ros2_ws/install/ros2_data/share/ros2_data/cmake/export_ros2_data__rosidl_generator_cppExport.cmake
[3.396s] -- Up-to-date: /home/drail/ros2_ws/install/ros2_data/share/ros2_data/cmake/export_ros2_data__rosidl_typesupport_fastrtps_cppExport.cmake
[3.396s] -- Up-to-date: /home/drail/ros2_ws/install/ros2_data/share/ros2_data/cmake/export_ros2_data__rosidl_typesupport_fastrtps_cppExport-noconfig.cmake
[3.396s] -- Up-to-date: /home/drail/ros2_ws/install/ros2_data/share/ros2_data/cmake/ros2_data__rosidl_typesupport_introspection_cppExport.cmake
[3.396s] -- Up-to-date: /home/drail/ros2_ws/install/ros2_data/share/ros2_data/cmake/ros2_data__rosidl_typesupport_introspection_cppExport-noconfig.cmake
[3.396s] -- Up-to-date: /home/drail/ros2_ws/install/ros2_data/share/ros2_data/cmake/ros2_data__rosidl_typesupport_cppExport.cmake
[3.396s] -- Up-to-date: /home/drail/ros2_ws/install/ros2_data/share/ros2_data/cmake/ros2_data__rosidl_typesupport_cppExport-noconfig.cmake
[3.396s] -- Up-to-date: /home/drail/ros2_ws/install/ros2_data/share/ros2_data/cmake/export_ros2_data__rosidl_generator_pyExport.cmake
[3.397s] -- Up-to-date: /home/drail/ros2_ws/install/ros2_data/share/ros2_data/cmake/export_ros2_data__rosidl_generator_pyExport-noconfig.cmake
[3.397s] -- Up-to-date: /home/drail/ros2_ws/install/ros2_data/share/ros2_data/cmake/rosidl_cmake-extras.cmake
[3.397s] -- Up-to-date: /home/drail/ros2_ws/install/ros2_data/share/ros2_data/cmake/ament_cmake_export_dependencies-extras.cmake
[3.397s] -- Up-to-date: /home/drail/ros2_ws/install/ros2_data/share/ros2_data/cmake/ament_cmake_export_include_directories-extras.cmake
[3.397s] -- Up-to-date: /home/drail/ros2_ws/install/ros2_data/share/ros2_data/cmake/ament_cmake_export_libraries-extras.cmake
[3.397s] -- Up-to-date: /home/drail/ros2_ws/install/ros2_data/share/ros2_data/cmake/ament_cmake_export_targets-extras.cmake
[3.397s] -- Up-to-date: /home/drail/ros2_ws/install/ros2_data/share/ros2_data/cmake/rosidl_cmake_export_typesupport_targets-extras.cmake
[3.397s] -- Up-to-date: /home/drail/ros2_ws/install/ros2_data/share/ros2_data/cmake/rosidl_cmake_export_typesupport_libraries-extras.cmake
[3.397s] -- Up-to-date: /home/drail/ros2_ws/install/ros2_data/share/ros2_data/cmake/ros2_dataConfig.cmake
[3.397s] -- Up-to-date: /home/drail/ros2_ws/install/ros2_data/share/ros2_data/cmake/ros2_dataConfig-version.cmake
[3.397s] -- Up-to-date: /home/drail/ros2_ws/install/ros2_data/share/ros2_data/package.xml
[3.399s] Invoked command in '/home/drail/changk2/school/ROB545/Grasping-Moving-Objects/ros2_ws/build/ros2_data' returned '0': CMAKE_PREFIX_PATH=${CMAKE_PREFIX_PATH}:/opt/ros/humble /usr/bin/cmake --install /home/drail/changk2/school/ROB545/Grasping-Moving-Objects/ros2_ws/build/ros2_data
