[0.030s] Invoking command in '/home/drail/ros2_ws/build/ur3_ros2_gazebo': CMAKE_PREFIX_PATH=${CMAKE_PREFIX_PATH}:/opt/ros/humble /usr/bin/cmake /home/drail/ros2_ws/src/ros2_RobotSimulation/UniversalRobots/UR3/ur3_ros2_gazebo -DCMAKE_INSTALL_PREFIX=/home/drail/ros2_ws/install/ur3_ros2_gazebo
[0.073s] -- The C compiler identification is GNU 11.4.0
[0.116s] -- The CXX compiler identification is GNU 11.4.0
[0.122s] -- Detecting C compiler ABI info
[0.181s] -- Detecting C compiler ABI info - done
[0.186s] -- Check for working C compiler: /usr/bin/cc - skipped
[0.186s] -- Detecting C compile features
[0.187s] -- Detecting C compile features - done
[0.189s] -- Detecting CXX compiler ABI info
[0.256s] -- Detecting CXX compiler ABI info - done
[0.262s] -- Check for working CXX compiler: /usr/bin/c++ - skipped
[0.262s] -- Detecting CXX compile features
[0.263s] -- Detecting CXX compile features - done
[0.265s] -- Found ament_cmake: 1.3.12 (/home/drail/ros2_humble/ros2-linux/share/ament_cmake/cmake)
[0.386s] -- Found Python3: /usr/bin/python3 (found version "3.10.12") found components: Interpreter 
[0.459s] -- Found ament_lint_auto: 0.12.14 (/home/drail/ros2_humble/ros2-linux/share/ament_lint_auto/cmake)
[0.529s] -- Added test 'copyright' to check source files copyright and LICENSE
[0.534s] -- Added test 'flake8' to check Python code syntax and style conventions
[0.535s] -- Added test 'lint_cmake' to check CMake code style
[0.536s] -- Added test 'pep257' to check Python code against some of the docstring style conventions in PEP 257
[0.539s] -- Added test 'xmllint' to check XML markup files
[0.543s] -- Configuring done
[0.545s] -- Generating done
[0.546s] -- Build files have been written to: /home/drail/ros2_ws/build/ur3_ros2_gazebo
[0.555s] Invoked command in '/home/drail/ros2_ws/build/ur3_ros2_gazebo' returned '0': CMAKE_PREFIX_PATH=${CMAKE_PREFIX_PATH}:/opt/ros/humble /usr/bin/cmake /home/drail/ros2_ws/src/ros2_RobotSimulation/UniversalRobots/UR3/ur3_ros2_gazebo -DCMAKE_INSTALL_PREFIX=/home/drail/ros2_ws/install/ur3_ros2_gazebo
[0.556s] Invoking command in '/home/drail/ros2_ws/build/ur3_ros2_gazebo': CMAKE_PREFIX_PATH=${CMAKE_PREFIX_PATH}:/opt/ros/humble /usr/bin/cmake --build /home/drail/ros2_ws/build/ur3_ros2_gazebo -- -j24 -l24
[0.596s] Invoked command in '/home/drail/ros2_ws/build/ur3_ros2_gazebo' returned '0': CMAKE_PREFIX_PATH=${CMAKE_PREFIX_PATH}:/opt/ros/humble /usr/bin/cmake --build /home/drail/ros2_ws/build/ur3_ros2_gazebo -- -j24 -l24
[0.597s] Invoking command in '/home/drail/ros2_ws/build/ur3_ros2_gazebo': CMAKE_PREFIX_PATH=${CMAKE_PREFIX_PATH}:/opt/ros/humble /usr/bin/cmake --install /home/drail/ros2_ws/build/ur3_ros2_gazebo
[0.607s] -- Install configuration: ""
[0.607s] -- Installing: /home/drail/ros2_ws/install/ur3_ros2_gazebo/share/ur3_ros2_gazebo/config
[0.607s] -- Installing: /home/drail/ros2_ws/install/ur3_ros2_gazebo/share/ur3_ros2_gazebo/config/ur3_controller.yaml
[0.607s] -- Installing: /home/drail/ros2_ws/install/ur3_ros2_gazebo/share/ur3_ros2_gazebo/config/physical_parameters.yaml
[0.609s] -- Installing: /home/drail/ros2_ws/install/ur3_ros2_gazebo/share/ur3_ros2_gazebo/config/joint_limits.yaml
[0.609s] -- Installing: /home/drail/ros2_ws/install/ur3_ros2_gazebo/share/ur3_ros2_gazebo/config/initial_positions.yaml
[0.609s] -- Installing: /home/drail/ros2_ws/install/ur3_ros2_gazebo/share/ur3_ros2_gazebo/config/visual_parameters.yaml
[0.609s] -- Installing: /home/drail/ros2_ws/install/ur3_ros2_gazebo/share/ur3_ros2_gazebo/config/default_kinematics.yaml
[0.611s] -- Installing: /home/drail/ros2_ws/install/ur3_ros2_gazebo/share/ur3_ros2_gazebo/launch
[0.611s] -- Installing: /home/drail/ros2_ws/install/ur3_ros2_gazebo/share/ur3_ros2_gazebo/launch/ur3_simulation.launch.py
[0.611s] -- Installing: /home/drail/ros2_ws/install/ur3_ros2_gazebo/share/ur3_ros2_gazebo/urdf
[0.611s] -- Installing: /home/drail/ros2_ws/install/ur3_ros2_gazebo/share/ur3_ros2_gazebo/urdf/ur3.urdf.xacro
[0.611s] -- Installing: /home/drail/ros2_ws/install/ur3_ros2_gazebo/share/ur3_ros2_gazebo/urdf/ur3_macro.urdf.xacro
[0.612s] -- Installing: /home/drail/ros2_ws/install/ur3_ros2_gazebo/share/ur3_ros2_gazebo/urdf/ur3_common.xacro
[0.612s] -- Installing: /home/drail/ros2_ws/install/ur3_ros2_gazebo/share/ur3_ros2_gazebo/urdf/ur3_transmission.xacro
[0.612s] -- Installing: /home/drail/ros2_ws/install/ur3_ros2_gazebo/share/ur3_ros2_gazebo/urdf/ur3_ros2control.xacro
[0.613s] -- Installing: /home/drail/ros2_ws/install/ur3_ros2_gazebo/share/ur3_ros2_gazebo/worlds
[0.613s] -- Installing: /home/drail/ros2_ws/install/ur3_ros2_gazebo/share/ur3_ros2_gazebo/worlds/ur3.world
[0.613s] -- Installing: /home/drail/ros2_ws/install/ur3_ros2_gazebo/share/ur3_ros2_gazebo/meshes
[0.613s] -- Installing: /home/drail/ros2_ws/install/ur3_ros2_gazebo/share/ur3_ros2_gazebo/meshes/collision
[0.613s] -- Installing: /home/drail/ros2_ws/install/ur3_ros2_gazebo/share/ur3_ros2_gazebo/meshes/collision/wrist3.stl
[0.613s] -- Installing: /home/drail/ros2_ws/install/ur3_ros2_gazebo/share/ur3_ros2_gazebo/meshes/collision/upperarm.stl
[0.613s] -- Installing: /home/drail/ros2_ws/install/ur3_ros2_gazebo/share/ur3_ros2_gazebo/meshes/collision/wrist1.stl
[0.613s] -- Installing: /home/drail/ros2_ws/install/ur3_ros2_gazebo/share/ur3_ros2_gazebo/meshes/collision/base.stl
[0.613s] -- Installing: /home/drail/ros2_ws/install/ur3_ros2_gazebo/share/ur3_ros2_gazebo/meshes/collision/forearm.stl
[0.615s] -- Installing: /home/drail/ros2_ws/install/ur3_ros2_gazebo/share/ur3_ros2_gazebo/meshes/collision/wrist2.stl
[0.615s] -- Installing: /home/drail/ros2_ws/install/ur3_ros2_gazebo/share/ur3_ros2_gazebo/meshes/collision/shoulder.stl
[0.618s] -- Installing: /home/drail/ros2_ws/install/ur3_ros2_gazebo/share/ur3_ros2_gazebo/meshes/visual
[0.619s] -- Installing: /home/drail/ros2_ws/install/ur3_ros2_gazebo/share/ur3_ros2_gazebo/meshes/visual/wrist1.dae
[0.619s] -- Installing: /home/drail/ros2_ws/install/ur3_ros2_gazebo/share/ur3_ros2_gazebo/meshes/visual/forearm.dae
[0.621s] -- Installing: /home/drail/ros2_ws/install/ur3_ros2_gazebo/share/ur3_ros2_gazebo/meshes/visual/shoulder.dae
[0.622s] -- Installing: /home/drail/ros2_ws/install/ur3_ros2_gazebo/share/ur3_ros2_gazebo/meshes/visual/wrist2.dae
[0.624s] -- Installing: /home/drail/ros2_ws/install/ur3_ros2_gazebo/share/ur3_ros2_gazebo/meshes/visual/wrist3.dae
[0.624s] -- Installing: /home/drail/ros2_ws/install/ur3_ros2_gazebo/share/ur3_ros2_gazebo/meshes/visual/upperarm.dae
[0.627s] -- Installing: /home/drail/ros2_ws/install/ur3_ros2_gazebo/share/ur3_ros2_gazebo/meshes/visual/base.dae
[0.628s] -- Installing: /home/drail/ros2_ws/install/ur3_ros2_gazebo/share/ament_index/resource_index/package_run_dependencies/ur3_ros2_gazebo
[0.629s] -- Installing: /home/drail/ros2_ws/install/ur3_ros2_gazebo/share/ament_index/resource_index/parent_prefix_path/ur3_ros2_gazebo
[0.629s] -- Installing: /home/drail/ros2_ws/install/ur3_ros2_gazebo/share/ur3_ros2_gazebo/environment/ament_prefix_path.sh
[0.630s] -- Installing: /home/drail/ros2_ws/install/ur3_ros2_gazebo/share/ur3_ros2_gazebo/environment/ament_prefix_path.dsv
[0.630s] -- Installing: /home/drail/ros2_ws/install/ur3_ros2_gazebo/share/ur3_ros2_gazebo/environment/path.sh
[0.630s] -- Installing: /home/drail/ros2_ws/install/ur3_ros2_gazebo/share/ur3_ros2_gazebo/environment/path.dsv
[0.630s] -- Installing: /home/drail/ros2_ws/install/ur3_ros2_gazebo/share/ur3_ros2_gazebo/local_setup.bash
[0.631s] -- Installing: /home/drail/ros2_ws/install/ur3_ros2_gazebo/share/ur3_ros2_gazebo/local_setup.sh
[0.631s] -- Installing: /home/drail/ros2_ws/install/ur3_ros2_gazebo/share/ur3_ros2_gazebo/local_setup.zsh
[0.631s] -- Installing: /home/drail/ros2_ws/install/ur3_ros2_gazebo/share/ur3_ros2_gazebo/local_setup.dsv
[0.631s] -- Installing: /home/drail/ros2_ws/install/ur3_ros2_gazebo/share/ur3_ros2_gazebo/package.dsv
[0.631s] -- Installing: /home/drail/ros2_ws/install/ur3_ros2_gazebo/share/ament_index/resource_index/packages/ur3_ros2_gazebo
[0.631s] -- Installing: /home/drail/ros2_ws/install/ur3_ros2_gazebo/share/ur3_ros2_gazebo/cmake/ur3_ros2_gazeboConfig.cmake
[0.631s] -- Installing: /home/drail/ros2_ws/install/ur3_ros2_gazebo/share/ur3_ros2_gazebo/cmake/ur3_ros2_gazeboConfig-version.cmake
[0.631s] -- Installing: /home/drail/ros2_ws/install/ur3_ros2_gazebo/share/ur3_ros2_gazebo/package.xml
[0.676s] Invoked command in '/home/drail/ros2_ws/build/ur3_ros2_gazebo' returned '0': CMAKE_PREFIX_PATH=${CMAKE_PREFIX_PATH}:/opt/ros/humble /usr/bin/cmake --install /home/drail/ros2_ws/build/ur3_ros2_gazebo
