[0.012s] Invoking command in '/home/drail/ros2_ws/build/turtlesim': CMAKE_PREFIX_PATH=${CMAKE_PREFIX_PATH}:/opt/ros/humble /usr/bin/cmake /home/drail/ros2_ws/src/ros_tutorials/turtlesim -DCMAKE_INSTALL_PREFIX=/home/drail/ros2_ws/install/turtlesim
[0.051s] -- The C compiler identification is GNU 11.4.0
[0.091s] -- The CXX compiler identification is GNU 11.4.0
[0.098s] -- Detecting C compiler ABI info
[0.159s] -- Detecting C compiler ABI info - done
[0.166s] -- Check for working C compiler: /usr/bin/cc - skipped
[0.166s] -- Detecting C compile features
[0.167s] -- Detecting C compile features - done
[0.170s] -- Detecting CXX compiler ABI info
[0.231s] -- Detecting CXX compiler ABI info - done
[0.238s] -- Check for working CXX compiler: /usr/bin/c++ - skipped
[0.239s] -- Detecting CXX compile features
[0.239s] -- Detecting CXX compile features - done
[0.242s] -- Found ament_cmake: 1.3.12 (/home/drail/ros2_humble/ros2-linux/share/ament_cmake/cmake)
[0.368s] -- Found Python3: /usr/bin/python3 (found version "3.10.12") found components: Interpreter 
[0.444s] -- Found ament_index_cpp: 1.4.0 (/home/drail/ros2_humble/ros2-linux/share/ament_index_cpp/cmake)
[0.446s] -- Found geometry_msgs: 4.9.0 (/home/drail/ros2_humble/ros2-linux/share/geometry_msgs/cmake)
[0.486s] -- Found rosidl_generator_c: 3.1.7 (/home/drail/ros2_humble/ros2-linux/share/rosidl_generator_c/cmake)
[0.491s] -- Found rosidl_adapter: 3.1.7 (/home/drail/ros2_humble/ros2-linux/share/rosidl_adapter/cmake)
[0.496s] -- Found rosidl_generator_cpp: 3.1.7 (/home/drail/ros2_humble/ros2-linux/share/rosidl_generator_cpp/cmake)
[0.504s] -- Using all available rosidl_typesupport_c: rosidl_typesupport_fastrtps_c;rosidl_typesupport_introspection_c
[0.515s] -- Using all available rosidl_typesupport_cpp: rosidl_typesupport_fastrtps_cpp;rosidl_typesupport_introspection_cpp
[0.556s] -- Found rclcpp: 16.0.14 (/home/drail/ros2_humble/ros2-linux/share/rclcpp/cmake)
[0.579s] -- Found rmw_implementation_cmake: 6.1.2 (/home/drail/ros2_humble/ros2-linux/share/rmw_implementation_cmake/cmake)
[0.581s] -- Found rmw_fastrtps_cpp: 6.2.8 (/home/drail/ros2_humble/ros2-linux/share/rmw_fastrtps_cpp/cmake)
[0.658s] -- Found OpenSSL: /usr/lib/x86_64-linux-gnu/libcrypto.so (found version "3.0.2")  
[0.689s] -- Found FastRTPS: /home/drail/ros2_humble/ros2-linux/include  
[0.722s] -- Using RMW implementation 'rmw_fastrtps_cpp' as default
[0.728s] -- Looking for pthread.h
[0.792s] -- Looking for pthread.h - found
[0.792s] -- Performing Test CMAKE_HAVE_LIBC_PTHREAD
[0.850s] -- Performing Test CMAKE_HAVE_LIBC_PTHREAD - Success
[0.851s] -- Found Threads: TRUE  
[0.878s] -- Found rclcpp_action: 16.0.14 (/home/drail/ros2_humble/ros2-linux/share/rclcpp_action/cmake)
[0.901s] -- Found rosidl_default_generators: 1.2.0 (/home/drail/ros2_humble/ros2-linux/share/rosidl_default_generators/cmake)
[0.908s] -- Found std_srvs: 4.9.0 (/home/drail/ros2_humble/ros2-linux/share/std_srvs/cmake)
[1.149s] -- Found ament_cmake_ros: 0.10.0 (/home/drail/ros2_humble/ros2-linux/share/ament_cmake_ros/cmake)
[1.403s] -- Using all available rosidl_typesupport_c: rosidl_typesupport_fastrtps_c;rosidl_typesupport_introspection_c
[1.506s] -- Using all available rosidl_typesupport_cpp: rosidl_typesupport_fastrtps_cpp;rosidl_typesupport_introspection_cpp
[1.529s] -- Found PythonInterp: /usr/bin/python3 (found suitable version "3.10.12", minimum required is "3.6") 
[1.531s] -- Found python_cmake_module: 0.10.0 (/home/drail/ros2_humble/ros2-linux/share/python_cmake_module/cmake)
[1.551s] -- Found PythonLibs: /usr/lib/x86_64-linux-gnu/libpython3.10.so (found suitable version "3.10.12", minimum required is "3.5") 
[1.551s] -- Using PYTHON_EXECUTABLE: /usr/bin/python3
[1.551s] -- Using PYTHON_INCLUDE_DIRS: /usr/include/python3.10
[1.551s] -- Using PYTHON_LIBRARIES: /usr/lib/x86_64-linux-gnu/libpython3.10.so
[1.572s] -- Found PythonExtra: .so  
[1.627s] -- Configuring done
[1.681s] -- Generating done
[1.694s] -- Build files have been written to: /home/drail/ros2_ws/build/turtlesim
[1.704s] Invoked command in '/home/drail/ros2_ws/build/turtlesim' returned '0': CMAKE_PREFIX_PATH=${CMAKE_PREFIX_PATH}:/opt/ros/humble /usr/bin/cmake /home/drail/ros2_ws/src/ros_tutorials/turtlesim -DCMAKE_INSTALL_PREFIX=/home/drail/ros2_ws/install/turtlesim
[1.705s] Invoking command in '/home/drail/ros2_ws/build/turtlesim': CMAKE_PREFIX_PATH=${CMAKE_PREFIX_PATH}:/opt/ros/humble /usr/bin/cmake --build /home/drail/ros2_ws/build/turtlesim -- -j24 -l24
[1.748s] [  1%] [34m[1mGenerating C code for ROS interfaces[0m
[1.758s] [  2%] [34m[1mGenerating C++ code for ROS interfaces[0m
[1.763s] [  2%] Built target ament_cmake_python_copy_turtlesim
[1.950s] running egg_info
[1.950s] creating turtlesim.egg-info
[1.950s] writing turtlesim.egg-info/PKG-INFO
[1.951s] writing dependency_links to turtlesim.egg-info/dependency_links.txt
[1.951s] writing top-level names to turtlesim.egg-info/top_level.txt
[1.951s] writing manifest file 'turtlesim.egg-info/SOURCES.txt'
[1.952s] reading manifest file 'turtlesim.egg-info/SOURCES.txt'
[1.952s] writing manifest file 'turtlesim.egg-info/SOURCES.txt'
[1.969s] [  2%] Built target ament_cmake_python_build_turtlesim_egg
[2.346s] [  3%] [32mBuilding C object CMakeFiles/turtlesim__rosidl_generator_c.dir/rosidl_generator_c/turtlesim/action/detail/rotate_absolute__functions.c.o[0m
[2.346s] [  4%] [32mBuilding C object CMakeFiles/turtlesim__rosidl_generator_c.dir/rosidl_generator_c/turtlesim/msg/detail/color__functions.c.o[0m
[2.347s] [  5%] [32mBuilding C object CMakeFiles/turtlesim__rosidl_generator_c.dir/rosidl_generator_c/turtlesim/srv/detail/set_pen__functions.c.o[0m
[2.347s] [  6%] [32mBuilding C object CMakeFiles/turtlesim__rosidl_generator_c.dir/rosidl_generator_c/turtlesim/srv/detail/kill__functions.c.o[0m
[2.348s] [  7%] [32mBuilding C object CMakeFiles/turtlesim__rosidl_generator_c.dir/rosidl_generator_c/turtlesim/msg/detail/pose__functions.c.o[0m
[2.349s] [  8%] [32mBuilding C object CMakeFiles/turtlesim__rosidl_generator_c.dir/rosidl_generator_c/turtlesim/srv/detail/spawn__functions.c.o[0m
[2.349s] [ 10%] [32mBuilding C object CMakeFiles/turtlesim__rosidl_generator_c.dir/rosidl_generator_c/turtlesim/srv/detail/teleport_relative__functions.c.o[0m
[2.349s] [ 10%] [32mBuilding C object CMakeFiles/turtlesim__rosidl_generator_c.dir/rosidl_generator_c/turtlesim/srv/detail/teleport_absolute__functions.c.o[0m
[2.352s] [ 10%] Built target turtlesim__cpp
[2.361s] [ 11%] [34m[1mGenerating C++ type support dispatch for ROS interfaces[0m
[2.361s] [ 12%] [34m[1mGenerating C++ introspection for ROS interfaces[0m
[2.362s] [ 13%] [34m[1mGenerating C++ type support for eProsima Fast-RTPS[0m
[2.441s] [ 14%] [32m[1mLinking C shared library libturtlesim__rosidl_generator_c.so[0m
[2.471s] [ 14%] Built target turtlesim__rosidl_generator_c
[2.479s] [ 16%] [34m[1mGenerating C type support dispatch for ROS interfaces[0m
[2.479s] [ 16%] [34m[1mGenerating C type support for eProsima Fast-RTPS[0m
[2.481s] [ 17%] [34m[1mGenerating C introspection for ROS interfaces[0m
[2.704s] [ 18%] [32mBuilding CXX object CMakeFiles/turtlesim__rosidl_typesupport_cpp.dir/rosidl_typesupport_cpp/turtlesim/action/rotate_absolute__type_support.cpp.o[0m
[2.705s] [ 19%] [32mBuilding CXX object CMakeFiles/turtlesim__rosidl_typesupport_cpp.dir/rosidl_typesupport_cpp/turtlesim/srv/spawn__type_support.cpp.o[0m
[2.705s] [ 20%] [32mBuilding CXX object CMakeFiles/turtlesim__rosidl_typesupport_cpp.dir/rosidl_typesupport_cpp/turtlesim/msg/color__type_support.cpp.o[0m
[2.705s] [ 22%] [32mBuilding CXX object CMakeFiles/turtlesim__rosidl_typesupport_cpp.dir/rosidl_typesupport_cpp/turtlesim/srv/teleport_absolute__type_support.cpp.o[0m
[2.706s] [ 23%] [32mBuilding CXX object CMakeFiles/turtlesim__rosidl_typesupport_cpp.dir/rosidl_typesupport_cpp/turtlesim/srv/set_pen__type_support.cpp.o[0m
[2.706s] [ 23%] [32mBuilding CXX object CMakeFiles/turtlesim__rosidl_typesupport_cpp.dir/rosidl_typesupport_cpp/turtlesim/srv/teleport_relative__type_support.cpp.o[0m
[2.706s] [ 24%] [32mBuilding CXX object CMakeFiles/turtlesim__rosidl_typesupport_cpp.dir/rosidl_typesupport_cpp/turtlesim/msg/pose__type_support.cpp.o[0m
[2.707s] [ 25%] [32mBuilding CXX object CMakeFiles/turtlesim__rosidl_typesupport_cpp.dir/rosidl_typesupport_cpp/turtlesim/srv/kill__type_support.cpp.o[0m
[2.807s] [ 26%] [32mBuilding CXX object CMakeFiles/turtlesim__rosidl_typesupport_introspection_cpp.dir/rosidl_typesupport_introspection_cpp/turtlesim/action/detail/rotate_absolute__type_support.cpp.o[0m
[2.809s] [ 27%] [32mBuilding CXX object CMakeFiles/turtlesim__rosidl_typesupport_introspection_cpp.dir/rosidl_typesupport_introspection_cpp/turtlesim/msg/detail/color__type_support.cpp.o[0m
[2.809s] [ 29%] [32mBuilding CXX object CMakeFiles/turtlesim__rosidl_typesupport_introspection_cpp.dir/rosidl_typesupport_introspection_cpp/turtlesim/srv/detail/kill__type_support.cpp.o[0m
[2.809s] [ 29%] [32mBuilding CXX object CMakeFiles/turtlesim__rosidl_typesupport_introspection_cpp.dir/rosidl_typesupport_introspection_cpp/turtlesim/srv/detail/teleport_relative__type_support.cpp.o[0m
[2.810s] [ 30%] [32mBuilding CXX object CMakeFiles/turtlesim__rosidl_typesupport_introspection_cpp.dir/rosidl_typesupport_introspection_cpp/turtlesim/srv/detail/spawn__type_support.cpp.o[0m
[2.811s] [ 33%] [32mBuilding CXX object CMakeFiles/turtlesim__rosidl_typesupport_introspection_cpp.dir/rosidl_typesupport_introspection_cpp/turtlesim/srv/detail/set_pen__type_support.cpp.o[0m
[2.811s] [ 33%] [32mBuilding CXX object CMakeFiles/turtlesim__rosidl_typesupport_introspection_cpp.dir/rosidl_typesupport_introspection_cpp/turtlesim/msg/detail/pose__type_support.cpp.o[0m
[2.811s] [ 33%] [32mBuilding CXX object CMakeFiles/turtlesim__rosidl_typesupport_introspection_cpp.dir/rosidl_typesupport_introspection_cpp/turtlesim/srv/detail/teleport_absolute__type_support.cpp.o[0m
[2.905s] [ 34%] [32mBuilding CXX object CMakeFiles/turtlesim__rosidl_typesupport_c.dir/rosidl_typesupport_c/turtlesim/action/rotate_absolute__type_support.cpp.o[0m
[2.905s] [ 35%] [32mBuilding CXX object CMakeFiles/turtlesim__rosidl_typesupport_c.dir/rosidl_typesupport_c/turtlesim/msg/pose__type_support.cpp.o[0m
[2.907s] [ 37%] [32mBuilding CXX object CMakeFiles/turtlesim__rosidl_typesupport_c.dir/rosidl_typesupport_c/turtlesim/srv/kill__type_support.cpp.o[0m
[2.907s] [ 38%] [32mBuilding CXX object CMakeFiles/turtlesim__rosidl_typesupport_c.dir/rosidl_typesupport_c/turtlesim/msg/color__type_support.cpp.o[0m
[2.907s] [ 38%] [32mBuilding CXX object CMakeFiles/turtlesim__rosidl_typesupport_c.dir/rosidl_typesupport_c/turtlesim/srv/set_pen__type_support.cpp.o[0m
[2.946s] [ 39%] [32mBuilding CXX object CMakeFiles/turtlesim__rosidl_typesupport_c.dir/rosidl_typesupport_c/turtlesim/srv/spawn__type_support.cpp.o[0m
[2.953s] [ 40%] [32mBuilding CXX object CMakeFiles/turtlesim__rosidl_typesupport_c.dir/rosidl_typesupport_c/turtlesim/srv/teleport_absolute__type_support.cpp.o[0m
[2.960s] [ 41%] [32mBuilding CXX object CMakeFiles/turtlesim__rosidl_typesupport_c.dir/rosidl_typesupport_c/turtlesim/srv/teleport_relative__type_support.cpp.o[0m
[2.992s] [ 42%] [32m[1mLinking CXX shared library libturtlesim__rosidl_typesupport_c.so[0m
[3.002s] [ 46%] [32mBuilding CXX object CMakeFiles/turtlesim__rosidl_typesupport_fastrtps_cpp.dir/rosidl_typesupport_fastrtps_cpp/turtlesim/srv/detail/dds_fastrtps/teleport_relative__type_support.cpp.o[0m
[3.002s] [ 46%] [32mBuilding CXX object CMakeFiles/turtlesim__rosidl_typesupport_fastrtps_cpp.dir/rosidl_typesupport_fastrtps_cpp/turtlesim/msg/detail/dds_fastrtps/color__type_support.cpp.o[0m
[3.002s] [ 46%] [32mBuilding CXX object CMakeFiles/turtlesim__rosidl_typesupport_fastrtps_cpp.dir/rosidl_typesupport_fastrtps_cpp/turtlesim/srv/detail/dds_fastrtps/kill__type_support.cpp.o[0m
[3.002s] [ 46%] [32mBuilding CXX object CMakeFiles/turtlesim__rosidl_typesupport_fastrtps_cpp.dir/rosidl_typesupport_fastrtps_cpp/turtlesim/msg/detail/dds_fastrtps/pose__type_support.cpp.o[0m
[3.002s] [ 47%] [32mBuilding CXX object CMakeFiles/turtlesim__rosidl_typesupport_fastrtps_cpp.dir/rosidl_typesupport_fastrtps_cpp/turtlesim/action/detail/dds_fastrtps/rotate_absolute__type_support.cpp.o[0m
[3.002s] [ 48%] [32mBuilding CXX object CMakeFiles/turtlesim__rosidl_typesupport_fastrtps_cpp.dir/rosidl_typesupport_fastrtps_cpp/turtlesim/srv/detail/dds_fastrtps/set_pen__type_support.cpp.o[0m
[3.003s] [ 49%] [32mBuilding CXX object CMakeFiles/turtlesim__rosidl_typesupport_fastrtps_cpp.dir/rosidl_typesupport_fastrtps_cpp/turtlesim/srv/detail/dds_fastrtps/spawn__type_support.cpp.o[0m
[3.004s] [ 50%] [32mBuilding CXX object CMakeFiles/turtlesim__rosidl_typesupport_fastrtps_cpp.dir/rosidl_typesupport_fastrtps_cpp/turtlesim/srv/detail/dds_fastrtps/teleport_absolute__type_support.cpp.o[0m
[3.048s] [ 50%] Built target turtlesim__rosidl_typesupport_c
[3.154s] [ 51%] [32mBuilding C object CMakeFiles/turtlesim__rosidl_typesupport_introspection_c.dir/rosidl_typesupport_introspection_c/turtlesim/action/detail/rotate_absolute__type_support.c.o[0m
[3.160s] [ 52%] [32mBuilding C object CMakeFiles/turtlesim__rosidl_typesupport_introspection_c.dir/rosidl_typesupport_introspection_c/turtlesim/msg/detail/color__type_support.c.o[0m
[3.160s] [ 53%] [32mBuilding C object CMakeFiles/turtlesim__rosidl_typesupport_introspection_c.dir/rosidl_typesupport_introspection_c/turtlesim/msg/detail/pose__type_support.c.o[0m
[3.174s] [ 54%] [32mBuilding C object CMakeFiles/turtlesim__rosidl_typesupport_introspection_c.dir/rosidl_typesupport_introspection_c/turtlesim/srv/detail/kill__type_support.c.o[0m
[3.175s] [ 55%] [32mBuilding C object CMakeFiles/turtlesim__rosidl_typesupport_introspection_c.dir/rosidl_typesupport_introspection_c/turtlesim/srv/detail/set_pen__type_support.c.o[0m
[3.187s] [ 56%] [32mBuilding C object CMakeFiles/turtlesim__rosidl_typesupport_introspection_c.dir/rosidl_typesupport_introspection_c/turtlesim/srv/detail/spawn__type_support.c.o[0m
[3.195s] [ 57%] [32m[1mLinking CXX shared library libturtlesim__rosidl_typesupport_cpp.so[0m
[3.206s] [ 58%] [32mBuilding C object CMakeFiles/turtlesim__rosidl_typesupport_introspection_c.dir/rosidl_typesupport_introspection_c/turtlesim/srv/detail/teleport_relative__type_support.c.o[0m
[3.208s] [ 59%] [32mBuilding C object CMakeFiles/turtlesim__rosidl_typesupport_introspection_c.dir/rosidl_typesupport_introspection_c/turtlesim/srv/detail/teleport_absolute__type_support.c.o[0m
[3.236s] [ 61%] [32mBuilding CXX object CMakeFiles/turtlesim__rosidl_typesupport_fastrtps_c.dir/rosidl_typesupport_fastrtps_c/turtlesim/action/detail/rotate_absolute__type_support_c.cpp.o[0m
[3.236s] [ 61%] [32mBuilding CXX object CMakeFiles/turtlesim__rosidl_typesupport_fastrtps_c.dir/rosidl_typesupport_fastrtps_c/turtlesim/msg/detail/pose__type_support_c.cpp.o[0m
[3.236s] [ 62%] [32mBuilding CXX object CMakeFiles/turtlesim__rosidl_typesupport_fastrtps_c.dir/rosidl_typesupport_fastrtps_c/turtlesim/srv/detail/kill__type_support_c.cpp.o[0m
[3.236s] [ 63%] [32mBuilding CXX object CMakeFiles/turtlesim__rosidl_typesupport_fastrtps_c.dir/rosidl_typesupport_fastrtps_c/turtlesim/msg/detail/color__type_support_c.cpp.o[0m
[3.237s] [ 64%] [32mBuilding CXX object CMakeFiles/turtlesim__rosidl_typesupport_fastrtps_c.dir/rosidl_typesupport_fastrtps_c/turtlesim/srv/detail/set_pen__type_support_c.cpp.o[0m
[3.243s] [ 65%] [32mBuilding CXX object CMakeFiles/turtlesim__rosidl_typesupport_fastrtps_c.dir/rosidl_typesupport_fastrtps_c/turtlesim/srv/detail/spawn__type_support_c.cpp.o[0m
[3.246s] [ 66%] [32mBuilding CXX object CMakeFiles/turtlesim__rosidl_typesupport_fastrtps_c.dir/rosidl_typesupport_fastrtps_c/turtlesim/srv/detail/teleport_absolute__type_support_c.cpp.o[0m
[3.246s] [ 66%] Built target turtlesim__rosidl_typesupport_cpp
[3.252s] [ 67%] [32mBuilding CXX object CMakeFiles/turtlesim__rosidl_typesupport_fastrtps_c.dir/rosidl_typesupport_fastrtps_c/turtlesim/srv/detail/teleport_relative__type_support_c.cpp.o[0m
[3.255s] [ 68%] [32m[1mLinking C shared library libturtlesim__rosidl_typesupport_introspection_c.so[0m
[3.261s] [ 69%] [34m[1mGenerating include/turtlesim/moc_turtle_frame.cpp[0m
[3.272s] [ 71%] [32mBuilding CXX object CMakeFiles/turtle_teleop_key.dir/tutorials/teleop_turtle_key.cpp.o[0m
[3.273s] [ 71%] [32mBuilding CXX object CMakeFiles/draw_square.dir/tutorials/draw_square.cpp.o[0m
[3.273s] [ 72%] [32mBuilding CXX object CMakeFiles/mimic.dir/tutorials/mimic.cpp.o[0m
[3.308s] [ 72%] Built target turtlesim__rosidl_typesupport_introspection_c
[3.361s] [ 73%] [32mBuilding CXX object CMakeFiles/turtlesim_node.dir/src/turtle.cpp.o[0m
[3.361s] [ 74%] [32mBuilding CXX object CMakeFiles/turtlesim_node.dir/include/turtlesim/moc_turtle_frame.cpp.o[0m
[3.372s] [ 75%] [32mBuilding CXX object CMakeFiles/turtlesim_node.dir/src/turtle_frame.cpp.o[0m
[3.372s] [ 76%] [32mBuilding CXX object CMakeFiles/turtlesim_node.dir/src/turtlesim.cpp.o[0m
[3.485s] [ 77%] [32m[1mLinking CXX shared library libturtlesim__rosidl_typesupport_introspection_cpp.so[0m
[3.569s] [ 77%] Built target turtlesim__rosidl_typesupport_introspection_cpp
[3.601s] [ 78%] [32m[1mLinking CXX shared library libturtlesim__rosidl_typesupport_fastrtps_cpp.so[0m
[3.630s] [ 79%] [32m[1mLinking CXX shared library libturtlesim__rosidl_typesupport_fastrtps_c.so[0m
[3.657s] [ 79%] Built target turtlesim__rosidl_typesupport_fastrtps_cpp
[3.686s] [ 79%] Built target turtlesim__rosidl_typesupport_fastrtps_c
[3.703s] [ 79%] Built target turtlesim
[3.720s] [ 80%] [34m[1mGenerating Python code for ROS interfaces[0m
[4.817s] [ 80%] Built target turtlesim__py
[4.837s] [ 81%] [32mBuilding C object CMakeFiles/turtlesim__rosidl_generator_py.dir/rosidl_generator_py/turtlesim/msg/_pose_s.c.o[0m
[4.838s] [ 82%] [32mBuilding C object CMakeFiles/turtlesim__rosidl_generator_py.dir/rosidl_generator_py/turtlesim/action/_rotate_absolute_s.c.o[0m
[4.838s] [ 83%] [32mBuilding C object CMakeFiles/turtlesim__rosidl_generator_py.dir/rosidl_generator_py/turtlesim/srv/_kill_s.c.o[0m
[4.839s] [ 84%] [32mBuilding C object CMakeFiles/turtlesim__rosidl_generator_py.dir/rosidl_generator_py/turtlesim/srv/_set_pen_s.c.o[0m
[4.840s] [ 87%] [32mBuilding C object CMakeFiles/turtlesim__rosidl_generator_py.dir/rosidl_generator_py/turtlesim/srv/_spawn_s.c.o[0m
[4.840s] [ 87%] [32mBuilding C object CMakeFiles/turtlesim__rosidl_generator_py.dir/rosidl_generator_py/turtlesim/msg/_color_s.c.o[0m
[4.840s] [ 87%] [32mBuilding C object CMakeFiles/turtlesim__rosidl_generator_py.dir/rosidl_generator_py/turtlesim/srv/_teleport_relative_s.c.o[0m
[4.840s] [ 88%] [32mBuilding C object CMakeFiles/turtlesim__rosidl_generator_py.dir/rosidl_generator_py/turtlesim/srv/_teleport_absolute_s.c.o[0m
[4.960s] [ 89%] [32m[1mLinking C shared library rosidl_generator_py/turtlesim/libturtlesim__rosidl_generator_py.so[0m
[4.996s] [ 89%] Built target turtlesim__rosidl_generator_py
[5.014s] [ 91%] [32mBuilding C object CMakeFiles/turtlesim__rosidl_typesupport_fastrtps_c__pyext.dir/rosidl_generator_py/turtlesim/_turtlesim_s.ep.rosidl_typesupport_fastrtps_c.c.o[0m
[5.015s] [ 91%] [32mBuilding C object CMakeFiles/turtlesim__rosidl_typesupport_introspection_c__pyext.dir/rosidl_generator_py/turtlesim/_turtlesim_s.ep.rosidl_typesupport_introspection_c.c.o[0m
[5.017s] [ 92%] [32mBuilding C object CMakeFiles/turtlesim__rosidl_typesupport_c__pyext.dir/rosidl_generator_py/turtlesim/_turtlesim_s.ep.rosidl_typesupport_c.c.o[0m
[5.136s] [ 93%] [32m[1mLinking C shared library rosidl_generator_py/turtlesim/turtlesim_s__rosidl_typesupport_introspection_c.cpython-310-x86_64-linux-gnu.so[0m
[5.136s] [ 94%] [32m[1mLinking C shared library rosidl_generator_py/turtlesim/turtlesim_s__rosidl_typesupport_fastrtps_c.cpython-310-x86_64-linux-gnu.so[0m
[5.140s] [ 95%] [32m[1mLinking C shared library rosidl_generator_py/turtlesim/turtlesim_s__rosidl_typesupport_c.cpython-310-x86_64-linux-gnu.so[0m
[5.172s] [ 95%] Built target turtlesim__rosidl_typesupport_introspection_c__pyext
[5.172s] [ 95%] Built target turtlesim__rosidl_typesupport_fastrtps_c__pyext
[5.177s] [ 95%] Built target turtlesim__rosidl_typesupport_c__pyext
[7.529s] [ 96%] [32m[1mLinking CXX executable turtle_teleop_key[0m
[7.705s] [ 96%] Built target turtle_teleop_key
[9.115s] [ 97%] [32m[1mLinking CXX executable mimic[0m
[9.367s] [ 97%] Built target mimic
[9.531s] [ 98%] [32m[1mLinking CXX executable draw_square[0m
[9.818s] [ 98%] Built target draw_square
[11.612s] [100%] [32m[1mLinking CXX executable turtlesim_node[0m
[12.691s] [100%] Built target turtlesim_node
[12.706s] Invoked command in '/home/drail/ros2_ws/build/turtlesim' returned '0': CMAKE_PREFIX_PATH=${CMAKE_PREFIX_PATH}:/opt/ros/humble /usr/bin/cmake --build /home/drail/ros2_ws/build/turtlesim -- -j24 -l24
[12.719s] Invoking command in '/home/drail/ros2_ws/build/turtlesim': CMAKE_PREFIX_PATH=${CMAKE_PREFIX_PATH}:/opt/ros/humble /usr/bin/cmake --install /home/drail/ros2_ws/build/turtlesim
[12.729s] -- Install configuration: ""
[12.729s] -- Installing: /home/drail/ros2_ws/install/turtlesim/share/ament_index/resource_index/rosidl_interfaces/turtlesim
[12.729s] -- Installing: /home/drail/ros2_ws/install/turtlesim/include/turtlesim/turtlesim
[12.730s] -- Installing: /home/drail/ros2_ws/install/turtlesim/include/turtlesim/turtlesim/srv
[12.730s] -- Installing: /home/drail/ros2_ws/install/turtlesim/include/turtlesim/turtlesim/srv/kill.h
[12.730s] -- Installing: /home/drail/ros2_ws/install/turtlesim/include/turtlesim/turtlesim/srv/set_pen.h
[12.730s] -- Installing: /home/drail/ros2_ws/install/turtlesim/include/turtlesim/turtlesim/srv/detail
[12.730s] -- Installing: /home/drail/ros2_ws/install/turtlesim/include/turtlesim/turtlesim/srv/detail/teleport_relative__struct.h
[12.730s] -- Installing: /home/drail/ros2_ws/install/turtlesim/include/turtlesim/turtlesim/srv/detail/spawn__struct.h
[12.730s] -- Installing: /home/drail/ros2_ws/install/turtlesim/include/turtlesim/turtlesim/srv/detail/teleport_absolute__functions.c
[12.731s] -- Installing: /home/drail/ros2_ws/install/turtlesim/include/turtlesim/turtlesim/srv/detail/teleport_relative__functions.c
[12.731s] -- Installing: /home/drail/ros2_ws/install/turtlesim/include/turtlesim/turtlesim/srv/detail/kill__functions.h
[12.731s] -- Installing: /home/drail/ros2_ws/install/turtlesim/include/turtlesim/turtlesim/srv/detail/set_pen__functions.h
[12.731s] -- Installing: /home/drail/ros2_ws/install/turtlesim/include/turtlesim/turtlesim/srv/detail/teleport_absolute__functions.h
[12.731s] -- Installing: /home/drail/ros2_ws/install/turtlesim/include/turtlesim/turtlesim/srv/detail/kill__type_support.h
[12.731s] -- Installing: /home/drail/ros2_ws/install/turtlesim/include/turtlesim/turtlesim/srv/detail/teleport_absolute__struct.h
[12.732s] -- Installing: /home/drail/ros2_ws/install/turtlesim/include/turtlesim/turtlesim/srv/detail/kill__functions.c
[12.732s] -- Installing: /home/drail/ros2_ws/install/turtlesim/include/turtlesim/turtlesim/srv/detail/kill__struct.h
[12.732s] -- Installing: /home/drail/ros2_ws/install/turtlesim/include/turtlesim/turtlesim/srv/detail/teleport_absolute__type_support.h
[12.732s] -- Installing: /home/drail/ros2_ws/install/turtlesim/include/turtlesim/turtlesim/srv/detail/set_pen__functions.c
[12.732s] -- Installing: /home/drail/ros2_ws/install/turtlesim/include/turtlesim/turtlesim/srv/detail/spawn__functions.c
[12.732s] -- Installing: /home/drail/ros2_ws/install/turtlesim/include/turtlesim/turtlesim/srv/detail/spawn__functions.h
[12.732s] -- Installing: /home/drail/ros2_ws/install/turtlesim/include/turtlesim/turtlesim/srv/detail/set_pen__type_support.h
[12.733s] -- Installing: /home/drail/ros2_ws/install/turtlesim/include/turtlesim/turtlesim/srv/detail/spawn__type_support.h
[12.733s] -- Installing: /home/drail/ros2_ws/install/turtlesim/include/turtlesim/turtlesim/srv/detail/teleport_relative__type_support.h
[12.733s] -- Installing: /home/drail/ros2_ws/install/turtlesim/include/turtlesim/turtlesim/srv/detail/teleport_relative__functions.h
[12.733s] -- Installing: /home/drail/ros2_ws/install/turtlesim/include/turtlesim/turtlesim/srv/detail/set_pen__struct.h
[12.733s] -- Installing: /home/drail/ros2_ws/install/turtlesim/include/turtlesim/turtlesim/srv/teleport_absolute.h
[12.733s] -- Installing: /home/drail/ros2_ws/install/turtlesim/include/turtlesim/turtlesim/srv/teleport_relative.h
[12.734s] -- Installing: /home/drail/ros2_ws/install/turtlesim/include/turtlesim/turtlesim/srv/spawn.h
[12.734s] -- Installing: /home/drail/ros2_ws/install/turtlesim/include/turtlesim/turtlesim/action
[12.734s] -- Installing: /home/drail/ros2_ws/install/turtlesim/include/turtlesim/turtlesim/action/rotate_absolute.h
[12.734s] -- Installing: /home/drail/ros2_ws/install/turtlesim/include/turtlesim/turtlesim/action/detail
[12.734s] -- Installing: /home/drail/ros2_ws/install/turtlesim/include/turtlesim/turtlesim/action/detail/rotate_absolute__functions.h
[12.734s] -- Installing: /home/drail/ros2_ws/install/turtlesim/include/turtlesim/turtlesim/action/detail/rotate_absolute__type_support.h
[12.734s] -- Installing: /home/drail/ros2_ws/install/turtlesim/include/turtlesim/turtlesim/action/detail/rotate_absolute__functions.c
[12.735s] -- Installing: /home/drail/ros2_ws/install/turtlesim/include/turtlesim/turtlesim/action/detail/rotate_absolute__struct.h
[12.735s] -- Installing: /home/drail/ros2_ws/install/turtlesim/include/turtlesim/turtlesim/msg
[12.735s] -- Installing: /home/drail/ros2_ws/install/turtlesim/include/turtlesim/turtlesim/msg/detail
[12.735s] -- Installing: /home/drail/ros2_ws/install/turtlesim/include/turtlesim/turtlesim/msg/detail/color__functions.c
[12.735s] -- Installing: /home/drail/ros2_ws/install/turtlesim/include/turtlesim/turtlesim/msg/detail/pose__functions.h
[12.735s] -- Installing: /home/drail/ros2_ws/install/turtlesim/include/turtlesim/turtlesim/msg/detail/color__type_support.h
[12.736s] -- Installing: /home/drail/ros2_ws/install/turtlesim/include/turtlesim/turtlesim/msg/detail/pose__type_support.h
[12.736s] -- Installing: /home/drail/ros2_ws/install/turtlesim/include/turtlesim/turtlesim/msg/detail/pose__functions.c
[12.736s] -- Installing: /home/drail/ros2_ws/install/turtlesim/include/turtlesim/turtlesim/msg/detail/pose__struct.h
[12.736s] -- Installing: /home/drail/ros2_ws/install/turtlesim/include/turtlesim/turtlesim/msg/detail/color__functions.h
[12.736s] -- Installing: /home/drail/ros2_ws/install/turtlesim/include/turtlesim/turtlesim/msg/detail/color__struct.h
[12.736s] -- Installing: /home/drail/ros2_ws/install/turtlesim/include/turtlesim/turtlesim/msg/rosidl_generator_c__visibility_control.h
[12.736s] -- Installing: /home/drail/ros2_ws/install/turtlesim/include/turtlesim/turtlesim/msg/color.h
[12.737s] -- Installing: /home/drail/ros2_ws/install/turtlesim/include/turtlesim/turtlesim/msg/pose.h
[12.737s] -- Installing: /home/drail/ros2_ws/install/turtlesim/share/turtlesim/environment/library_path.sh
[12.737s] -- Installing: /home/drail/ros2_ws/install/turtlesim/share/turtlesim/environment/library_path.dsv
[12.737s] -- Installing: /home/drail/ros2_ws/install/turtlesim/lib/libturtlesim__rosidl_generator_c.so
[12.738s] -- Set runtime path of "/home/drail/ros2_ws/install/turtlesim/lib/libturtlesim__rosidl_generator_c.so" to ""
[12.738s] -- Up-to-date: /home/drail/ros2_ws/install/turtlesim/include/turtlesim/turtlesim
[12.738s] -- Up-to-date: /home/drail/ros2_ws/install/turtlesim/include/turtlesim/turtlesim/srv
[12.738s] -- Up-to-date: /home/drail/ros2_ws/install/turtlesim/include/turtlesim/turtlesim/srv/detail
[12.738s] -- Installing: /home/drail/ros2_ws/install/turtlesim/include/turtlesim/turtlesim/srv/detail/teleport_absolute__rosidl_typesupport_fastrtps_c.h
[12.738s] -- Installing: /home/drail/ros2_ws/install/turtlesim/include/turtlesim/turtlesim/srv/detail/kill__rosidl_typesupport_fastrtps_c.h
[12.738s] -- Installing: /home/drail/ros2_ws/install/turtlesim/include/turtlesim/turtlesim/srv/detail/spawn__rosidl_typesupport_fastrtps_c.h
[12.738s] -- Installing: /home/drail/ros2_ws/install/turtlesim/include/turtlesim/turtlesim/srv/detail/teleport_relative__rosidl_typesupport_fastrtps_c.h
[12.738s] -- Installing: /home/drail/ros2_ws/install/turtlesim/include/turtlesim/turtlesim/srv/detail/set_pen__rosidl_typesupport_fastrtps_c.h
[12.738s] -- Up-to-date: /home/drail/ros2_ws/install/turtlesim/include/turtlesim/turtlesim/action
[12.739s] -- Up-to-date: /home/drail/ros2_ws/install/turtlesim/include/turtlesim/turtlesim/action/detail
[12.739s] -- Installing: /home/drail/ros2_ws/install/turtlesim/include/turtlesim/turtlesim/action/detail/rotate_absolute__rosidl_typesupport_fastrtps_c.h
[12.739s] -- Up-to-date: /home/drail/ros2_ws/install/turtlesim/include/turtlesim/turtlesim/msg
[12.739s] -- Up-to-date: /home/drail/ros2_ws/install/turtlesim/include/turtlesim/turtlesim/msg/detail
[12.739s] -- Installing: /home/drail/ros2_ws/install/turtlesim/include/turtlesim/turtlesim/msg/detail/color__rosidl_typesupport_fastrtps_c.h
[12.739s] -- Installing: /home/drail/ros2_ws/install/turtlesim/include/turtlesim/turtlesim/msg/detail/pose__rosidl_typesupport_fastrtps_c.h
[12.739s] -- Installing: /home/drail/ros2_ws/install/turtlesim/include/turtlesim/turtlesim/msg/rosidl_typesupport_fastrtps_c__visibility_control.h
[12.739s] -- Installing: /home/drail/ros2_ws/install/turtlesim/lib/libturtlesim__rosidl_typesupport_fastrtps_c.so
[12.739s] -- Set runtime path of "/home/drail/ros2_ws/install/turtlesim/lib/libturtlesim__rosidl_typesupport_fastrtps_c.so" to ""
[12.739s] -- Up-to-date: /home/drail/ros2_ws/install/turtlesim/include/turtlesim/turtlesim
[12.739s] -- Up-to-date: /home/drail/ros2_ws/install/turtlesim/include/turtlesim/turtlesim/srv
[12.739s] -- Installing: /home/drail/ros2_ws/install/turtlesim/include/turtlesim/turtlesim/srv/teleport_absolute.hpp
[12.739s] -- Up-to-date: /home/drail/ros2_ws/install/turtlesim/include/turtlesim/turtlesim/srv/detail
[12.739s] -- Installing: /home/drail/ros2_ws/install/turtlesim/include/turtlesim/turtlesim/srv/detail/spawn__struct.hpp
[12.740s] -- Installing: /home/drail/ros2_ws/install/turtlesim/include/turtlesim/turtlesim/srv/detail/teleport_relative__builder.hpp
[12.740s] -- Installing: /home/drail/ros2_ws/install/turtlesim/include/turtlesim/turtlesim/srv/detail/teleport_absolute__type_support.hpp
[12.740s] -- Installing: /home/drail/ros2_ws/install/turtlesim/include/turtlesim/turtlesim/srv/detail/kill__struct.hpp
[12.740s] -- Installing: /home/drail/ros2_ws/install/turtlesim/include/turtlesim/turtlesim/srv/detail/set_pen__struct.hpp
[12.740s] -- Installing: /home/drail/ros2_ws/install/turtlesim/include/turtlesim/turtlesim/srv/detail/spawn__builder.hpp
[12.740s] -- Installing: /home/drail/ros2_ws/install/turtlesim/include/turtlesim/turtlesim/srv/detail/teleport_absolute__builder.hpp
[12.740s] -- Installing: /home/drail/ros2_ws/install/turtlesim/include/turtlesim/turtlesim/srv/detail/spawn__traits.hpp
[12.740s] -- Installing: /home/drail/ros2_ws/install/turtlesim/include/turtlesim/turtlesim/srv/detail/teleport_relative__traits.hpp
[12.740s] -- Installing: /home/drail/ros2_ws/install/turtlesim/include/turtlesim/turtlesim/srv/detail/kill__type_support.hpp
[12.740s] -- Installing: /home/drail/ros2_ws/install/turtlesim/include/turtlesim/turtlesim/srv/detail/kill__traits.hpp
[12.740s] -- Installing: /home/drail/ros2_ws/install/turtlesim/include/turtlesim/turtlesim/srv/detail/kill__builder.hpp
[12.741s] -- Installing: /home/drail/ros2_ws/install/turtlesim/include/turtlesim/turtlesim/srv/detail/teleport_absolute__traits.hpp
[12.741s] -- Installing: /home/drail/ros2_ws/install/turtlesim/include/turtlesim/turtlesim/srv/detail/teleport_relative__type_support.hpp
[12.741s] -- Installing: /home/drail/ros2_ws/install/turtlesim/include/turtlesim/turtlesim/srv/detail/spawn__type_support.hpp
[12.741s] -- Installing: /home/drail/ros2_ws/install/turtlesim/include/turtlesim/turtlesim/srv/detail/set_pen__builder.hpp
[12.741s] -- Installing: /home/drail/ros2_ws/install/turtlesim/include/turtlesim/turtlesim/srv/detail/teleport_relative__struct.hpp
[12.741s] -- Installing: /home/drail/ros2_ws/install/turtlesim/include/turtlesim/turtlesim/srv/detail/set_pen__traits.hpp
[12.741s] -- Installing: /home/drail/ros2_ws/install/turtlesim/include/turtlesim/turtlesim/srv/detail/teleport_absolute__struct.hpp
[12.741s] -- Installing: /home/drail/ros2_ws/install/turtlesim/include/turtlesim/turtlesim/srv/detail/set_pen__type_support.hpp
[12.741s] -- Installing: /home/drail/ros2_ws/install/turtlesim/include/turtlesim/turtlesim/srv/teleport_relative.hpp
[12.741s] -- Installing: /home/drail/ros2_ws/install/turtlesim/include/turtlesim/turtlesim/srv/kill.hpp
[12.741s] -- Installing: /home/drail/ros2_ws/install/turtlesim/include/turtlesim/turtlesim/srv/set_pen.hpp
[12.742s] -- Installing: /home/drail/ros2_ws/install/turtlesim/include/turtlesim/turtlesim/srv/spawn.hpp
[12.742s] -- Up-to-date: /home/drail/ros2_ws/install/turtlesim/include/turtlesim/turtlesim/action
[12.742s] -- Up-to-date: /home/drail/ros2_ws/install/turtlesim/include/turtlesim/turtlesim/action/detail
[12.742s] -- Installing: /home/drail/ros2_ws/install/turtlesim/include/turtlesim/turtlesim/action/detail/rotate_absolute__struct.hpp
[12.742s] -- Installing: /home/drail/ros2_ws/install/turtlesim/include/turtlesim/turtlesim/action/detail/rotate_absolute__builder.hpp
[12.742s] -- Installing: /home/drail/ros2_ws/install/turtlesim/include/turtlesim/turtlesim/action/detail/rotate_absolute__type_support.hpp
[12.742s] -- Installing: /home/drail/ros2_ws/install/turtlesim/include/turtlesim/turtlesim/action/detail/rotate_absolute__traits.hpp
[12.742s] -- Installing: /home/drail/ros2_ws/install/turtlesim/include/turtlesim/turtlesim/action/rotate_absolute.hpp
[12.742s] -- Up-to-date: /home/drail/ros2_ws/install/turtlesim/include/turtlesim/turtlesim/msg
[12.742s] -- Up-to-date: /home/drail/ros2_ws/install/turtlesim/include/turtlesim/turtlesim/msg/detail
[12.742s] -- Installing: /home/drail/ros2_ws/install/turtlesim/include/turtlesim/turtlesim/msg/detail/pose__traits.hpp
[12.742s] -- Installing: /home/drail/ros2_ws/install/turtlesim/include/turtlesim/turtlesim/msg/detail/pose__struct.hpp
[12.742s] -- Installing: /home/drail/ros2_ws/install/turtlesim/include/turtlesim/turtlesim/msg/detail/pose__type_support.hpp
[12.743s] -- Installing: /home/drail/ros2_ws/install/turtlesim/include/turtlesim/turtlesim/msg/detail/color__traits.hpp
[12.743s] -- Installing: /home/drail/ros2_ws/install/turtlesim/include/turtlesim/turtlesim/msg/detail/color__builder.hpp
[12.743s] -- Installing: /home/drail/ros2_ws/install/turtlesim/include/turtlesim/turtlesim/msg/detail/color__type_support.hpp
[12.743s] -- Installing: /home/drail/ros2_ws/install/turtlesim/include/turtlesim/turtlesim/msg/detail/pose__builder.hpp
[12.743s] -- Installing: /home/drail/ros2_ws/install/turtlesim/include/turtlesim/turtlesim/msg/detail/color__struct.hpp
[12.743s] -- Installing: /home/drail/ros2_ws/install/turtlesim/include/turtlesim/turtlesim/msg/rosidl_generator_cpp__visibility_control.hpp
[12.743s] -- Installing: /home/drail/ros2_ws/install/turtlesim/include/turtlesim/turtlesim/msg/pose.hpp
[12.743s] -- Installing: /home/drail/ros2_ws/install/turtlesim/include/turtlesim/turtlesim/msg/color.hpp
[12.743s] -- Up-to-date: /home/drail/ros2_ws/install/turtlesim/include/turtlesim/turtlesim
[12.743s] -- Up-to-date: /home/drail/ros2_ws/install/turtlesim/include/turtlesim/turtlesim/srv
[12.743s] -- Up-to-date: /home/drail/ros2_ws/install/turtlesim/include/turtlesim/turtlesim/srv/detail
[12.743s] -- Installing: /home/drail/ros2_ws/install/turtlesim/include/turtlesim/turtlesim/srv/detail/set_pen__rosidl_typesupport_fastrtps_cpp.hpp
[12.744s] -- Installing: /home/drail/ros2_ws/install/turtlesim/include/turtlesim/turtlesim/srv/detail/teleport_relative__rosidl_typesupport_fastrtps_cpp.hpp
[12.744s] -- Installing: /home/drail/ros2_ws/install/turtlesim/include/turtlesim/turtlesim/srv/detail/spawn__rosidl_typesupport_fastrtps_cpp.hpp
[12.744s] -- Installing: /home/drail/ros2_ws/install/turtlesim/include/turtlesim/turtlesim/srv/detail/kill__rosidl_typesupport_fastrtps_cpp.hpp
[12.744s] -- Installing: /home/drail/ros2_ws/install/turtlesim/include/turtlesim/turtlesim/srv/detail/dds_fastrtps
[12.744s] -- Installing: /home/drail/ros2_ws/install/turtlesim/include/turtlesim/turtlesim/srv/detail/teleport_absolute__rosidl_typesupport_fastrtps_cpp.hpp
[12.744s] -- Up-to-date: /home/drail/ros2_ws/install/turtlesim/include/turtlesim/turtlesim/action
[12.744s] -- Up-to-date: /home/drail/ros2_ws/install/turtlesim/include/turtlesim/turtlesim/action/detail
[12.744s] -- Installing: /home/drail/ros2_ws/install/turtlesim/include/turtlesim/turtlesim/action/detail/rotate_absolute__rosidl_typesupport_fastrtps_cpp.hpp
[12.744s] -- Installing: /home/drail/ros2_ws/install/turtlesim/include/turtlesim/turtlesim/action/detail/dds_fastrtps
[12.744s] -- Up-to-date: /home/drail/ros2_ws/install/turtlesim/include/turtlesim/turtlesim/msg
[12.744s] -- Installing: /home/drail/ros2_ws/install/turtlesim/include/turtlesim/turtlesim/msg/rosidl_typesupport_fastrtps_cpp__visibility_control.h
[12.744s] -- Up-to-date: /home/drail/ros2_ws/install/turtlesim/include/turtlesim/turtlesim/msg/detail
[12.744s] -- Installing: /home/drail/ros2_ws/install/turtlesim/include/turtlesim/turtlesim/msg/detail/pose__rosidl_typesupport_fastrtps_cpp.hpp
[12.744s] -- Installing: /home/drail/ros2_ws/install/turtlesim/include/turtlesim/turtlesim/msg/detail/color__rosidl_typesupport_fastrtps_cpp.hpp
[12.745s] -- Installing: /home/drail/ros2_ws/install/turtlesim/include/turtlesim/turtlesim/msg/detail/dds_fastrtps
[12.745s] -- Installing: /home/drail/ros2_ws/install/turtlesim/lib/libturtlesim__rosidl_typesupport_fastrtps_cpp.so
[12.745s] -- Set runtime path of "/home/drail/ros2_ws/install/turtlesim/lib/libturtlesim__rosidl_typesupport_fastrtps_cpp.so" to ""
[12.745s] -- Up-to-date: /home/drail/ros2_ws/install/turtlesim/include/turtlesim/turtlesim
[12.745s] -- Up-to-date: /home/drail/ros2_ws/install/turtlesim/include/turtlesim/turtlesim/srv
[12.745s] -- Up-to-date: /home/drail/ros2_ws/install/turtlesim/include/turtlesim/turtlesim/srv/detail
[12.745s] -- Installing: /home/drail/ros2_ws/install/turtlesim/include/turtlesim/turtlesim/srv/detail/set_pen__type_support.c
[12.745s] -- Installing: /home/drail/ros2_ws/install/turtlesim/include/turtlesim/turtlesim/srv/detail/kill__rosidl_typesupport_introspection_c.h
[12.745s] -- Installing: /home/drail/ros2_ws/install/turtlesim/include/turtlesim/turtlesim/srv/detail/teleport_absolute__rosidl_typesupport_introspection_c.h
[12.745s] -- Installing: /home/drail/ros2_ws/install/turtlesim/include/turtlesim/turtlesim/srv/detail/kill__type_support.c
[12.745s] -- Installing: /home/drail/ros2_ws/install/turtlesim/include/turtlesim/turtlesim/srv/detail/teleport_relative__type_support.c
[12.746s] -- Installing: /home/drail/ros2_ws/install/turtlesim/include/turtlesim/turtlesim/srv/detail/teleport_relative__rosidl_typesupport_introspection_c.h
[12.746s] -- Installing: /home/drail/ros2_ws/install/turtlesim/include/turtlesim/turtlesim/srv/detail/teleport_absolute__type_support.c
[12.746s] -- Installing: /home/drail/ros2_ws/install/turtlesim/include/turtlesim/turtlesim/srv/detail/spawn__type_support.c
[12.746s] -- Installing: /home/drail/ros2_ws/install/turtlesim/include/turtlesim/turtlesim/srv/detail/spawn__rosidl_typesupport_introspection_c.h
[12.746s] -- Installing: /home/drail/ros2_ws/install/turtlesim/include/turtlesim/turtlesim/srv/detail/set_pen__rosidl_typesupport_introspection_c.h
[12.746s] -- Up-to-date: /home/drail/ros2_ws/install/turtlesim/include/turtlesim/turtlesim/action
[12.746s] -- Up-to-date: /home/drail/ros2_ws/install/turtlesim/include/turtlesim/turtlesim/action/detail
[12.746s] -- Installing: /home/drail/ros2_ws/install/turtlesim/include/turtlesim/turtlesim/action/detail/rotate_absolute__rosidl_typesupport_introspection_c.h
[12.746s] -- Installing: /home/drail/ros2_ws/install/turtlesim/include/turtlesim/turtlesim/action/detail/rotate_absolute__type_support.c
[12.746s] -- Up-to-date: /home/drail/ros2_ws/install/turtlesim/include/turtlesim/turtlesim/msg
[12.746s] -- Installing: /home/drail/ros2_ws/install/turtlesim/include/turtlesim/turtlesim/msg/rosidl_typesupport_introspection_c__visibility_control.h
[12.746s] -- Up-to-date: /home/drail/ros2_ws/install/turtlesim/include/turtlesim/turtlesim/msg/detail
[12.747s] -- Installing: /home/drail/ros2_ws/install/turtlesim/include/turtlesim/turtlesim/msg/detail/color__rosidl_typesupport_introspection_c.h
[12.747s] -- Installing: /home/drail/ros2_ws/install/turtlesim/include/turtlesim/turtlesim/msg/detail/pose__rosidl_typesupport_introspection_c.h
[12.747s] -- Installing: /home/drail/ros2_ws/install/turtlesim/include/turtlesim/turtlesim/msg/detail/pose__type_support.c
[12.747s] -- Installing: /home/drail/ros2_ws/install/turtlesim/include/turtlesim/turtlesim/msg/detail/color__type_support.c
[12.747s] -- Installing: /home/drail/ros2_ws/install/turtlesim/lib/libturtlesim__rosidl_typesupport_introspection_c.so
[12.747s] -- Set runtime path of "/home/drail/ros2_ws/install/turtlesim/lib/libturtlesim__rosidl_typesupport_introspection_c.so" to ""
[12.747s] -- Installing: /home/drail/ros2_ws/install/turtlesim/lib/libturtlesim__rosidl_typesupport_c.so
[12.747s] -- Set runtime path of "/home/drail/ros2_ws/install/turtlesim/lib/libturtlesim__rosidl_typesupport_c.so" to ""
[12.748s] -- Up-to-date: /home/drail/ros2_ws/install/turtlesim/include/turtlesim/turtlesim
[12.748s] -- Up-to-date: /home/drail/ros2_ws/install/turtlesim/include/turtlesim/turtlesim/srv
[12.748s] -- Up-to-date: /home/drail/ros2_ws/install/turtlesim/include/turtlesim/turtlesim/srv/detail
[12.748s] -- Installing: /home/drail/ros2_ws/install/turtlesim/include/turtlesim/turtlesim/srv/detail/set_pen__type_support.cpp
[12.748s] -- Installing: /home/drail/ros2_ws/install/turtlesim/include/turtlesim/turtlesim/srv/detail/spawn__type_support.cpp
[12.748s] -- Installing: /home/drail/ros2_ws/install/turtlesim/include/turtlesim/turtlesim/srv/detail/teleport_absolute__rosidl_typesupport_introspection_cpp.hpp
[12.748s] -- Installing: /home/drail/ros2_ws/install/turtlesim/include/turtlesim/turtlesim/srv/detail/teleport_relative__type_support.cpp
[12.748s] -- Installing: /home/drail/ros2_ws/install/turtlesim/include/turtlesim/turtlesim/srv/detail/spawn__rosidl_typesupport_introspection_cpp.hpp
[12.748s] -- Installing: /home/drail/ros2_ws/install/turtlesim/include/turtlesim/turtlesim/srv/detail/set_pen__rosidl_typesupport_introspection_cpp.hpp
[12.748s] -- Installing: /home/drail/ros2_ws/install/turtlesim/include/turtlesim/turtlesim/srv/detail/teleport_absolute__type_support.cpp
[12.748s] -- Installing: /home/drail/ros2_ws/install/turtlesim/include/turtlesim/turtlesim/srv/detail/kill__type_support.cpp
[12.748s] -- Installing: /home/drail/ros2_ws/install/turtlesim/include/turtlesim/turtlesim/srv/detail/teleport_relative__rosidl_typesupport_introspection_cpp.hpp
[12.749s] -- Installing: /home/drail/ros2_ws/install/turtlesim/include/turtlesim/turtlesim/srv/detail/kill__rosidl_typesupport_introspection_cpp.hpp
[12.749s] -- Up-to-date: /home/drail/ros2_ws/install/turtlesim/include/turtlesim/turtlesim/action
[12.749s] -- Up-to-date: /home/drail/ros2_ws/install/turtlesim/include/turtlesim/turtlesim/action/detail
[12.749s] -- Installing: /home/drail/ros2_ws/install/turtlesim/include/turtlesim/turtlesim/action/detail/rotate_absolute__type_support.cpp
[12.749s] -- Installing: /home/drail/ros2_ws/install/turtlesim/include/turtlesim/turtlesim/action/detail/rotate_absolute__rosidl_typesupport_introspection_cpp.hpp
[12.749s] -- Up-to-date: /home/drail/ros2_ws/install/turtlesim/include/turtlesim/turtlesim/msg
[12.749s] -- Up-to-date: /home/drail/ros2_ws/install/turtlesim/include/turtlesim/turtlesim/msg/detail
[12.749s] -- Installing: /home/drail/ros2_ws/install/turtlesim/include/turtlesim/turtlesim/msg/detail/color__type_support.cpp
[12.749s] -- Installing: /home/drail/ros2_ws/install/turtlesim/include/turtlesim/turtlesim/msg/detail/pose__rosidl_typesupport_introspection_cpp.hpp
[12.749s] -- Installing: /home/drail/ros2_ws/install/turtlesim/include/turtlesim/turtlesim/msg/detail/pose__type_support.cpp
[12.749s] -- Installing: /home/drail/ros2_ws/install/turtlesim/include/turtlesim/turtlesim/msg/detail/color__rosidl_typesupport_introspection_cpp.hpp
[12.749s] -- Installing: /home/drail/ros2_ws/install/turtlesim/lib/libturtlesim__rosidl_typesupport_introspection_cpp.so
[12.750s] -- Set runtime path of "/home/drail/ros2_ws/install/turtlesim/lib/libturtlesim__rosidl_typesupport_introspection_cpp.so" to ""
[12.750s] -- Installing: /home/drail/ros2_ws/install/turtlesim/lib/libturtlesim__rosidl_typesupport_cpp.so
[12.750s] -- Set runtime path of "/home/drail/ros2_ws/install/turtlesim/lib/libturtlesim__rosidl_typesupport_cpp.so" to ""
[12.750s] -- Installing: /home/drail/ros2_ws/install/turtlesim/share/turtlesim/environment/pythonpath.sh
[12.750s] -- Installing: /home/drail/ros2_ws/install/turtlesim/share/turtlesim/environment/pythonpath.dsv
[12.750s] -- Installing: /home/drail/ros2_ws/install/turtlesim/local/lib/python3.10/dist-packages/turtlesim-1.4.3-py3.10.egg-info
[12.750s] -- Installing: /home/drail/ros2_ws/install/turtlesim/local/lib/python3.10/dist-packages/turtlesim-1.4.3-py3.10.egg-info/top_level.txt
[12.750s] -- Installing: /home/drail/ros2_ws/install/turtlesim/local/lib/python3.10/dist-packages/turtlesim-1.4.3-py3.10.egg-info/PKG-INFO
[12.751s] -- Installing: /home/drail/ros2_ws/install/turtlesim/local/lib/python3.10/dist-packages/turtlesim-1.4.3-py3.10.egg-info/SOURCES.txt
[12.751s] -- Installing: /home/drail/ros2_ws/install/turtlesim/local/lib/python3.10/dist-packages/turtlesim-1.4.3-py3.10.egg-info/dependency_links.txt
[12.751s] -- Installing: /home/drail/ros2_ws/install/turtlesim/local/lib/python3.10/dist-packages/turtlesim
[12.751s] -- Installing: /home/drail/ros2_ws/install/turtlesim/local/lib/python3.10/dist-packages/turtlesim/turtlesim_s__rosidl_typesupport_introspection_c.cpython-310-x86_64-linux-gnu.so
[12.751s] -- Installing: /home/drail/ros2_ws/install/turtlesim/local/lib/python3.10/dist-packages/turtlesim/_turtlesim_s.ep.rosidl_typesupport_introspection_c.c
[12.751s] -- Installing: /home/drail/ros2_ws/install/turtlesim/local/lib/python3.10/dist-packages/turtlesim/libturtlesim__rosidl_generator_py.so
[12.751s] -- Installing: /home/drail/ros2_ws/install/turtlesim/local/lib/python3.10/dist-packages/turtlesim/turtlesim_s__rosidl_typesupport_c.cpython-310-x86_64-linux-gnu.so
[12.751s] -- Installing: /home/drail/ros2_ws/install/turtlesim/local/lib/python3.10/dist-packages/turtlesim/turtlesim_s__rosidl_typesupport_fastrtps_c.cpython-310-x86_64-linux-gnu.so
[12.752s] -- Installing: /home/drail/ros2_ws/install/turtlesim/local/lib/python3.10/dist-packages/turtlesim/_turtlesim_s.ep.rosidl_typesupport_c.c
[12.752s] -- Installing: /home/drail/ros2_ws/install/turtlesim/local/lib/python3.10/dist-packages/turtlesim/srv
[12.752s] -- Installing: /home/drail/ros2_ws/install/turtlesim/local/lib/python3.10/dist-packages/turtlesim/srv/_set_pen_s.c
[12.752s] -- Installing: /home/drail/ros2_ws/install/turtlesim/local/lib/python3.10/dist-packages/turtlesim/srv/_teleport_relative.py
[12.752s] -- Installing: /home/drail/ros2_ws/install/turtlesim/local/lib/python3.10/dist-packages/turtlesim/srv/_spawn_s.c
[12.752s] -- Installing: /home/drail/ros2_ws/install/turtlesim/local/lib/python3.10/dist-packages/turtlesim/srv/_teleport_relative_s.c
[12.752s] -- Installing: /home/drail/ros2_ws/install/turtlesim/local/lib/python3.10/dist-packages/turtlesim/srv/_kill.py
[12.752s] -- Installing: /home/drail/ros2_ws/install/turtlesim/local/lib/python3.10/dist-packages/turtlesim/srv/_set_pen.py
[12.752s] -- Installing: /home/drail/ros2_ws/install/turtlesim/local/lib/python3.10/dist-packages/turtlesim/srv/_spawn.py
[12.753s] -- Installing: /home/drail/ros2_ws/install/turtlesim/local/lib/python3.10/dist-packages/turtlesim/srv/_teleport_absolute_s.c
[12.753s] -- Installing: /home/drail/ros2_ws/install/turtlesim/local/lib/python3.10/dist-packages/turtlesim/srv/_teleport_absolute.py
[12.753s] -- Installing: /home/drail/ros2_ws/install/turtlesim/local/lib/python3.10/dist-packages/turtlesim/srv/__init__.py
[12.753s] -- Installing: /home/drail/ros2_ws/install/turtlesim/local/lib/python3.10/dist-packages/turtlesim/srv/_kill_s.c
[12.753s] -- Installing: /home/drail/ros2_ws/install/turtlesim/local/lib/python3.10/dist-packages/turtlesim/__init__.py
[12.753s] -- Installing: /home/drail/ros2_ws/install/turtlesim/local/lib/python3.10/dist-packages/turtlesim/action
[12.753s] -- Installing: /home/drail/ros2_ws/install/turtlesim/local/lib/python3.10/dist-packages/turtlesim/action/_rotate_absolute_s.c
[12.753s] -- Installing: /home/drail/ros2_ws/install/turtlesim/local/lib/python3.10/dist-packages/turtlesim/action/__init__.py
[12.753s] -- Installing: /home/drail/ros2_ws/install/turtlesim/local/lib/python3.10/dist-packages/turtlesim/action/_rotate_absolute.py
[12.753s] -- Installing: /home/drail/ros2_ws/install/turtlesim/local/lib/python3.10/dist-packages/turtlesim/_turtlesim_s.ep.rosidl_typesupport_fastrtps_c.c
[12.754s] -- Installing: /home/drail/ros2_ws/install/turtlesim/local/lib/python3.10/dist-packages/turtlesim/msg
[12.754s] -- Installing: /home/drail/ros2_ws/install/turtlesim/local/lib/python3.10/dist-packages/turtlesim/msg/_pose.py
[12.754s] -- Installing: /home/drail/ros2_ws/install/turtlesim/local/lib/python3.10/dist-packages/turtlesim/msg/_color.py
[12.754s] -- Installing: /home/drail/ros2_ws/install/turtlesim/local/lib/python3.10/dist-packages/turtlesim/msg/_pose_s.c
[12.754s] -- Installing: /home/drail/ros2_ws/install/turtlesim/local/lib/python3.10/dist-packages/turtlesim/msg/_color_s.c
[12.754s] -- Installing: /home/drail/ros2_ws/install/turtlesim/local/lib/python3.10/dist-packages/turtlesim/msg/__init__.py
[12.794s] Listing '/home/drail/ros2_ws/install/turtlesim/local/lib/python3.10/dist-packages/turtlesim'...
[12.794s] Compiling '/home/drail/ros2_ws/install/turtlesim/local/lib/python3.10/dist-packages/turtlesim/__init__.py'...
[12.794s] Listing '/home/drail/ros2_ws/install/turtlesim/local/lib/python3.10/dist-packages/turtlesim/action'...
[12.794s] Compiling '/home/drail/ros2_ws/install/turtlesim/local/lib/python3.10/dist-packages/turtlesim/action/__init__.py'...
[12.794s] Compiling '/home/drail/ros2_ws/install/turtlesim/local/lib/python3.10/dist-packages/turtlesim/action/_rotate_absolute.py'...
[12.794s] Listing '/home/drail/ros2_ws/install/turtlesim/local/lib/python3.10/dist-packages/turtlesim/msg'...
[12.794s] Compiling '/home/drail/ros2_ws/install/turtlesim/local/lib/python3.10/dist-packages/turtlesim/msg/__init__.py'...
[12.794s] Compiling '/home/drail/ros2_ws/install/turtlesim/local/lib/python3.10/dist-packages/turtlesim/msg/_color.py'...
[12.794s] Compiling '/home/drail/ros2_ws/install/turtlesim/local/lib/python3.10/dist-packages/turtlesim/msg/_pose.py'...
[12.794s] Listing '/home/drail/ros2_ws/install/turtlesim/local/lib/python3.10/dist-packages/turtlesim/srv'...
[12.794s] Compiling '/home/drail/ros2_ws/install/turtlesim/local/lib/python3.10/dist-packages/turtlesim/srv/__init__.py'...
[12.794s] Compiling '/home/drail/ros2_ws/install/turtlesim/local/lib/python3.10/dist-packages/turtlesim/srv/_kill.py'...
[12.794s] Compiling '/home/drail/ros2_ws/install/turtlesim/local/lib/python3.10/dist-packages/turtlesim/srv/_set_pen.py'...
[12.794s] Compiling '/home/drail/ros2_ws/install/turtlesim/local/lib/python3.10/dist-packages/turtlesim/srv/_spawn.py'...
[12.794s] Compiling '/home/drail/ros2_ws/install/turtlesim/local/lib/python3.10/dist-packages/turtlesim/srv/_teleport_absolute.py'...
[12.794s] Compiling '/home/drail/ros2_ws/install/turtlesim/local/lib/python3.10/dist-packages/turtlesim/srv/_teleport_relative.py'...
[12.797s] -- Installing: /home/drail/ros2_ws/install/turtlesim/local/lib/python3.10/dist-packages/turtlesim/turtlesim_s__rosidl_typesupport_fastrtps_c.cpython-310-x86_64-linux-gnu.so
[12.797s] -- Set runtime path of "/home/drail/ros2_ws/install/turtlesim/local/lib/python3.10/dist-packages/turtlesim/turtlesim_s__rosidl_typesupport_fastrtps_c.cpython-310-x86_64-linux-gnu.so" to ""
[12.797s] -- Installing: /home/drail/ros2_ws/install/turtlesim/local/lib/python3.10/dist-packages/turtlesim/turtlesim_s__rosidl_typesupport_introspection_c.cpython-310-x86_64-linux-gnu.so
[12.798s] -- Set runtime path of "/home/drail/ros2_ws/install/turtlesim/local/lib/python3.10/dist-packages/turtlesim/turtlesim_s__rosidl_typesupport_introspection_c.cpython-310-x86_64-linux-gnu.so" to ""
[12.798s] -- Installing: /home/drail/ros2_ws/install/turtlesim/local/lib/python3.10/dist-packages/turtlesim/turtlesim_s__rosidl_typesupport_c.cpython-310-x86_64-linux-gnu.so
[12.798s] -- Set runtime path of "/home/drail/ros2_ws/install/turtlesim/local/lib/python3.10/dist-packages/turtlesim/turtlesim_s__rosidl_typesupport_c.cpython-310-x86_64-linux-gnu.so" to ""
[12.798s] -- Installing: /home/drail/ros2_ws/install/turtlesim/lib/libturtlesim__rosidl_generator_py.so
[12.798s] -- Set runtime path of "/home/drail/ros2_ws/install/turtlesim/lib/libturtlesim__rosidl_generator_py.so" to ""
[12.798s] -- Installing: /home/drail/ros2_ws/install/turtlesim/share/turtlesim/action/RotateAbsolute.idl
[12.799s] -- Installing: /home/drail/ros2_ws/install/turtlesim/share/turtlesim/msg/Color.idl
[12.799s] -- Installing: /home/drail/ros2_ws/install/turtlesim/share/turtlesim/msg/Pose.idl
[12.799s] -- Installing: /home/drail/ros2_ws/install/turtlesim/share/turtlesim/srv/Kill.idl
[12.799s] -- Installing: /home/drail/ros2_ws/install/turtlesim/share/turtlesim/srv/SetPen.idl
[12.799s] -- Installing: /home/drail/ros2_ws/install/turtlesim/share/turtlesim/srv/Spawn.idl
[12.799s] -- Installing: /home/drail/ros2_ws/install/turtlesim/share/turtlesim/srv/TeleportAbsolute.idl
[12.799s] -- Installing: /home/drail/ros2_ws/install/turtlesim/share/turtlesim/srv/TeleportRelative.idl
[12.799s] -- Installing: /home/drail/ros2_ws/install/turtlesim/share/turtlesim/action/RotateAbsolute.action
[12.799s] -- Installing: /home/drail/ros2_ws/install/turtlesim/share/turtlesim/msg/Color.msg
[12.800s] -- Installing: /home/drail/ros2_ws/install/turtlesim/share/turtlesim/msg/Pose.msg
[12.800s] -- Installing: /home/drail/ros2_ws/install/turtlesim/share/turtlesim/srv/Kill.srv
[12.800s] -- Installing: /home/drail/ros2_ws/install/turtlesim/share/turtlesim/srv/Kill_Request.msg
[12.800s] -- Installing: /home/drail/ros2_ws/install/turtlesim/share/turtlesim/srv/Kill_Response.msg
[12.800s] -- Installing: /home/drail/ros2_ws/install/turtlesim/share/turtlesim/srv/SetPen.srv
[12.800s] -- Installing: /home/drail/ros2_ws/install/turtlesim/share/turtlesim/srv/SetPen_Request.msg
[12.800s] -- Installing: /home/drail/ros2_ws/install/turtlesim/share/turtlesim/srv/SetPen_Response.msg
[12.800s] -- Installing: /home/drail/ros2_ws/install/turtlesim/share/turtlesim/srv/Spawn.srv
[12.800s] -- Installing: /home/drail/ros2_ws/install/turtlesim/share/turtlesim/srv/Spawn_Request.msg
[12.801s] -- Installing: /home/drail/ros2_ws/install/turtlesim/share/turtlesim/srv/Spawn_Response.msg
[12.801s] -- Installing: /home/drail/ros2_ws/install/turtlesim/share/turtlesim/srv/TeleportAbsolute.srv
[12.801s] -- Installing: /home/drail/ros2_ws/install/turtlesim/share/turtlesim/srv/TeleportAbsolute_Request.msg
[12.801s] -- Installing: /home/drail/ros2_ws/install/turtlesim/share/turtlesim/srv/TeleportAbsolute_Response.msg
[12.801s] -- Installing: /home/drail/ros2_ws/install/turtlesim/share/turtlesim/srv/TeleportRelative.srv
[12.801s] -- Installing: /home/drail/ros2_ws/install/turtlesim/share/turtlesim/srv/TeleportRelative_Request.msg
[12.801s] -- Installing: /home/drail/ros2_ws/install/turtlesim/share/turtlesim/srv/TeleportRelative_Response.msg
[12.801s] -- Installing: /home/drail/ros2_ws/install/turtlesim/lib/turtlesim/turtlesim_node
[12.808s] -- Set runtime path of "/home/drail/ros2_ws/install/turtlesim/lib/turtlesim/turtlesim_node" to ""
[12.808s] -- Installing: /home/drail/ros2_ws/install/turtlesim/lib/turtlesim/turtle_teleop_key
[12.810s] -- Set runtime path of "/home/drail/ros2_ws/install/turtlesim/lib/turtlesim/turtle_teleop_key" to ""
[12.810s] -- Installing: /home/drail/ros2_ws/install/turtlesim/lib/turtlesim/draw_square
[12.813s] -- Set runtime path of "/home/drail/ros2_ws/install/turtlesim/lib/turtlesim/draw_square" to ""
[12.813s] -- Installing: /home/drail/ros2_ws/install/turtlesim/lib/turtlesim/mimic
[12.816s] -- Set runtime path of "/home/drail/ros2_ws/install/turtlesim/lib/turtlesim/mimic" to ""
[12.816s] -- Installing: /home/drail/ros2_ws/install/turtlesim/share/turtlesim/images
[12.816s] -- Installing: /home/drail/ros2_ws/install/turtlesim/share/turtlesim/images/foxy.png
[12.816s] -- Installing: /home/drail/ros2_ws/install/turtlesim/share/turtlesim/images/humble.png
[12.816s] -- Installing: /home/drail/ros2_ws/install/turtlesim/share/turtlesim/images/bouncy.png
[12.816s] -- Installing: /home/drail/ros2_ws/install/turtlesim/share/turtlesim/images/crystal.png
[12.816s] -- Installing: /home/drail/ros2_ws/install/turtlesim/share/turtlesim/images/eloquent.png
[12.817s] -- Installing: /home/drail/ros2_ws/install/turtlesim/share/turtlesim/images/ardent.png
[12.817s] -- Installing: /home/drail/ros2_ws/install/turtlesim/share/turtlesim/images/galactic.png
[12.817s] -- Installing: /home/drail/ros2_ws/install/turtlesim/share/turtlesim/images/dashing.png
[12.817s] -- Installing: /home/drail/ros2_ws/install/turtlesim/share/turtlesim/images/rolling.png
[12.817s] -- Installing: /home/drail/ros2_ws/install/turtlesim/share/turtlesim/launch
[12.817s] -- Installing: /home/drail/ros2_ws/install/turtlesim/share/turtlesim/launch/multisim.launch.py
[12.817s] -- Installing: /home/drail/ros2_ws/install/turtlesim/share/ament_index/resource_index/package_run_dependencies/turtlesim
[12.817s] -- Installing: /home/drail/ros2_ws/install/turtlesim/share/ament_index/resource_index/parent_prefix_path/turtlesim
[12.817s] -- Installing: /home/drail/ros2_ws/install/turtlesim/share/turtlesim/environment/ament_prefix_path.sh
[12.817s] -- Installing: /home/drail/ros2_ws/install/turtlesim/share/turtlesim/environment/ament_prefix_path.dsv
[12.818s] -- Installing: /home/drail/ros2_ws/install/turtlesim/share/turtlesim/environment/path.sh
[12.818s] -- Installing: /home/drail/ros2_ws/install/turtlesim/share/turtlesim/environment/path.dsv
[12.818s] -- Installing: /home/drail/ros2_ws/install/turtlesim/share/turtlesim/local_setup.bash
[12.818s] -- Installing: /home/drail/ros2_ws/install/turtlesim/share/turtlesim/local_setup.sh
[12.818s] -- Installing: /home/drail/ros2_ws/install/turtlesim/share/turtlesim/local_setup.zsh
[12.818s] -- Installing: /home/drail/ros2_ws/install/turtlesim/share/turtlesim/local_setup.dsv
[12.818s] -- Installing: /home/drail/ros2_ws/install/turtlesim/share/turtlesim/package.dsv
[12.818s] -- Installing: /home/drail/ros2_ws/install/turtlesim/share/ament_index/resource_index/packages/turtlesim
[12.819s] -- Installing: /home/drail/ros2_ws/install/turtlesim/share/turtlesim/cmake/export_turtlesim__rosidl_generator_cExport.cmake
[12.819s] -- Installing: /home/drail/ros2_ws/install/turtlesim/share/turtlesim/cmake/export_turtlesim__rosidl_generator_cExport-noconfig.cmake
[12.819s] -- Installing: /home/drail/ros2_ws/install/turtlesim/share/turtlesim/cmake/export_turtlesim__rosidl_typesupport_fastrtps_cExport.cmake
[12.819s] -- Installing: /home/drail/ros2_ws/install/turtlesim/share/turtlesim/cmake/export_turtlesim__rosidl_typesupport_fastrtps_cExport-noconfig.cmake
[12.819s] -- Installing: /home/drail/ros2_ws/install/turtlesim/share/turtlesim/cmake/export_turtlesim__rosidl_generator_cppExport.cmake
[12.819s] -- Installing: /home/drail/ros2_ws/install/turtlesim/share/turtlesim/cmake/export_turtlesim__rosidl_typesupport_fastrtps_cppExport.cmake
[12.819s] -- Installing: /home/drail/ros2_ws/install/turtlesim/share/turtlesim/cmake/export_turtlesim__rosidl_typesupport_fastrtps_cppExport-noconfig.cmake
[12.819s] -- Installing: /home/drail/ros2_ws/install/turtlesim/share/turtlesim/cmake/turtlesim__rosidl_typesupport_introspection_cExport.cmake
[12.820s] -- Installing: /home/drail/ros2_ws/install/turtlesim/share/turtlesim/cmake/turtlesim__rosidl_typesupport_introspection_cExport-noconfig.cmake
[12.820s] -- Installing: /home/drail/ros2_ws/install/turtlesim/share/turtlesim/cmake/turtlesim__rosidl_typesupport_cExport.cmake
[12.820s] -- Installing: /home/drail/ros2_ws/install/turtlesim/share/turtlesim/cmake/turtlesim__rosidl_typesupport_cExport-noconfig.cmake
[12.820s] -- Installing: /home/drail/ros2_ws/install/turtlesim/share/turtlesim/cmake/turtlesim__rosidl_typesupport_introspection_cppExport.cmake
[12.820s] -- Installing: /home/drail/ros2_ws/install/turtlesim/share/turtlesim/cmake/turtlesim__rosidl_typesupport_introspection_cppExport-noconfig.cmake
[12.820s] -- Installing: /home/drail/ros2_ws/install/turtlesim/share/turtlesim/cmake/turtlesim__rosidl_typesupport_cppExport.cmake
[12.820s] -- Installing: /home/drail/ros2_ws/install/turtlesim/share/turtlesim/cmake/turtlesim__rosidl_typesupport_cppExport-noconfig.cmake
[12.820s] -- Installing: /home/drail/ros2_ws/install/turtlesim/share/turtlesim/cmake/export_turtlesim__rosidl_generator_pyExport.cmake
[12.821s] -- Installing: /home/drail/ros2_ws/install/turtlesim/share/turtlesim/cmake/export_turtlesim__rosidl_generator_pyExport-noconfig.cmake
[12.821s] -- Installing: /home/drail/ros2_ws/install/turtlesim/share/turtlesim/cmake/rosidl_cmake-extras.cmake
[12.821s] -- Installing: /home/drail/ros2_ws/install/turtlesim/share/turtlesim/cmake/ament_cmake_export_dependencies-extras.cmake
[12.821s] -- Installing: /home/drail/ros2_ws/install/turtlesim/share/turtlesim/cmake/ament_cmake_export_include_directories-extras.cmake
[12.821s] -- Installing: /home/drail/ros2_ws/install/turtlesim/share/turtlesim/cmake/ament_cmake_export_libraries-extras.cmake
[12.821s] -- Installing: /home/drail/ros2_ws/install/turtlesim/share/turtlesim/cmake/ament_cmake_export_targets-extras.cmake
[12.821s] -- Installing: /home/drail/ros2_ws/install/turtlesim/share/turtlesim/cmake/rosidl_cmake_export_typesupport_targets-extras.cmake
[12.821s] -- Installing: /home/drail/ros2_ws/install/turtlesim/share/turtlesim/cmake/rosidl_cmake_export_typesupport_libraries-extras.cmake
[12.821s] -- Installing: /home/drail/ros2_ws/install/turtlesim/share/turtlesim/cmake/turtlesimConfig.cmake
[12.822s] -- Installing: /home/drail/ros2_ws/install/turtlesim/share/turtlesim/cmake/turtlesimConfig-version.cmake
[12.822s] -- Installing: /home/drail/ros2_ws/install/turtlesim/share/turtlesim/package.xml
[12.824s] Invoked command in '/home/drail/ros2_ws/build/turtlesim' returned '0': CMAKE_PREFIX_PATH=${CMAKE_PREFIX_PATH}:/opt/ros/humble /usr/bin/cmake --install /home/drail/ros2_ws/build/turtlesim
