[0.050s] Invoking command in '/home/drail/ros2_ws/build/panda_ros2_gazebo': CMAKE_PREFIX_PATH=${CMAKE_PREFIX_PATH}:/opt/ros/humble /usr/bin/cmake /home/drail/ros2_ws/src/ros2_RobotSimulation/PandaRobot/panda_ros2_gazebo -DCMAKE_INSTALL_PREFIX=/home/drail/ros2_ws/install/panda_ros2_gazebo
[0.095s] -- The C compiler identification is GNU 11.4.0
[0.140s] -- The CXX compiler identification is GNU 11.4.0
[0.147s] -- Detecting C compiler ABI info
[0.207s] -- Detecting C compiler ABI info - done
[0.214s] -- Check for working C compiler: /usr/bin/cc - skipped
[0.214s] -- Detecting C compile features
[0.214s] -- Detecting C compile features - done
[0.216s] -- Detecting CXX compiler ABI info
[0.283s] -- Detecting CXX compiler ABI info - done
[0.288s] -- Check for working CXX compiler: /usr/bin/c++ - skipped
[0.289s] -- Detecting CXX compile features
[0.289s] -- Detecting CXX compile features - done
[0.291s] -- Found ament_cmake: 1.3.12 (/home/drail/ros2_humble/ros2-linux/share/ament_cmake/cmake)
[0.412s] -- Found Python3: /usr/bin/python3 (found version "3.10.12") found components: Interpreter 
[0.486s] -- Found ament_lint_auto: 0.12.14 (/home/drail/ros2_humble/ros2-linux/share/ament_lint_auto/cmake)
[0.549s] -- Added test 'copyright' to check source files copyright and LICENSE
[0.553s] -- Added test 'flake8' to check Python code syntax and style conventions
[0.553s] -- Added test 'lint_cmake' to check CMake code style
[0.554s] -- Added test 'pep257' to check Python code against some of the docstring style conventions in PEP 257
[0.556s] -- Added test 'xmllint' to check XML markup files
[0.557s] -- Configuring done
[0.559s] -- Generating done
[0.561s] -- Build files have been written to: /home/drail/ros2_ws/build/panda_ros2_gazebo
[0.568s] Invoked command in '/home/drail/ros2_ws/build/panda_ros2_gazebo' returned '0': CMAKE_PREFIX_PATH=${CMAKE_PREFIX_PATH}:/opt/ros/humble /usr/bin/cmake /home/drail/ros2_ws/src/ros2_RobotSimulation/PandaRobot/panda_ros2_gazebo -DCMAKE_INSTALL_PREFIX=/home/drail/ros2_ws/install/panda_ros2_gazebo
[0.570s] Invoking command in '/home/drail/ros2_ws/build/panda_ros2_gazebo': CMAKE_PREFIX_PATH=${CMAKE_PREFIX_PATH}:/opt/ros/humble /usr/bin/cmake --build /home/drail/ros2_ws/build/panda_ros2_gazebo -- -j24 -l24
[0.623s] Invoked command in '/home/drail/ros2_ws/build/panda_ros2_gazebo' returned '0': CMAKE_PREFIX_PATH=${CMAKE_PREFIX_PATH}:/opt/ros/humble /usr/bin/cmake --build /home/drail/ros2_ws/build/panda_ros2_gazebo -- -j24 -l24
[0.626s] Invoking command in '/home/drail/ros2_ws/build/panda_ros2_gazebo': CMAKE_PREFIX_PATH=${CMAKE_PREFIX_PATH}:/opt/ros/humble /usr/bin/cmake --install /home/drail/ros2_ws/build/panda_ros2_gazebo
[0.639s] -- Install configuration: ""
[0.639s] -- Installing: /home/drail/ros2_ws/install/panda_ros2_gazebo/share/panda_ros2_gazebo/config
[0.639s] -- Installing: /home/drail/ros2_ws/install/panda_ros2_gazebo/share/panda_ros2_gazebo/config/panda_controller.yaml
[0.639s] -- Installing: /home/drail/ros2_ws/install/panda_ros2_gazebo/share/panda_ros2_gazebo/launch
[0.639s] -- Installing: /home/drail/ros2_ws/install/panda_ros2_gazebo/share/panda_ros2_gazebo/launch/panda_simulation.launch.py
[0.639s] -- Installing: /home/drail/ros2_ws/install/panda_ros2_gazebo/share/panda_ros2_gazebo/urdf
[0.641s] -- Installing: /home/drail/ros2_ws/install/panda_ros2_gazebo/share/panda_ros2_gazebo/urdf/panda_transmission.xacro
[0.642s] -- Installing: /home/drail/ros2_ws/install/panda_ros2_gazebo/share/panda_ros2_gazebo/urdf/panda_macro.urdf.xacro
[0.642s] -- Installing: /home/drail/ros2_ws/install/panda_ros2_gazebo/share/panda_ros2_gazebo/urdf/panda.urdf.xacro
[0.643s] -- Installing: /home/drail/ros2_ws/install/panda_ros2_gazebo/share/panda_ros2_gazebo/urdf/panda_ros2control.xacro
[0.643s] -- Installing: /home/drail/ros2_ws/install/panda_ros2_gazebo/share/panda_ros2_gazebo/worlds
[0.643s] -- Installing: /home/drail/ros2_ws/install/panda_ros2_gazebo/share/panda_ros2_gazebo/worlds/panda.world
[0.643s] -- Installing: /home/drail/ros2_ws/install/panda_ros2_gazebo/share/panda_ros2_gazebo/meshes
[0.643s] -- Installing: /home/drail/ros2_ws/install/panda_ros2_gazebo/share/panda_ros2_gazebo/meshes/collision
[0.643s] -- Installing: /home/drail/ros2_ws/install/panda_ros2_gazebo/share/panda_ros2_gazebo/meshes/collision/hand.stl
[0.645s] -- Installing: /home/drail/ros2_ws/install/panda_ros2_gazebo/share/panda_ros2_gazebo/meshes/collision/link6.stl
[0.645s] -- Installing: /home/drail/ros2_ws/install/panda_ros2_gazebo/share/panda_ros2_gazebo/meshes/collision/link5.stl
[0.645s] -- Installing: /home/drail/ros2_ws/install/panda_ros2_gazebo/share/panda_ros2_gazebo/meshes/collision/link3.stl
[0.645s] -- Installing: /home/drail/ros2_ws/install/panda_ros2_gazebo/share/panda_ros2_gazebo/meshes/collision/link1.stl
[0.646s] -- Installing: /home/drail/ros2_ws/install/panda_ros2_gazebo/share/panda_ros2_gazebo/meshes/collision/finger.stl
[0.646s] -- Installing: /home/drail/ros2_ws/install/panda_ros2_gazebo/share/panda_ros2_gazebo/meshes/collision/link2.stl
[0.646s] -- Installing: /home/drail/ros2_ws/install/panda_ros2_gazebo/share/panda_ros2_gazebo/meshes/collision/link0.stl
[0.646s] -- Installing: /home/drail/ros2_ws/install/panda_ros2_gazebo/share/panda_ros2_gazebo/meshes/collision/link7.stl
[0.646s] -- Installing: /home/drail/ros2_ws/install/panda_ros2_gazebo/share/panda_ros2_gazebo/meshes/collision/link4.stl
[0.646s] -- Installing: /home/drail/ros2_ws/install/panda_ros2_gazebo/share/panda_ros2_gazebo/meshes/visual
[0.646s] -- Installing: /home/drail/ros2_ws/install/panda_ros2_gazebo/share/panda_ros2_gazebo/meshes/visual/link1.dae
[0.649s] -- Installing: /home/drail/ros2_ws/install/panda_ros2_gazebo/share/panda_ros2_gazebo/meshes/visual/link7.dae
[0.649s] -- Installing: /home/drail/ros2_ws/install/panda_ros2_gazebo/share/panda_ros2_gazebo/meshes/visual/finger.dae
[0.649s] -- Installing: /home/drail/ros2_ws/install/panda_ros2_gazebo/share/panda_ros2_gazebo/meshes/visual/link4.dae
[0.651s] -- Installing: /home/drail/ros2_ws/install/panda_ros2_gazebo/share/panda_ros2_gazebo/meshes/visual/hand.dae
[0.651s] -- Installing: /home/drail/ros2_ws/install/panda_ros2_gazebo/share/panda_ros2_gazebo/meshes/visual/link3.dae
[0.654s] -- Installing: /home/drail/ros2_ws/install/panda_ros2_gazebo/share/panda_ros2_gazebo/meshes/visual/link0.dae
[0.656s] -- Installing: /home/drail/ros2_ws/install/panda_ros2_gazebo/share/panda_ros2_gazebo/meshes/visual/link5.dae
[0.657s] -- Installing: /home/drail/ros2_ws/install/panda_ros2_gazebo/share/panda_ros2_gazebo/meshes/visual/link2.dae
[0.658s] -- Installing: /home/drail/ros2_ws/install/panda_ros2_gazebo/share/panda_ros2_gazebo/meshes/visual/link6.dae
[0.660s] -- Installing: /home/drail/ros2_ws/install/panda_ros2_gazebo/share/ament_index/resource_index/package_run_dependencies/panda_ros2_gazebo
[0.660s] -- Installing: /home/drail/ros2_ws/install/panda_ros2_gazebo/share/ament_index/resource_index/parent_prefix_path/panda_ros2_gazebo
[0.660s] -- Installing: /home/drail/ros2_ws/install/panda_ros2_gazebo/share/panda_ros2_gazebo/environment/ament_prefix_path.sh
[0.660s] -- Installing: /home/drail/ros2_ws/install/panda_ros2_gazebo/share/panda_ros2_gazebo/environment/ament_prefix_path.dsv
[0.660s] -- Installing: /home/drail/ros2_ws/install/panda_ros2_gazebo/share/panda_ros2_gazebo/environment/path.sh
[0.660s] -- Installing: /home/drail/ros2_ws/install/panda_ros2_gazebo/share/panda_ros2_gazebo/environment/path.dsv
[0.660s] -- Installing: /home/drail/ros2_ws/install/panda_ros2_gazebo/share/panda_ros2_gazebo/local_setup.bash
[0.660s] -- Installing: /home/drail/ros2_ws/install/panda_ros2_gazebo/share/panda_ros2_gazebo/local_setup.sh
[0.660s] -- Installing: /home/drail/ros2_ws/install/panda_ros2_gazebo/share/panda_ros2_gazebo/local_setup.zsh
[0.660s] -- Installing: /home/drail/ros2_ws/install/panda_ros2_gazebo/share/panda_ros2_gazebo/local_setup.dsv
[0.660s] -- Installing: /home/drail/ros2_ws/install/panda_ros2_gazebo/share/panda_ros2_gazebo/package.dsv
[0.661s] -- Installing: /home/drail/ros2_ws/install/panda_ros2_gazebo/share/ament_index/resource_index/packages/panda_ros2_gazebo
[0.661s] -- Installing: /home/drail/ros2_ws/install/panda_ros2_gazebo/share/panda_ros2_gazebo/cmake/panda_ros2_gazeboConfig.cmake
[0.661s] -- Installing: /home/drail/ros2_ws/install/panda_ros2_gazebo/share/panda_ros2_gazebo/cmake/panda_ros2_gazeboConfig-version.cmake
[0.661s] -- Installing: /home/drail/ros2_ws/install/panda_ros2_gazebo/share/panda_ros2_gazebo/package.xml
[0.717s] Invoked command in '/home/drail/ros2_ws/build/panda_ros2_gazebo' returned '0': CMAKE_PREFIX_PATH=${CMAKE_PREFIX_PATH}:/opt/ros/humble /usr/bin/cmake --install /home/drail/ros2_ws/build/panda_ros2_gazebo
