[0mCMake Error: The current CMakeCache.txt directory /home/drail/changk2/school/ROB545/Grasping-Moving-Objects/ros2_ws/build/ur10_ros2_gazebo/CMakeCache.txt is different than the directory /home/drail/ros2_ws/build/ur10_ros2_gazebo where CMakeCache.txt was created. This may result in binaries being created in the wrong place. If you are not sure, reedit the CMakeCache.txt[0m
-- Found ament_cmake: 1.3.12 (/home/drail/ros2_humble/ros2-linux/share/ament_cmake/cmake)
-- Found ament_lint_auto: 0.12.14 (/home/drail/ros2_humble/ros2-linux/share/ament_lint_auto/cmake)
-- Added test 'copyright' to check source files copyright and LICENSE
-- Added test 'flake8' to check Python code syntax and style conventions
-- Added test 'lint_cmake' to check CMake code style
-- Added test 'pep257' to check Python code against some of the docstring style conventions in PEP 257
-- Added test 'xmllint' to check XML markup files
-- Configuring done
-- Generating done
-- Build files have been written to: /home/drail/ros2_ws/build/ur10_ros2_gazebo
-- Install configuration: ""
-- Up-to-date: /home/drail/ros2_ws/install/ur10_ros2_gazebo/share/ur10_ros2_gazebo/config
-- Up-to-date: /home/drail/ros2_ws/install/ur10_ros2_gazebo/share/ur10_ros2_gazebo/config/physical_parameters.yaml
-- Up-to-date: /home/drail/ros2_ws/install/ur10_ros2_gazebo/share/ur10_ros2_gazebo/config/joint_limits.yaml
-- Up-to-date: /home/drail/ros2_ws/install/ur10_ros2_gazebo/share/ur10_ros2_gazebo/config/initial_positions.yaml
-- Up-to-date: /home/drail/ros2_ws/install/ur10_ros2_gazebo/share/ur10_ros2_gazebo/config/ur10_controller.yaml
-- Up-to-date: /home/drail/ros2_ws/install/ur10_ros2_gazebo/share/ur10_ros2_gazebo/config/visual_parameters.yaml
-- Up-to-date: /home/drail/ros2_ws/install/ur10_ros2_gazebo/share/ur10_ros2_gazebo/config/default_kinematics.yaml
-- Up-to-date: /home/drail/ros2_ws/install/ur10_ros2_gazebo/share/ur10_ros2_gazebo/launch
-- Up-to-date: /home/drail/ros2_ws/install/ur10_ros2_gazebo/share/ur10_ros2_gazebo/launch/ur10_simulation.launch.py
-- Up-to-date: /home/drail/ros2_ws/install/ur10_ros2_gazebo/share/ur10_ros2_gazebo/urdf
-- Up-to-date: /home/drail/ros2_ws/install/ur10_ros2_gazebo/share/ur10_ros2_gazebo/urdf/ur10.urdf.xacro
-- Up-to-date: /home/drail/ros2_ws/install/ur10_ros2_gazebo/share/ur10_ros2_gazebo/urdf/ur10_macro.urdf.xacro
-- Up-to-date: /home/drail/ros2_ws/install/ur10_ros2_gazebo/share/ur10_ros2_gazebo/urdf/ur10_transmission.xacro
-- Up-to-date: /home/drail/ros2_ws/install/ur10_ros2_gazebo/share/ur10_ros2_gazebo/urdf/ur10_ros2control.xacro
-- Up-to-date: /home/drail/ros2_ws/install/ur10_ros2_gazebo/share/ur10_ros2_gazebo/urdf/ur10_common.xacro
-- Up-to-date: /home/drail/ros2_ws/install/ur10_ros2_gazebo/share/ur10_ros2_gazebo/worlds
-- Up-to-date: /home/drail/ros2_ws/install/ur10_ros2_gazebo/share/ur10_ros2_gazebo/worlds/ur10.world
-- Up-to-date: /home/drail/ros2_ws/install/ur10_ros2_gazebo/share/ur10_ros2_gazebo/meshes
-- Up-to-date: /home/drail/ros2_ws/install/ur10_ros2_gazebo/share/ur10_ros2_gazebo/meshes/collision
-- Up-to-date: /home/drail/ros2_ws/install/ur10_ros2_gazebo/share/ur10_ros2_gazebo/meshes/collision/wrist3.stl
-- Up-to-date: /home/drail/ros2_ws/install/ur10_ros2_gazebo/share/ur10_ros2_gazebo/meshes/collision/upperarm.stl
-- Up-to-date: /home/drail/ros2_ws/install/ur10_ros2_gazebo/share/ur10_ros2_gazebo/meshes/collision/wrist1.stl
-- Up-to-date: /home/drail/ros2_ws/install/ur10_ros2_gazebo/share/ur10_ros2_gazebo/meshes/collision/base.stl
-- Up-to-date: /home/drail/ros2_ws/install/ur10_ros2_gazebo/share/ur10_ros2_gazebo/meshes/collision/forearm.stl
-- Up-to-date: /home/drail/ros2_ws/install/ur10_ros2_gazebo/share/ur10_ros2_gazebo/meshes/collision/wrist2.stl
-- Up-to-date: /home/drail/ros2_ws/install/ur10_ros2_gazebo/share/ur10_ros2_gazebo/meshes/collision/shoulder.stl
-- Up-to-date: /home/drail/ros2_ws/install/ur10_ros2_gazebo/share/ur10_ros2_gazebo/meshes/visual
-- Up-to-date: /home/drail/ros2_ws/install/ur10_ros2_gazebo/share/ur10_ros2_gazebo/meshes/visual/wrist1.dae
-- Up-to-date: /home/drail/ros2_ws/install/ur10_ros2_gazebo/share/ur10_ros2_gazebo/meshes/visual/forearm.dae
-- Up-to-date: /home/drail/ros2_ws/install/ur10_ros2_gazebo/share/ur10_ros2_gazebo/meshes/visual/shoulder.dae
-- Up-to-date: /home/drail/ros2_ws/install/ur10_ros2_gazebo/share/ur10_ros2_gazebo/meshes/visual/wrist2.dae
-- Up-to-date: /home/drail/ros2_ws/install/ur10_ros2_gazebo/share/ur10_ros2_gazebo/meshes/visual/wrist3.dae
-- Up-to-date: /home/drail/ros2_ws/install/ur10_ros2_gazebo/share/ur10_ros2_gazebo/meshes/visual/upperarm.dae
-- Up-to-date: /home/drail/ros2_ws/install/ur10_ros2_gazebo/share/ur10_ros2_gazebo/meshes/visual/base.dae
-- Up-to-date: /home/drail/ros2_ws/install/ur10_ros2_gazebo/share/ament_index/resource_index/package_run_dependencies/ur10_ros2_gazebo
-- Up-to-date: /home/drail/ros2_ws/install/ur10_ros2_gazebo/share/ament_index/resource_index/parent_prefix_path/ur10_ros2_gazebo
-- Up-to-date: /home/drail/ros2_ws/install/ur10_ros2_gazebo/share/ur10_ros2_gazebo/environment/ament_prefix_path.sh
-- Installing: /home/drail/ros2_ws/install/ur10_ros2_gazebo/share/ur10_ros2_gazebo/environment/ament_prefix_path.dsv
-- Up-to-date: /home/drail/ros2_ws/install/ur10_ros2_gazebo/share/ur10_ros2_gazebo/environment/path.sh
-- Installing: /home/drail/ros2_ws/install/ur10_ros2_gazebo/share/ur10_ros2_gazebo/environment/path.dsv
-- Up-to-date: /home/drail/ros2_ws/install/ur10_ros2_gazebo/share/ur10_ros2_gazebo/local_setup.bash
-- Up-to-date: /home/drail/ros2_ws/install/ur10_ros2_gazebo/share/ur10_ros2_gazebo/local_setup.sh
-- Up-to-date: /home/drail/ros2_ws/install/ur10_ros2_gazebo/share/ur10_ros2_gazebo/local_setup.zsh
-- Installing: /home/drail/ros2_ws/install/ur10_ros2_gazebo/share/ur10_ros2_gazebo/local_setup.dsv
-- Installing: /home/drail/ros2_ws/install/ur10_ros2_gazebo/share/ur10_ros2_gazebo/package.dsv
-- Up-to-date: /home/drail/ros2_ws/install/ur10_ros2_gazebo/share/ament_index/resource_index/packages/ur10_ros2_gazebo
-- Up-to-date: /home/drail/ros2_ws/install/ur10_ros2_gazebo/share/ur10_ros2_gazebo/cmake/ur10_ros2_gazeboConfig.cmake
-- Up-to-date: /home/drail/ros2_ws/install/ur10_ros2_gazebo/share/ur10_ros2_gazebo/cmake/ur10_ros2_gazeboConfig-version.cmake
-- Up-to-date: /home/drail/ros2_ws/install/ur10_ros2_gazebo/share/ur10_ros2_gazebo/package.xml
