[0.078s] Invoking command in '/home/drail/ros2_ws/build/iiwa_ros2_gazebo': CMAKE_PREFIX_PATH=${CMAKE_PREFIX_PATH}:/opt/ros/humble /usr/bin/cmake --build /home/drail/ros2_ws/build/iiwa_ros2_gazebo -- -j24 -l24
[0.112s] Invoked command in '/home/drail/ros2_ws/build/iiwa_ros2_gazebo' returned '0': CMAKE_PREFIX_PATH=${CMAKE_PREFIX_PATH}:/opt/ros/humble /usr/bin/cmake --build /home/drail/ros2_ws/build/iiwa_ros2_gazebo -- -j24 -l24
[0.121s] Invoking command in '/home/drail/ros2_ws/build/iiwa_ros2_gazebo': CMAKE_PREFIX_PATH=${CMAKE_PREFIX_PATH}:/opt/ros/humble /usr/bin/cmake --install /home/drail/ros2_ws/build/iiwa_ros2_gazebo
[0.128s] -- Install configuration: ""
[0.128s] -- Up-to-date: /home/drail/ros2_ws/install/iiwa_ros2_gazebo/share/iiwa_ros2_gazebo/config
[0.128s] -- Up-to-date: /home/drail/ros2_ws/install/iiwa_ros2_gazebo/share/iiwa_ros2_gazebo/config/iiwa_controller.yaml
[0.129s] -- Up-to-date: /home/drail/ros2_ws/install/iiwa_ros2_gazebo/share/iiwa_ros2_gazebo/launch
[0.129s] -- Up-to-date: /home/drail/ros2_ws/install/iiwa_ros2_gazebo/share/iiwa_ros2_gazebo/launch/iiwa_simulation.launch.py
[0.129s] -- Up-to-date: /home/drail/ros2_ws/install/iiwa_ros2_gazebo/share/iiwa_ros2_gazebo/urdf
[0.129s] -- Up-to-date: /home/drail/ros2_ws/install/iiwa_ros2_gazebo/share/iiwa_ros2_gazebo/urdf/iiwa_ros2control.xacro
[0.129s] -- Up-to-date: /home/drail/ros2_ws/install/iiwa_ros2_gazebo/share/iiwa_ros2_gazebo/urdf/iiwa.urdf.xacro
[0.129s] -- Up-to-date: /home/drail/ros2_ws/install/iiwa_ros2_gazebo/share/iiwa_ros2_gazebo/urdf/iiwa_macro.urdf.xacro
[0.130s] -- Up-to-date: /home/drail/ros2_ws/install/iiwa_ros2_gazebo/share/iiwa_ros2_gazebo/urdf/iiwa_transmission.xacro
[0.130s] -- Up-to-date: /home/drail/ros2_ws/install/iiwa_ros2_gazebo/share/iiwa_ros2_gazebo/worlds
[0.130s] -- Up-to-date: /home/drail/ros2_ws/install/iiwa_ros2_gazebo/share/iiwa_ros2_gazebo/worlds/iiwa.world
[0.130s] -- Up-to-date: /home/drail/ros2_ws/install/iiwa_ros2_gazebo/share/iiwa_ros2_gazebo/meshes
[0.130s] -- Up-to-date: /home/drail/ros2_ws/install/iiwa_ros2_gazebo/share/iiwa_ros2_gazebo/meshes/collision
[0.130s] -- Up-to-date: /home/drail/ros2_ws/install/iiwa_ros2_gazebo/share/iiwa_ros2_gazebo/meshes/collision/link_7.stl
[0.130s] -- Up-to-date: /home/drail/ros2_ws/install/iiwa_ros2_gazebo/share/iiwa_ros2_gazebo/meshes/collision/link_5.stl
[0.131s] -- Up-to-date: /home/drail/ros2_ws/install/iiwa_ros2_gazebo/share/iiwa_ros2_gazebo/meshes/collision/link_4.stl
[0.131s] -- Up-to-date: /home/drail/ros2_ws/install/iiwa_ros2_gazebo/share/iiwa_ros2_gazebo/meshes/collision/link_2.stl
[0.131s] -- Up-to-date: /home/drail/ros2_ws/install/iiwa_ros2_gazebo/share/iiwa_ros2_gazebo/meshes/collision/link_6.stl
[0.131s] -- Up-to-date: /home/drail/ros2_ws/install/iiwa_ros2_gazebo/share/iiwa_ros2_gazebo/meshes/collision/base_link.stl
[0.131s] -- Up-to-date: /home/drail/ros2_ws/install/iiwa_ros2_gazebo/share/iiwa_ros2_gazebo/meshes/collision/link_1.stl
[0.131s] -- Up-to-date: /home/drail/ros2_ws/install/iiwa_ros2_gazebo/share/iiwa_ros2_gazebo/meshes/collision/link_3.stl
[0.131s] -- Up-to-date: /home/drail/ros2_ws/install/iiwa_ros2_gazebo/share/iiwa_ros2_gazebo/meshes/visual
[0.131s] -- Up-to-date: /home/drail/ros2_ws/install/iiwa_ros2_gazebo/share/iiwa_ros2_gazebo/meshes/visual/link_2.dae
[0.131s] -- Up-to-date: /home/drail/ros2_ws/install/iiwa_ros2_gazebo/share/iiwa_ros2_gazebo/meshes/visual/link_3.dae
[0.131s] -- Up-to-date: /home/drail/ros2_ws/install/iiwa_ros2_gazebo/share/iiwa_ros2_gazebo/meshes/visual/link_6.dae
[0.131s] -- Up-to-date: /home/drail/ros2_ws/install/iiwa_ros2_gazebo/share/iiwa_ros2_gazebo/meshes/visual/link_1.dae
[0.131s] -- Up-to-date: /home/drail/ros2_ws/install/iiwa_ros2_gazebo/share/iiwa_ros2_gazebo/meshes/visual/link_4.dae
[0.131s] -- Up-to-date: /home/drail/ros2_ws/install/iiwa_ros2_gazebo/share/iiwa_ros2_gazebo/meshes/visual/base_link.dae
[0.131s] -- Up-to-date: /home/drail/ros2_ws/install/iiwa_ros2_gazebo/share/iiwa_ros2_gazebo/meshes/visual/link_7.dae
[0.131s] -- Up-to-date: /home/drail/ros2_ws/install/iiwa_ros2_gazebo/share/iiwa_ros2_gazebo/meshes/visual/link_5.dae
[0.133s] -- Up-to-date: /home/drail/ros2_ws/install/iiwa_ros2_gazebo/share/ament_index/resource_index/package_run_dependencies/iiwa_ros2_gazebo
[0.133s] -- Up-to-date: /home/drail/ros2_ws/install/iiwa_ros2_gazebo/share/ament_index/resource_index/parent_prefix_path/iiwa_ros2_gazebo
[0.133s] -- Up-to-date: /home/drail/ros2_ws/install/iiwa_ros2_gazebo/share/iiwa_ros2_gazebo/environment/ament_prefix_path.sh
[0.134s] -- Up-to-date: /home/drail/ros2_ws/install/iiwa_ros2_gazebo/share/iiwa_ros2_gazebo/environment/ament_prefix_path.dsv
[0.134s] -- Up-to-date: /home/drail/ros2_ws/install/iiwa_ros2_gazebo/share/iiwa_ros2_gazebo/environment/path.sh
[0.134s] -- Up-to-date: /home/drail/ros2_ws/install/iiwa_ros2_gazebo/share/iiwa_ros2_gazebo/environment/path.dsv
[0.134s] -- Up-to-date: /home/drail/ros2_ws/install/iiwa_ros2_gazebo/share/iiwa_ros2_gazebo/local_setup.bash
[0.134s] -- Up-to-date: /home/drail/ros2_ws/install/iiwa_ros2_gazebo/share/iiwa_ros2_gazebo/local_setup.sh
[0.134s] -- Up-to-date: /home/drail/ros2_ws/install/iiwa_ros2_gazebo/share/iiwa_ros2_gazebo/local_setup.zsh
[0.134s] -- Up-to-date: /home/drail/ros2_ws/install/iiwa_ros2_gazebo/share/iiwa_ros2_gazebo/local_setup.dsv
[0.134s] -- Up-to-date: /home/drail/ros2_ws/install/iiwa_ros2_gazebo/share/iiwa_ros2_gazebo/package.dsv
[0.134s] -- Up-to-date: /home/drail/ros2_ws/install/iiwa_ros2_gazebo/share/ament_index/resource_index/packages/iiwa_ros2_gazebo
[0.135s] -- Up-to-date: /home/drail/ros2_ws/install/iiwa_ros2_gazebo/share/iiwa_ros2_gazebo/cmake/iiwa_ros2_gazeboConfig.cmake
[0.135s] -- Up-to-date: /home/drail/ros2_ws/install/iiwa_ros2_gazebo/share/iiwa_ros2_gazebo/cmake/iiwa_ros2_gazeboConfig-version.cmake
[0.135s] -- Up-to-date: /home/drail/ros2_ws/install/iiwa_ros2_gazebo/share/iiwa_ros2_gazebo/package.xml
[0.171s] Invoked command in '/home/drail/ros2_ws/build/iiwa_ros2_gazebo' returned '0': CMAKE_PREFIX_PATH=${CMAKE_PREFIX_PATH}:/opt/ros/humble /usr/bin/cmake --install /home/drail/ros2_ws/build/iiwa_ros2_gazebo
