[0.073s] Invoking command in '/home/drail/ros2_ws/build/irb1200_ros2_gazebo': CMAKE_PREFIX_PATH=${CMAKE_PREFIX_PATH}:/opt/ros/humble /usr/bin/cmake --build /home/drail/ros2_ws/build/irb1200_ros2_gazebo -- -j24 -l24
[0.146s] Invoked command in '/home/drail/ros2_ws/build/irb1200_ros2_gazebo' returned '0': CMAKE_PREFIX_PATH=${CMAKE_PREFIX_PATH}:/opt/ros/humble /usr/bin/cmake --build /home/drail/ros2_ws/build/irb1200_ros2_gazebo -- -j24 -l24
[0.152s] Invoking command in '/home/drail/ros2_ws/build/irb1200_ros2_gazebo': CMAKE_PREFIX_PATH=${CMAKE_PREFIX_PATH}:/opt/ros/humble /usr/bin/cmake --install /home/drail/ros2_ws/build/irb1200_ros2_gazebo
[0.160s] -- Install configuration: ""
[0.160s] -- Up-to-date: /home/drail/ros2_ws/install/irb1200_ros2_gazebo/share/irb1200_ros2_gazebo/config
[0.160s] -- Up-to-date: /home/drail/ros2_ws/install/irb1200_ros2_gazebo/share/irb1200_ros2_gazebo/config/irb1200_controller.yaml
[0.160s] -- Up-to-date: /home/drail/ros2_ws/install/irb1200_ros2_gazebo/share/irb1200_ros2_gazebo/launch
[0.160s] -- Up-to-date: /home/drail/ros2_ws/install/irb1200_ros2_gazebo/share/irb1200_ros2_gazebo/launch/irb1200_simulation.launch.py
[0.160s] -- Up-to-date: /home/drail/ros2_ws/install/irb1200_ros2_gazebo/share/irb1200_ros2_gazebo/urdf
[0.160s] -- Up-to-date: /home/drail/ros2_ws/install/irb1200_ros2_gazebo/share/irb1200_ros2_gazebo/urdf/irb1200_ros2control.xacro
[0.160s] -- Up-to-date: /home/drail/ros2_ws/install/irb1200_ros2_gazebo/share/irb1200_ros2_gazebo/urdf/irb1200_macro.urdf.xacro
[0.160s] -- Up-to-date: /home/drail/ros2_ws/install/irb1200_ros2_gazebo/share/irb1200_ros2_gazebo/urdf/irb1200_transmission.xacro
[0.160s] -- Up-to-date: /home/drail/ros2_ws/install/irb1200_ros2_gazebo/share/irb1200_ros2_gazebo/urdf/irb1200.urdf.xacro
[0.160s] -- Up-to-date: /home/drail/ros2_ws/install/irb1200_ros2_gazebo/share/irb1200_ros2_gazebo/urdf/abb_resources
[0.161s] -- Up-to-date: /home/drail/ros2_ws/install/irb1200_ros2_gazebo/share/irb1200_ros2_gazebo/urdf/abb_resources/common_colours.xacro
[0.161s] -- Up-to-date: /home/drail/ros2_ws/install/irb1200_ros2_gazebo/share/irb1200_ros2_gazebo/urdf/abb_resources/common_materials.xacro
[0.161s] -- Up-to-date: /home/drail/ros2_ws/install/irb1200_ros2_gazebo/share/irb1200_ros2_gazebo/worlds
[0.161s] -- Up-to-date: /home/drail/ros2_ws/install/irb1200_ros2_gazebo/share/irb1200_ros2_gazebo/worlds/irb1200.world
[0.161s] -- Up-to-date: /home/drail/ros2_ws/install/irb1200_ros2_gazebo/share/irb1200_ros2_gazebo/meshes
[0.161s] -- Up-to-date: /home/drail/ros2_ws/install/irb1200_ros2_gazebo/share/irb1200_ros2_gazebo/meshes/collision
[0.161s] -- Up-to-date: /home/drail/ros2_ws/install/irb1200_ros2_gazebo/share/irb1200_ros2_gazebo/meshes/collision/link_5.stl
[0.161s] -- Up-to-date: /home/drail/ros2_ws/install/irb1200_ros2_gazebo/share/irb1200_ros2_gazebo/meshes/collision/link_4.stl
[0.161s] -- Up-to-date: /home/drail/ros2_ws/install/irb1200_ros2_gazebo/share/irb1200_ros2_gazebo/meshes/collision/link_2.stl
[0.161s] -- Up-to-date: /home/drail/ros2_ws/install/irb1200_ros2_gazebo/share/irb1200_ros2_gazebo/meshes/collision/link_6.stl
[0.161s] -- Up-to-date: /home/drail/ros2_ws/install/irb1200_ros2_gazebo/share/irb1200_ros2_gazebo/meshes/collision/base_link.stl
[0.161s] -- Up-to-date: /home/drail/ros2_ws/install/irb1200_ros2_gazebo/share/irb1200_ros2_gazebo/meshes/collision/link_1.stl
[0.161s] -- Up-to-date: /home/drail/ros2_ws/install/irb1200_ros2_gazebo/share/irb1200_ros2_gazebo/meshes/collision/link_3.stl
[0.161s] -- Up-to-date: /home/drail/ros2_ws/install/irb1200_ros2_gazebo/share/irb1200_ros2_gazebo/meshes/visual
[0.161s] -- Up-to-date: /home/drail/ros2_ws/install/irb1200_ros2_gazebo/share/irb1200_ros2_gazebo/meshes/visual/link_2.dae
[0.161s] -- Up-to-date: /home/drail/ros2_ws/install/irb1200_ros2_gazebo/share/irb1200_ros2_gazebo/meshes/visual/link_3.dae
[0.161s] -- Up-to-date: /home/drail/ros2_ws/install/irb1200_ros2_gazebo/share/irb1200_ros2_gazebo/meshes/visual/link_6.dae
[0.161s] -- Up-to-date: /home/drail/ros2_ws/install/irb1200_ros2_gazebo/share/irb1200_ros2_gazebo/meshes/visual/link_1.dae
[0.161s] -- Up-to-date: /home/drail/ros2_ws/install/irb1200_ros2_gazebo/share/irb1200_ros2_gazebo/meshes/visual/link_4.dae
[0.162s] -- Up-to-date: /home/drail/ros2_ws/install/irb1200_ros2_gazebo/share/irb1200_ros2_gazebo/meshes/visual/base_link.dae
[0.162s] -- Up-to-date: /home/drail/ros2_ws/install/irb1200_ros2_gazebo/share/irb1200_ros2_gazebo/meshes/visual/link_5.dae
[0.162s] -- Up-to-date: /home/drail/ros2_ws/install/irb1200_ros2_gazebo/share/ament_index/resource_index/package_run_dependencies/irb1200_ros2_gazebo
[0.162s] -- Up-to-date: /home/drail/ros2_ws/install/irb1200_ros2_gazebo/share/ament_index/resource_index/parent_prefix_path/irb1200_ros2_gazebo
[0.162s] -- Up-to-date: /home/drail/ros2_ws/install/irb1200_ros2_gazebo/share/irb1200_ros2_gazebo/environment/ament_prefix_path.sh
[0.162s] -- Up-to-date: /home/drail/ros2_ws/install/irb1200_ros2_gazebo/share/irb1200_ros2_gazebo/environment/ament_prefix_path.dsv
[0.162s] -- Up-to-date: /home/drail/ros2_ws/install/irb1200_ros2_gazebo/share/irb1200_ros2_gazebo/environment/path.sh
[0.162s] -- Up-to-date: /home/drail/ros2_ws/install/irb1200_ros2_gazebo/share/irb1200_ros2_gazebo/environment/path.dsv
[0.162s] -- Up-to-date: /home/drail/ros2_ws/install/irb1200_ros2_gazebo/share/irb1200_ros2_gazebo/local_setup.bash
[0.162s] -- Up-to-date: /home/drail/ros2_ws/install/irb1200_ros2_gazebo/share/irb1200_ros2_gazebo/local_setup.sh
[0.162s] -- Up-to-date: /home/drail/ros2_ws/install/irb1200_ros2_gazebo/share/irb1200_ros2_gazebo/local_setup.zsh
[0.162s] -- Up-to-date: /home/drail/ros2_ws/install/irb1200_ros2_gazebo/share/irb1200_ros2_gazebo/local_setup.dsv
[0.162s] -- Up-to-date: /home/drail/ros2_ws/install/irb1200_ros2_gazebo/share/irb1200_ros2_gazebo/package.dsv
[0.162s] -- Up-to-date: /home/drail/ros2_ws/install/irb1200_ros2_gazebo/share/ament_index/resource_index/packages/irb1200_ros2_gazebo
[0.162s] -- Up-to-date: /home/drail/ros2_ws/install/irb1200_ros2_gazebo/share/irb1200_ros2_gazebo/cmake/irb1200_ros2_gazeboConfig.cmake
[0.162s] -- Up-to-date: /home/drail/ros2_ws/install/irb1200_ros2_gazebo/share/irb1200_ros2_gazebo/cmake/irb1200_ros2_gazeboConfig-version.cmake
[0.162s] -- Up-to-date: /home/drail/ros2_ws/install/irb1200_ros2_gazebo/share/irb1200_ros2_gazebo/package.xml
[0.221s] Invoked command in '/home/drail/ros2_ws/build/irb1200_ros2_gazebo' returned '0': CMAKE_PREFIX_PATH=${CMAKE_PREFIX_PATH}:/opt/ros/humble /usr/bin/cmake --install /home/drail/ros2_ws/build/irb1200_ros2_gazebo
