[0mCMake Error: The current CMakeCache.txt directory /home/drail/changk2/school/ROB545/Grasping-Moving-Objects/ros2_ws/build/cr35ia_ros2_moveit2/CMakeCache.txt is different than the directory /home/drail/ros2_ws/build/cr35ia_ros2_moveit2 where CMakeCache.txt was created. This may result in binaries being created in the wrong place. If you are not sure, reedit the CMakeCache.txt[0m
-- Found ament_cmake: 1.3.12 (/home/drail/ros2_humble/ros2-linux/share/ament_cmake/cmake)
-- Found ament_lint_auto: 0.12.14 (/home/drail/ros2_humble/ros2-linux/share/ament_lint_auto/cmake)
-- Added test 'copyright' to check source files copyright and LICENSE
-- Added test 'flake8' to check Python code syntax and style conventions
-- Added test 'lint_cmake' to check CMake code style
-- Added test 'pep257' to check Python code against some of the docstring style conventions in PEP 257
-- Added test 'xmllint' to check XML markup files
-- Configuring done
-- Generating done
-- Build files have been written to: /home/drail/ros2_ws/build/cr35ia_ros2_moveit2
-- Install configuration: ""
-- Up-to-date: /home/drail/ros2_ws/install/cr35ia_ros2_moveit2/share/cr35ia_ros2_moveit2/config
-- Up-to-date: /home/drail/ros2_ws/install/cr35ia_ros2_moveit2/share/cr35ia_ros2_moveit2/config/kinematics.yaml
-- Up-to-date: /home/drail/ros2_ws/install/cr35ia_ros2_moveit2/share/cr35ia_ros2_moveit2/config/cr35ia_moveit2.rviz
-- Up-to-date: /home/drail/ros2_ws/install/cr35ia_ros2_moveit2/share/cr35ia_ros2_moveit2/config/cr35ia.srdf
-- Up-to-date: /home/drail/ros2_ws/install/cr35ia_ros2_moveit2/share/cr35ia_ros2_moveit2/config/ompl_planning.yaml
-- Up-to-date: /home/drail/ros2_ws/install/cr35ia_ros2_moveit2/share/cr35ia_ros2_moveit2/config/cr35ia_controllers.yaml
-- Up-to-date: /home/drail/ros2_ws/install/cr35ia_ros2_moveit2/share/cr35ia_ros2_moveit2/launch
-- Up-to-date: /home/drail/ros2_ws/install/cr35ia_ros2_moveit2/share/cr35ia_ros2_moveit2/launch/cr35ia.launch.py
-- Up-to-date: /home/drail/ros2_ws/install/cr35ia_ros2_moveit2/share/cr35ia_ros2_moveit2/launch/cr35ia_interface.launch.py
-- Up-to-date: /home/drail/ros2_ws/install/cr35ia_ros2_moveit2/share/ament_index/resource_index/package_run_dependencies/cr35ia_ros2_moveit2
-- Up-to-date: /home/drail/ros2_ws/install/cr35ia_ros2_moveit2/share/ament_index/resource_index/parent_prefix_path/cr35ia_ros2_moveit2
-- Up-to-date: /home/drail/ros2_ws/install/cr35ia_ros2_moveit2/share/cr35ia_ros2_moveit2/environment/ament_prefix_path.sh
-- Installing: /home/drail/ros2_ws/install/cr35ia_ros2_moveit2/share/cr35ia_ros2_moveit2/environment/ament_prefix_path.dsv
-- Up-to-date: /home/drail/ros2_ws/install/cr35ia_ros2_moveit2/share/cr35ia_ros2_moveit2/environment/path.sh
-- Installing: /home/drail/ros2_ws/install/cr35ia_ros2_moveit2/share/cr35ia_ros2_moveit2/environment/path.dsv
-- Up-to-date: /home/drail/ros2_ws/install/cr35ia_ros2_moveit2/share/cr35ia_ros2_moveit2/local_setup.bash
-- Up-to-date: /home/drail/ros2_ws/install/cr35ia_ros2_moveit2/share/cr35ia_ros2_moveit2/local_setup.sh
-- Up-to-date: /home/drail/ros2_ws/install/cr35ia_ros2_moveit2/share/cr35ia_ros2_moveit2/local_setup.zsh
-- Installing: /home/drail/ros2_ws/install/cr35ia_ros2_moveit2/share/cr35ia_ros2_moveit2/local_setup.dsv
-- Installing: /home/drail/ros2_ws/install/cr35ia_ros2_moveit2/share/cr35ia_ros2_moveit2/package.dsv
-- Up-to-date: /home/drail/ros2_ws/install/cr35ia_ros2_moveit2/share/ament_index/resource_index/packages/cr35ia_ros2_moveit2
-- Up-to-date: /home/drail/ros2_ws/install/cr35ia_ros2_moveit2/share/cr35ia_ros2_moveit2/cmake/cr35ia_ros2_moveit2Config.cmake
-- Up-to-date: /home/drail/ros2_ws/install/cr35ia_ros2_moveit2/share/cr35ia_ros2_moveit2/cmake/cr35ia_ros2_moveit2Config-version.cmake
-- Up-to-date: /home/drail/ros2_ws/install/cr35ia_ros2_moveit2/share/cr35ia_ros2_moveit2/package.xml
