[0.056s] Invoking command in '/home/drail/ros2_ws/build/irb6640_ros2_moveit2': AMENT_PREFIX_PATH=/home/drail/ros2_ws/install/ros2_data:${AMENT_PREFIX_PATH} CMAKE_PREFIX_PATH=/home/drail/ros2_ws/install/ros2_data:/home/drail/ros2_ws/install/turtlesim:/home/drail/ros2_humble/ros2-linux:/opt/ros/humble LD_LIBRARY_PATH=/home/drail/ros2_ws/install/ros2_data/lib:/home/drail/ros2_ws/install/turtlesim/lib:/usr/lib/x86_64-linux-gnu/gazebo-11/plugins:/opt/ros/humble/opt/rviz_ogre_vendor/lib:/opt/ros/humble/lib/x86_64-linux-gnu:/opt/ros/humble/lib:/home/drail/ros2_humble/ros2-linux/opt/rviz_ogre_vendor/lib:/home/drail/ros2_humble/ros2-linux/lib:/usr/local/cuda-12.9/lib64 PYTHONPATH=/home/drail/ros2_ws/install/ros2_data/local/lib/python3.10/dist-packages:${PYTHONPATH} /usr/bin/cmake --build /home/drail/ros2_ws/build/irb6640_ros2_moveit2 -- -j24 -l24
[0.096s] Invoked command in '/home/drail/ros2_ws/build/irb6640_ros2_moveit2' returned '0': AMENT_PREFIX_PATH=/home/drail/ros2_ws/install/ros2_data:${AMENT_PREFIX_PATH} CMAKE_PREFIX_PATH=/home/drail/ros2_ws/install/ros2_data:/home/drail/ros2_ws/install/turtlesim:/home/drail/ros2_humble/ros2-linux:/opt/ros/humble LD_LIBRARY_PATH=/home/drail/ros2_ws/install/ros2_data/lib:/home/drail/ros2_ws/install/turtlesim/lib:/usr/lib/x86_64-linux-gnu/gazebo-11/plugins:/opt/ros/humble/opt/rviz_ogre_vendor/lib:/opt/ros/humble/lib/x86_64-linux-gnu:/opt/ros/humble/lib:/home/drail/ros2_humble/ros2-linux/opt/rviz_ogre_vendor/lib:/home/drail/ros2_humble/ros2-linux/lib:/usr/local/cuda-12.9/lib64 PYTHONPATH=/home/drail/ros2_ws/install/ros2_data/local/lib/python3.10/dist-packages:${PYTHONPATH} /usr/bin/cmake --build /home/drail/ros2_ws/build/irb6640_ros2_moveit2 -- -j24 -l24
[0.100s] Invoking command in '/home/drail/ros2_ws/build/irb6640_ros2_moveit2': AMENT_PREFIX_PATH=/home/drail/ros2_ws/install/ros2_data:${AMENT_PREFIX_PATH} CMAKE_PREFIX_PATH=/home/drail/ros2_ws/install/ros2_data:/home/drail/ros2_ws/install/turtlesim:/home/drail/ros2_humble/ros2-linux:/opt/ros/humble LD_LIBRARY_PATH=/home/drail/ros2_ws/install/ros2_data/lib:/home/drail/ros2_ws/install/turtlesim/lib:/usr/lib/x86_64-linux-gnu/gazebo-11/plugins:/opt/ros/humble/opt/rviz_ogre_vendor/lib:/opt/ros/humble/lib/x86_64-linux-gnu:/opt/ros/humble/lib:/home/drail/ros2_humble/ros2-linux/opt/rviz_ogre_vendor/lib:/home/drail/ros2_humble/ros2-linux/lib:/usr/local/cuda-12.9/lib64 PYTHONPATH=/home/drail/ros2_ws/install/ros2_data/local/lib/python3.10/dist-packages:${PYTHONPATH} /usr/bin/cmake --install /home/drail/ros2_ws/build/irb6640_ros2_moveit2
[0.111s] -- Install configuration: ""
[0.111s] -- Up-to-date: /home/drail/ros2_ws/install/irb6640_ros2_moveit2/share/irb6640_ros2_moveit2/config
[0.111s] -- Up-to-date: /home/drail/ros2_ws/install/irb6640_ros2_moveit2/share/irb6640_ros2_moveit2/config/irb6640.srdf
[0.111s] -- Up-to-date: /home/drail/ros2_ws/install/irb6640_ros2_moveit2/share/irb6640_ros2_moveit2/config/irb6640_controllers.yaml
[0.111s] -- Up-to-date: /home/drail/ros2_ws/install/irb6640_ros2_moveit2/share/irb6640_ros2_moveit2/config/kinematics.yaml
[0.111s] -- Up-to-date: /home/drail/ros2_ws/install/irb6640_ros2_moveit2/share/irb6640_ros2_moveit2/config/irb6640_moveit2.rviz
[0.111s] -- Up-to-date: /home/drail/ros2_ws/install/irb6640_ros2_moveit2/share/irb6640_ros2_moveit2/config/ompl_planning.yaml
[0.111s] -- Up-to-date: /home/drail/ros2_ws/install/irb6640_ros2_moveit2/share/irb6640_ros2_moveit2/launch
[0.111s] -- Up-to-date: /home/drail/ros2_ws/install/irb6640_ros2_moveit2/share/irb6640_ros2_moveit2/launch/irb6640.launch.py
[0.111s] -- Up-to-date: /home/drail/ros2_ws/install/irb6640_ros2_moveit2/share/irb6640_ros2_moveit2/launch/irb6640_interface.launch.py
[0.111s] -- Up-to-date: /home/drail/ros2_ws/install/irb6640_ros2_moveit2/share/ament_index/resource_index/package_run_dependencies/irb6640_ros2_moveit2
[0.111s] -- Up-to-date: /home/drail/ros2_ws/install/irb6640_ros2_moveit2/share/ament_index/resource_index/parent_prefix_path/irb6640_ros2_moveit2
[0.111s] -- Up-to-date: /home/drail/ros2_ws/install/irb6640_ros2_moveit2/share/irb6640_ros2_moveit2/environment/ament_prefix_path.sh
[0.111s] -- Up-to-date: /home/drail/ros2_ws/install/irb6640_ros2_moveit2/share/irb6640_ros2_moveit2/environment/ament_prefix_path.dsv
[0.111s] -- Up-to-date: /home/drail/ros2_ws/install/irb6640_ros2_moveit2/share/irb6640_ros2_moveit2/environment/path.sh
[0.111s] -- Up-to-date: /home/drail/ros2_ws/install/irb6640_ros2_moveit2/share/irb6640_ros2_moveit2/environment/path.dsv
[0.111s] -- Up-to-date: /home/drail/ros2_ws/install/irb6640_ros2_moveit2/share/irb6640_ros2_moveit2/local_setup.bash
[0.112s] -- Up-to-date: /home/drail/ros2_ws/install/irb6640_ros2_moveit2/share/irb6640_ros2_moveit2/local_setup.sh
[0.112s] -- Up-to-date: /home/drail/ros2_ws/install/irb6640_ros2_moveit2/share/irb6640_ros2_moveit2/local_setup.zsh
[0.112s] -- Up-to-date: /home/drail/ros2_ws/install/irb6640_ros2_moveit2/share/irb6640_ros2_moveit2/local_setup.dsv
[0.112s] -- Up-to-date: /home/drail/ros2_ws/install/irb6640_ros2_moveit2/share/irb6640_ros2_moveit2/package.dsv
[0.112s] -- Up-to-date: /home/drail/ros2_ws/install/irb6640_ros2_moveit2/share/ament_index/resource_index/packages/irb6640_ros2_moveit2
[0.112s] -- Up-to-date: /home/drail/ros2_ws/install/irb6640_ros2_moveit2/share/irb6640_ros2_moveit2/cmake/irb6640_ros2_moveit2Config.cmake
[0.112s] -- Up-to-date: /home/drail/ros2_ws/install/irb6640_ros2_moveit2/share/irb6640_ros2_moveit2/cmake/irb6640_ros2_moveit2Config-version.cmake
[0.112s] -- Up-to-date: /home/drail/ros2_ws/install/irb6640_ros2_moveit2/share/irb6640_ros2_moveit2/package.xml
[0.164s] Invoked command in '/home/drail/ros2_ws/build/irb6640_ros2_moveit2' returned '0': AMENT_PREFIX_PATH=/home/drail/ros2_ws/install/ros2_data:${AMENT_PREFIX_PATH} CMAKE_PREFIX_PATH=/home/drail/ros2_ws/install/ros2_data:/home/drail/ros2_ws/install/turtlesim:/home/drail/ros2_humble/ros2-linux:/opt/ros/humble LD_LIBRARY_PATH=/home/drail/ros2_ws/install/ros2_data/lib:/home/drail/ros2_ws/install/turtlesim/lib:/usr/lib/x86_64-linux-gnu/gazebo-11/plugins:/opt/ros/humble/opt/rviz_ogre_vendor/lib:/opt/ros/humble/lib/x86_64-linux-gnu:/opt/ros/humble/lib:/home/drail/ros2_humble/ros2-linux/opt/rviz_ogre_vendor/lib:/home/drail/ros2_humble/ros2-linux/lib:/usr/local/cuda-12.9/lib64 PYTHONPATH=/home/drail/ros2_ws/install/ros2_data/local/lib/python3.10/dist-packages:${PYTHONPATH} /usr/bin/cmake --install /home/drail/ros2_ws/build/irb6640_ros2_moveit2
