[0mCMake Error: The current CMakeCache.txt directory /home/drail/changk2/school/ROB545/Grasping-Moving-Objects/ros2_ws/build/ros2_actions/CMakeCache.txt is different than the directory /home/drail/ros2_ws/build/ros2_actions where CMakeCache.txt was created. This may result in binaries being created in the wrong place. If you are not sure, reedit the CMakeCache.txt[0m
-- Found ament_cmake: 1.3.12 (/home/drail/ros2_humble/ros2-linux/share/ament_cmake/cmake)
-- Found ament_lint_auto: 0.12.14 (/home/drail/ros2_humble/ros2-linux/share/ament_lint_auto/cmake)
-- Found moveit_ros_planning_interface: 2.5.9 (/opt/ros/humble/share/moveit_ros_planning_interface/cmake)
-- Found Boost: /usr/lib/x86_64-linux-gnu/cmake/Boost-1.74.0/BoostConfig.cmake (found version "1.74.0") found components: date_time filesystem program_options system thread 
-- Found rosidl_generator_c: 3.1.7 (/home/drail/ros2_humble/ros2-linux/share/rosidl_generator_c/cmake)
-- Found rosidl_adapter: 3.1.7 (/home/drail/ros2_humble/ros2-linux/share/rosidl_adapter/cmake)
-- Found rosidl_generator_cpp: 3.1.7 (/home/drail/ros2_humble/ros2-linux/share/rosidl_generator_cpp/cmake)
-- Using all available rosidl_typesupport_c: rosidl_typesupport_fastrtps_c;rosidl_typesupport_introspection_c
-- Using all available rosidl_typesupport_cpp: rosidl_typesupport_fastrtps_cpp;rosidl_typesupport_introspection_cpp
-- Found Boost: /usr/lib/x86_64-linux-gnu/cmake/Boost-1.74.0/BoostConfig.cmake (found version "1.74.0") found components: chrono date_time filesystem iostreams program_options regex serialization system thread 
-- Found parameter_traits: 0.5.0 (/opt/ros/humble/share/parameter_traits/cmake)
-- Found rmw_implementation_cmake: 6.1.2 (/home/drail/ros2_humble/ros2-linux/share/rmw_implementation_cmake/cmake)
-- Found rmw_cyclonedds_cpp: 1.3.4 (/home/drail/ros2_humble/ros2-linux/share/rmw_cyclonedds_cpp/cmake)
-- Using RMW implementation 'rmw_cyclonedds_cpp' as default
-- Found rclcpp_lifecycle: 16.0.14 (/home/drail/ros2_humble/ros2-linux/share/rclcpp_lifecycle/cmake)
-- Found Boost: /usr/lib/x86_64-linux-gnu/cmake/Boost-1.74.0/BoostConfig.cmake (found version "1.74.0") found components: filesystem 
-- library: /usr/lib/x86_64-linux-gnu/libcurl.so
-- Ensuring Eigen3 include directory is part of orocos-kdl CMake target
-- Found Boost: /usr/lib/x86_64-linux-gnu/cmake/Boost-1.74.0/BoostConfig.cmake (found version "1.74.0") found components: system filesystem date_time program_options thread chrono 
-- Found Boost: /usr/lib/x86_64-linux-gnu/cmake/Boost-1.74.0/BoostConfig.cmake (found version "1.74.0") found components: thread system filesystem regex date_time program_options 
-- Found Boost: /usr/lib/x86_64-linux-gnu/cmake/Boost-1.74.0/BoostConfig.cmake (found version "1.74.0") found components: system filesystem date_time program_options thread 
-- Found ros2_data: 0.0.0 (/home/drail/ros2_ws/install/ros2_data/share/ros2_data/cmake)
-- Added test 'copyright' to check source files copyright and LICENSE
-- Added test 'cppcheck' to perform static code analysis on C / C++ code
-- Configured cppcheck include dirs: 
-- Configured cppcheck exclude dirs and/or files: 
-- Added test 'cpplint' to check C / C++ code against the Google style
-- Configured cpplint exclude dirs and/or files: 
-- Added test 'lint_cmake' to check CMake code style
-- Added test 'uncrustify' to check C / C++ code style
-- Configured uncrustify additional arguments: 
-- Added test 'xmllint' to check XML markup files
-- Configuring done
-- Generating done
-- Build files have been written to: /home/drail/ros2_ws/build/ros2_actions
[35m[1mConsolidate compiler generated dependencies of target moveJ_action[0m
[35m[1mConsolidate compiler generated dependencies of target moveG_action[0m
[35m[1mConsolidate compiler generated dependencies of target moveJs_action[0m
[35m[1mConsolidate compiler generated dependencies of target moveXYZW_action[0m
[35m[1mConsolidate compiler generated dependencies of target moveL_action[0m
[35m[1mConsolidate compiler generated dependencies of target moveR_action[0m
[35m[1mConsolidate compiler generated dependencies of target moveRs_action[0m
[35m[1mConsolidate compiler generated dependencies of target moveRP_action[0m
[35m[1mConsolidate compiler generated dependencies of target moveXYZ_action[0m
[35m[1mConsolidate compiler generated dependencies of target moveYPR_action[0m
[35m[1mConsolidate compiler generated dependencies of target moveROT_action[0m
[  9%] Built target moveJ_action
[ 27%] Built target moveL_action
[ 27%] Built target moveG_action
[ 36%] Built target moveJs_action
[ 54%] Built target moveXYZW_action
[ 54%] Built target moveR_action
[ 63%] Built target moveRs_action
[ 72%] Built target moveYPR_action
[ 81%] Built target moveRP_action
[ 95%] Built target moveROT_action
[100%] Built target moveXYZ_action
-- Install configuration: ""
-- Up-to-date: /home/drail/ros2_ws/install/ros2_actions/lib/ros2_actions/moveJ_action
-- Up-to-date: /home/drail/ros2_ws/install/ros2_actions/lib/ros2_actions/moveJs_action
-- Up-to-date: /home/drail/ros2_ws/install/ros2_actions/lib/ros2_actions/moveG_action
-- Up-to-date: /home/drail/ros2_ws/install/ros2_actions/lib/ros2_actions/moveXYZW_action
-- Up-to-date: /home/drail/ros2_ws/install/ros2_actions/lib/ros2_actions/moveL_action
-- Up-to-date: /home/drail/ros2_ws/install/ros2_actions/lib/ros2_actions/moveR_action
-- Up-to-date: /home/drail/ros2_ws/install/ros2_actions/lib/ros2_actions/moveRs_action
-- Up-to-date: /home/drail/ros2_ws/install/ros2_actions/lib/ros2_actions/moveXYZ_action
-- Up-to-date: /home/drail/ros2_ws/install/ros2_actions/lib/ros2_actions/moveYPR_action
-- Up-to-date: /home/drail/ros2_ws/install/ros2_actions/lib/ros2_actions/moveROT_action
-- Up-to-date: /home/drail/ros2_ws/install/ros2_actions/lib/ros2_actions/moveRP_action
-- Up-to-date: /home/drail/ros2_ws/install/ros2_actions/share/ament_index/resource_index/package_run_dependencies/ros2_actions
-- Installing: /home/drail/ros2_ws/install/ros2_actions/share/ament_index/resource_index/parent_prefix_path/ros2_actions
-- Up-to-date: /home/drail/ros2_ws/install/ros2_actions/share/ros2_actions/environment/ament_prefix_path.sh
-- Installing: /home/drail/ros2_ws/install/ros2_actions/share/ros2_actions/environment/ament_prefix_path.dsv
-- Up-to-date: /home/drail/ros2_ws/install/ros2_actions/share/ros2_actions/environment/path.sh
-- Installing: /home/drail/ros2_ws/install/ros2_actions/share/ros2_actions/environment/path.dsv
-- Up-to-date: /home/drail/ros2_ws/install/ros2_actions/share/ros2_actions/local_setup.bash
-- Up-to-date: /home/drail/ros2_ws/install/ros2_actions/share/ros2_actions/local_setup.sh
-- Up-to-date: /home/drail/ros2_ws/install/ros2_actions/share/ros2_actions/local_setup.zsh
-- Installing: /home/drail/ros2_ws/install/ros2_actions/share/ros2_actions/local_setup.dsv
-- Installing: /home/drail/ros2_ws/install/ros2_actions/share/ros2_actions/package.dsv
-- Up-to-date: /home/drail/ros2_ws/install/ros2_actions/share/ament_index/resource_index/packages/ros2_actions
-- Up-to-date: /home/drail/ros2_ws/install/ros2_actions/share/ros2_actions/cmake/ros2_actionsConfig.cmake
-- Up-to-date: /home/drail/ros2_ws/install/ros2_actions/share/ros2_actions/cmake/ros2_actionsConfig-version.cmake
-- Up-to-date: /home/drail/ros2_ws/install/ros2_actions/share/ros2_actions/package.xml
