[0.050s] Invoking command in '/home/drail/changk2/school/ROB545/Grasping-Moving-Objects/ros2_ws/build/ros2_actions': CMAKE_PREFIX_PATH=/home/drail/changk2/school/ROB545/Grasping-Moving-Objects/ros2_ws/install/ros2_data:/home/drail/changk2/school/ROB545/Grasping-Moving-Objects/ros2_ws/install/ur5_ros2_moveit2:/home/drail/changk2/school/ROB545/Grasping-Moving-Objects/ros2_ws/install/ur5_ros2_gazebo:/home/drail/changk2/school/ROB545/Grasping-Moving-Objects/ros2_ws/install/ur3_ros2_moveit2:/home/drail/changk2/school/ROB545/Grasping-Moving-Objects/ros2_ws/install/ur3_ros2_gazebo:/home/drail/changk2/school/ROB545/Grasping-Moving-Objects/ros2_ws/install/ur10_ros2_moveit2:/home/drail/changk2/school/ROB545/Grasping-Moving-Objects/ros2_ws/install/ur10_ros2_gazebo:/home/drail/changk2/school/ROB545/Grasping-Moving-Objects/ros2_ws/install/turtlesim:/home/drail/changk2/school/ROB545/Grasping-Moving-Objects/ros2_ws/install/ros2_grasping:/home/drail/changk2/school/ROB545/Grasping-Moving-Objects/ros2_ws/install/ros2_execution:/home/drail/changk2/school/ROB545/Grasping-Moving-Objects/ros2_ws/install/ros2_actions:/home/drail/changk2/school/ROB545/Grasping-Moving-Objects/ros2_ws/install/panda_ros2_moveit2:/home/drail/changk2/school/ROB545/Grasping-Moving-Objects/ros2_ws/install/irb6640_ros2_moveit2:/home/drail/changk2/school/ROB545/Grasping-Moving-Objects/ros2_ws/install/irb120_ros2_moveit2:/home/drail/changk2/school/ROB545/Grasping-Moving-Objects/ros2_ws/install/irb1200_ros2_moveit2:/home/drail/changk2/school/ROB545/Grasping-Moving-Objects/ros2_ws/install/iiwa_ros2_moveit2:/home/drail/changk2/school/ROB545/Grasping-Moving-Objects/ros2_ws/install/cr35ia_ros2_moveit2:/home/drail/changk2/school/ROB545/Grasping-Moving-Objects/ros2_ws/install/panda_ros2_gazebo:/home/drail/changk2/school/ROB545/Grasping-Moving-Objects/ros2_ws/install/irb6640_ros2_gazebo:/home/drail/changk2/school/ROB545/Grasping-Moving-Objects/ros2_ws/install/irb120_ros2_gazebo:/home/drail/changk2/school/ROB545/Grasping-Moving-Objects/ros2_ws/install/irb1200_ros2_gazebo:/home/drail/changk2/school/ROB545/Grasping-Moving-Objects/ros2_ws/install/iiwa_ros2_gazebo:/home/drail/changk2/school/ROB545/Grasping-Moving-Objects/ros2_ws/install/cr35ia_ros2_gazebo:/home/drail/ros2_ws/install/turtlesim:/home/drail/ros2_humble/ros2-linux:/home/drail/ros2_ws/install/ur5_ros2_moveit2:/home/drail/ros2_ws/install/ur5_ros2_gazebo:/home/drail/ros2_ws/install/ur3_ros2_moveit2:/home/drail/ros2_ws/install/ur3_ros2_gazebo:/home/drail/ros2_ws/install/ur10_ros2_moveit2:/home/drail/ros2_ws/install/ur10_ros2_gazebo:/home/drail/ros2_ws/install/ros2_grasping:/home/drail/ros2_ws/install/ros2_execution:/home/drail/ros2_ws/install/ros2_actions:/home/drail/ros2_ws/install/panda_ros2_moveit2:/home/drail/ros2_ws/install/irb6640_ros2_moveit2:/home/drail/ros2_ws/install/irb120_ros2_moveit2:/home/drail/ros2_ws/install/irb1200_ros2_moveit2:/home/drail/ros2_ws/install/iiwa_ros2_moveit2:/home/drail/ros2_ws/install/cr35ia_ros2_moveit2:/home/drail/ros2_ws/install/ros2_data:/home/drail/ros2_ws/install/panda_ros2_gazebo:/home/drail/ros2_ws/install/irb6640_ros2_gazebo:/home/drail/ros2_ws/install/irb120_ros2_gazebo:/home/drail/ros2_ws/install/irb1200_ros2_gazebo:/home/drail/ros2_ws/install/iiwa_ros2_gazebo:/home/drail/ros2_ws/install/cr35ia_ros2_gazebo:/opt/ros/humble LD_LIBRARY_PATH=/home/drail/changk2/school/ROB545/Grasping-Moving-Objects/ros2_ws/install/ros2_data/lib:/home/drail/changk2/school/ROB545/Grasping-Moving-Objects/ros2_ws/install/turtlesim/lib:/home/drail/changk2/school/ROB545/Grasping-Moving-Objects/ros2_ws/install/ros2_grasping/lib:/home/drail/ros2_ws/install/ros2_grasping/lib:/home/drail/ros2_ws/install/ros2_data/lib:/home/drail/ros2_ws/install/turtlesim/lib:/usr/lib/x86_64-linux-gnu/gazebo-11/plugins:/opt/ros/humble/opt/rviz_ogre_vendor/lib:/opt/ros/humble/lib/x86_64-linux-gnu:/opt/ros/humble/lib:/home/drail/ros2_humble/ros2-linux/opt/rviz_ogre_vendor/lib:/home/drail/ros2_humble/ros2-linux/lib:/usr/local/cuda-12.9/lib64 /usr/bin/cmake --build /home/drail/changk2/school/ROB545/Grasping-Moving-Objects/ros2_ws/build/ros2_actions -- -j24 -l24
[0.060s] [0mCMake Error: The current CMakeCache.txt directory /home/drail/changk2/school/ROB545/Grasping-Moving-Objects/ros2_ws/build/ros2_actions/CMakeCache.txt is different than the directory /home/drail/ros2_ws/build/ros2_actions where CMakeCache.txt was created. This may result in binaries being created in the wrong place. If you are not sure, reedit the CMakeCache.txt[0m
[0.079s] -- Found ament_cmake: 1.3.12 (/home/drail/ros2_humble/ros2-linux/share/ament_cmake/cmake)
[0.186s] -- Found ament_lint_auto: 0.12.14 (/home/drail/ros2_humble/ros2-linux/share/ament_lint_auto/cmake)
[0.248s] -- Found moveit_ros_planning_interface: 2.5.9 (/opt/ros/humble/share/moveit_ros_planning_interface/cmake)
[0.261s] -- Found Boost: /usr/lib/x86_64-linux-gnu/cmake/Boost-1.74.0/BoostConfig.cmake (found version "1.74.0") found components: date_time filesystem program_options system thread 
[0.288s] -- Found rosidl_generator_c: 3.1.7 (/home/drail/ros2_humble/ros2-linux/share/rosidl_generator_c/cmake)
[0.290s] -- Found rosidl_adapter: 3.1.7 (/home/drail/ros2_humble/ros2-linux/share/rosidl_adapter/cmake)
[0.295s] -- Found rosidl_generator_cpp: 3.1.7 (/home/drail/ros2_humble/ros2-linux/share/rosidl_generator_cpp/cmake)
[0.304s] -- Using all available rosidl_typesupport_c: rosidl_typesupport_fastrtps_c;rosidl_typesupport_introspection_c
[0.313s] -- Using all available rosidl_typesupport_cpp: rosidl_typesupport_fastrtps_cpp;rosidl_typesupport_introspection_cpp
[0.449s] -- Found Boost: /usr/lib/x86_64-linux-gnu/cmake/Boost-1.74.0/BoostConfig.cmake (found version "1.74.0") found components: chrono date_time filesystem iostreams program_options regex serialization system thread 
[0.474s] -- Found parameter_traits: 0.5.0 (/opt/ros/humble/share/parameter_traits/cmake)
[0.495s] -- Found rmw_implementation_cmake: 6.1.2 (/home/drail/ros2_humble/ros2-linux/share/rmw_implementation_cmake/cmake)
[0.497s] -- Found rmw_cyclonedds_cpp: 1.3.4 (/home/drail/ros2_humble/ros2-linux/share/rmw_cyclonedds_cpp/cmake)
[0.512s] -- Using RMW implementation 'rmw_cyclonedds_cpp' as default
[0.543s] -- Found rclcpp_lifecycle: 16.0.14 (/home/drail/ros2_humble/ros2-linux/share/rclcpp_lifecycle/cmake)
[0.559s] -- Found Boost: /usr/lib/x86_64-linux-gnu/cmake/Boost-1.74.0/BoostConfig.cmake (found version "1.74.0") found components: filesystem 
[0.595s] -- library: /usr/lib/x86_64-linux-gnu/libcurl.so
[0.632s] -- Ensuring Eigen3 include directory is part of orocos-kdl CMake target
[0.718s] -- Found Boost: /usr/lib/x86_64-linux-gnu/cmake/Boost-1.74.0/BoostConfig.cmake (found version "1.74.0") found components: system filesystem date_time program_options thread chrono 
[0.738s] -- Found Boost: /usr/lib/x86_64-linux-gnu/cmake/Boost-1.74.0/BoostConfig.cmake (found version "1.74.0") found components: thread system filesystem regex date_time program_options 
[0.758s] -- Found Boost: /usr/lib/x86_64-linux-gnu/cmake/Boost-1.74.0/BoostConfig.cmake (found version "1.74.0") found components: system filesystem date_time program_options thread 
[0.777s] -- Found ros2_data: 0.0.0 (/home/drail/ros2_ws/install/ros2_data/share/ros2_data/cmake)
[0.840s] -- Added test 'copyright' to check source files copyright and LICENSE
[0.841s] -- Added test 'cppcheck' to perform static code analysis on C / C++ code
[0.841s] -- Configured cppcheck include dirs: 
[0.841s] -- Configured cppcheck exclude dirs and/or files: 
[0.842s] -- Added test 'cpplint' to check C / C++ code against the Google style
[0.842s] -- Configured cpplint exclude dirs and/or files: 
[0.842s] -- Added test 'lint_cmake' to check CMake code style
[0.843s] -- Added test 'uncrustify' to check C / C++ code style
[0.843s] -- Configured uncrustify additional arguments: 
[0.843s] -- Added test 'xmllint' to check XML markup files
[0.844s] -- Configuring done
[0.952s] -- Generating done
[0.982s] -- Build files have been written to: /home/drail/ros2_ws/build/ros2_actions
[1.013s] [35m[1mConsolidate compiler generated dependencies of target moveJ_action[0m
[1.014s] [35m[1mConsolidate compiler generated dependencies of target moveG_action[0m
[1.014s] [35m[1mConsolidate compiler generated dependencies of target moveJs_action[0m
[1.014s] [35m[1mConsolidate compiler generated dependencies of target moveXYZW_action[0m
[1.014s] [35m[1mConsolidate compiler generated dependencies of target moveL_action[0m
[1.014s] [35m[1mConsolidate compiler generated dependencies of target moveR_action[0m
[1.014s] [35m[1mConsolidate compiler generated dependencies of target moveRs_action[0m
[1.015s] [35m[1mConsolidate compiler generated dependencies of target moveRP_action[0m
[1.015s] [35m[1mConsolidate compiler generated dependencies of target moveXYZ_action[0m
[1.015s] [35m[1mConsolidate compiler generated dependencies of target moveYPR_action[0m
[1.015s] [35m[1mConsolidate compiler generated dependencies of target moveROT_action[0m
[1.029s] [  9%] Built target moveJ_action
[1.029s] [ 27%] Built target moveL_action
[1.029s] [ 27%] Built target moveG_action
[1.030s] [ 36%] Built target moveJs_action
[1.030s] [ 54%] Built target moveXYZW_action
[1.030s] [ 54%] Built target moveR_action
[1.030s] [ 63%] Built target moveRs_action
[1.030s] [ 72%] Built target moveYPR_action
[1.031s] [ 81%] Built target moveRP_action
[1.031s] [ 95%] Built target moveROT_action
[1.031s] [100%] Built target moveXYZ_action
[1.041s] Invoked command in '/home/drail/changk2/school/ROB545/Grasping-Moving-Objects/ros2_ws/build/ros2_actions' returned '0': CMAKE_PREFIX_PATH=/home/drail/changk2/school/ROB545/Grasping-Moving-Objects/ros2_ws/install/ros2_data:/home/drail/changk2/school/ROB545/Grasping-Moving-Objects/ros2_ws/install/ur5_ros2_moveit2:/home/drail/changk2/school/ROB545/Grasping-Moving-Objects/ros2_ws/install/ur5_ros2_gazebo:/home/drail/changk2/school/ROB545/Grasping-Moving-Objects/ros2_ws/install/ur3_ros2_moveit2:/home/drail/changk2/school/ROB545/Grasping-Moving-Objects/ros2_ws/install/ur3_ros2_gazebo:/home/drail/changk2/school/ROB545/Grasping-Moving-Objects/ros2_ws/install/ur10_ros2_moveit2:/home/drail/changk2/school/ROB545/Grasping-Moving-Objects/ros2_ws/install/ur10_ros2_gazebo:/home/drail/changk2/school/ROB545/Grasping-Moving-Objects/ros2_ws/install/turtlesim:/home/drail/changk2/school/ROB545/Grasping-Moving-Objects/ros2_ws/install/ros2_grasping:/home/drail/changk2/school/ROB545/Grasping-Moving-Objects/ros2_ws/install/ros2_execution:/home/drail/changk2/school/ROB545/Grasping-Moving-Objects/ros2_ws/install/ros2_actions:/home/drail/changk2/school/ROB545/Grasping-Moving-Objects/ros2_ws/install/panda_ros2_moveit2:/home/drail/changk2/school/ROB545/Grasping-Moving-Objects/ros2_ws/install/irb6640_ros2_moveit2:/home/drail/changk2/school/ROB545/Grasping-Moving-Objects/ros2_ws/install/irb120_ros2_moveit2:/home/drail/changk2/school/ROB545/Grasping-Moving-Objects/ros2_ws/install/irb1200_ros2_moveit2:/home/drail/changk2/school/ROB545/Grasping-Moving-Objects/ros2_ws/install/iiwa_ros2_moveit2:/home/drail/changk2/school/ROB545/Grasping-Moving-Objects/ros2_ws/install/cr35ia_ros2_moveit2:/home/drail/changk2/school/ROB545/Grasping-Moving-Objects/ros2_ws/install/panda_ros2_gazebo:/home/drail/changk2/school/ROB545/Grasping-Moving-Objects/ros2_ws/install/irb6640_ros2_gazebo:/home/drail/changk2/school/ROB545/Grasping-Moving-Objects/ros2_ws/install/irb120_ros2_gazebo:/home/drail/changk2/school/ROB545/Grasping-Moving-Objects/ros2_ws/install/irb1200_ros2_gazebo:/home/drail/changk2/school/ROB545/Grasping-Moving-Objects/ros2_ws/install/iiwa_ros2_gazebo:/home/drail/changk2/school/ROB545/Grasping-Moving-Objects/ros2_ws/install/cr35ia_ros2_gazebo:/home/drail/ros2_ws/install/turtlesim:/home/drail/ros2_humble/ros2-linux:/home/drail/ros2_ws/install/ur5_ros2_moveit2:/home/drail/ros2_ws/install/ur5_ros2_gazebo:/home/drail/ros2_ws/install/ur3_ros2_moveit2:/home/drail/ros2_ws/install/ur3_ros2_gazebo:/home/drail/ros2_ws/install/ur10_ros2_moveit2:/home/drail/ros2_ws/install/ur10_ros2_gazebo:/home/drail/ros2_ws/install/ros2_grasping:/home/drail/ros2_ws/install/ros2_execution:/home/drail/ros2_ws/install/ros2_actions:/home/drail/ros2_ws/install/panda_ros2_moveit2:/home/drail/ros2_ws/install/irb6640_ros2_moveit2:/home/drail/ros2_ws/install/irb120_ros2_moveit2:/home/drail/ros2_ws/install/irb1200_ros2_moveit2:/home/drail/ros2_ws/install/iiwa_ros2_moveit2:/home/drail/ros2_ws/install/cr35ia_ros2_moveit2:/home/drail/ros2_ws/install/ros2_data:/home/drail/ros2_ws/install/panda_ros2_gazebo:/home/drail/ros2_ws/install/irb6640_ros2_gazebo:/home/drail/ros2_ws/install/irb120_ros2_gazebo:/home/drail/ros2_ws/install/irb1200_ros2_gazebo:/home/drail/ros2_ws/install/iiwa_ros2_gazebo:/home/drail/ros2_ws/install/cr35ia_ros2_gazebo:/opt/ros/humble LD_LIBRARY_PATH=/home/drail/changk2/school/ROB545/Grasping-Moving-Objects/ros2_ws/install/ros2_data/lib:/home/drail/changk2/school/ROB545/Grasping-Moving-Objects/ros2_ws/install/turtlesim/lib:/home/drail/changk2/school/ROB545/Grasping-Moving-Objects/ros2_ws/install/ros2_grasping/lib:/home/drail/ros2_ws/install/ros2_grasping/lib:/home/drail/ros2_ws/install/ros2_data/lib:/home/drail/ros2_ws/install/turtlesim/lib:/usr/lib/x86_64-linux-gnu/gazebo-11/plugins:/opt/ros/humble/opt/rviz_ogre_vendor/lib:/opt/ros/humble/lib/x86_64-linux-gnu:/opt/ros/humble/lib:/home/drail/ros2_humble/ros2-linux/opt/rviz_ogre_vendor/lib:/home/drail/ros2_humble/ros2-linux/lib:/usr/local/cuda-12.9/lib64 /usr/bin/cmake --build /home/drail/changk2/school/ROB545/Grasping-Moving-Objects/ros2_ws/build/ros2_actions -- -j24 -l24
[1.042s] Invoking command in '/home/drail/changk2/school/ROB545/Grasping-Moving-Objects/ros2_ws/build/ros2_actions': CMAKE_PREFIX_PATH=/home/drail/changk2/school/ROB545/Grasping-Moving-Objects/ros2_ws/install/ros2_data:/home/drail/changk2/school/ROB545/Grasping-Moving-Objects/ros2_ws/install/ur5_ros2_moveit2:/home/drail/changk2/school/ROB545/Grasping-Moving-Objects/ros2_ws/install/ur5_ros2_gazebo:/home/drail/changk2/school/ROB545/Grasping-Moving-Objects/ros2_ws/install/ur3_ros2_moveit2:/home/drail/changk2/school/ROB545/Grasping-Moving-Objects/ros2_ws/install/ur3_ros2_gazebo:/home/drail/changk2/school/ROB545/Grasping-Moving-Objects/ros2_ws/install/ur10_ros2_moveit2:/home/drail/changk2/school/ROB545/Grasping-Moving-Objects/ros2_ws/install/ur10_ros2_gazebo:/home/drail/changk2/school/ROB545/Grasping-Moving-Objects/ros2_ws/install/turtlesim:/home/drail/changk2/school/ROB545/Grasping-Moving-Objects/ros2_ws/install/ros2_grasping:/home/drail/changk2/school/ROB545/Grasping-Moving-Objects/ros2_ws/install/ros2_execution:/home/drail/changk2/school/ROB545/Grasping-Moving-Objects/ros2_ws/install/ros2_actions:/home/drail/changk2/school/ROB545/Grasping-Moving-Objects/ros2_ws/install/panda_ros2_moveit2:/home/drail/changk2/school/ROB545/Grasping-Moving-Objects/ros2_ws/install/irb6640_ros2_moveit2:/home/drail/changk2/school/ROB545/Grasping-Moving-Objects/ros2_ws/install/irb120_ros2_moveit2:/home/drail/changk2/school/ROB545/Grasping-Moving-Objects/ros2_ws/install/irb1200_ros2_moveit2:/home/drail/changk2/school/ROB545/Grasping-Moving-Objects/ros2_ws/install/iiwa_ros2_moveit2:/home/drail/changk2/school/ROB545/Grasping-Moving-Objects/ros2_ws/install/cr35ia_ros2_moveit2:/home/drail/changk2/school/ROB545/Grasping-Moving-Objects/ros2_ws/install/panda_ros2_gazebo:/home/drail/changk2/school/ROB545/Grasping-Moving-Objects/ros2_ws/install/irb6640_ros2_gazebo:/home/drail/changk2/school/ROB545/Grasping-Moving-Objects/ros2_ws/install/irb120_ros2_gazebo:/home/drail/changk2/school/ROB545/Grasping-Moving-Objects/ros2_ws/install/irb1200_ros2_gazebo:/home/drail/changk2/school/ROB545/Grasping-Moving-Objects/ros2_ws/install/iiwa_ros2_gazebo:/home/drail/changk2/school/ROB545/Grasping-Moving-Objects/ros2_ws/install/cr35ia_ros2_gazebo:/home/drail/ros2_ws/install/turtlesim:/home/drail/ros2_humble/ros2-linux:/home/drail/ros2_ws/install/ur5_ros2_moveit2:/home/drail/ros2_ws/install/ur5_ros2_gazebo:/home/drail/ros2_ws/install/ur3_ros2_moveit2:/home/drail/ros2_ws/install/ur3_ros2_gazebo:/home/drail/ros2_ws/install/ur10_ros2_moveit2:/home/drail/ros2_ws/install/ur10_ros2_gazebo:/home/drail/ros2_ws/install/ros2_grasping:/home/drail/ros2_ws/install/ros2_execution:/home/drail/ros2_ws/install/ros2_actions:/home/drail/ros2_ws/install/panda_ros2_moveit2:/home/drail/ros2_ws/install/irb6640_ros2_moveit2:/home/drail/ros2_ws/install/irb120_ros2_moveit2:/home/drail/ros2_ws/install/irb1200_ros2_moveit2:/home/drail/ros2_ws/install/iiwa_ros2_moveit2:/home/drail/ros2_ws/install/cr35ia_ros2_moveit2:/home/drail/ros2_ws/install/ros2_data:/home/drail/ros2_ws/install/panda_ros2_gazebo:/home/drail/ros2_ws/install/irb6640_ros2_gazebo:/home/drail/ros2_ws/install/irb120_ros2_gazebo:/home/drail/ros2_ws/install/irb1200_ros2_gazebo:/home/drail/ros2_ws/install/iiwa_ros2_gazebo:/home/drail/ros2_ws/install/cr35ia_ros2_gazebo:/opt/ros/humble LD_LIBRARY_PATH=/home/drail/changk2/school/ROB545/Grasping-Moving-Objects/ros2_ws/install/ros2_data/lib:/home/drail/changk2/school/ROB545/Grasping-Moving-Objects/ros2_ws/install/turtlesim/lib:/home/drail/changk2/school/ROB545/Grasping-Moving-Objects/ros2_ws/install/ros2_grasping/lib:/home/drail/ros2_ws/install/ros2_grasping/lib:/home/drail/ros2_ws/install/ros2_data/lib:/home/drail/ros2_ws/install/turtlesim/lib:/usr/lib/x86_64-linux-gnu/gazebo-11/plugins:/opt/ros/humble/opt/rviz_ogre_vendor/lib:/opt/ros/humble/lib/x86_64-linux-gnu:/opt/ros/humble/lib:/home/drail/ros2_humble/ros2-linux/opt/rviz_ogre_vendor/lib:/home/drail/ros2_humble/ros2-linux/lib:/usr/local/cuda-12.9/lib64 /usr/bin/cmake --install /home/drail/changk2/school/ROB545/Grasping-Moving-Objects/ros2_ws/build/ros2_actions
[1.048s] -- Install configuration: ""
[1.048s] -- Up-to-date: /home/drail/ros2_ws/install/ros2_actions/lib/ros2_actions/moveJ_action
[1.048s] -- Up-to-date: /home/drail/ros2_ws/install/ros2_actions/lib/ros2_actions/moveJs_action
[1.049s] -- Up-to-date: /home/drail/ros2_ws/install/ros2_actions/lib/ros2_actions/moveG_action
[1.049s] -- Up-to-date: /home/drail/ros2_ws/install/ros2_actions/lib/ros2_actions/moveXYZW_action
[1.049s] -- Up-to-date: /home/drail/ros2_ws/install/ros2_actions/lib/ros2_actions/moveL_action
[1.049s] -- Up-to-date: /home/drail/ros2_ws/install/ros2_actions/lib/ros2_actions/moveR_action
[1.049s] -- Up-to-date: /home/drail/ros2_ws/install/ros2_actions/lib/ros2_actions/moveRs_action
[1.050s] -- Up-to-date: /home/drail/ros2_ws/install/ros2_actions/lib/ros2_actions/moveXYZ_action
[1.050s] -- Up-to-date: /home/drail/ros2_ws/install/ros2_actions/lib/ros2_actions/moveYPR_action
[1.050s] -- Up-to-date: /home/drail/ros2_ws/install/ros2_actions/lib/ros2_actions/moveROT_action
[1.050s] -- Up-to-date: /home/drail/ros2_ws/install/ros2_actions/lib/ros2_actions/moveRP_action
[1.050s] -- Up-to-date: /home/drail/ros2_ws/install/ros2_actions/share/ament_index/resource_index/package_run_dependencies/ros2_actions
[1.050s] -- Installing: /home/drail/ros2_ws/install/ros2_actions/share/ament_index/resource_index/parent_prefix_path/ros2_actions
[1.051s] -- Up-to-date: /home/drail/ros2_ws/install/ros2_actions/share/ros2_actions/environment/ament_prefix_path.sh
[1.051s] -- Installing: /home/drail/ros2_ws/install/ros2_actions/share/ros2_actions/environment/ament_prefix_path.dsv
[1.051s] -- Up-to-date: /home/drail/ros2_ws/install/ros2_actions/share/ros2_actions/environment/path.sh
[1.051s] -- Installing: /home/drail/ros2_ws/install/ros2_actions/share/ros2_actions/environment/path.dsv
[1.051s] -- Up-to-date: /home/drail/ros2_ws/install/ros2_actions/share/ros2_actions/local_setup.bash
[1.051s] -- Up-to-date: /home/drail/ros2_ws/install/ros2_actions/share/ros2_actions/local_setup.sh
[1.051s] -- Up-to-date: /home/drail/ros2_ws/install/ros2_actions/share/ros2_actions/local_setup.zsh
[1.051s] -- Installing: /home/drail/ros2_ws/install/ros2_actions/share/ros2_actions/local_setup.dsv
[1.051s] -- Installing: /home/drail/ros2_ws/install/ros2_actions/share/ros2_actions/package.dsv
[1.051s] -- Up-to-date: /home/drail/ros2_ws/install/ros2_actions/share/ament_index/resource_index/packages/ros2_actions
[1.051s] -- Up-to-date: /home/drail/ros2_ws/install/ros2_actions/share/ros2_actions/cmake/ros2_actionsConfig.cmake
[1.051s] -- Up-to-date: /home/drail/ros2_ws/install/ros2_actions/share/ros2_actions/cmake/ros2_actionsConfig-version.cmake
[1.051s] -- Up-to-date: /home/drail/ros2_ws/install/ros2_actions/share/ros2_actions/package.xml
[1.053s] Invoked command in '/home/drail/changk2/school/ROB545/Grasping-Moving-Objects/ros2_ws/build/ros2_actions' returned '0': CMAKE_PREFIX_PATH=/home/drail/changk2/school/ROB545/Grasping-Moving-Objects/ros2_ws/install/ros2_data:/home/drail/changk2/school/ROB545/Grasping-Moving-Objects/ros2_ws/install/ur5_ros2_moveit2:/home/drail/changk2/school/ROB545/Grasping-Moving-Objects/ros2_ws/install/ur5_ros2_gazebo:/home/drail/changk2/school/ROB545/Grasping-Moving-Objects/ros2_ws/install/ur3_ros2_moveit2:/home/drail/changk2/school/ROB545/Grasping-Moving-Objects/ros2_ws/install/ur3_ros2_gazebo:/home/drail/changk2/school/ROB545/Grasping-Moving-Objects/ros2_ws/install/ur10_ros2_moveit2:/home/drail/changk2/school/ROB545/Grasping-Moving-Objects/ros2_ws/install/ur10_ros2_gazebo:/home/drail/changk2/school/ROB545/Grasping-Moving-Objects/ros2_ws/install/turtlesim:/home/drail/changk2/school/ROB545/Grasping-Moving-Objects/ros2_ws/install/ros2_grasping:/home/drail/changk2/school/ROB545/Grasping-Moving-Objects/ros2_ws/install/ros2_execution:/home/drail/changk2/school/ROB545/Grasping-Moving-Objects/ros2_ws/install/ros2_actions:/home/drail/changk2/school/ROB545/Grasping-Moving-Objects/ros2_ws/install/panda_ros2_moveit2:/home/drail/changk2/school/ROB545/Grasping-Moving-Objects/ros2_ws/install/irb6640_ros2_moveit2:/home/drail/changk2/school/ROB545/Grasping-Moving-Objects/ros2_ws/install/irb120_ros2_moveit2:/home/drail/changk2/school/ROB545/Grasping-Moving-Objects/ros2_ws/install/irb1200_ros2_moveit2:/home/drail/changk2/school/ROB545/Grasping-Moving-Objects/ros2_ws/install/iiwa_ros2_moveit2:/home/drail/changk2/school/ROB545/Grasping-Moving-Objects/ros2_ws/install/cr35ia_ros2_moveit2:/home/drail/changk2/school/ROB545/Grasping-Moving-Objects/ros2_ws/install/panda_ros2_gazebo:/home/drail/changk2/school/ROB545/Grasping-Moving-Objects/ros2_ws/install/irb6640_ros2_gazebo:/home/drail/changk2/school/ROB545/Grasping-Moving-Objects/ros2_ws/install/irb120_ros2_gazebo:/home/drail/changk2/school/ROB545/Grasping-Moving-Objects/ros2_ws/install/irb1200_ros2_gazebo:/home/drail/changk2/school/ROB545/Grasping-Moving-Objects/ros2_ws/install/iiwa_ros2_gazebo:/home/drail/changk2/school/ROB545/Grasping-Moving-Objects/ros2_ws/install/cr35ia_ros2_gazebo:/home/drail/ros2_ws/install/turtlesim:/home/drail/ros2_humble/ros2-linux:/home/drail/ros2_ws/install/ur5_ros2_moveit2:/home/drail/ros2_ws/install/ur5_ros2_gazebo:/home/drail/ros2_ws/install/ur3_ros2_moveit2:/home/drail/ros2_ws/install/ur3_ros2_gazebo:/home/drail/ros2_ws/install/ur10_ros2_moveit2:/home/drail/ros2_ws/install/ur10_ros2_gazebo:/home/drail/ros2_ws/install/ros2_grasping:/home/drail/ros2_ws/install/ros2_execution:/home/drail/ros2_ws/install/ros2_actions:/home/drail/ros2_ws/install/panda_ros2_moveit2:/home/drail/ros2_ws/install/irb6640_ros2_moveit2:/home/drail/ros2_ws/install/irb120_ros2_moveit2:/home/drail/ros2_ws/install/irb1200_ros2_moveit2:/home/drail/ros2_ws/install/iiwa_ros2_moveit2:/home/drail/ros2_ws/install/cr35ia_ros2_moveit2:/home/drail/ros2_ws/install/ros2_data:/home/drail/ros2_ws/install/panda_ros2_gazebo:/home/drail/ros2_ws/install/irb6640_ros2_gazebo:/home/drail/ros2_ws/install/irb120_ros2_gazebo:/home/drail/ros2_ws/install/irb1200_ros2_gazebo:/home/drail/ros2_ws/install/iiwa_ros2_gazebo:/home/drail/ros2_ws/install/cr35ia_ros2_gazebo:/opt/ros/humble LD_LIBRARY_PATH=/home/drail/changk2/school/ROB545/Grasping-Moving-Objects/ros2_ws/install/ros2_data/lib:/home/drail/changk2/school/ROB545/Grasping-Moving-Objects/ros2_ws/install/turtlesim/lib:/home/drail/changk2/school/ROB545/Grasping-Moving-Objects/ros2_ws/install/ros2_grasping/lib:/home/drail/ros2_ws/install/ros2_grasping/lib:/home/drail/ros2_ws/install/ros2_data/lib:/home/drail/ros2_ws/install/turtlesim/lib:/usr/lib/x86_64-linux-gnu/gazebo-11/plugins:/opt/ros/humble/opt/rviz_ogre_vendor/lib:/opt/ros/humble/lib/x86_64-linux-gnu:/opt/ros/humble/lib:/home/drail/ros2_humble/ros2-linux/opt/rviz_ogre_vendor/lib:/home/drail/ros2_humble/ros2-linux/lib:/usr/local/cuda-12.9/lib64 /usr/bin/cmake --install /home/drail/changk2/school/ROB545/Grasping-Moving-Objects/ros2_ws/build/ros2_actions
