[0.045s] Invoking command in '/home/drail/changk2/school/ROB545/Grasping-Moving-Objects/ros2_ws/build/ros2_grasping': CMAKE_PREFIX_PATH=${CMAKE_PREFIX_PATH}:/opt/ros/humble /usr/bin/cmake --build /home/drail/changk2/school/ROB545/Grasping-Moving-Objects/ros2_ws/build/ros2_grasping -- -j24 -l24
[0.054s] [0mCMake Error: The current CMakeCache.txt directory /home/drail/changk2/school/ROB545/Grasping-Moving-Objects/ros2_ws/build/ros2_grasping/CMakeCache.txt is different than the directory /home/drail/ros2_ws/build/ros2_grasping where CMakeCache.txt was created. This may result in binaries being created in the wrong place. If you are not sure, reedit the CMakeCache.txt[0m
[0.065s] -- Found ament_cmake: 1.3.12 (/home/drail/ros2_humble/ros2-linux/share/ament_cmake/cmake)
[0.161s] -- Found ament_lint_auto: 0.12.14 (/home/drail/ros2_humble/ros2-linux/share/ament_lint_auto/cmake)
[0.212s] -- Found rosidl_default_generators: 1.2.0 (/home/drail/ros2_humble/ros2-linux/share/rosidl_default_generators/cmake)
[0.213s] -- Using all available rosidl_typesupport_c: rosidl_typesupport_fastrtps_c;rosidl_typesupport_introspection_c
[0.215s] -- Found rosidl_adapter: 3.1.7 (/home/drail/ros2_humble/ros2-linux/share/rosidl_adapter/cmake)
[0.239s] -- Using all available rosidl_typesupport_cpp: rosidl_typesupport_fastrtps_cpp;rosidl_typesupport_introspection_cpp
[0.436s] -- Found ament_cmake_ros: 0.10.0 (/home/drail/ros2_humble/ros2-linux/share/ament_cmake_ros/cmake)
[0.587s] -- Using all available rosidl_typesupport_c: rosidl_typesupport_fastrtps_c;rosidl_typesupport_introspection_c
[0.801s] -- Using all available rosidl_typesupport_cpp: rosidl_typesupport_fastrtps_cpp;rosidl_typesupport_introspection_cpp
[0.818s] -- Found python_cmake_module: 0.10.0 (/home/drail/ros2_humble/ros2-linux/share/python_cmake_module/cmake)
[0.834s] -- Using PYTHON_EXECUTABLE: /usr/bin/python3
[0.834s] -- Using PYTHON_INCLUDE_DIRS: /usr/include/python3.10
[0.834s] -- Using PYTHON_LIBRARIES: /usr/lib/x86_64-linux-gnu/libpython3.10.so
[0.854s] -- Added test 'copyright' to check source files copyright and LICENSE
[0.856s] -- Added test 'flake8' to check Python code syntax and style conventions
[0.857s] -- Added test 'lint_cmake' to check CMake code style
[0.857s] -- Added test 'pep257' to check Python code against some of the docstring style conventions in PEP 257
[0.858s] -- Added test 'xmllint' to check XML markup files
[0.862s] -- Configuring done
[0.895s] -- Generating done
[0.903s] -- Build files have been written to: /home/drail/ros2_ws/build/ros2_grasping
[0.929s] [35m[1mConsolidate compiler generated dependencies of target ros2_grasping__rosidl_generator_c[0m
[0.937s] [  3%] Built target ros2_grasping__cpp
[0.938s] [  6%] [32mBuilding C object CMakeFiles/ros2_grasping__rosidl_generator_c.dir/rosidl_generator_c/ros2_grasping/action/detail/attacher__functions.c.o[0m
[0.945s] [  6%] Built target ament_cmake_python_copy_ros2_grasping
[0.946s] [35m[1mConsolidate compiler generated dependencies of target ros2_grasping__rosidl_typesupport_cpp[0m
[0.946s] [35m[1mConsolidate compiler generated dependencies of target ros2_grasping__rosidl_typesupport_fastrtps_cpp[0m
[0.948s] [35m[1mConsolidate compiler generated dependencies of target ros2_grasping__rosidl_typesupport_introspection_cpp[0m
[0.957s] [  9%] [32mBuilding CXX object CMakeFiles/ros2_grasping__rosidl_typesupport_cpp.dir/rosidl_typesupport_cpp/ros2_grasping/action/attacher__type_support.cpp.o[0m
[0.957s] [ 12%] [32mBuilding CXX object CMakeFiles/ros2_grasping__rosidl_typesupport_fastrtps_cpp.dir/rosidl_typesupport_fastrtps_cpp/ros2_grasping/action/detail/dds_fastrtps/attacher__type_support.cpp.o[0m
[0.960s] [ 16%] [32mBuilding CXX object CMakeFiles/ros2_grasping__rosidl_typesupport_introspection_cpp.dir/rosidl_typesupport_introspection_cpp/ros2_grasping/action/detail/attacher__type_support.cpp.o[0m
[1.051s] [ 19%] [32m[1mLinking C shared library libros2_grasping__rosidl_generator_c.so[0m
[1.108s] [ 22%] Built target ros2_grasping__rosidl_generator_c
[1.126s] [35m[1mConsolidate compiler generated dependencies of target ros2_grasping__rosidl_typesupport_fastrtps_c[0m
[1.129s] [35m[1mConsolidate compiler generated dependencies of target ros2_grasping__rosidl_typesupport_introspection_c[0m
[1.129s] [35m[1mConsolidate compiler generated dependencies of target ros2_grasping__rosidl_typesupport_c[0m
[1.148s] [ 25%] [32mBuilding CXX object CMakeFiles/ros2_grasping__rosidl_typesupport_fastrtps_c.dir/rosidl_typesupport_fastrtps_c/ros2_grasping/action/detail/attacher__type_support_c.cpp.o[0m
[1.163s] [ 29%] [32mBuilding C object CMakeFiles/ros2_grasping__rosidl_typesupport_introspection_c.dir/rosidl_typesupport_introspection_c/ros2_grasping/action/detail/attacher__type_support.c.o[0m
[1.167s] [ 32%] [32mBuilding CXX object CMakeFiles/ros2_grasping__rosidl_typesupport_c.dir/rosidl_typesupport_c/ros2_grasping/action/attacher__type_support.cpp.o[0m
[1.270s] [ 35%] [32m[1mLinking CXX shared library libros2_grasping__rosidl_typesupport_c.so[0m
[1.272s] running egg_info
[1.273s] writing ros2_grasping.egg-info/PKG-INFO
[1.274s] writing dependency_links to ros2_grasping.egg-info/dependency_links.txt
[1.274s] writing top-level names to ros2_grasping.egg-info/top_level.txt
[1.276s] reading manifest file 'ros2_grasping.egg-info/SOURCES.txt'
[1.277s] writing manifest file 'ros2_grasping.egg-info/SOURCES.txt'
[1.292s] [ 38%] [32m[1mLinking C shared library libros2_grasping__rosidl_typesupport_introspection_c.so[0m
[1.322s] [ 38%] Built target ament_cmake_python_build_ros2_grasping_egg
[1.369s] [ 41%] Built target ros2_grasping__rosidl_typesupport_introspection_c
[1.392s] [ 45%] Built target ros2_grasping__rosidl_typesupport_c
[1.586s] [ 48%] [32m[1mLinking CXX shared library libros2_grasping__rosidl_typesupport_cpp.so[0m
[1.652s] [ 51%] [32m[1mLinking CXX shared library libros2_grasping__rosidl_typesupport_fastrtps_c.so[0m
[1.682s] [ 54%] Built target ros2_grasping__rosidl_typesupport_cpp
[1.686s] [ 58%] [32m[1mLinking CXX shared library libros2_grasping__rosidl_typesupport_introspection_cpp.so[0m
[1.746s] [ 61%] [32m[1mLinking CXX shared library libros2_grasping__rosidl_typesupport_fastrtps_cpp.so[0m
[1.799s] [ 64%] Built target ros2_grasping__rosidl_typesupport_fastrtps_c
[1.818s] [ 67%] Built target ros2_grasping__rosidl_typesupport_introspection_cpp
[1.851s] [ 70%] Built target ros2_grasping__rosidl_typesupport_fastrtps_cpp
[1.901s] [ 70%] Built target ros2_grasping
[1.946s] [ 74%] Built target ros2_grasping__py
[1.963s] [35m[1mConsolidate compiler generated dependencies of target ros2_grasping__rosidl_generator_py[0m
[1.986s] [ 77%] [32mBuilding C object CMakeFiles/ros2_grasping__rosidl_generator_py.dir/rosidl_generator_py/ros2_grasping/action/_attacher_s.c.o[0m
[2.214s] [ 80%] [32m[1mLinking C shared library rosidl_generator_py/ros2_grasping/libros2_grasping__rosidl_generator_py.so[0m
[2.308s] [ 80%] Built target ros2_grasping__rosidl_generator_py
[2.335s] [35m[1mConsolidate compiler generated dependencies of target ros2_grasping__rosidl_typesupport_c__pyext[0m
[2.335s] [35m[1mConsolidate compiler generated dependencies of target ros2_grasping__rosidl_typesupport_introspection_c__pyext[0m
[2.336s] [35m[1mConsolidate compiler generated dependencies of target ros2_grasping__rosidl_typesupport_fastrtps_c__pyext[0m
[2.354s] [ 83%] [32mBuilding C object CMakeFiles/ros2_grasping__rosidl_typesupport_c__pyext.dir/rosidl_generator_py/ros2_grasping/_ros2_grasping_s.ep.rosidl_typesupport_c.c.o[0m
[2.355s] [ 87%] [32mBuilding C object CMakeFiles/ros2_grasping__rosidl_typesupport_introspection_c__pyext.dir/rosidl_generator_py/ros2_grasping/_ros2_grasping_s.ep.rosidl_typesupport_introspection_c.c.o[0m
[2.363s] [ 90%] [32mBuilding C object CMakeFiles/ros2_grasping__rosidl_typesupport_fastrtps_c__pyext.dir/rosidl_generator_py/ros2_grasping/_ros2_grasping_s.ep.rosidl_typesupport_fastrtps_c.c.o[0m
[2.516s] [ 93%] [32m[1mLinking C shared library rosidl_generator_py/ros2_grasping/ros2_grasping_s__rosidl_typesupport_fastrtps_c.cpython-310-x86_64-linux-gnu.so[0m
[2.523s] [ 96%] [32m[1mLinking C shared library rosidl_generator_py/ros2_grasping/ros2_grasping_s__rosidl_typesupport_introspection_c.cpython-310-x86_64-linux-gnu.so[0m
[2.539s] [100%] [32m[1mLinking C shared library rosidl_generator_py/ros2_grasping/ros2_grasping_s__rosidl_typesupport_c.cpython-310-x86_64-linux-gnu.so[0m
[2.554s] [100%] Built target ros2_grasping__rosidl_typesupport_fastrtps_c__pyext
[2.560s] [100%] Built target ros2_grasping__rosidl_typesupport_introspection_c__pyext
[2.582s] [100%] Built target ros2_grasping__rosidl_typesupport_c__pyext
[2.594s] Invoked command in '/home/drail/changk2/school/ROB545/Grasping-Moving-Objects/ros2_ws/build/ros2_grasping' returned '0': CMAKE_PREFIX_PATH=${CMAKE_PREFIX_PATH}:/opt/ros/humble /usr/bin/cmake --build /home/drail/changk2/school/ROB545/Grasping-Moving-Objects/ros2_ws/build/ros2_grasping -- -j24 -l24
[2.595s] Invoking command in '/home/drail/changk2/school/ROB545/Grasping-Moving-Objects/ros2_ws/build/ros2_grasping': CMAKE_PREFIX_PATH=${CMAKE_PREFIX_PATH}:/opt/ros/humble /usr/bin/cmake --install /home/drail/changk2/school/ROB545/Grasping-Moving-Objects/ros2_ws/build/ros2_grasping
[2.603s] -- Install configuration: ""
[2.603s] -- Up-to-date: /home/drail/ros2_ws/install/ros2_grasping/share/ros2_grasping/urdf
[2.603s] -- Up-to-date: /home/drail/ros2_ws/install/ros2_grasping/share/ros2_grasping/urdf/box.urdf
[2.603s] -- Up-to-date: /home/drail/ros2_ws/install/ros2_grasping/share/ament_index/resource_index/rosidl_interfaces/ros2_grasping
[2.603s] -- Up-to-date: /home/drail/ros2_ws/install/ros2_grasping/include/ros2_grasping/ros2_grasping
[2.603s] -- Up-to-date: /home/drail/ros2_ws/install/ros2_grasping/include/ros2_grasping/ros2_grasping/action
[2.603s] -- Up-to-date: /home/drail/ros2_ws/install/ros2_grasping/include/ros2_grasping/ros2_grasping/action/detail
[2.603s] -- Up-to-date: /home/drail/ros2_ws/install/ros2_grasping/include/ros2_grasping/ros2_grasping/action/detail/attacher__functions.h
[2.604s] -- Up-to-date: /home/drail/ros2_ws/install/ros2_grasping/include/ros2_grasping/ros2_grasping/action/detail/attacher__struct.h
[2.604s] -- Up-to-date: /home/drail/ros2_ws/install/ros2_grasping/include/ros2_grasping/ros2_grasping/action/detail/attacher__type_support.h
[2.604s] -- Up-to-date: /home/drail/ros2_ws/install/ros2_grasping/include/ros2_grasping/ros2_grasping/action/detail/attacher__functions.c
[2.604s] -- Up-to-date: /home/drail/ros2_ws/install/ros2_grasping/include/ros2_grasping/ros2_grasping/action/attacher.h
[2.604s] -- Up-to-date: /home/drail/ros2_ws/install/ros2_grasping/include/ros2_grasping/ros2_grasping/msg
[2.604s] -- Up-to-date: /home/drail/ros2_ws/install/ros2_grasping/include/ros2_grasping/ros2_grasping/msg/rosidl_generator_c__visibility_control.h
[2.604s] -- Up-to-date: /home/drail/ros2_ws/install/ros2_grasping/share/ros2_grasping/environment/library_path.sh
[2.604s] -- Installing: /home/drail/ros2_ws/install/ros2_grasping/share/ros2_grasping/environment/library_path.dsv
[2.604s] -- Up-to-date: /home/drail/ros2_ws/install/ros2_grasping/lib/libros2_grasping__rosidl_generator_c.so
[2.604s] -- Up-to-date: /home/drail/ros2_ws/install/ros2_grasping/include/ros2_grasping/ros2_grasping
[2.604s] -- Up-to-date: /home/drail/ros2_ws/install/ros2_grasping/include/ros2_grasping/ros2_grasping/action
[2.604s] -- Up-to-date: /home/drail/ros2_ws/install/ros2_grasping/include/ros2_grasping/ros2_grasping/action/detail
[2.604s] -- Up-to-date: /home/drail/ros2_ws/install/ros2_grasping/include/ros2_grasping/ros2_grasping/action/detail/attacher__rosidl_typesupport_fastrtps_c.h
[2.604s] -- Up-to-date: /home/drail/ros2_ws/install/ros2_grasping/include/ros2_grasping/ros2_grasping/msg
[2.604s] -- Up-to-date: /home/drail/ros2_ws/install/ros2_grasping/include/ros2_grasping/ros2_grasping/msg/rosidl_typesupport_fastrtps_c__visibility_control.h
[2.605s] -- Up-to-date: /home/drail/ros2_ws/install/ros2_grasping/lib/libros2_grasping__rosidl_typesupport_fastrtps_c.so
[2.605s] -- Up-to-date: /home/drail/ros2_ws/install/ros2_grasping/include/ros2_grasping/ros2_grasping
[2.605s] -- Up-to-date: /home/drail/ros2_ws/install/ros2_grasping/include/ros2_grasping/ros2_grasping/action
[2.605s] -- Up-to-date: /home/drail/ros2_ws/install/ros2_grasping/include/ros2_grasping/ros2_grasping/action/detail
[2.605s] -- Up-to-date: /home/drail/ros2_ws/install/ros2_grasping/include/ros2_grasping/ros2_grasping/action/detail/attacher__type_support.c
[2.605s] -- Up-to-date: /home/drail/ros2_ws/install/ros2_grasping/include/ros2_grasping/ros2_grasping/action/detail/attacher__rosidl_typesupport_introspection_c.h
[2.605s] -- Up-to-date: /home/drail/ros2_ws/install/ros2_grasping/include/ros2_grasping/ros2_grasping/msg
[2.605s] -- Up-to-date: /home/drail/ros2_ws/install/ros2_grasping/include/ros2_grasping/ros2_grasping/msg/rosidl_typesupport_introspection_c__visibility_control.h
[2.605s] -- Up-to-date: /home/drail/ros2_ws/install/ros2_grasping/lib/libros2_grasping__rosidl_typesupport_introspection_c.so
[2.605s] -- Up-to-date: /home/drail/ros2_ws/install/ros2_grasping/lib/libros2_grasping__rosidl_typesupport_c.so
[2.605s] -- Up-to-date: /home/drail/ros2_ws/install/ros2_grasping/include/ros2_grasping/ros2_grasping
[2.605s] -- Up-to-date: /home/drail/ros2_ws/install/ros2_grasping/include/ros2_grasping/ros2_grasping/action
[2.605s] -- Up-to-date: /home/drail/ros2_ws/install/ros2_grasping/include/ros2_grasping/ros2_grasping/action/detail
[2.605s] -- Up-to-date: /home/drail/ros2_ws/install/ros2_grasping/include/ros2_grasping/ros2_grasping/action/detail/attacher__builder.hpp
[2.605s] -- Up-to-date: /home/drail/ros2_ws/install/ros2_grasping/include/ros2_grasping/ros2_grasping/action/detail/attacher__traits.hpp
[2.605s] -- Up-to-date: /home/drail/ros2_ws/install/ros2_grasping/include/ros2_grasping/ros2_grasping/action/detail/attacher__type_support.hpp
[2.605s] -- Up-to-date: /home/drail/ros2_ws/install/ros2_grasping/include/ros2_grasping/ros2_grasping/action/detail/attacher__struct.hpp
[2.606s] -- Up-to-date: /home/drail/ros2_ws/install/ros2_grasping/include/ros2_grasping/ros2_grasping/action/attacher.hpp
[2.606s] -- Up-to-date: /home/drail/ros2_ws/install/ros2_grasping/include/ros2_grasping/ros2_grasping/msg
[2.606s] -- Up-to-date: /home/drail/ros2_ws/install/ros2_grasping/include/ros2_grasping/ros2_grasping/msg/rosidl_generator_cpp__visibility_control.hpp
[2.606s] -- Up-to-date: /home/drail/ros2_ws/install/ros2_grasping/include/ros2_grasping/ros2_grasping
[2.606s] -- Up-to-date: /home/drail/ros2_ws/install/ros2_grasping/include/ros2_grasping/ros2_grasping/action
[2.606s] -- Up-to-date: /home/drail/ros2_ws/install/ros2_grasping/include/ros2_grasping/ros2_grasping/action/detail
[2.606s] -- Up-to-date: /home/drail/ros2_ws/install/ros2_grasping/include/ros2_grasping/ros2_grasping/action/detail/attacher__rosidl_typesupport_fastrtps_cpp.hpp
[2.606s] -- Up-to-date: /home/drail/ros2_ws/install/ros2_grasping/include/ros2_grasping/ros2_grasping/action/detail/dds_fastrtps
[2.606s] -- Up-to-date: /home/drail/ros2_ws/install/ros2_grasping/include/ros2_grasping/ros2_grasping/msg
[2.606s] -- Up-to-date: /home/drail/ros2_ws/install/ros2_grasping/include/ros2_grasping/ros2_grasping/msg/rosidl_typesupport_fastrtps_cpp__visibility_control.h
[2.606s] -- Up-to-date: /home/drail/ros2_ws/install/ros2_grasping/lib/libros2_grasping__rosidl_typesupport_fastrtps_cpp.so
[2.606s] -- Up-to-date: /home/drail/ros2_ws/install/ros2_grasping/include/ros2_grasping/ros2_grasping
[2.606s] -- Up-to-date: /home/drail/ros2_ws/install/ros2_grasping/include/ros2_grasping/ros2_grasping/action
[2.606s] -- Up-to-date: /home/drail/ros2_ws/install/ros2_grasping/include/ros2_grasping/ros2_grasping/action/detail
[2.606s] -- Up-to-date: /home/drail/ros2_ws/install/ros2_grasping/include/ros2_grasping/ros2_grasping/action/detail/attacher__type_support.cpp
[2.606s] -- Up-to-date: /home/drail/ros2_ws/install/ros2_grasping/include/ros2_grasping/ros2_grasping/action/detail/attacher__rosidl_typesupport_introspection_cpp.hpp
[2.606s] -- Up-to-date: /home/drail/ros2_ws/install/ros2_grasping/lib/libros2_grasping__rosidl_typesupport_introspection_cpp.so
[2.606s] -- Up-to-date: /home/drail/ros2_ws/install/ros2_grasping/lib/libros2_grasping__rosidl_typesupport_cpp.so
[2.606s] -- Up-to-date: /home/drail/ros2_ws/install/ros2_grasping/share/ros2_grasping/environment/pythonpath.sh
[2.606s] -- Installing: /home/drail/ros2_ws/install/ros2_grasping/share/ros2_grasping/environment/pythonpath.dsv
[2.606s] -- Up-to-date: /home/drail/ros2_ws/install/ros2_grasping/local/lib/python3.10/dist-packages/ros2_grasping-0.0.0-py3.10.egg-info
[2.606s] -- Installing: /home/drail/ros2_ws/install/ros2_grasping/local/lib/python3.10/dist-packages/ros2_grasping-0.0.0-py3.10.egg-info/top_level.txt
[2.607s] -- Installing: /home/drail/ros2_ws/install/ros2_grasping/local/lib/python3.10/dist-packages/ros2_grasping-0.0.0-py3.10.egg-info/PKG-INFO
[2.607s] -- Installing: /home/drail/ros2_ws/install/ros2_grasping/local/lib/python3.10/dist-packages/ros2_grasping-0.0.0-py3.10.egg-info/SOURCES.txt
[2.607s] -- Installing: /home/drail/ros2_ws/install/ros2_grasping/local/lib/python3.10/dist-packages/ros2_grasping-0.0.0-py3.10.egg-info/dependency_links.txt
[2.607s] -- Up-to-date: /home/drail/ros2_ws/install/ros2_grasping/local/lib/python3.10/dist-packages/ros2_grasping
[2.607s] -- Up-to-date: /home/drail/ros2_ws/install/ros2_grasping/local/lib/python3.10/dist-packages/ros2_grasping/_ros2_grasping_s.ep.rosidl_typesupport_fastrtps_c.c
[2.607s] -- Up-to-date: /home/drail/ros2_ws/install/ros2_grasping/local/lib/python3.10/dist-packages/ros2_grasping/ros2_grasping_s__rosidl_typesupport_introspection_c.cpython-310-x86_64-linux-gnu.so
[2.607s] -- Up-to-date: /home/drail/ros2_ws/install/ros2_grasping/local/lib/python3.10/dist-packages/ros2_grasping/libros2_grasping__rosidl_generator_py.so
[2.607s] -- Up-to-date: /home/drail/ros2_ws/install/ros2_grasping/local/lib/python3.10/dist-packages/ros2_grasping/ros2_grasping_s__rosidl_typesupport_fastrtps_c.cpython-310-x86_64-linux-gnu.so
[2.607s] -- Up-to-date: /home/drail/ros2_ws/install/ros2_grasping/local/lib/python3.10/dist-packages/ros2_grasping/_ros2_grasping_s.ep.rosidl_typesupport_c.c
[2.607s] -- Up-to-date: /home/drail/ros2_ws/install/ros2_grasping/local/lib/python3.10/dist-packages/ros2_grasping/_ros2_grasping_s.ep.rosidl_typesupport_introspection_c.c
[2.607s] -- Installing: /home/drail/ros2_ws/install/ros2_grasping/local/lib/python3.10/dist-packages/ros2_grasping/__init__.py
[2.607s] -- Up-to-date: /home/drail/ros2_ws/install/ros2_grasping/local/lib/python3.10/dist-packages/ros2_grasping/ros2_grasping_s__rosidl_typesupport_c.cpython-310-x86_64-linux-gnu.so
[2.607s] -- Up-to-date: /home/drail/ros2_ws/install/ros2_grasping/local/lib/python3.10/dist-packages/ros2_grasping/action
[2.607s] -- Up-to-date: /home/drail/ros2_ws/install/ros2_grasping/local/lib/python3.10/dist-packages/ros2_grasping/action/_attacher.py
[2.607s] -- Up-to-date: /home/drail/ros2_ws/install/ros2_grasping/local/lib/python3.10/dist-packages/ros2_grasping/action/_attacher_s.c
[2.607s] -- Up-to-date: /home/drail/ros2_ws/install/ros2_grasping/local/lib/python3.10/dist-packages/ros2_grasping/action/__init__.py
[2.633s] Listing '/home/drail/ros2_ws/install/ros2_grasping/local/lib/python3.10/dist-packages/ros2_grasping'...
[2.633s] Compiling '/home/drail/ros2_ws/install/ros2_grasping/local/lib/python3.10/dist-packages/ros2_grasping/__init__.py'...
[2.633s] Listing '/home/drail/ros2_ws/install/ros2_grasping/local/lib/python3.10/dist-packages/ros2_grasping/action'...
[2.636s] -- Up-to-date: /home/drail/ros2_ws/install/ros2_grasping/local/lib/python3.10/dist-packages/ros2_grasping/ros2_grasping_s__rosidl_typesupport_fastrtps_c.cpython-310-x86_64-linux-gnu.so
[2.637s] -- Up-to-date: /home/drail/ros2_ws/install/ros2_grasping/local/lib/python3.10/dist-packages/ros2_grasping/ros2_grasping_s__rosidl_typesupport_introspection_c.cpython-310-x86_64-linux-gnu.so
[2.637s] -- Up-to-date: /home/drail/ros2_ws/install/ros2_grasping/local/lib/python3.10/dist-packages/ros2_grasping/ros2_grasping_s__rosidl_typesupport_c.cpython-310-x86_64-linux-gnu.so
[2.637s] -- Up-to-date: /home/drail/ros2_ws/install/ros2_grasping/lib/libros2_grasping__rosidl_generator_py.so
[2.637s] -- Up-to-date: /home/drail/ros2_ws/install/ros2_grasping/share/ros2_grasping/action/Attacher.idl
[2.637s] -- Up-to-date: /home/drail/ros2_ws/install/ros2_grasping/share/ros2_grasping/action/Attacher.action
[2.637s] -- Up-to-date: /home/drail/ros2_ws/install/ros2_grasping/lib/ros2_grasping/attacher_action.py
[2.637s] -- Up-to-date: /home/drail/ros2_ws/install/ros2_grasping/lib/ros2_grasping/spawn_object.py
[2.637s] -- Up-to-date: /home/drail/ros2_ws/install/ros2_grasping/share/ament_index/resource_index/package_run_dependencies/ros2_grasping
[2.637s] -- Up-to-date: /home/drail/ros2_ws/install/ros2_grasping/share/ament_index/resource_index/parent_prefix_path/ros2_grasping
[2.638s] -- Up-to-date: /home/drail/ros2_ws/install/ros2_grasping/share/ros2_grasping/environment/ament_prefix_path.sh
[2.638s] -- Installing: /home/drail/ros2_ws/install/ros2_grasping/share/ros2_grasping/environment/ament_prefix_path.dsv
[2.638s] -- Up-to-date: /home/drail/ros2_ws/install/ros2_grasping/share/ros2_grasping/environment/path.sh
[2.638s] -- Installing: /home/drail/ros2_ws/install/ros2_grasping/share/ros2_grasping/environment/path.dsv
[2.638s] -- Up-to-date: /home/drail/ros2_ws/install/ros2_grasping/share/ros2_grasping/local_setup.bash
[2.638s] -- Up-to-date: /home/drail/ros2_ws/install/ros2_grasping/share/ros2_grasping/local_setup.sh
[2.638s] -- Up-to-date: /home/drail/ros2_ws/install/ros2_grasping/share/ros2_grasping/local_setup.zsh
[2.638s] -- Installing: /home/drail/ros2_ws/install/ros2_grasping/share/ros2_grasping/local_setup.dsv
[2.638s] -- Installing: /home/drail/ros2_ws/install/ros2_grasping/share/ros2_grasping/package.dsv
[2.638s] -- Up-to-date: /home/drail/ros2_ws/install/ros2_grasping/share/ament_index/resource_index/packages/ros2_grasping
[2.638s] -- Up-to-date: /home/drail/ros2_ws/install/ros2_grasping/share/ros2_grasping/cmake/export_ros2_grasping__rosidl_generator_cExport.cmake
[2.638s] -- Up-to-date: /home/drail/ros2_ws/install/ros2_grasping/share/ros2_grasping/cmake/export_ros2_grasping__rosidl_generator_cExport-noconfig.cmake
[2.638s] -- Up-to-date: /home/drail/ros2_ws/install/ros2_grasping/share/ros2_grasping/cmake/export_ros2_grasping__rosidl_typesupport_fastrtps_cExport.cmake
[2.638s] -- Up-to-date: /home/drail/ros2_ws/install/ros2_grasping/share/ros2_grasping/cmake/export_ros2_grasping__rosidl_typesupport_fastrtps_cExport-noconfig.cmake
[2.638s] -- Up-to-date: /home/drail/ros2_ws/install/ros2_grasping/share/ros2_grasping/cmake/ros2_grasping__rosidl_typesupport_introspection_cExport.cmake
[2.638s] -- Up-to-date: /home/drail/ros2_ws/install/ros2_grasping/share/ros2_grasping/cmake/ros2_grasping__rosidl_typesupport_introspection_cExport-noconfig.cmake
[2.639s] -- Up-to-date: /home/drail/ros2_ws/install/ros2_grasping/share/ros2_grasping/cmake/ros2_grasping__rosidl_typesupport_cExport.cmake
[2.639s] -- Up-to-date: /home/drail/ros2_ws/install/ros2_grasping/share/ros2_grasping/cmake/ros2_grasping__rosidl_typesupport_cExport-noconfig.cmake
[2.639s] -- Up-to-date: /home/drail/ros2_ws/install/ros2_grasping/share/ros2_grasping/cmake/export_ros2_grasping__rosidl_generator_cppExport.cmake
[2.639s] -- Up-to-date: /home/drail/ros2_ws/install/ros2_grasping/share/ros2_grasping/cmake/export_ros2_grasping__rosidl_typesupport_fastrtps_cppExport.cmake
[2.639s] -- Up-to-date: /home/drail/ros2_ws/install/ros2_grasping/share/ros2_grasping/cmake/export_ros2_grasping__rosidl_typesupport_fastrtps_cppExport-noconfig.cmake
[2.639s] -- Up-to-date: /home/drail/ros2_ws/install/ros2_grasping/share/ros2_grasping/cmake/ros2_grasping__rosidl_typesupport_introspection_cppExport.cmake
[2.639s] -- Up-to-date: /home/drail/ros2_ws/install/ros2_grasping/share/ros2_grasping/cmake/ros2_grasping__rosidl_typesupport_introspection_cppExport-noconfig.cmake
[2.639s] -- Up-to-date: /home/drail/ros2_ws/install/ros2_grasping/share/ros2_grasping/cmake/ros2_grasping__rosidl_typesupport_cppExport.cmake
[2.639s] -- Up-to-date: /home/drail/ros2_ws/install/ros2_grasping/share/ros2_grasping/cmake/ros2_grasping__rosidl_typesupport_cppExport-noconfig.cmake
[2.639s] -- Up-to-date: /home/drail/ros2_ws/install/ros2_grasping/share/ros2_grasping/cmake/export_ros2_grasping__rosidl_generator_pyExport.cmake
[2.639s] -- Up-to-date: /home/drail/ros2_ws/install/ros2_grasping/share/ros2_grasping/cmake/export_ros2_grasping__rosidl_generator_pyExport-noconfig.cmake
[2.639s] -- Up-to-date: /home/drail/ros2_ws/install/ros2_grasping/share/ros2_grasping/cmake/rosidl_cmake-extras.cmake
[2.639s] -- Up-to-date: /home/drail/ros2_ws/install/ros2_grasping/share/ros2_grasping/cmake/ament_cmake_export_dependencies-extras.cmake
[2.639s] -- Up-to-date: /home/drail/ros2_ws/install/ros2_grasping/share/ros2_grasping/cmake/ament_cmake_export_include_directories-extras.cmake
[2.639s] -- Up-to-date: /home/drail/ros2_ws/install/ros2_grasping/share/ros2_grasping/cmake/ament_cmake_export_libraries-extras.cmake
[2.639s] -- Up-to-date: /home/drail/ros2_ws/install/ros2_grasping/share/ros2_grasping/cmake/ament_cmake_export_targets-extras.cmake
[2.639s] -- Up-to-date: /home/drail/ros2_ws/install/ros2_grasping/share/ros2_grasping/cmake/rosidl_cmake_export_typesupport_targets-extras.cmake
[2.639s] -- Up-to-date: /home/drail/ros2_ws/install/ros2_grasping/share/ros2_grasping/cmake/rosidl_cmake_export_typesupport_libraries-extras.cmake
[2.639s] -- Up-to-date: /home/drail/ros2_ws/install/ros2_grasping/share/ros2_grasping/cmake/ros2_graspingConfig.cmake
[2.639s] -- Up-to-date: /home/drail/ros2_ws/install/ros2_grasping/share/ros2_grasping/cmake/ros2_graspingConfig-version.cmake
[2.639s] -- Up-to-date: /home/drail/ros2_ws/install/ros2_grasping/share/ros2_grasping/package.xml
[2.642s] Invoked command in '/home/drail/changk2/school/ROB545/Grasping-Moving-Objects/ros2_ws/build/ros2_grasping' returned '0': CMAKE_PREFIX_PATH=${CMAKE_PREFIX_PATH}:/opt/ros/humble /usr/bin/cmake --install /home/drail/changk2/school/ROB545/Grasping-Moving-Objects/ros2_ws/build/ros2_grasping
