[0.051s] Invoking command in '/home/drail/ros2_ws/build/ros2_execution': CMAKE_PREFIX_PATH=${CMAKE_PREFIX_PATH}:/opt/ros/humble /usr/bin/cmake --build /home/drail/ros2_ws/build/ros2_execution -- -j24 -l24
[0.107s] Invoked command in '/home/drail/ros2_ws/build/ros2_execution' returned '0': CMAKE_PREFIX_PATH=${CMAKE_PREFIX_PATH}:/opt/ros/humble /usr/bin/cmake --build /home/drail/ros2_ws/build/ros2_execution -- -j24 -l24
[0.117s] Invoking command in '/home/drail/ros2_ws/build/ros2_execution': CMAKE_PREFIX_PATH=${CMAKE_PREFIX_PATH}:/opt/ros/humble /usr/bin/cmake --install /home/drail/ros2_ws/build/ros2_execution
[0.130s] -- Install configuration: ""
[0.130s] -- Up-to-date: /home/drail/ros2_ws/install/ros2_execution/share/ros2_execution/scripts
[0.130s] -- Up-to-date: /home/drail/ros2_ws/install/ros2_execution/share/ros2_execution/scripts/ros2_execution.py
[0.130s] -- Up-to-date: /home/drail/ros2_ws/install/ros2_execution/lib/ros2_execution/ros2_execution.py
[0.130s] -- Up-to-date: /home/drail/ros2_ws/install/ros2_execution/share/ament_index/resource_index/package_run_dependencies/ros2_execution
[0.130s] -- Up-to-date: /home/drail/ros2_ws/install/ros2_execution/share/ament_index/resource_index/parent_prefix_path/ros2_execution
[0.130s] -- Up-to-date: /home/drail/ros2_ws/install/ros2_execution/share/ros2_execution/environment/ament_prefix_path.sh
[0.131s] -- Up-to-date: /home/drail/ros2_ws/install/ros2_execution/share/ros2_execution/environment/ament_prefix_path.dsv
[0.131s] -- Up-to-date: /home/drail/ros2_ws/install/ros2_execution/share/ros2_execution/environment/path.sh
[0.131s] -- Up-to-date: /home/drail/ros2_ws/install/ros2_execution/share/ros2_execution/environment/path.dsv
[0.131s] -- Up-to-date: /home/drail/ros2_ws/install/ros2_execution/share/ros2_execution/local_setup.bash
[0.131s] -- Up-to-date: /home/drail/ros2_ws/install/ros2_execution/share/ros2_execution/local_setup.sh
[0.131s] -- Up-to-date: /home/drail/ros2_ws/install/ros2_execution/share/ros2_execution/local_setup.zsh
[0.131s] -- Up-to-date: /home/drail/ros2_ws/install/ros2_execution/share/ros2_execution/local_setup.dsv
[0.131s] -- Up-to-date: /home/drail/ros2_ws/install/ros2_execution/share/ros2_execution/package.dsv
[0.131s] -- Up-to-date: /home/drail/ros2_ws/install/ros2_execution/share/ament_index/resource_index/packages/ros2_execution
[0.131s] -- Up-to-date: /home/drail/ros2_ws/install/ros2_execution/share/ros2_execution/cmake/ros2_executionConfig.cmake
[0.131s] -- Up-to-date: /home/drail/ros2_ws/install/ros2_execution/share/ros2_execution/cmake/ros2_executionConfig-version.cmake
[0.131s] -- Up-to-date: /home/drail/ros2_ws/install/ros2_execution/share/ros2_execution/package.xml
[0.169s] Invoked command in '/home/drail/ros2_ws/build/ros2_execution' returned '0': CMAKE_PREFIX_PATH=${CMAKE_PREFIX_PATH}:/opt/ros/humble /usr/bin/cmake --install /home/drail/ros2_ws/build/ros2_execution
