[0.109s] Invoking command in '/home/drail/changk2/school/ROB545/Grasping-Moving-Objects/ros2_ws/build/conveyorbelt_gazebo': CMAKE_PREFIX_PATH=${CMAKE_PREFIX_PATH}:/home/drail/ros2_ws/install/ur5_ros2_moveit2:/home/drail/ros2_ws/install/ur5_ros2_gazebo:/home/drail/ros2_ws/install/ur3_ros2_moveit2:/home/drail/ros2_ws/install/ur3_ros2_gazebo:/home/drail/ros2_ws/install/ur10_ros2_moveit2:/home/drail/ros2_ws/install/ur10_ros2_gazebo:/home/drail/ros2_ws/install/ros2_grasping:/home/drail/ros2_ws/install/ros2_execution:/home/drail/ros2_ws/install/ros2_actions:/home/drail/ros2_ws/install/panda_ros2_moveit2:/home/drail/ros2_ws/install/irb6640_ros2_moveit2:/home/drail/ros2_ws/install/irb120_ros2_moveit2:/home/drail/ros2_ws/install/irb1200_ros2_moveit2:/home/drail/ros2_ws/install/iiwa_ros2_moveit2:/home/drail/ros2_ws/install/cr35ia_ros2_moveit2:/home/drail/ros2_ws/install/ros2_data:/home/drail/ros2_ws/install/panda_ros2_gazebo:/home/drail/ros2_ws/install/irb6640_ros2_gazebo:/home/drail/ros2_ws/install/irb120_ros2_gazebo:/home/drail/ros2_ws/install/irb1200_ros2_gazebo:/home/drail/ros2_ws/install/iiwa_ros2_gazebo:/home/drail/ros2_ws/install/cr35ia_ros2_gazebo:/opt/ros/humble /usr/bin/cmake /home/drail/changk2/school/ROB545/Grasping-Moving-Objects/ros2_ws/src/IFRA_ConveyorBelt/conveyorbelt_gazebo -DCMAKE_INSTALL_PREFIX=/home/drail/changk2/school/ROB545/Grasping-Moving-Objects/ros2_ws/install/conveyorbelt_gazebo
[0.168s] -- The C compiler identification is GNU 11.4.0
[0.216s] -- The CXX compiler identification is GNU 11.4.0
[0.222s] -- Detecting C compiler ABI info
[0.299s] -- Detecting C compiler ABI info - done
[0.309s] -- Check for working C compiler: /usr/bin/cc - skipped
[0.309s] -- Detecting C compile features
[0.309s] -- Detecting C compile features - done
[0.313s] -- Detecting CXX compiler ABI info
[0.391s] -- Detecting CXX compiler ABI info - done
[0.397s] -- Check for working CXX compiler: /usr/bin/c++ - skipped
[0.397s] -- Detecting CXX compile features
[0.397s] -- Detecting CXX compile features - done
[0.401s] -- Found ament_cmake: 1.3.12 (/home/drail/ros2_humble/ros2-linux/share/ament_cmake/cmake)
[0.525s] -- Found Python3: /usr/bin/python3 (found version "3.10.12") found components: Interpreter 
[0.620s] -- Found ament_lint_auto: 0.12.14 (/home/drail/ros2_humble/ros2-linux/share/ament_lint_auto/cmake)
[0.696s] -- Added test 'copyright' to check source files copyright and LICENSE
[0.698s] -- Added test 'flake8' to check Python code syntax and style conventions
[0.699s] -- Added test 'lint_cmake' to check CMake code style
[0.700s] -- Added test 'pep257' to check Python code against some of the docstring style conventions in PEP 257
[0.702s] -- Added test 'xmllint' to check XML markup files
[0.704s] -- Configuring done
[0.706s] -- Generating done
[0.707s] -- Build files have been written to: /home/drail/changk2/school/ROB545/Grasping-Moving-Objects/ros2_ws/build/conveyorbelt_gazebo
[0.711s] Invoked command in '/home/drail/changk2/school/ROB545/Grasping-Moving-Objects/ros2_ws/build/conveyorbelt_gazebo' returned '0': CMAKE_PREFIX_PATH=${CMAKE_PREFIX_PATH}:/home/drail/ros2_ws/install/ur5_ros2_moveit2:/home/drail/ros2_ws/install/ur5_ros2_gazebo:/home/drail/ros2_ws/install/ur3_ros2_moveit2:/home/drail/ros2_ws/install/ur3_ros2_gazebo:/home/drail/ros2_ws/install/ur10_ros2_moveit2:/home/drail/ros2_ws/install/ur10_ros2_gazebo:/home/drail/ros2_ws/install/ros2_grasping:/home/drail/ros2_ws/install/ros2_execution:/home/drail/ros2_ws/install/ros2_actions:/home/drail/ros2_ws/install/panda_ros2_moveit2:/home/drail/ros2_ws/install/irb6640_ros2_moveit2:/home/drail/ros2_ws/install/irb120_ros2_moveit2:/home/drail/ros2_ws/install/irb1200_ros2_moveit2:/home/drail/ros2_ws/install/iiwa_ros2_moveit2:/home/drail/ros2_ws/install/cr35ia_ros2_moveit2:/home/drail/ros2_ws/install/ros2_data:/home/drail/ros2_ws/install/panda_ros2_gazebo:/home/drail/ros2_ws/install/irb6640_ros2_gazebo:/home/drail/ros2_ws/install/irb120_ros2_gazebo:/home/drail/ros2_ws/install/irb1200_ros2_gazebo:/home/drail/ros2_ws/install/iiwa_ros2_gazebo:/home/drail/ros2_ws/install/cr35ia_ros2_gazebo:/opt/ros/humble /usr/bin/cmake /home/drail/changk2/school/ROB545/Grasping-Moving-Objects/ros2_ws/src/IFRA_ConveyorBelt/conveyorbelt_gazebo -DCMAKE_INSTALL_PREFIX=/home/drail/changk2/school/ROB545/Grasping-Moving-Objects/ros2_ws/install/conveyorbelt_gazebo
[0.712s] Invoking command in '/home/drail/changk2/school/ROB545/Grasping-Moving-Objects/ros2_ws/build/conveyorbelt_gazebo': CMAKE_PREFIX_PATH=${CMAKE_PREFIX_PATH}:/home/drail/ros2_ws/install/ur5_ros2_moveit2:/home/drail/ros2_ws/install/ur5_ros2_gazebo:/home/drail/ros2_ws/install/ur3_ros2_moveit2:/home/drail/ros2_ws/install/ur3_ros2_gazebo:/home/drail/ros2_ws/install/ur10_ros2_moveit2:/home/drail/ros2_ws/install/ur10_ros2_gazebo:/home/drail/ros2_ws/install/ros2_grasping:/home/drail/ros2_ws/install/ros2_execution:/home/drail/ros2_ws/install/ros2_actions:/home/drail/ros2_ws/install/panda_ros2_moveit2:/home/drail/ros2_ws/install/irb6640_ros2_moveit2:/home/drail/ros2_ws/install/irb120_ros2_moveit2:/home/drail/ros2_ws/install/irb1200_ros2_moveit2:/home/drail/ros2_ws/install/iiwa_ros2_moveit2:/home/drail/ros2_ws/install/cr35ia_ros2_moveit2:/home/drail/ros2_ws/install/ros2_data:/home/drail/ros2_ws/install/panda_ros2_gazebo:/home/drail/ros2_ws/install/irb6640_ros2_gazebo:/home/drail/ros2_ws/install/irb120_ros2_gazebo:/home/drail/ros2_ws/install/irb1200_ros2_gazebo:/home/drail/ros2_ws/install/iiwa_ros2_gazebo:/home/drail/ros2_ws/install/cr35ia_ros2_gazebo:/opt/ros/humble /usr/bin/cmake --build /home/drail/changk2/school/ROB545/Grasping-Moving-Objects/ros2_ws/build/conveyorbelt_gazebo -- -j24 -l24
[0.746s] Invoked command in '/home/drail/changk2/school/ROB545/Grasping-Moving-Objects/ros2_ws/build/conveyorbelt_gazebo' returned '0': CMAKE_PREFIX_PATH=${CMAKE_PREFIX_PATH}:/home/drail/ros2_ws/install/ur5_ros2_moveit2:/home/drail/ros2_ws/install/ur5_ros2_gazebo:/home/drail/ros2_ws/install/ur3_ros2_moveit2:/home/drail/ros2_ws/install/ur3_ros2_gazebo:/home/drail/ros2_ws/install/ur10_ros2_moveit2:/home/drail/ros2_ws/install/ur10_ros2_gazebo:/home/drail/ros2_ws/install/ros2_grasping:/home/drail/ros2_ws/install/ros2_execution:/home/drail/ros2_ws/install/ros2_actions:/home/drail/ros2_ws/install/panda_ros2_moveit2:/home/drail/ros2_ws/install/irb6640_ros2_moveit2:/home/drail/ros2_ws/install/irb120_ros2_moveit2:/home/drail/ros2_ws/install/irb1200_ros2_moveit2:/home/drail/ros2_ws/install/iiwa_ros2_moveit2:/home/drail/ros2_ws/install/cr35ia_ros2_moveit2:/home/drail/ros2_ws/install/ros2_data:/home/drail/ros2_ws/install/panda_ros2_gazebo:/home/drail/ros2_ws/install/irb6640_ros2_gazebo:/home/drail/ros2_ws/install/irb120_ros2_gazebo:/home/drail/ros2_ws/install/irb1200_ros2_gazebo:/home/drail/ros2_ws/install/iiwa_ros2_gazebo:/home/drail/ros2_ws/install/cr35ia_ros2_gazebo:/opt/ros/humble /usr/bin/cmake --build /home/drail/changk2/school/ROB545/Grasping-Moving-Objects/ros2_ws/build/conveyorbelt_gazebo -- -j24 -l24
[0.747s] Invoking command in '/home/drail/changk2/school/ROB545/Grasping-Moving-Objects/ros2_ws/build/conveyorbelt_gazebo': CMAKE_PREFIX_PATH=${CMAKE_PREFIX_PATH}:/home/drail/ros2_ws/install/ur5_ros2_moveit2:/home/drail/ros2_ws/install/ur5_ros2_gazebo:/home/drail/ros2_ws/install/ur3_ros2_moveit2:/home/drail/ros2_ws/install/ur3_ros2_gazebo:/home/drail/ros2_ws/install/ur10_ros2_moveit2:/home/drail/ros2_ws/install/ur10_ros2_gazebo:/home/drail/ros2_ws/install/ros2_grasping:/home/drail/ros2_ws/install/ros2_execution:/home/drail/ros2_ws/install/ros2_actions:/home/drail/ros2_ws/install/panda_ros2_moveit2:/home/drail/ros2_ws/install/irb6640_ros2_moveit2:/home/drail/ros2_ws/install/irb120_ros2_moveit2:/home/drail/ros2_ws/install/irb1200_ros2_moveit2:/home/drail/ros2_ws/install/iiwa_ros2_moveit2:/home/drail/ros2_ws/install/cr35ia_ros2_moveit2:/home/drail/ros2_ws/install/ros2_data:/home/drail/ros2_ws/install/panda_ros2_gazebo:/home/drail/ros2_ws/install/irb6640_ros2_gazebo:/home/drail/ros2_ws/install/irb120_ros2_gazebo:/home/drail/ros2_ws/install/irb1200_ros2_gazebo:/home/drail/ros2_ws/install/iiwa_ros2_gazebo:/home/drail/ros2_ws/install/cr35ia_ros2_gazebo:/opt/ros/humble /usr/bin/cmake --install /home/drail/changk2/school/ROB545/Grasping-Moving-Objects/ros2_ws/build/conveyorbelt_gazebo
[0.754s] -- Install configuration: ""
[0.754s] -- Installing: /home/drail/changk2/school/ROB545/Grasping-Moving-Objects/ros2_ws/install/conveyorbelt_gazebo/share/conveyorbelt_gazebo/launch
[0.754s] -- Installing: /home/drail/changk2/school/ROB545/Grasping-Moving-Objects/ros2_ws/install/conveyorbelt_gazebo/share/conveyorbelt_gazebo/launch/conveyorbelt.launch.py
[0.754s] -- Installing: /home/drail/changk2/school/ROB545/Grasping-Moving-Objects/ros2_ws/install/conveyorbelt_gazebo/share/conveyorbelt_gazebo/models
[0.754s] -- Installing: /home/drail/changk2/school/ROB545/Grasping-Moving-Objects/ros2_ws/install/conveyorbelt_gazebo/share/conveyorbelt_gazebo/models/conveyor_belt
[0.754s] -- Installing: /home/drail/changk2/school/ROB545/Grasping-Moving-Objects/ros2_ws/install/conveyorbelt_gazebo/share/conveyorbelt_gazebo/models/conveyor_belt/model.config
[0.754s] -- Installing: /home/drail/changk2/school/ROB545/Grasping-Moving-Objects/ros2_ws/install/conveyorbelt_gazebo/share/conveyorbelt_gazebo/models/conveyor_belt/model.sdf
[0.754s] -- Installing: /home/drail/changk2/school/ROB545/Grasping-Moving-Objects/ros2_ws/install/conveyorbelt_gazebo/share/conveyorbelt_gazebo/models/conveyor_belt/meshes
[0.754s] -- Installing: /home/drail/changk2/school/ROB545/Grasping-Moving-Objects/ros2_ws/install/conveyorbelt_gazebo/share/conveyorbelt_gazebo/models/conveyor_belt/meshes/conveyor_belt.dae
[0.755s] -- Installing: /home/drail/changk2/school/ROB545/Grasping-Moving-Objects/ros2_ws/install/conveyorbelt_gazebo/share/conveyorbelt_gazebo/models/conveyor_belt/meshes/conveyor_belt.stl
[0.757s] -- Installing: /home/drail/changk2/school/ROB545/Grasping-Moving-Objects/ros2_ws/install/conveyorbelt_gazebo/share/conveyorbelt_gazebo/worlds
[0.757s] -- Installing: /home/drail/changk2/school/ROB545/Grasping-Moving-Objects/ros2_ws/install/conveyorbelt_gazebo/share/conveyorbelt_gazebo/worlds/conveyorbelt.world
[0.757s] -- Installing: /home/drail/changk2/school/ROB545/Grasping-Moving-Objects/ros2_ws/install/conveyorbelt_gazebo/share/conveyorbelt_gazebo/urdf
[0.757s] -- Installing: /home/drail/changk2/school/ROB545/Grasping-Moving-Objects/ros2_ws/install/conveyorbelt_gazebo/share/conveyorbelt_gazebo/urdf/box.urdf
[0.757s] -- Installing: /home/drail/changk2/school/ROB545/Grasping-Moving-Objects/ros2_ws/install/conveyorbelt_gazebo/share/ament_index/resource_index/package_run_dependencies/conveyorbelt_gazebo
[0.757s] -- Installing: /home/drail/changk2/school/ROB545/Grasping-Moving-Objects/ros2_ws/install/conveyorbelt_gazebo/share/ament_index/resource_index/parent_prefix_path/conveyorbelt_gazebo
[0.757s] -- Installing: /home/drail/changk2/school/ROB545/Grasping-Moving-Objects/ros2_ws/install/conveyorbelt_gazebo/share/conveyorbelt_gazebo/environment/ament_prefix_path.sh
[0.757s] -- Installing: /home/drail/changk2/school/ROB545/Grasping-Moving-Objects/ros2_ws/install/conveyorbelt_gazebo/share/conveyorbelt_gazebo/environment/ament_prefix_path.dsv
[0.758s] -- Installing: /home/drail/changk2/school/ROB545/Grasping-Moving-Objects/ros2_ws/install/conveyorbelt_gazebo/share/conveyorbelt_gazebo/environment/path.sh
[0.758s] -- Installing: /home/drail/changk2/school/ROB545/Grasping-Moving-Objects/ros2_ws/install/conveyorbelt_gazebo/share/conveyorbelt_gazebo/environment/path.dsv
[0.758s] -- Installing: /home/drail/changk2/school/ROB545/Grasping-Moving-Objects/ros2_ws/install/conveyorbelt_gazebo/share/conveyorbelt_gazebo/local_setup.bash
[0.758s] -- Installing: /home/drail/changk2/school/ROB545/Grasping-Moving-Objects/ros2_ws/install/conveyorbelt_gazebo/share/conveyorbelt_gazebo/local_setup.sh
[0.758s] -- Installing: /home/drail/changk2/school/ROB545/Grasping-Moving-Objects/ros2_ws/install/conveyorbelt_gazebo/share/conveyorbelt_gazebo/local_setup.zsh
[0.758s] -- Installing: /home/drail/changk2/school/ROB545/Grasping-Moving-Objects/ros2_ws/install/conveyorbelt_gazebo/share/conveyorbelt_gazebo/local_setup.dsv
[0.758s] -- Installing: /home/drail/changk2/school/ROB545/Grasping-Moving-Objects/ros2_ws/install/conveyorbelt_gazebo/share/conveyorbelt_gazebo/package.dsv
[0.758s] -- Installing: /home/drail/changk2/school/ROB545/Grasping-Moving-Objects/ros2_ws/install/conveyorbelt_gazebo/share/ament_index/resource_index/packages/conveyorbelt_gazebo
[0.759s] -- Installing: /home/drail/changk2/school/ROB545/Grasping-Moving-Objects/ros2_ws/install/conveyorbelt_gazebo/share/conveyorbelt_gazebo/cmake/conveyorbelt_gazeboConfig.cmake
[0.759s] -- Installing: /home/drail/changk2/school/ROB545/Grasping-Moving-Objects/ros2_ws/install/conveyorbelt_gazebo/share/conveyorbelt_gazebo/cmake/conveyorbelt_gazeboConfig-version.cmake
[0.759s] -- Installing: /home/drail/changk2/school/ROB545/Grasping-Moving-Objects/ros2_ws/install/conveyorbelt_gazebo/share/conveyorbelt_gazebo/package.xml
[0.760s] Invoked command in '/home/drail/changk2/school/ROB545/Grasping-Moving-Objects/ros2_ws/build/conveyorbelt_gazebo' returned '0': CMAKE_PREFIX_PATH=${CMAKE_PREFIX_PATH}:/home/drail/ros2_ws/install/ur5_ros2_moveit2:/home/drail/ros2_ws/install/ur5_ros2_gazebo:/home/drail/ros2_ws/install/ur3_ros2_moveit2:/home/drail/ros2_ws/install/ur3_ros2_gazebo:/home/drail/ros2_ws/install/ur10_ros2_moveit2:/home/drail/ros2_ws/install/ur10_ros2_gazebo:/home/drail/ros2_ws/install/ros2_grasping:/home/drail/ros2_ws/install/ros2_execution:/home/drail/ros2_ws/install/ros2_actions:/home/drail/ros2_ws/install/panda_ros2_moveit2:/home/drail/ros2_ws/install/irb6640_ros2_moveit2:/home/drail/ros2_ws/install/irb120_ros2_moveit2:/home/drail/ros2_ws/install/irb1200_ros2_moveit2:/home/drail/ros2_ws/install/iiwa_ros2_moveit2:/home/drail/ros2_ws/install/cr35ia_ros2_moveit2:/home/drail/ros2_ws/install/ros2_data:/home/drail/ros2_ws/install/panda_ros2_gazebo:/home/drail/ros2_ws/install/irb6640_ros2_gazebo:/home/drail/ros2_ws/install/irb120_ros2_gazebo:/home/drail/ros2_ws/install/irb1200_ros2_gazebo:/home/drail/ros2_ws/install/iiwa_ros2_gazebo:/home/drail/ros2_ws/install/cr35ia_ros2_gazebo:/opt/ros/humble /usr/bin/cmake --install /home/drail/changk2/school/ROB545/Grasping-Moving-Objects/ros2_ws/build/conveyorbelt_gazebo
