[0.075s] Invoking command in '/home/drail/ros2_ws/build/cr35ia_ros2_gazebo': CMAKE_PREFIX_PATH=${CMAKE_PREFIX_PATH}:/opt/ros/humble /usr/bin/cmake /home/drail/ros2_ws/src/ros2_RobotSimulation/Fanuc/CR35iA/cr35ia_ros2_gazebo -DCMAKE_INSTALL_PREFIX=/home/drail/ros2_ws/install/cr35ia_ros2_gazebo
[0.132s] -- The C compiler identification is GNU 11.4.0
[0.176s] -- The CXX compiler identification is GNU 11.4.0
[0.182s] -- Detecting C compiler ABI info
[0.239s] -- Detecting C compiler ABI info - done
[0.248s] -- Check for working C compiler: /usr/bin/cc - skipped
[0.248s] -- Detecting C compile features
[0.248s] -- Detecting C compile features - done
[0.252s] -- Detecting CXX compiler ABI info
[0.320s] -- Detecting CXX compiler ABI info - done
[0.329s] -- Check for working CXX compiler: /usr/bin/c++ - skipped
[0.329s] -- Detecting CXX compile features
[0.329s] -- Detecting CXX compile features - done
[0.332s] -- Found ament_cmake: 1.3.12 (/home/drail/ros2_humble/ros2-linux/share/ament_cmake/cmake)
[0.452s] -- Found Python3: /usr/bin/python3 (found version "3.10.12") found components: Interpreter 
[0.524s] -- Found ament_lint_auto: 0.12.14 (/home/drail/ros2_humble/ros2-linux/share/ament_lint_auto/cmake)
[0.585s] -- Added test 'copyright' to check source files copyright and LICENSE
[0.589s] -- Added test 'flake8' to check Python code syntax and style conventions
[0.590s] -- Added test 'lint_cmake' to check CMake code style
[0.591s] -- Added test 'pep257' to check Python code against some of the docstring style conventions in PEP 257
[0.593s] -- Added test 'xmllint' to check XML markup files
[0.595s] -- Configuring done
[0.601s] -- Generating done
[0.602s] -- Build files have been written to: /home/drail/ros2_ws/build/cr35ia_ros2_gazebo
[0.614s] Invoked command in '/home/drail/ros2_ws/build/cr35ia_ros2_gazebo' returned '0': CMAKE_PREFIX_PATH=${CMAKE_PREFIX_PATH}:/opt/ros/humble /usr/bin/cmake /home/drail/ros2_ws/src/ros2_RobotSimulation/Fanuc/CR35iA/cr35ia_ros2_gazebo -DCMAKE_INSTALL_PREFIX=/home/drail/ros2_ws/install/cr35ia_ros2_gazebo
[0.615s] Invoking command in '/home/drail/ros2_ws/build/cr35ia_ros2_gazebo': CMAKE_PREFIX_PATH=${CMAKE_PREFIX_PATH}:/opt/ros/humble /usr/bin/cmake --build /home/drail/ros2_ws/build/cr35ia_ros2_gazebo -- -j24 -l24
[0.658s] Invoked command in '/home/drail/ros2_ws/build/cr35ia_ros2_gazebo' returned '0': CMAKE_PREFIX_PATH=${CMAKE_PREFIX_PATH}:/opt/ros/humble /usr/bin/cmake --build /home/drail/ros2_ws/build/cr35ia_ros2_gazebo -- -j24 -l24
[0.660s] Invoking command in '/home/drail/ros2_ws/build/cr35ia_ros2_gazebo': CMAKE_PREFIX_PATH=${CMAKE_PREFIX_PATH}:/opt/ros/humble /usr/bin/cmake --install /home/drail/ros2_ws/build/cr35ia_ros2_gazebo
[0.679s] -- Install configuration: ""
[0.679s] -- Installing: /home/drail/ros2_ws/install/cr35ia_ros2_gazebo/share/cr35ia_ros2_gazebo/config
[0.679s] -- Installing: /home/drail/ros2_ws/install/cr35ia_ros2_gazebo/share/cr35ia_ros2_gazebo/config/cr35ia_controller.yaml
[0.679s] -- Installing: /home/drail/ros2_ws/install/cr35ia_ros2_gazebo/share/cr35ia_ros2_gazebo/launch
[0.679s] -- Installing: /home/drail/ros2_ws/install/cr35ia_ros2_gazebo/share/cr35ia_ros2_gazebo/launch/cr35ia_simulation.launch.py
[0.679s] -- Installing: /home/drail/ros2_ws/install/cr35ia_ros2_gazebo/share/cr35ia_ros2_gazebo/urdf
[0.679s] -- Installing: /home/drail/ros2_ws/install/cr35ia_ros2_gazebo/share/cr35ia_ros2_gazebo/urdf/cr35ia.urdf.xacro
[0.679s] -- Installing: /home/drail/ros2_ws/install/cr35ia_ros2_gazebo/share/cr35ia_ros2_gazebo/urdf/fanuc_resources
[0.680s] -- Installing: /home/drail/ros2_ws/install/cr35ia_ros2_gazebo/share/cr35ia_ros2_gazebo/urdf/fanuc_resources/common_colours.xacro
[0.680s] -- Installing: /home/drail/ros2_ws/install/cr35ia_ros2_gazebo/share/cr35ia_ros2_gazebo/urdf/fanuc_resources/common_materials.xacro
[0.680s] -- Installing: /home/drail/ros2_ws/install/cr35ia_ros2_gazebo/share/cr35ia_ros2_gazebo/urdf/cr35ia_macro.urdf.xacro
[0.680s] -- Installing: /home/drail/ros2_ws/install/cr35ia_ros2_gazebo/share/cr35ia_ros2_gazebo/urdf/cr35ia_ros2control.xacro
[0.680s] -- Installing: /home/drail/ros2_ws/install/cr35ia_ros2_gazebo/share/cr35ia_ros2_gazebo/urdf/cr35ia_transmission.xacro
[0.680s] -- Installing: /home/drail/ros2_ws/install/cr35ia_ros2_gazebo/share/cr35ia_ros2_gazebo/worlds
[0.680s] -- Installing: /home/drail/ros2_ws/install/cr35ia_ros2_gazebo/share/cr35ia_ros2_gazebo/worlds/cr35ia.world
[0.681s] -- Installing: /home/drail/ros2_ws/install/cr35ia_ros2_gazebo/share/cr35ia_ros2_gazebo/meshes
[0.681s] -- Installing: /home/drail/ros2_ws/install/cr35ia_ros2_gazebo/share/cr35ia_ros2_gazebo/meshes/collision
[0.681s] -- Installing: /home/drail/ros2_ws/install/cr35ia_ros2_gazebo/share/cr35ia_ros2_gazebo/meshes/collision/link_5.stl
[0.681s] -- Installing: /home/drail/ros2_ws/install/cr35ia_ros2_gazebo/share/cr35ia_ros2_gazebo/meshes/collision/link_4.stl
[0.682s] -- Installing: /home/drail/ros2_ws/install/cr35ia_ros2_gazebo/share/cr35ia_ros2_gazebo/meshes/collision/link_2.stl
[0.682s] -- Installing: /home/drail/ros2_ws/install/cr35ia_ros2_gazebo/share/cr35ia_ros2_gazebo/meshes/collision/link_6.stl
[0.682s] -- Installing: /home/drail/ros2_ws/install/cr35ia_ros2_gazebo/share/cr35ia_ros2_gazebo/meshes/collision/base_link.stl
[0.684s] -- Installing: /home/drail/ros2_ws/install/cr35ia_ros2_gazebo/share/cr35ia_ros2_gazebo/meshes/collision/link_1.stl
[0.684s] -- Installing: /home/drail/ros2_ws/install/cr35ia_ros2_gazebo/share/cr35ia_ros2_gazebo/meshes/collision/link_3.stl
[0.686s] -- Installing: /home/drail/ros2_ws/install/cr35ia_ros2_gazebo/share/cr35ia_ros2_gazebo/meshes/visual
[0.686s] -- Installing: /home/drail/ros2_ws/install/cr35ia_ros2_gazebo/share/cr35ia_ros2_gazebo/meshes/visual/link_5.stl
[0.686s] -- Installing: /home/drail/ros2_ws/install/cr35ia_ros2_gazebo/share/cr35ia_ros2_gazebo/meshes/visual/link_4.stl
[0.687s] -- Installing: /home/drail/ros2_ws/install/cr35ia_ros2_gazebo/share/cr35ia_ros2_gazebo/meshes/visual/link_2.stl
[0.687s] -- Installing: /home/drail/ros2_ws/install/cr35ia_ros2_gazebo/share/cr35ia_ros2_gazebo/meshes/visual/link_6.stl
[0.687s] -- Installing: /home/drail/ros2_ws/install/cr35ia_ros2_gazebo/share/cr35ia_ros2_gazebo/meshes/visual/base_link.stl
[0.689s] -- Installing: /home/drail/ros2_ws/install/cr35ia_ros2_gazebo/share/cr35ia_ros2_gazebo/meshes/visual/link_1.stl
[0.689s] -- Installing: /home/drail/ros2_ws/install/cr35ia_ros2_gazebo/share/cr35ia_ros2_gazebo/meshes/visual/link_3.stl
[0.690s] -- Installing: /home/drail/ros2_ws/install/cr35ia_ros2_gazebo/share/ament_index/resource_index/package_run_dependencies/cr35ia_ros2_gazebo
[0.690s] -- Installing: /home/drail/ros2_ws/install/cr35ia_ros2_gazebo/share/ament_index/resource_index/parent_prefix_path/cr35ia_ros2_gazebo
[0.690s] -- Installing: /home/drail/ros2_ws/install/cr35ia_ros2_gazebo/share/cr35ia_ros2_gazebo/environment/ament_prefix_path.sh
[0.690s] -- Installing: /home/drail/ros2_ws/install/cr35ia_ros2_gazebo/share/cr35ia_ros2_gazebo/environment/ament_prefix_path.dsv
[0.690s] -- Installing: /home/drail/ros2_ws/install/cr35ia_ros2_gazebo/share/cr35ia_ros2_gazebo/environment/path.sh
[0.691s] -- Installing: /home/drail/ros2_ws/install/cr35ia_ros2_gazebo/share/cr35ia_ros2_gazebo/environment/path.dsv
[0.691s] -- Installing: /home/drail/ros2_ws/install/cr35ia_ros2_gazebo/share/cr35ia_ros2_gazebo/local_setup.bash
[0.691s] -- Installing: /home/drail/ros2_ws/install/cr35ia_ros2_gazebo/share/cr35ia_ros2_gazebo/local_setup.sh
[0.691s] -- Installing: /home/drail/ros2_ws/install/cr35ia_ros2_gazebo/share/cr35ia_ros2_gazebo/local_setup.zsh
[0.691s] -- Installing: /home/drail/ros2_ws/install/cr35ia_ros2_gazebo/share/cr35ia_ros2_gazebo/local_setup.dsv
[0.691s] -- Installing: /home/drail/ros2_ws/install/cr35ia_ros2_gazebo/share/cr35ia_ros2_gazebo/package.dsv
[0.691s] -- Installing: /home/drail/ros2_ws/install/cr35ia_ros2_gazebo/share/ament_index/resource_index/packages/cr35ia_ros2_gazebo
[0.691s] -- Installing: /home/drail/ros2_ws/install/cr35ia_ros2_gazebo/share/cr35ia_ros2_gazebo/cmake/cr35ia_ros2_gazeboConfig.cmake
[0.691s] -- Installing: /home/drail/ros2_ws/install/cr35ia_ros2_gazebo/share/cr35ia_ros2_gazebo/cmake/cr35ia_ros2_gazeboConfig-version.cmake
[0.692s] -- Installing: /home/drail/ros2_ws/install/cr35ia_ros2_gazebo/share/cr35ia_ros2_gazebo/package.xml
[0.718s] Invoked command in '/home/drail/ros2_ws/build/cr35ia_ros2_gazebo' returned '0': CMAKE_PREFIX_PATH=${CMAKE_PREFIX_PATH}:/opt/ros/humble /usr/bin/cmake --install /home/drail/ros2_ws/build/cr35ia_ros2_gazebo
