[0mCMake Error: The current CMakeCache.txt directory /home/drail/changk2/school/ROB545/Grasping-Moving-Objects/ros2_ws/build/ros2_data/CMakeCache.txt is different than the directory /home/drail/ros2_ws/build/ros2_data where CMakeCache.txt was created. This may result in binaries being created in the wrong place. If you are not sure, reedit the CMakeCache.txt[0m
-- Found ament_cmake: 1.3.12 (/home/drail/ros2_humble/ros2-linux/share/ament_cmake/cmake)
-- Found rosidl_default_generators: 1.2.0 (/home/drail/ros2_humble/ros2-linux/share/rosidl_default_generators/cmake)
-- Using all available rosidl_typesupport_c: rosidl_typesupport_fastrtps_c;rosidl_typesupport_introspection_c
-- Found rosidl_adapter: 3.1.7 (/home/drail/ros2_humble/ros2-linux/share/rosidl_adapter/cmake)
-- Using all available rosidl_typesupport_cpp: rosidl_typesupport_fastrtps_cpp;rosidl_typesupport_introspection_cpp
-- Found ament_cmake_ros: 0.10.0 (/home/drail/ros2_humble/ros2-linux/share/ament_cmake_ros/cmake)
-- Using all available rosidl_typesupport_c: rosidl_typesupport_fastrtps_c;rosidl_typesupport_introspection_c
-- Using all available rosidl_typesupport_cpp: rosidl_typesupport_fastrtps_cpp;rosidl_typesupport_introspection_cpp
-- Found python_cmake_module: 0.10.0 (/home/drail/ros2_humble/ros2-linux/share/python_cmake_module/cmake)
-- Using PYTHON_EXECUTABLE: /usr/bin/python3
-- Using PYTHON_INCLUDE_DIRS: /usr/include/python3.10
-- Using PYTHON_LIBRARIES: /usr/lib/x86_64-linux-gnu/libpython3.10.so
-- Found ament_lint_auto: 0.12.14 (/home/drail/ros2_humble/ros2-linux/share/ament_lint_auto/cmake)
-- Added test 'copyright' to check source files copyright and LICENSE
-- Added test 'lint_cmake' to check CMake code style
-- Added test 'xmllint' to check XML markup files
-- Configuring done
-- Generating done
-- Build files have been written to: /home/drail/ros2_ws/build/ros2_data
[35m[1mConsolidate compiler generated dependencies of target ros2_data__rosidl_generator_c[0m
[  0%] Built target ros2_data__cpp
[ 12%] Built target ros2_data__rosidl_generator_c
[ 12%] Built target ament_cmake_python_copy_ros2_data
[35m[1mConsolidate compiler generated dependencies of target ros2_data__rosidl_typesupport_cpp[0m
[35m[1mConsolidate compiler generated dependencies of target ros2_data__rosidl_typesupport_fastrtps_cpp[0m
[35m[1mConsolidate compiler generated dependencies of target ros2_data__rosidl_typesupport_introspection_cpp[0m
[35m[1mConsolidate compiler generated dependencies of target ros2_data__rosidl_typesupport_introspection_c[0m
[35m[1mConsolidate compiler generated dependencies of target ros2_data__rosidl_typesupport_c[0m
[35m[1mConsolidate compiler generated dependencies of target ros2_data__rosidl_typesupport_fastrtps_c[0m
[ 36%] Built target ros2_data__rosidl_typesupport_cpp
[ 36%] Built target ros2_data__rosidl_typesupport_introspection_c
[ 48%] Built target ros2_data__rosidl_typesupport_c
[ 69%] Built target ros2_data__rosidl_typesupport_introspection_cpp
[ 71%] Built target ros2_data__rosidl_typesupport_fastrtps_cpp
[ 83%] Built target ros2_data__rosidl_typesupport_fastrtps_c
[ 83%] Built target ros2_data
[ 84%] Built target ros2_data__py
[35m[1mConsolidate compiler generated dependencies of target ros2_data__rosidl_generator_py[0m
[ 95%] Built target ros2_data__rosidl_generator_py
[35m[1mConsolidate compiler generated dependencies of target ros2_data__rosidl_typesupport_introspection_c__pyext[0m
[35m[1mConsolidate compiler generated dependencies of target ros2_data__rosidl_typesupport_fastrtps_c__pyext[0m
[35m[1mConsolidate compiler generated dependencies of target ros2_data__rosidl_typesupport_c__pyext[0m
[100%] Built target ros2_data__rosidl_typesupport_c__pyext
[100%] Built target ros2_data__rosidl_typesupport_introspection_c__pyext
[100%] Built target ros2_data__rosidl_typesupport_fastrtps_c__pyext
running egg_info
writing ros2_data.egg-info/PKG-INFO
writing dependency_links to ros2_data.egg-info/dependency_links.txt
writing top-level names to ros2_data.egg-info/top_level.txt
reading manifest file 'ros2_data.egg-info/SOURCES.txt'
writing manifest file 'ros2_data.egg-info/SOURCES.txt'
[100%] Built target ament_cmake_python_build_ros2_data_egg
-- Install configuration: ""
-- Up-to-date: /home/drail/ros2_ws/install/ros2_data/share/ament_index/resource_index/rosidl_interfaces/ros2_data
-- Up-to-date: /home/drail/ros2_ws/install/ros2_data/include/ros2_data/ros2_data
-- Up-to-date: /home/drail/ros2_ws/install/ros2_data/include/ros2_data/ros2_data/action
-- Up-to-date: /home/drail/ros2_ws/install/ros2_data/include/ros2_data/ros2_data/action/move_l.h
-- Up-to-date: /home/drail/ros2_ws/install/ros2_data/include/ros2_data/ros2_data/action/move_rp.h
-- Up-to-date: /home/drail/ros2_ws/install/ros2_data/include/ros2_data/ros2_data/action/move_js.h
-- Up-to-date: /home/drail/ros2_ws/install/ros2_data/include/ros2_data/ros2_data/action/move_xyzw.h
-- Up-to-date: /home/drail/ros2_ws/install/ros2_data/include/ros2_data/ros2_data/action/move_xyz.h
-- Up-to-date: /home/drail/ros2_ws/install/ros2_data/include/ros2_data/ros2_data/action/move_g.h
-- Up-to-date: /home/drail/ros2_ws/install/ros2_data/include/ros2_data/ros2_data/action/detail
-- Up-to-date: /home/drail/ros2_ws/install/ros2_data/include/ros2_data/ros2_data/action/detail/move_xyz__functions.c
-- Up-to-date: /home/drail/ros2_ws/install/ros2_data/include/ros2_data/ros2_data/action/detail/move_xyzw__functions.c
-- Up-to-date: /home/drail/ros2_ws/install/ros2_data/include/ros2_data/ros2_data/action/detail/move_js__functions.c
-- Up-to-date: /home/drail/ros2_ws/install/ros2_data/include/ros2_data/ros2_data/action/detail/move_rp__functions.c
-- Up-to-date: /home/drail/ros2_ws/install/ros2_data/include/ros2_data/ros2_data/action/detail/move_g__functions.h
-- Up-to-date: /home/drail/ros2_ws/install/ros2_data/include/ros2_data/ros2_data/action/detail/move_js__type_support.h
-- Up-to-date: /home/drail/ros2_ws/install/ros2_data/include/ros2_data/ros2_data/action/detail/move_ypr__functions.h
-- Up-to-date: /home/drail/ros2_ws/install/ros2_data/include/ros2_data/ros2_data/action/detail/move_js__struct.h
-- Up-to-date: /home/drail/ros2_ws/install/ros2_data/include/ros2_data/ros2_data/action/detail/move_rp__type_support.h
-- Up-to-date: /home/drail/ros2_ws/install/ros2_data/include/ros2_data/ros2_data/action/detail/move_j__functions.c
-- Up-to-date: /home/drail/ros2_ws/install/ros2_data/include/ros2_data/ros2_data/action/detail/move_xyz__type_support.h
-- Up-to-date: /home/drail/ros2_ws/install/ros2_data/include/ros2_data/ros2_data/action/detail/move_xyz__struct.h
-- Up-to-date: /home/drail/ros2_ws/install/ros2_data/include/ros2_data/ros2_data/action/detail/move_r__struct.h
-- Up-to-date: /home/drail/ros2_ws/install/ros2_data/include/ros2_data/ros2_data/action/detail/move_js__functions.h
-- Up-to-date: /home/drail/ros2_ws/install/ros2_data/include/ros2_data/ros2_data/action/detail/move_rot__type_support.h
-- Up-to-date: /home/drail/ros2_ws/install/ros2_data/include/ros2_data/ros2_data/action/detail/move_rp__struct.h
-- Up-to-date: /home/drail/ros2_ws/install/ros2_data/include/ros2_data/ros2_data/action/detail/move_ypr__type_support.h
-- Up-to-date: /home/drail/ros2_ws/install/ros2_data/include/ros2_data/ros2_data/action/detail/move_g__functions.c
-- Up-to-date: /home/drail/ros2_ws/install/ros2_data/include/ros2_data/ros2_data/action/detail/move_r__type_support.h
-- Up-to-date: /home/drail/ros2_ws/install/ros2_data/include/ros2_data/ros2_data/action/detail/move_l__type_support.h
-- Up-to-date: /home/drail/ros2_ws/install/ros2_data/include/ros2_data/ros2_data/action/detail/move_xyzw__struct.h
-- Up-to-date: /home/drail/ros2_ws/install/ros2_data/include/ros2_data/ros2_data/action/detail/move_xyz__functions.h
-- Up-to-date: /home/drail/ros2_ws/install/ros2_data/include/ros2_data/ros2_data/action/detail/move_rot__struct.h
-- Up-to-date: /home/drail/ros2_ws/install/ros2_data/include/ros2_data/ros2_data/action/detail/move_j__struct.h
-- Up-to-date: /home/drail/ros2_ws/install/ros2_data/include/ros2_data/ros2_data/action/detail/move_ypr__functions.c
-- Up-to-date: /home/drail/ros2_ws/install/ros2_data/include/ros2_data/ros2_data/action/detail/move_j__functions.h
-- Up-to-date: /home/drail/ros2_ws/install/ros2_data/include/ros2_data/ros2_data/action/detail/move_g__type_support.h
-- Up-to-date: /home/drail/ros2_ws/install/ros2_data/include/ros2_data/ros2_data/action/detail/move_xyzw__functions.h
-- Up-to-date: /home/drail/ros2_ws/install/ros2_data/include/ros2_data/ros2_data/action/detail/move_r__functions.h
-- Up-to-date: /home/drail/ros2_ws/install/ros2_data/include/ros2_data/ros2_data/action/detail/move_g__struct.h
-- Up-to-date: /home/drail/ros2_ws/install/ros2_data/include/ros2_data/ros2_data/action/detail/move_l__functions.c
-- Up-to-date: /home/drail/ros2_ws/install/ros2_data/include/ros2_data/ros2_data/action/detail/move_rp__functions.h
-- Up-to-date: /home/drail/ros2_ws/install/ros2_data/include/ros2_data/ros2_data/action/detail/move_ypr__struct.h
-- Up-to-date: /home/drail/ros2_ws/install/ros2_data/include/ros2_data/ros2_data/action/detail/move_xyzw__type_support.h
-- Up-to-date: /home/drail/ros2_ws/install/ros2_data/include/ros2_data/ros2_data/action/detail/move_rot__functions.c
-- Up-to-date: /home/drail/ros2_ws/install/ros2_data/include/ros2_data/ros2_data/action/detail/move_rot__functions.h
-- Up-to-date: /home/drail/ros2_ws/install/ros2_data/include/ros2_data/ros2_data/action/detail/move_l__functions.h
-- Up-to-date: /home/drail/ros2_ws/install/ros2_data/include/ros2_data/ros2_data/action/detail/move_j__type_support.h
-- Up-to-date: /home/drail/ros2_ws/install/ros2_data/include/ros2_data/ros2_data/action/detail/move_r__functions.c
-- Up-to-date: /home/drail/ros2_ws/install/ros2_data/include/ros2_data/ros2_data/action/detail/move_l__struct.h
-- Up-to-date: /home/drail/ros2_ws/install/ros2_data/include/ros2_data/ros2_data/action/move_ypr.h
-- Up-to-date: /home/drail/ros2_ws/install/ros2_data/include/ros2_data/ros2_data/action/move_j.h
-- Up-to-date: /home/drail/ros2_ws/install/ros2_data/include/ros2_data/ros2_data/action/move_r.h
-- Up-to-date: /home/drail/ros2_ws/install/ros2_data/include/ros2_data/ros2_data/action/move_rot.h
-- Up-to-date: /home/drail/ros2_ws/install/ros2_data/include/ros2_data/ros2_data/msg
-- Up-to-date: /home/drail/ros2_ws/install/ros2_data/include/ros2_data/ros2_data/msg/detail
-- Up-to-date: /home/drail/ros2_ws/install/ros2_data/include/ros2_data/ros2_data/msg/detail/joint_pose_s__struct.h
-- Up-to-date: /home/drail/ros2_ws/install/ros2_data/include/ros2_data/ros2_data/msg/detail/joint_pose_s__functions.h
-- Up-to-date: /home/drail/ros2_ws/install/ros2_data/include/ros2_data/ros2_data/msg/detail/joint_pose__struct.h
-- Up-to-date: /home/drail/ros2_ws/install/ros2_data/include/ros2_data/ros2_data/msg/detail/joint_pose_s__functions.c
-- Up-to-date: /home/drail/ros2_ws/install/ros2_data/include/ros2_data/ros2_data/msg/detail/joint_pose__functions.h
-- Up-to-date: /home/drail/ros2_ws/install/ros2_data/include/ros2_data/ros2_data/msg/detail/joint_pose__functions.c
-- Up-to-date: /home/drail/ros2_ws/install/ros2_data/include/ros2_data/ros2_data/msg/detail/joint_pose_s__type_support.h
-- Up-to-date: /home/drail/ros2_ws/install/ros2_data/include/ros2_data/ros2_data/msg/detail/joint_pose__type_support.h
-- Up-to-date: /home/drail/ros2_ws/install/ros2_data/include/ros2_data/ros2_data/msg/joint_pose.h
-- Up-to-date: /home/drail/ros2_ws/install/ros2_data/include/ros2_data/ros2_data/msg/rosidl_generator_c__visibility_control.h
-- Up-to-date: /home/drail/ros2_ws/install/ros2_data/include/ros2_data/ros2_data/msg/joint_pose_s.h
-- Up-to-date: /home/drail/ros2_ws/install/ros2_data/share/ros2_data/environment/library_path.sh
-- Installing: /home/drail/ros2_ws/install/ros2_data/share/ros2_data/environment/library_path.dsv
-- Up-to-date: /home/drail/ros2_ws/install/ros2_data/lib/libros2_data__rosidl_generator_c.so
-- Up-to-date: /home/drail/ros2_ws/install/ros2_data/include/ros2_data/ros2_data
-- Up-to-date: /home/drail/ros2_ws/install/ros2_data/include/ros2_data/ros2_data/action
-- Up-to-date: /home/drail/ros2_ws/install/ros2_data/include/ros2_data/ros2_data/action/detail
-- Up-to-date: /home/drail/ros2_ws/install/ros2_data/include/ros2_data/ros2_data/action/detail/move_js__rosidl_typesupport_fastrtps_c.h
-- Up-to-date: /home/drail/ros2_ws/install/ros2_data/include/ros2_data/ros2_data/action/detail/move_l__rosidl_typesupport_fastrtps_c.h
-- Up-to-date: /home/drail/ros2_ws/install/ros2_data/include/ros2_data/ros2_data/action/detail/move_ypr__rosidl_typesupport_fastrtps_c.h
-- Up-to-date: /home/drail/ros2_ws/install/ros2_data/include/ros2_data/ros2_data/action/detail/move_rp__rosidl_typesupport_fastrtps_c.h
-- Up-to-date: /home/drail/ros2_ws/install/ros2_data/include/ros2_data/ros2_data/action/detail/move_g__rosidl_typesupport_fastrtps_c.h
-- Up-to-date: /home/drail/ros2_ws/install/ros2_data/include/ros2_data/ros2_data/action/detail/move_rot__rosidl_typesupport_fastrtps_c.h
-- Up-to-date: /home/drail/ros2_ws/install/ros2_data/include/ros2_data/ros2_data/action/detail/move_r__rosidl_typesupport_fastrtps_c.h
-- Up-to-date: /home/drail/ros2_ws/install/ros2_data/include/ros2_data/ros2_data/action/detail/move_xyzw__rosidl_typesupport_fastrtps_c.h
-- Up-to-date: /home/drail/ros2_ws/install/ros2_data/include/ros2_data/ros2_data/action/detail/move_j__rosidl_typesupport_fastrtps_c.h
-- Up-to-date: /home/drail/ros2_ws/install/ros2_data/include/ros2_data/ros2_data/action/detail/move_xyz__rosidl_typesupport_fastrtps_c.h
-- Up-to-date: /home/drail/ros2_ws/install/ros2_data/include/ros2_data/ros2_data/msg
-- Up-to-date: /home/drail/ros2_ws/install/ros2_data/include/ros2_data/ros2_data/msg/detail
-- Up-to-date: /home/drail/ros2_ws/install/ros2_data/include/ros2_data/ros2_data/msg/detail/joint_pose__rosidl_typesupport_fastrtps_c.h
-- Up-to-date: /home/drail/ros2_ws/install/ros2_data/include/ros2_data/ros2_data/msg/detail/joint_pose_s__rosidl_typesupport_fastrtps_c.h
-- Up-to-date: /home/drail/ros2_ws/install/ros2_data/include/ros2_data/ros2_data/msg/rosidl_typesupport_fastrtps_c__visibility_control.h
-- Up-to-date: /home/drail/ros2_ws/install/ros2_data/lib/libros2_data__rosidl_typesupport_fastrtps_c.so
-- Up-to-date: /home/drail/ros2_ws/install/ros2_data/include/ros2_data/ros2_data
-- Up-to-date: /home/drail/ros2_ws/install/ros2_data/include/ros2_data/ros2_data/action
-- Up-to-date: /home/drail/ros2_ws/install/ros2_data/include/ros2_data/ros2_data/action/detail
-- Up-to-date: /home/drail/ros2_ws/install/ros2_data/include/ros2_data/ros2_data/action/detail/move_g__type_support.c
-- Up-to-date: /home/drail/ros2_ws/install/ros2_data/include/ros2_data/ros2_data/action/detail/move_j__rosidl_typesupport_introspection_c.h
-- Up-to-date: /home/drail/ros2_ws/install/ros2_data/include/ros2_data/ros2_data/action/detail/move_xyzw__rosidl_typesupport_introspection_c.h
-- Up-to-date: /home/drail/ros2_ws/install/ros2_data/include/ros2_data/ros2_data/action/detail/move_xyz__type_support.c
-- Up-to-date: /home/drail/ros2_ws/install/ros2_data/include/ros2_data/ros2_data/action/detail/move_js__rosidl_typesupport_introspection_c.h
-- Up-to-date: /home/drail/ros2_ws/install/ros2_data/include/ros2_data/ros2_data/action/detail/move_xyz__rosidl_typesupport_introspection_c.h
-- Up-to-date: /home/drail/ros2_ws/install/ros2_data/include/ros2_data/ros2_data/action/detail/move_rot__type_support.c
-- Up-to-date: /home/drail/ros2_ws/install/ros2_data/include/ros2_data/ros2_data/action/detail/move_xyzw__type_support.c
-- Up-to-date: /home/drail/ros2_ws/install/ros2_data/include/ros2_data/ros2_data/action/detail/move_j__type_support.c
-- Up-to-date: /home/drail/ros2_ws/install/ros2_data/include/ros2_data/ros2_data/action/detail/move_l__rosidl_typesupport_introspection_c.h
-- Up-to-date: /home/drail/ros2_ws/install/ros2_data/include/ros2_data/ros2_data/action/detail/move_l__type_support.c
-- Up-to-date: /home/drail/ros2_ws/install/ros2_data/include/ros2_data/ros2_data/action/detail/move_rp__type_support.c
-- Up-to-date: /home/drail/ros2_ws/install/ros2_data/include/ros2_data/ros2_data/action/detail/move_rp__rosidl_typesupport_introspection_c.h
-- Up-to-date: /home/drail/ros2_ws/install/ros2_data/include/ros2_data/ros2_data/action/detail/move_r__rosidl_typesupport_introspection_c.h
-- Up-to-date: /home/drail/ros2_ws/install/ros2_data/include/ros2_data/ros2_data/action/detail/move_ypr__type_support.c
-- Up-to-date: /home/drail/ros2_ws/install/ros2_data/include/ros2_data/ros2_data/action/detail/move_ypr__rosidl_typesupport_introspection_c.h
-- Up-to-date: /home/drail/ros2_ws/install/ros2_data/include/ros2_data/ros2_data/action/detail/move_r__type_support.c
-- Up-to-date: /home/drail/ros2_ws/install/ros2_data/include/ros2_data/ros2_data/action/detail/move_g__rosidl_typesupport_introspection_c.h
-- Up-to-date: /home/drail/ros2_ws/install/ros2_data/include/ros2_data/ros2_data/action/detail/move_rot__rosidl_typesupport_introspection_c.h
-- Up-to-date: /home/drail/ros2_ws/install/ros2_data/include/ros2_data/ros2_data/action/detail/move_js__type_support.c
-- Up-to-date: /home/drail/ros2_ws/install/ros2_data/include/ros2_data/ros2_data/msg
-- Up-to-date: /home/drail/ros2_ws/install/ros2_data/include/ros2_data/ros2_data/msg/rosidl_typesupport_introspection_c__visibility_control.h
-- Up-to-date: /home/drail/ros2_ws/install/ros2_data/include/ros2_data/ros2_data/msg/detail
-- Up-to-date: /home/drail/ros2_ws/install/ros2_data/include/ros2_data/ros2_data/msg/detail/joint_pose_s__type_support.c
-- Up-to-date: /home/drail/ros2_ws/install/ros2_data/include/ros2_data/ros2_data/msg/detail/joint_pose__rosidl_typesupport_introspection_c.h
-- Up-to-date: /home/drail/ros2_ws/install/ros2_data/include/ros2_data/ros2_data/msg/detail/joint_pose_s__rosidl_typesupport_introspection_c.h
-- Up-to-date: /home/drail/ros2_ws/install/ros2_data/include/ros2_data/ros2_data/msg/detail/joint_pose__type_support.c
-- Up-to-date: /home/drail/ros2_ws/install/ros2_data/lib/libros2_data__rosidl_typesupport_introspection_c.so
-- Up-to-date: /home/drail/ros2_ws/install/ros2_data/lib/libros2_data__rosidl_typesupport_c.so
-- Up-to-date: /home/drail/ros2_ws/install/ros2_data/include/ros2_data/ros2_data
-- Up-to-date: /home/drail/ros2_ws/install/ros2_data/include/ros2_data/ros2_data/action
-- Up-to-date: /home/drail/ros2_ws/install/ros2_data/include/ros2_data/ros2_data/action/move_g.hpp
-- Up-to-date: /home/drail/ros2_ws/install/ros2_data/include/ros2_data/ros2_data/action/move_js.hpp
-- Up-to-date: /home/drail/ros2_ws/install/ros2_data/include/ros2_data/ros2_data/action/move_rp.hpp
-- Up-to-date: /home/drail/ros2_ws/install/ros2_data/include/ros2_data/ros2_data/action/detail
-- Up-to-date: /home/drail/ros2_ws/install/ros2_data/include/ros2_data/ros2_data/action/detail/move_rp__type_support.hpp
-- Up-to-date: /home/drail/ros2_ws/install/ros2_data/include/ros2_data/ros2_data/action/detail/move_xyz__struct.hpp
-- Up-to-date: /home/drail/ros2_ws/install/ros2_data/include/ros2_data/ros2_data/action/detail/move_g__type_support.hpp
-- Up-to-date: /home/drail/ros2_ws/install/ros2_data/include/ros2_data/ros2_data/action/detail/move_rp__struct.hpp
-- Up-to-date: /home/drail/ros2_ws/install/ros2_data/include/ros2_data/ros2_data/action/detail/move_xyz__type_support.hpp
-- Up-to-date: /home/drail/ros2_ws/install/ros2_data/include/ros2_data/ros2_data/action/detail/move_g__struct.hpp
-- Up-to-date: /home/drail/ros2_ws/install/ros2_data/include/ros2_data/ros2_data/action/detail/move_l__type_support.hpp
-- Up-to-date: /home/drail/ros2_ws/install/ros2_data/include/ros2_data/ros2_data/action/detail/move_xyz__traits.hpp
-- Up-to-date: /home/drail/ros2_ws/install/ros2_data/include/ros2_data/ros2_data/action/detail/move_ypr__traits.hpp
-- Up-to-date: /home/drail/ros2_ws/install/ros2_data/include/ros2_data/ros2_data/action/detail/move_js__builder.hpp
-- Up-to-date: /home/drail/ros2_ws/install/ros2_data/include/ros2_data/ros2_data/action/detail/move_r__builder.hpp
-- Up-to-date: /home/drail/ros2_ws/install/ros2_data/include/ros2_data/ros2_data/action/detail/move_xyzw__struct.hpp
-- Up-to-date: /home/drail/ros2_ws/install/ros2_data/include/ros2_data/ros2_data/action/detail/move_ypr__type_support.hpp
-- Up-to-date: /home/drail/ros2_ws/install/ros2_data/include/ros2_data/ros2_data/action/detail/move_g__traits.hpp
-- Up-to-date: /home/drail/ros2_ws/install/ros2_data/include/ros2_data/ros2_data/action/detail/move_r__type_support.hpp
-- Up-to-date: /home/drail/ros2_ws/install/ros2_data/include/ros2_data/ros2_data/action/detail/move_j__type_support.hpp
-- Up-to-date: /home/drail/ros2_ws/install/ros2_data/include/ros2_data/ros2_data/action/detail/move_j__traits.hpp
-- Up-to-date: /home/drail/ros2_ws/install/ros2_data/include/ros2_data/ros2_data/action/detail/move_j__builder.hpp
-- Up-to-date: /home/drail/ros2_ws/install/ros2_data/include/ros2_data/ros2_data/action/detail/move_ypr__builder.hpp
-- Up-to-date: /home/drail/ros2_ws/install/ros2_data/include/ros2_data/ros2_data/action/detail/move_xyzw__builder.hpp
-- Up-to-date: /home/drail/ros2_ws/install/ros2_data/include/ros2_data/ros2_data/action/detail/move_rp__traits.hpp
-- Up-to-date: /home/drail/ros2_ws/install/ros2_data/include/ros2_data/ros2_data/action/detail/move_l__builder.hpp
-- Up-to-date: /home/drail/ros2_ws/install/ros2_data/include/ros2_data/ros2_data/action/detail/move_js__traits.hpp
-- Up-to-date: /home/drail/ros2_ws/install/ros2_data/include/ros2_data/ros2_data/action/detail/move_js__struct.hpp
-- Up-to-date: /home/drail/ros2_ws/install/ros2_data/include/ros2_data/ros2_data/action/detail/move_r__traits.hpp
-- Up-to-date: /home/drail/ros2_ws/install/ros2_data/include/ros2_data/ros2_data/action/detail/move_j__struct.hpp
-- Up-to-date: /home/drail/ros2_ws/install/ros2_data/include/ros2_data/ros2_data/action/detail/move_l__traits.hpp
-- Up-to-date: /home/drail/ros2_ws/install/ros2_data/include/ros2_data/ros2_data/action/detail/move_r__struct.hpp
-- Up-to-date: /home/drail/ros2_ws/install/ros2_data/include/ros2_data/ros2_data/action/detail/move_xyz__builder.hpp
-- Up-to-date: /home/drail/ros2_ws/install/ros2_data/include/ros2_data/ros2_data/action/detail/move_ypr__struct.hpp
-- Up-to-date: /home/drail/ros2_ws/install/ros2_data/include/ros2_data/ros2_data/action/detail/move_js__type_support.hpp
-- Up-to-date: /home/drail/ros2_ws/install/ros2_data/include/ros2_data/ros2_data/action/detail/move_rp__builder.hpp
-- Up-to-date: /home/drail/ros2_ws/install/ros2_data/include/ros2_data/ros2_data/action/detail/move_g__builder.hpp
-- Up-to-date: /home/drail/ros2_ws/install/ros2_data/include/ros2_data/ros2_data/action/detail/move_rot__type_support.hpp
-- Up-to-date: /home/drail/ros2_ws/install/ros2_data/include/ros2_data/ros2_data/action/detail/move_rot__traits.hpp
-- Up-to-date: /home/drail/ros2_ws/install/ros2_data/include/ros2_data/ros2_data/action/detail/move_xyzw__traits.hpp
-- Up-to-date: /home/drail/ros2_ws/install/ros2_data/include/ros2_data/ros2_data/action/detail/move_xyzw__type_support.hpp
-- Up-to-date: /home/drail/ros2_ws/install/ros2_data/include/ros2_data/ros2_data/action/detail/move_rot__builder.hpp
-- Up-to-date: /home/drail/ros2_ws/install/ros2_data/include/ros2_data/ros2_data/action/detail/move_rot__struct.hpp
-- Up-to-date: /home/drail/ros2_ws/install/ros2_data/include/ros2_data/ros2_data/action/detail/move_l__struct.hpp
-- Up-to-date: /home/drail/ros2_ws/install/ros2_data/include/ros2_data/ros2_data/action/move_rot.hpp
-- Up-to-date: /home/drail/ros2_ws/install/ros2_data/include/ros2_data/ros2_data/action/move_xyz.hpp
-- Up-to-date: /home/drail/ros2_ws/install/ros2_data/include/ros2_data/ros2_data/action/move_l.hpp
-- Up-to-date: /home/drail/ros2_ws/install/ros2_data/include/ros2_data/ros2_data/action/move_r.hpp
-- Up-to-date: /home/drail/ros2_ws/install/ros2_data/include/ros2_data/ros2_data/action/move_ypr.hpp
-- Up-to-date: /home/drail/ros2_ws/install/ros2_data/include/ros2_data/ros2_data/action/move_j.hpp
-- Up-to-date: /home/drail/ros2_ws/install/ros2_data/include/ros2_data/ros2_data/action/move_xyzw.hpp
-- Up-to-date: /home/drail/ros2_ws/install/ros2_data/include/ros2_data/ros2_data/msg
-- Up-to-date: /home/drail/ros2_ws/install/ros2_data/include/ros2_data/ros2_data/msg/joint_pose_s.hpp
-- Up-to-date: /home/drail/ros2_ws/install/ros2_data/include/ros2_data/ros2_data/msg/joint_pose.hpp
-- Up-to-date: /home/drail/ros2_ws/install/ros2_data/include/ros2_data/ros2_data/msg/detail
-- Up-to-date: /home/drail/ros2_ws/install/ros2_data/include/ros2_data/ros2_data/msg/detail/joint_pose_s__type_support.hpp
-- Up-to-date: /home/drail/ros2_ws/install/ros2_data/include/ros2_data/ros2_data/msg/detail/joint_pose_s__traits.hpp
-- Up-to-date: /home/drail/ros2_ws/install/ros2_data/include/ros2_data/ros2_data/msg/detail/joint_pose_s__struct.hpp
-- Up-to-date: /home/drail/ros2_ws/install/ros2_data/include/ros2_data/ros2_data/msg/detail/joint_pose__type_support.hpp
-- Up-to-date: /home/drail/ros2_ws/install/ros2_data/include/ros2_data/ros2_data/msg/detail/joint_pose__traits.hpp
-- Up-to-date: /home/drail/ros2_ws/install/ros2_data/include/ros2_data/ros2_data/msg/detail/joint_pose__builder.hpp
-- Up-to-date: /home/drail/ros2_ws/install/ros2_data/include/ros2_data/ros2_data/msg/detail/joint_pose__struct.hpp
-- Up-to-date: /home/drail/ros2_ws/install/ros2_data/include/ros2_data/ros2_data/msg/detail/joint_pose_s__builder.hpp
-- Up-to-date: /home/drail/ros2_ws/install/ros2_data/include/ros2_data/ros2_data/msg/rosidl_generator_cpp__visibility_control.hpp
-- Up-to-date: /home/drail/ros2_ws/install/ros2_data/include/ros2_data/ros2_data
-- Up-to-date: /home/drail/ros2_ws/install/ros2_data/include/ros2_data/ros2_data/action
-- Up-to-date: /home/drail/ros2_ws/install/ros2_data/include/ros2_data/ros2_data/action/detail
-- Up-to-date: /home/drail/ros2_ws/install/ros2_data/include/ros2_data/ros2_data/action/detail/move_r__rosidl_typesupport_fastrtps_cpp.hpp
-- Up-to-date: /home/drail/ros2_ws/install/ros2_data/include/ros2_data/ros2_data/action/detail/move_rot__rosidl_typesupport_fastrtps_cpp.hpp
-- Up-to-date: /home/drail/ros2_ws/install/ros2_data/include/ros2_data/ros2_data/action/detail/move_rp__rosidl_typesupport_fastrtps_cpp.hpp
-- Up-to-date: /home/drail/ros2_ws/install/ros2_data/include/ros2_data/ros2_data/action/detail/move_xyzw__rosidl_typesupport_fastrtps_cpp.hpp
-- Up-to-date: /home/drail/ros2_ws/install/ros2_data/include/ros2_data/ros2_data/action/detail/move_js__rosidl_typesupport_fastrtps_cpp.hpp
-- Up-to-date: /home/drail/ros2_ws/install/ros2_data/include/ros2_data/ros2_data/action/detail/move_xyz__rosidl_typesupport_fastrtps_cpp.hpp
-- Up-to-date: /home/drail/ros2_ws/install/ros2_data/include/ros2_data/ros2_data/action/detail/move_ypr__rosidl_typesupport_fastrtps_cpp.hpp
-- Up-to-date: /home/drail/ros2_ws/install/ros2_data/include/ros2_data/ros2_data/action/detail/dds_fastrtps
-- Up-to-date: /home/drail/ros2_ws/install/ros2_data/include/ros2_data/ros2_data/action/detail/move_j__rosidl_typesupport_fastrtps_cpp.hpp
-- Up-to-date: /home/drail/ros2_ws/install/ros2_data/include/ros2_data/ros2_data/action/detail/move_g__rosidl_typesupport_fastrtps_cpp.hpp
-- Up-to-date: /home/drail/ros2_ws/install/ros2_data/include/ros2_data/ros2_data/action/detail/move_l__rosidl_typesupport_fastrtps_cpp.hpp
-- Up-to-date: /home/drail/ros2_ws/install/ros2_data/include/ros2_data/ros2_data/msg
-- Up-to-date: /home/drail/ros2_ws/install/ros2_data/include/ros2_data/ros2_data/msg/rosidl_typesupport_fastrtps_cpp__visibility_control.h
-- Up-to-date: /home/drail/ros2_ws/install/ros2_data/include/ros2_data/ros2_data/msg/detail
-- Up-to-date: /home/drail/ros2_ws/install/ros2_data/include/ros2_data/ros2_data/msg/detail/joint_pose_s__rosidl_typesupport_fastrtps_cpp.hpp
-- Up-to-date: /home/drail/ros2_ws/install/ros2_data/include/ros2_data/ros2_data/msg/detail/joint_pose__rosidl_typesupport_fastrtps_cpp.hpp
-- Up-to-date: /home/drail/ros2_ws/install/ros2_data/include/ros2_data/ros2_data/msg/detail/dds_fastrtps
-- Up-to-date: /home/drail/ros2_ws/install/ros2_data/lib/libros2_data__rosidl_typesupport_fastrtps_cpp.so
-- Up-to-date: /home/drail/ros2_ws/install/ros2_data/include/ros2_data/ros2_data
-- Up-to-date: /home/drail/ros2_ws/install/ros2_data/include/ros2_data/ros2_data/action
-- Up-to-date: /home/drail/ros2_ws/install/ros2_data/include/ros2_data/ros2_data/action/detail
-- Up-to-date: /home/drail/ros2_ws/install/ros2_data/include/ros2_data/ros2_data/action/detail/move_ypr__rosidl_typesupport_introspection_cpp.hpp
-- Up-to-date: /home/drail/ros2_ws/install/ros2_data/include/ros2_data/ros2_data/action/detail/move_xyz__type_support.cpp
-- Up-to-date: /home/drail/ros2_ws/install/ros2_data/include/ros2_data/ros2_data/action/detail/move_g__type_support.cpp
-- Up-to-date: /home/drail/ros2_ws/install/ros2_data/include/ros2_data/ros2_data/action/detail/move_r__type_support.cpp
-- Up-to-date: /home/drail/ros2_ws/install/ros2_data/include/ros2_data/ros2_data/action/detail/move_ypr__type_support.cpp
-- Up-to-date: /home/drail/ros2_ws/install/ros2_data/include/ros2_data/ros2_data/action/detail/move_xyz__rosidl_typesupport_introspection_cpp.hpp
-- Up-to-date: /home/drail/ros2_ws/install/ros2_data/include/ros2_data/ros2_data/action/detail/move_rp__type_support.cpp
-- Up-to-date: /home/drail/ros2_ws/install/ros2_data/include/ros2_data/ros2_data/action/detail/move_j__rosidl_typesupport_introspection_cpp.hpp
-- Up-to-date: /home/drail/ros2_ws/install/ros2_data/include/ros2_data/ros2_data/action/detail/move_rot__type_support.cpp
-- Up-to-date: /home/drail/ros2_ws/install/ros2_data/include/ros2_data/ros2_data/action/detail/move_l__type_support.cpp
-- Up-to-date: /home/drail/ros2_ws/install/ros2_data/include/ros2_data/ros2_data/action/detail/move_js__rosidl_typesupport_introspection_cpp.hpp
-- Up-to-date: /home/drail/ros2_ws/install/ros2_data/include/ros2_data/ros2_data/action/detail/move_r__rosidl_typesupport_introspection_cpp.hpp
-- Up-to-date: /home/drail/ros2_ws/install/ros2_data/include/ros2_data/ros2_data/action/detail/move_rp__rosidl_typesupport_introspection_cpp.hpp
-- Up-to-date: /home/drail/ros2_ws/install/ros2_data/include/ros2_data/ros2_data/action/detail/move_xyzw__type_support.cpp
-- Up-to-date: /home/drail/ros2_ws/install/ros2_data/include/ros2_data/ros2_data/action/detail/move_rot__rosidl_typesupport_introspection_cpp.hpp
-- Up-to-date: /home/drail/ros2_ws/install/ros2_data/include/ros2_data/ros2_data/action/detail/move_js__type_support.cpp
-- Up-to-date: /home/drail/ros2_ws/install/ros2_data/include/ros2_data/ros2_data/action/detail/move_g__rosidl_typesupport_introspection_cpp.hpp
-- Up-to-date: /home/drail/ros2_ws/install/ros2_data/include/ros2_data/ros2_data/action/detail/move_j__type_support.cpp
-- Up-to-date: /home/drail/ros2_ws/install/ros2_data/include/ros2_data/ros2_data/action/detail/move_l__rosidl_typesupport_introspection_cpp.hpp
-- Up-to-date: /home/drail/ros2_ws/install/ros2_data/include/ros2_data/ros2_data/action/detail/move_xyzw__rosidl_typesupport_introspection_cpp.hpp
-- Up-to-date: /home/drail/ros2_ws/install/ros2_data/include/ros2_data/ros2_data/msg
-- Up-to-date: /home/drail/ros2_ws/install/ros2_data/include/ros2_data/ros2_data/msg/detail
-- Up-to-date: /home/drail/ros2_ws/install/ros2_data/include/ros2_data/ros2_data/msg/detail/joint_pose__rosidl_typesupport_introspection_cpp.hpp
-- Up-to-date: /home/drail/ros2_ws/install/ros2_data/include/ros2_data/ros2_data/msg/detail/joint_pose_s__rosidl_typesupport_introspection_cpp.hpp
-- Up-to-date: /home/drail/ros2_ws/install/ros2_data/include/ros2_data/ros2_data/msg/detail/joint_pose_s__type_support.cpp
-- Up-to-date: /home/drail/ros2_ws/install/ros2_data/include/ros2_data/ros2_data/msg/detail/joint_pose__type_support.cpp
-- Up-to-date: /home/drail/ros2_ws/install/ros2_data/lib/libros2_data__rosidl_typesupport_introspection_cpp.so
-- Up-to-date: /home/drail/ros2_ws/install/ros2_data/lib/libros2_data__rosidl_typesupport_cpp.so
-- Up-to-date: /home/drail/ros2_ws/install/ros2_data/share/ros2_data/environment/pythonpath.sh
-- Installing: /home/drail/ros2_ws/install/ros2_data/share/ros2_data/environment/pythonpath.dsv
-- Up-to-date: /home/drail/ros2_ws/install/ros2_data/local/lib/python3.10/dist-packages/ros2_data-0.0.0-py3.10.egg-info
-- Installing: /home/drail/ros2_ws/install/ros2_data/local/lib/python3.10/dist-packages/ros2_data-0.0.0-py3.10.egg-info/top_level.txt
-- Installing: /home/drail/ros2_ws/install/ros2_data/local/lib/python3.10/dist-packages/ros2_data-0.0.0-py3.10.egg-info/PKG-INFO
-- Installing: /home/drail/ros2_ws/install/ros2_data/local/lib/python3.10/dist-packages/ros2_data-0.0.0-py3.10.egg-info/SOURCES.txt
-- Installing: /home/drail/ros2_ws/install/ros2_data/local/lib/python3.10/dist-packages/ros2_data-0.0.0-py3.10.egg-info/dependency_links.txt
-- Up-to-date: /home/drail/ros2_ws/install/ros2_data/local/lib/python3.10/dist-packages/ros2_data
-- Up-to-date: /home/drail/ros2_ws/install/ros2_data/local/lib/python3.10/dist-packages/ros2_data/ros2_data_s__rosidl_typesupport_fastrtps_c.cpython-310-x86_64-linux-gnu.so
-- Up-to-date: /home/drail/ros2_ws/install/ros2_data/local/lib/python3.10/dist-packages/ros2_data/libros2_data__rosidl_generator_py.so
-- Up-to-date: /home/drail/ros2_ws/install/ros2_data/local/lib/python3.10/dist-packages/ros2_data/ros2_data_s__rosidl_typesupport_c.cpython-310-x86_64-linux-gnu.so
-- Up-to-date: /home/drail/ros2_ws/install/ros2_data/local/lib/python3.10/dist-packages/ros2_data/_ros2_data_s.ep.rosidl_typesupport_fastrtps_c.c
-- Up-to-date: /home/drail/ros2_ws/install/ros2_data/local/lib/python3.10/dist-packages/ros2_data/_ros2_data_s.ep.rosidl_typesupport_introspection_c.c
-- Up-to-date: /home/drail/ros2_ws/install/ros2_data/local/lib/python3.10/dist-packages/ros2_data/ros2_data_s__rosidl_typesupport_introspection_c.cpython-310-x86_64-linux-gnu.so
-- Up-to-date: /home/drail/ros2_ws/install/ros2_data/local/lib/python3.10/dist-packages/ros2_data/_ros2_data_s.ep.rosidl_typesupport_c.c
-- Installing: /home/drail/ros2_ws/install/ros2_data/local/lib/python3.10/dist-packages/ros2_data/__init__.py
-- Up-to-date: /home/drail/ros2_ws/install/ros2_data/local/lib/python3.10/dist-packages/ros2_data/action
-- Up-to-date: /home/drail/ros2_ws/install/ros2_data/local/lib/python3.10/dist-packages/ros2_data/action/_move_r.py
-- Up-to-date: /home/drail/ros2_ws/install/ros2_data/local/lib/python3.10/dist-packages/ros2_data/action/_move_rp.py
-- Up-to-date: /home/drail/ros2_ws/install/ros2_data/local/lib/python3.10/dist-packages/ros2_data/action/_move_j.py
-- Up-to-date: /home/drail/ros2_ws/install/ros2_data/local/lib/python3.10/dist-packages/ros2_data/action/_move_js_s.c
-- Up-to-date: /home/drail/ros2_ws/install/ros2_data/local/lib/python3.10/dist-packages/ros2_data/action/_move_rp_s.c
-- Up-to-date: /home/drail/ros2_ws/install/ros2_data/local/lib/python3.10/dist-packages/ros2_data/action/_move_rot_s.c
-- Up-to-date: /home/drail/ros2_ws/install/ros2_data/local/lib/python3.10/dist-packages/ros2_data/action/_move_j_s.c
-- Up-to-date: /home/drail/ros2_ws/install/ros2_data/local/lib/python3.10/dist-packages/ros2_data/action/_move_g_s.c
-- Up-to-date: /home/drail/ros2_ws/install/ros2_data/local/lib/python3.10/dist-packages/ros2_data/action/_move_xyz_s.c
-- Up-to-date: /home/drail/ros2_ws/install/ros2_data/local/lib/python3.10/dist-packages/ros2_data/action/_move_ypr.py
-- Up-to-date: /home/drail/ros2_ws/install/ros2_data/local/lib/python3.10/dist-packages/ros2_data/action/_move_r_s.c
-- Up-to-date: /home/drail/ros2_ws/install/ros2_data/local/lib/python3.10/dist-packages/ros2_data/action/_move_l_s.c
-- Up-to-date: /home/drail/ros2_ws/install/ros2_data/local/lib/python3.10/dist-packages/ros2_data/action/_move_xyz.py
-- Up-to-date: /home/drail/ros2_ws/install/ros2_data/local/lib/python3.10/dist-packages/ros2_data/action/_move_ypr_s.c
-- Up-to-date: /home/drail/ros2_ws/install/ros2_data/local/lib/python3.10/dist-packages/ros2_data/action/_move_js.py
-- Up-to-date: /home/drail/ros2_ws/install/ros2_data/local/lib/python3.10/dist-packages/ros2_data/action/_move_l.py
-- Up-to-date: /home/drail/ros2_ws/install/ros2_data/local/lib/python3.10/dist-packages/ros2_data/action/_move_xyzw.py
-- Up-to-date: /home/drail/ros2_ws/install/ros2_data/local/lib/python3.10/dist-packages/ros2_data/action/_move_xyzw_s.c
-- Up-to-date: /home/drail/ros2_ws/install/ros2_data/local/lib/python3.10/dist-packages/ros2_data/action/__init__.py
-- Up-to-date: /home/drail/ros2_ws/install/ros2_data/local/lib/python3.10/dist-packages/ros2_data/action/_move_g.py
-- Up-to-date: /home/drail/ros2_ws/install/ros2_data/local/lib/python3.10/dist-packages/ros2_data/action/_move_rot.py
-- Up-to-date: /home/drail/ros2_ws/install/ros2_data/local/lib/python3.10/dist-packages/ros2_data/msg
-- Up-to-date: /home/drail/ros2_ws/install/ros2_data/local/lib/python3.10/dist-packages/ros2_data/msg/_joint_pose.py
-- Up-to-date: /home/drail/ros2_ws/install/ros2_data/local/lib/python3.10/dist-packages/ros2_data/msg/_joint_pose_s.py
-- Up-to-date: /home/drail/ros2_ws/install/ros2_data/local/lib/python3.10/dist-packages/ros2_data/msg/_joint_pose_s.c
-- Up-to-date: /home/drail/ros2_ws/install/ros2_data/local/lib/python3.10/dist-packages/ros2_data/msg/_joint_pose_s_s.c
-- Up-to-date: /home/drail/ros2_ws/install/ros2_data/local/lib/python3.10/dist-packages/ros2_data/msg/__init__.py
Listing '/home/drail/ros2_ws/install/ros2_data/local/lib/python3.10/dist-packages/ros2_data'...
Compiling '/home/drail/ros2_ws/install/ros2_data/local/lib/python3.10/dist-packages/ros2_data/__init__.py'...
Listing '/home/drail/ros2_ws/install/ros2_data/local/lib/python3.10/dist-packages/ros2_data/action'...
Listing '/home/drail/ros2_ws/install/ros2_data/local/lib/python3.10/dist-packages/ros2_data/msg'...
-- Up-to-date: /home/drail/ros2_ws/install/ros2_data/local/lib/python3.10/dist-packages/ros2_data/ros2_data_s__rosidl_typesupport_fastrtps_c.cpython-310-x86_64-linux-gnu.so
-- Up-to-date: /home/drail/ros2_ws/install/ros2_data/local/lib/python3.10/dist-packages/ros2_data/ros2_data_s__rosidl_typesupport_introspection_c.cpython-310-x86_64-linux-gnu.so
-- Up-to-date: /home/drail/ros2_ws/install/ros2_data/local/lib/python3.10/dist-packages/ros2_data/ros2_data_s__rosidl_typesupport_c.cpython-310-x86_64-linux-gnu.so
-- Up-to-date: /home/drail/ros2_ws/install/ros2_data/lib/libros2_data__rosidl_generator_py.so
-- Up-to-date: /home/drail/ros2_ws/install/ros2_data/share/ros2_data/msg/JointPose.idl
-- Up-to-date: /home/drail/ros2_ws/install/ros2_data/share/ros2_data/msg/JointPoseS.idl
-- Up-to-date: /home/drail/ros2_ws/install/ros2_data/share/ros2_data/action/MoveJ.idl
-- Up-to-date: /home/drail/ros2_ws/install/ros2_data/share/ros2_data/action/MoveJs.idl
-- Up-to-date: /home/drail/ros2_ws/install/ros2_data/share/ros2_data/action/MoveG.idl
-- Up-to-date: /home/drail/ros2_ws/install/ros2_data/share/ros2_data/action/MoveXYZW.idl
-- Up-to-date: /home/drail/ros2_ws/install/ros2_data/share/ros2_data/action/MoveL.idl
-- Up-to-date: /home/drail/ros2_ws/install/ros2_data/share/ros2_data/action/MoveR.idl
-- Up-to-date: /home/drail/ros2_ws/install/ros2_data/share/ros2_data/action/MoveXYZ.idl
-- Up-to-date: /home/drail/ros2_ws/install/ros2_data/share/ros2_data/action/MoveYPR.idl
-- Up-to-date: /home/drail/ros2_ws/install/ros2_data/share/ros2_data/action/MoveROT.idl
-- Up-to-date: /home/drail/ros2_ws/install/ros2_data/share/ros2_data/action/MoveRP.idl
-- Up-to-date: /home/drail/ros2_ws/install/ros2_data/share/ros2_data/msg/JointPose.msg
-- Up-to-date: /home/drail/ros2_ws/install/ros2_data/share/ros2_data/msg/JointPoseS.msg
-- Up-to-date: /home/drail/ros2_ws/install/ros2_data/share/ros2_data/action/MoveJ.action
-- Up-to-date: /home/drail/ros2_ws/install/ros2_data/share/ros2_data/action/MoveJs.action
-- Up-to-date: /home/drail/ros2_ws/install/ros2_data/share/ros2_data/action/MoveG.action
-- Up-to-date: /home/drail/ros2_ws/install/ros2_data/share/ros2_data/action/MoveXYZW.action
-- Up-to-date: /home/drail/ros2_ws/install/ros2_data/share/ros2_data/action/MoveL.action
-- Up-to-date: /home/drail/ros2_ws/install/ros2_data/share/ros2_data/action/MoveR.action
-- Up-to-date: /home/drail/ros2_ws/install/ros2_data/share/ros2_data/action/MoveXYZ.action
-- Up-to-date: /home/drail/ros2_ws/install/ros2_data/share/ros2_data/action/MoveYPR.action
-- Up-to-date: /home/drail/ros2_ws/install/ros2_data/share/ros2_data/action/MoveROT.action
-- Up-to-date: /home/drail/ros2_ws/install/ros2_data/share/ros2_data/action/MoveRP.action
-- Up-to-date: /home/drail/ros2_ws/install/ros2_data/share/ament_index/resource_index/package_run_dependencies/ros2_data
-- Installing: /home/drail/ros2_ws/install/ros2_data/share/ament_index/resource_index/parent_prefix_path/ros2_data
-- Up-to-date: /home/drail/ros2_ws/install/ros2_data/share/ros2_data/environment/ament_prefix_path.sh
-- Installing: /home/drail/ros2_ws/install/ros2_data/share/ros2_data/environment/ament_prefix_path.dsv
-- Up-to-date: /home/drail/ros2_ws/install/ros2_data/share/ros2_data/environment/path.sh
-- Installing: /home/drail/ros2_ws/install/ros2_data/share/ros2_data/environment/path.dsv
-- Up-to-date: /home/drail/ros2_ws/install/ros2_data/share/ros2_data/local_setup.bash
-- Up-to-date: /home/drail/ros2_ws/install/ros2_data/share/ros2_data/local_setup.sh
-- Up-to-date: /home/drail/ros2_ws/install/ros2_data/share/ros2_data/local_setup.zsh
-- Installing: /home/drail/ros2_ws/install/ros2_data/share/ros2_data/local_setup.dsv
-- Installing: /home/drail/ros2_ws/install/ros2_data/share/ros2_data/package.dsv
-- Up-to-date: /home/drail/ros2_ws/install/ros2_data/share/ament_index/resource_index/packages/ros2_data
-- Up-to-date: /home/drail/ros2_ws/install/ros2_data/share/ros2_data/cmake/export_ros2_data__rosidl_generator_cExport.cmake
-- Up-to-date: /home/drail/ros2_ws/install/ros2_data/share/ros2_data/cmake/export_ros2_data__rosidl_generator_cExport-noconfig.cmake
-- Up-to-date: /home/drail/ros2_ws/install/ros2_data/share/ros2_data/cmake/export_ros2_data__rosidl_typesupport_fastrtps_cExport.cmake
-- Up-to-date: /home/drail/ros2_ws/install/ros2_data/share/ros2_data/cmake/export_ros2_data__rosidl_typesupport_fastrtps_cExport-noconfig.cmake
-- Up-to-date: /home/drail/ros2_ws/install/ros2_data/share/ros2_data/cmake/ros2_data__rosidl_typesupport_introspection_cExport.cmake
-- Up-to-date: /home/drail/ros2_ws/install/ros2_data/share/ros2_data/cmake/ros2_data__rosidl_typesupport_introspection_cExport-noconfig.cmake
-- Up-to-date: /home/drail/ros2_ws/install/ros2_data/share/ros2_data/cmake/ros2_data__rosidl_typesupport_cExport.cmake
-- Up-to-date: /home/drail/ros2_ws/install/ros2_data/share/ros2_data/cmake/ros2_data__rosidl_typesupport_cExport-noconfig.cmake
-- Up-to-date: /home/drail/ros2_ws/install/ros2_data/share/ros2_data/cmake/export_ros2_data__rosidl_generator_cppExport.cmake
-- Up-to-date: /home/drail/ros2_ws/install/ros2_data/share/ros2_data/cmake/export_ros2_data__rosidl_typesupport_fastrtps_cppExport.cmake
-- Up-to-date: /home/drail/ros2_ws/install/ros2_data/share/ros2_data/cmake/export_ros2_data__rosidl_typesupport_fastrtps_cppExport-noconfig.cmake
-- Up-to-date: /home/drail/ros2_ws/install/ros2_data/share/ros2_data/cmake/ros2_data__rosidl_typesupport_introspection_cppExport.cmake
-- Up-to-date: /home/drail/ros2_ws/install/ros2_data/share/ros2_data/cmake/ros2_data__rosidl_typesupport_introspection_cppExport-noconfig.cmake
-- Up-to-date: /home/drail/ros2_ws/install/ros2_data/share/ros2_data/cmake/ros2_data__rosidl_typesupport_cppExport.cmake
-- Up-to-date: /home/drail/ros2_ws/install/ros2_data/share/ros2_data/cmake/ros2_data__rosidl_typesupport_cppExport-noconfig.cmake
-- Up-to-date: /home/drail/ros2_ws/install/ros2_data/share/ros2_data/cmake/export_ros2_data__rosidl_generator_pyExport.cmake
-- Up-to-date: /home/drail/ros2_ws/install/ros2_data/share/ros2_data/cmake/export_ros2_data__rosidl_generator_pyExport-noconfig.cmake
-- Up-to-date: /home/drail/ros2_ws/install/ros2_data/share/ros2_data/cmake/rosidl_cmake-extras.cmake
-- Up-to-date: /home/drail/ros2_ws/install/ros2_data/share/ros2_data/cmake/ament_cmake_export_dependencies-extras.cmake
-- Up-to-date: /home/drail/ros2_ws/install/ros2_data/share/ros2_data/cmake/ament_cmake_export_include_directories-extras.cmake
-- Up-to-date: /home/drail/ros2_ws/install/ros2_data/share/ros2_data/cmake/ament_cmake_export_libraries-extras.cmake
-- Up-to-date: /home/drail/ros2_ws/install/ros2_data/share/ros2_data/cmake/ament_cmake_export_targets-extras.cmake
-- Up-to-date: /home/drail/ros2_ws/install/ros2_data/share/ros2_data/cmake/rosidl_cmake_export_typesupport_targets-extras.cmake
-- Up-to-date: /home/drail/ros2_ws/install/ros2_data/share/ros2_data/cmake/rosidl_cmake_export_typesupport_libraries-extras.cmake
-- Up-to-date: /home/drail/ros2_ws/install/ros2_data/share/ros2_data/cmake/ros2_dataConfig.cmake
-- Up-to-date: /home/drail/ros2_ws/install/ros2_data/share/ros2_data/cmake/ros2_dataConfig-version.cmake
-- Up-to-date: /home/drail/ros2_ws/install/ros2_data/share/ros2_data/package.xml
