[0.124s] Invoking command in '/home/drail/changk2/school/ROB545/Grasping-Moving-Objects/ros2_ws/build/ros2_data': CMAKE_PREFIX_PATH=${CMAKE_PREFIX_PATH}:/home/drail/ros2_ws/install/ur5_ros2_moveit2:/home/drail/ros2_ws/install/ur5_ros2_gazebo:/home/drail/ros2_ws/install/ur3_ros2_moveit2:/home/drail/ros2_ws/install/ur3_ros2_gazebo:/home/drail/ros2_ws/install/ur10_ros2_moveit2:/home/drail/ros2_ws/install/ur10_ros2_gazebo:/home/drail/ros2_ws/install/ros2_grasping:/home/drail/ros2_ws/install/ros2_execution:/home/drail/ros2_ws/install/ros2_actions:/home/drail/ros2_ws/install/panda_ros2_moveit2:/home/drail/ros2_ws/install/irb6640_ros2_moveit2:/home/drail/ros2_ws/install/irb120_ros2_moveit2:/home/drail/ros2_ws/install/irb1200_ros2_moveit2:/home/drail/ros2_ws/install/iiwa_ros2_moveit2:/home/drail/ros2_ws/install/cr35ia_ros2_moveit2:/home/drail/ros2_ws/install/ros2_data:/home/drail/ros2_ws/install/panda_ros2_gazebo:/home/drail/ros2_ws/install/irb6640_ros2_gazebo:/home/drail/ros2_ws/install/irb120_ros2_gazebo:/home/drail/ros2_ws/install/irb1200_ros2_gazebo:/home/drail/ros2_ws/install/iiwa_ros2_gazebo:/home/drail/ros2_ws/install/cr35ia_ros2_gazebo:/opt/ros/humble /usr/bin/cmake --build /home/drail/changk2/school/ROB545/Grasping-Moving-Objects/ros2_ws/build/ros2_data -- -j24 -l24
[0.150s] [0mCMake Error: The current CMakeCache.txt directory /home/drail/changk2/school/ROB545/Grasping-Moving-Objects/ros2_ws/build/ros2_data/CMakeCache.txt is different than the directory /home/drail/ros2_ws/build/ros2_data where CMakeCache.txt was created. This may result in binaries being created in the wrong place. If you are not sure, reedit the CMakeCache.txt[0m
[0.150s] -- Found ament_cmake: 1.3.12 (/home/drail/ros2_humble/ros2-linux/share/ament_cmake/cmake)
[0.262s] -- Found rosidl_default_generators: 1.2.0 (/home/drail/ros2_humble/ros2-linux/share/rosidl_default_generators/cmake)
[0.269s] -- Using all available rosidl_typesupport_c: rosidl_typesupport_fastrtps_c;rosidl_typesupport_introspection_c
[0.271s] -- Found rosidl_adapter: 3.1.7 (/home/drail/ros2_humble/ros2-linux/share/rosidl_adapter/cmake)
[0.301s] -- Using all available rosidl_typesupport_cpp: rosidl_typesupport_fastrtps_cpp;rosidl_typesupport_introspection_cpp
[0.651s] -- Found ament_cmake_ros: 0.10.0 (/home/drail/ros2_humble/ros2-linux/share/ament_cmake_ros/cmake)
[0.831s] -- Using all available rosidl_typesupport_c: rosidl_typesupport_fastrtps_c;rosidl_typesupport_introspection_c
[1.053s] -- Using all available rosidl_typesupport_cpp: rosidl_typesupport_fastrtps_cpp;rosidl_typesupport_introspection_cpp
[1.078s] -- Found python_cmake_module: 0.10.0 (/home/drail/ros2_humble/ros2-linux/share/python_cmake_module/cmake)
[1.096s] -- Using PYTHON_EXECUTABLE: /usr/bin/python3
[1.096s] -- Using PYTHON_INCLUDE_DIRS: /usr/include/python3.10
[1.096s] -- Using PYTHON_LIBRARIES: /usr/lib/x86_64-linux-gnu/libpython3.10.so
[1.133s] -- Found ament_lint_auto: 0.12.14 (/home/drail/ros2_humble/ros2-linux/share/ament_lint_auto/cmake)
[1.139s] -- Added test 'copyright' to check source files copyright and LICENSE
[1.141s] -- Added test 'lint_cmake' to check CMake code style
[1.142s] -- Added test 'xmllint' to check XML markup files
[1.143s] -- Configuring done
[1.180s] -- Generating done
[1.189s] -- Build files have been written to: /home/drail/ros2_ws/build/ros2_data
[1.214s] [35m[1mConsolidate compiler generated dependencies of target ros2_data__rosidl_generator_c[0m
[1.224s] [  0%] Built target ros2_data__cpp
[1.229s] [ 12%] Built target ros2_data__rosidl_generator_c
[1.236s] [ 12%] Built target ament_cmake_python_copy_ros2_data
[1.238s] [35m[1mConsolidate compiler generated dependencies of target ros2_data__rosidl_typesupport_cpp[0m
[1.238s] [35m[1mConsolidate compiler generated dependencies of target ros2_data__rosidl_typesupport_fastrtps_cpp[0m
[1.238s] [35m[1mConsolidate compiler generated dependencies of target ros2_data__rosidl_typesupport_introspection_cpp[0m
[1.241s] [35m[1mConsolidate compiler generated dependencies of target ros2_data__rosidl_typesupport_introspection_c[0m
[1.242s] [35m[1mConsolidate compiler generated dependencies of target ros2_data__rosidl_typesupport_c[0m
[1.243s] [35m[1mConsolidate compiler generated dependencies of target ros2_data__rosidl_typesupport_fastrtps_c[0m
[1.255s] [ 36%] Built target ros2_data__rosidl_typesupport_cpp
[1.256s] [ 36%] Built target ros2_data__rosidl_typesupport_introspection_c
[1.256s] [ 48%] Built target ros2_data__rosidl_typesupport_c
[1.257s] [ 69%] Built target ros2_data__rosidl_typesupport_introspection_cpp
[1.257s] [ 71%] Built target ros2_data__rosidl_typesupport_fastrtps_cpp
[1.262s] [ 83%] Built target ros2_data__rosidl_typesupport_fastrtps_c
[1.280s] [ 83%] Built target ros2_data
[1.299s] [ 84%] Built target ros2_data__py
[1.311s] [35m[1mConsolidate compiler generated dependencies of target ros2_data__rosidl_generator_py[0m
[1.328s] [ 95%] Built target ros2_data__rosidl_generator_py
[1.339s] [35m[1mConsolidate compiler generated dependencies of target ros2_data__rosidl_typesupport_introspection_c__pyext[0m
[1.339s] [35m[1mConsolidate compiler generated dependencies of target ros2_data__rosidl_typesupport_fastrtps_c__pyext[0m
[1.339s] [35m[1mConsolidate compiler generated dependencies of target ros2_data__rosidl_typesupport_c__pyext[0m
[1.352s] [100%] Built target ros2_data__rosidl_typesupport_c__pyext
[1.352s] [100%] Built target ros2_data__rosidl_typesupport_introspection_c__pyext
[1.352s] [100%] Built target ros2_data__rosidl_typesupport_fastrtps_c__pyext
[1.439s] running egg_info
[1.440s] writing ros2_data.egg-info/PKG-INFO
[1.440s] writing dependency_links to ros2_data.egg-info/dependency_links.txt
[1.440s] writing top-level names to ros2_data.egg-info/top_level.txt
[1.442s] reading manifest file 'ros2_data.egg-info/SOURCES.txt'
[1.442s] writing manifest file 'ros2_data.egg-info/SOURCES.txt'
[1.465s] [100%] Built target ament_cmake_python_build_ros2_data_egg
[1.477s] Invoked command in '/home/drail/changk2/school/ROB545/Grasping-Moving-Objects/ros2_ws/build/ros2_data' returned '0': CMAKE_PREFIX_PATH=${CMAKE_PREFIX_PATH}:/home/drail/ros2_ws/install/ur5_ros2_moveit2:/home/drail/ros2_ws/install/ur5_ros2_gazebo:/home/drail/ros2_ws/install/ur3_ros2_moveit2:/home/drail/ros2_ws/install/ur3_ros2_gazebo:/home/drail/ros2_ws/install/ur10_ros2_moveit2:/home/drail/ros2_ws/install/ur10_ros2_gazebo:/home/drail/ros2_ws/install/ros2_grasping:/home/drail/ros2_ws/install/ros2_execution:/home/drail/ros2_ws/install/ros2_actions:/home/drail/ros2_ws/install/panda_ros2_moveit2:/home/drail/ros2_ws/install/irb6640_ros2_moveit2:/home/drail/ros2_ws/install/irb120_ros2_moveit2:/home/drail/ros2_ws/install/irb1200_ros2_moveit2:/home/drail/ros2_ws/install/iiwa_ros2_moveit2:/home/drail/ros2_ws/install/cr35ia_ros2_moveit2:/home/drail/ros2_ws/install/ros2_data:/home/drail/ros2_ws/install/panda_ros2_gazebo:/home/drail/ros2_ws/install/irb6640_ros2_gazebo:/home/drail/ros2_ws/install/irb120_ros2_gazebo:/home/drail/ros2_ws/install/irb1200_ros2_gazebo:/home/drail/ros2_ws/install/iiwa_ros2_gazebo:/home/drail/ros2_ws/install/cr35ia_ros2_gazebo:/opt/ros/humble /usr/bin/cmake --build /home/drail/changk2/school/ROB545/Grasping-Moving-Objects/ros2_ws/build/ros2_data -- -j24 -l24
[1.479s] Invoking command in '/home/drail/changk2/school/ROB545/Grasping-Moving-Objects/ros2_ws/build/ros2_data': CMAKE_PREFIX_PATH=${CMAKE_PREFIX_PATH}:/home/drail/ros2_ws/install/ur5_ros2_moveit2:/home/drail/ros2_ws/install/ur5_ros2_gazebo:/home/drail/ros2_ws/install/ur3_ros2_moveit2:/home/drail/ros2_ws/install/ur3_ros2_gazebo:/home/drail/ros2_ws/install/ur10_ros2_moveit2:/home/drail/ros2_ws/install/ur10_ros2_gazebo:/home/drail/ros2_ws/install/ros2_grasping:/home/drail/ros2_ws/install/ros2_execution:/home/drail/ros2_ws/install/ros2_actions:/home/drail/ros2_ws/install/panda_ros2_moveit2:/home/drail/ros2_ws/install/irb6640_ros2_moveit2:/home/drail/ros2_ws/install/irb120_ros2_moveit2:/home/drail/ros2_ws/install/irb1200_ros2_moveit2:/home/drail/ros2_ws/install/iiwa_ros2_moveit2:/home/drail/ros2_ws/install/cr35ia_ros2_moveit2:/home/drail/ros2_ws/install/ros2_data:/home/drail/ros2_ws/install/panda_ros2_gazebo:/home/drail/ros2_ws/install/irb6640_ros2_gazebo:/home/drail/ros2_ws/install/irb120_ros2_gazebo:/home/drail/ros2_ws/install/irb1200_ros2_gazebo:/home/drail/ros2_ws/install/iiwa_ros2_gazebo:/home/drail/ros2_ws/install/cr35ia_ros2_gazebo:/opt/ros/humble /usr/bin/cmake --install /home/drail/changk2/school/ROB545/Grasping-Moving-Objects/ros2_ws/build/ros2_data
[1.491s] -- Install configuration: ""
[1.491s] -- Up-to-date: /home/drail/ros2_ws/install/ros2_data/share/ament_index/resource_index/rosidl_interfaces/ros2_data
[1.491s] -- Up-to-date: /home/drail/ros2_ws/install/ros2_data/include/ros2_data/ros2_data
[1.491s] -- Up-to-date: /home/drail/ros2_ws/install/ros2_data/include/ros2_data/ros2_data/action
[1.491s] -- Up-to-date: /home/drail/ros2_ws/install/ros2_data/include/ros2_data/ros2_data/action/move_l.h
[1.491s] -- Up-to-date: /home/drail/ros2_ws/install/ros2_data/include/ros2_data/ros2_data/action/move_rp.h
[1.491s] -- Up-to-date: /home/drail/ros2_ws/install/ros2_data/include/ros2_data/ros2_data/action/move_js.h
[1.491s] -- Up-to-date: /home/drail/ros2_ws/install/ros2_data/include/ros2_data/ros2_data/action/move_xyzw.h
[1.491s] -- Up-to-date: /home/drail/ros2_ws/install/ros2_data/include/ros2_data/ros2_data/action/move_xyz.h
[1.491s] -- Up-to-date: /home/drail/ros2_ws/install/ros2_data/include/ros2_data/ros2_data/action/move_g.h
[1.491s] -- Up-to-date: /home/drail/ros2_ws/install/ros2_data/include/ros2_data/ros2_data/action/detail
[1.491s] -- Up-to-date: /home/drail/ros2_ws/install/ros2_data/include/ros2_data/ros2_data/action/detail/move_xyz__functions.c
[1.491s] -- Up-to-date: /home/drail/ros2_ws/install/ros2_data/include/ros2_data/ros2_data/action/detail/move_xyzw__functions.c
[1.492s] -- Up-to-date: /home/drail/ros2_ws/install/ros2_data/include/ros2_data/ros2_data/action/detail/move_js__functions.c
[1.492s] -- Up-to-date: /home/drail/ros2_ws/install/ros2_data/include/ros2_data/ros2_data/action/detail/move_rp__functions.c
[1.492s] -- Up-to-date: /home/drail/ros2_ws/install/ros2_data/include/ros2_data/ros2_data/action/detail/move_g__functions.h
[1.492s] -- Up-to-date: /home/drail/ros2_ws/install/ros2_data/include/ros2_data/ros2_data/action/detail/move_js__type_support.h
[1.492s] -- Up-to-date: /home/drail/ros2_ws/install/ros2_data/include/ros2_data/ros2_data/action/detail/move_ypr__functions.h
[1.492s] -- Up-to-date: /home/drail/ros2_ws/install/ros2_data/include/ros2_data/ros2_data/action/detail/move_js__struct.h
[1.492s] -- Up-to-date: /home/drail/ros2_ws/install/ros2_data/include/ros2_data/ros2_data/action/detail/move_rp__type_support.h
[1.492s] -- Up-to-date: /home/drail/ros2_ws/install/ros2_data/include/ros2_data/ros2_data/action/detail/move_j__functions.c
[1.492s] -- Up-to-date: /home/drail/ros2_ws/install/ros2_data/include/ros2_data/ros2_data/action/detail/move_xyz__type_support.h
[1.492s] -- Up-to-date: /home/drail/ros2_ws/install/ros2_data/include/ros2_data/ros2_data/action/detail/move_xyz__struct.h
[1.492s] -- Up-to-date: /home/drail/ros2_ws/install/ros2_data/include/ros2_data/ros2_data/action/detail/move_r__struct.h
[1.492s] -- Up-to-date: /home/drail/ros2_ws/install/ros2_data/include/ros2_data/ros2_data/action/detail/move_js__functions.h
[1.492s] -- Up-to-date: /home/drail/ros2_ws/install/ros2_data/include/ros2_data/ros2_data/action/detail/move_rot__type_support.h
[1.492s] -- Up-to-date: /home/drail/ros2_ws/install/ros2_data/include/ros2_data/ros2_data/action/detail/move_rp__struct.h
[1.492s] -- Up-to-date: /home/drail/ros2_ws/install/ros2_data/include/ros2_data/ros2_data/action/detail/move_ypr__type_support.h
[1.492s] -- Up-to-date: /home/drail/ros2_ws/install/ros2_data/include/ros2_data/ros2_data/action/detail/move_g__functions.c
[1.492s] -- Up-to-date: /home/drail/ros2_ws/install/ros2_data/include/ros2_data/ros2_data/action/detail/move_r__type_support.h
[1.492s] -- Up-to-date: /home/drail/ros2_ws/install/ros2_data/include/ros2_data/ros2_data/action/detail/move_l__type_support.h
[1.492s] -- Up-to-date: /home/drail/ros2_ws/install/ros2_data/include/ros2_data/ros2_data/action/detail/move_xyzw__struct.h
[1.493s] -- Up-to-date: /home/drail/ros2_ws/install/ros2_data/include/ros2_data/ros2_data/action/detail/move_xyz__functions.h
[1.493s] -- Up-to-date: /home/drail/ros2_ws/install/ros2_data/include/ros2_data/ros2_data/action/detail/move_rot__struct.h
[1.493s] -- Up-to-date: /home/drail/ros2_ws/install/ros2_data/include/ros2_data/ros2_data/action/detail/move_j__struct.h
[1.493s] -- Up-to-date: /home/drail/ros2_ws/install/ros2_data/include/ros2_data/ros2_data/action/detail/move_ypr__functions.c
[1.493s] -- Up-to-date: /home/drail/ros2_ws/install/ros2_data/include/ros2_data/ros2_data/action/detail/move_j__functions.h
[1.493s] -- Up-to-date: /home/drail/ros2_ws/install/ros2_data/include/ros2_data/ros2_data/action/detail/move_g__type_support.h
[1.493s] -- Up-to-date: /home/drail/ros2_ws/install/ros2_data/include/ros2_data/ros2_data/action/detail/move_xyzw__functions.h
[1.493s] -- Up-to-date: /home/drail/ros2_ws/install/ros2_data/include/ros2_data/ros2_data/action/detail/move_r__functions.h
[1.493s] -- Up-to-date: /home/drail/ros2_ws/install/ros2_data/include/ros2_data/ros2_data/action/detail/move_g__struct.h
[1.493s] -- Up-to-date: /home/drail/ros2_ws/install/ros2_data/include/ros2_data/ros2_data/action/detail/move_l__functions.c
[1.493s] -- Up-to-date: /home/drail/ros2_ws/install/ros2_data/include/ros2_data/ros2_data/action/detail/move_rp__functions.h
[1.493s] -- Up-to-date: /home/drail/ros2_ws/install/ros2_data/include/ros2_data/ros2_data/action/detail/move_ypr__struct.h
[1.493s] -- Up-to-date: /home/drail/ros2_ws/install/ros2_data/include/ros2_data/ros2_data/action/detail/move_xyzw__type_support.h
[1.493s] -- Up-to-date: /home/drail/ros2_ws/install/ros2_data/include/ros2_data/ros2_data/action/detail/move_rot__functions.c
[1.493s] -- Up-to-date: /home/drail/ros2_ws/install/ros2_data/include/ros2_data/ros2_data/action/detail/move_rot__functions.h
[1.493s] -- Up-to-date: /home/drail/ros2_ws/install/ros2_data/include/ros2_data/ros2_data/action/detail/move_l__functions.h
[1.493s] -- Up-to-date: /home/drail/ros2_ws/install/ros2_data/include/ros2_data/ros2_data/action/detail/move_j__type_support.h
[1.493s] -- Up-to-date: /home/drail/ros2_ws/install/ros2_data/include/ros2_data/ros2_data/action/detail/move_r__functions.c
[1.493s] -- Up-to-date: /home/drail/ros2_ws/install/ros2_data/include/ros2_data/ros2_data/action/detail/move_l__struct.h
[1.493s] -- Up-to-date: /home/drail/ros2_ws/install/ros2_data/include/ros2_data/ros2_data/action/move_ypr.h
[1.493s] -- Up-to-date: /home/drail/ros2_ws/install/ros2_data/include/ros2_data/ros2_data/action/move_j.h
[1.494s] -- Up-to-date: /home/drail/ros2_ws/install/ros2_data/include/ros2_data/ros2_data/action/move_r.h
[1.494s] -- Up-to-date: /home/drail/ros2_ws/install/ros2_data/include/ros2_data/ros2_data/action/move_rot.h
[1.494s] -- Up-to-date: /home/drail/ros2_ws/install/ros2_data/include/ros2_data/ros2_data/msg
[1.494s] -- Up-to-date: /home/drail/ros2_ws/install/ros2_data/include/ros2_data/ros2_data/msg/detail
[1.494s] -- Up-to-date: /home/drail/ros2_ws/install/ros2_data/include/ros2_data/ros2_data/msg/detail/joint_pose_s__struct.h
[1.494s] -- Up-to-date: /home/drail/ros2_ws/install/ros2_data/include/ros2_data/ros2_data/msg/detail/joint_pose_s__functions.h
[1.494s] -- Up-to-date: /home/drail/ros2_ws/install/ros2_data/include/ros2_data/ros2_data/msg/detail/joint_pose__struct.h
[1.494s] -- Up-to-date: /home/drail/ros2_ws/install/ros2_data/include/ros2_data/ros2_data/msg/detail/joint_pose_s__functions.c
[1.494s] -- Up-to-date: /home/drail/ros2_ws/install/ros2_data/include/ros2_data/ros2_data/msg/detail/joint_pose__functions.h
[1.494s] -- Up-to-date: /home/drail/ros2_ws/install/ros2_data/include/ros2_data/ros2_data/msg/detail/joint_pose__functions.c
[1.494s] -- Up-to-date: /home/drail/ros2_ws/install/ros2_data/include/ros2_data/ros2_data/msg/detail/joint_pose_s__type_support.h
[1.494s] -- Up-to-date: /home/drail/ros2_ws/install/ros2_data/include/ros2_data/ros2_data/msg/detail/joint_pose__type_support.h
[1.494s] -- Up-to-date: /home/drail/ros2_ws/install/ros2_data/include/ros2_data/ros2_data/msg/joint_pose.h
[1.494s] -- Up-to-date: /home/drail/ros2_ws/install/ros2_data/include/ros2_data/ros2_data/msg/rosidl_generator_c__visibility_control.h
[1.494s] -- Up-to-date: /home/drail/ros2_ws/install/ros2_data/include/ros2_data/ros2_data/msg/joint_pose_s.h
[1.494s] -- Up-to-date: /home/drail/ros2_ws/install/ros2_data/share/ros2_data/environment/library_path.sh
[1.494s] -- Installing: /home/drail/ros2_ws/install/ros2_data/share/ros2_data/environment/library_path.dsv
[1.494s] -- Up-to-date: /home/drail/ros2_ws/install/ros2_data/lib/libros2_data__rosidl_generator_c.so
[1.494s] -- Up-to-date: /home/drail/ros2_ws/install/ros2_data/include/ros2_data/ros2_data
[1.494s] -- Up-to-date: /home/drail/ros2_ws/install/ros2_data/include/ros2_data/ros2_data/action
[1.494s] -- Up-to-date: /home/drail/ros2_ws/install/ros2_data/include/ros2_data/ros2_data/action/detail
[1.495s] -- Up-to-date: /home/drail/ros2_ws/install/ros2_data/include/ros2_data/ros2_data/action/detail/move_js__rosidl_typesupport_fastrtps_c.h
[1.495s] -- Up-to-date: /home/drail/ros2_ws/install/ros2_data/include/ros2_data/ros2_data/action/detail/move_l__rosidl_typesupport_fastrtps_c.h
[1.495s] -- Up-to-date: /home/drail/ros2_ws/install/ros2_data/include/ros2_data/ros2_data/action/detail/move_ypr__rosidl_typesupport_fastrtps_c.h
[1.495s] -- Up-to-date: /home/drail/ros2_ws/install/ros2_data/include/ros2_data/ros2_data/action/detail/move_rp__rosidl_typesupport_fastrtps_c.h
[1.495s] -- Up-to-date: /home/drail/ros2_ws/install/ros2_data/include/ros2_data/ros2_data/action/detail/move_g__rosidl_typesupport_fastrtps_c.h
[1.495s] -- Up-to-date: /home/drail/ros2_ws/install/ros2_data/include/ros2_data/ros2_data/action/detail/move_rot__rosidl_typesupport_fastrtps_c.h
[1.495s] -- Up-to-date: /home/drail/ros2_ws/install/ros2_data/include/ros2_data/ros2_data/action/detail/move_r__rosidl_typesupport_fastrtps_c.h
[1.495s] -- Up-to-date: /home/drail/ros2_ws/install/ros2_data/include/ros2_data/ros2_data/action/detail/move_xyzw__rosidl_typesupport_fastrtps_c.h
[1.495s] -- Up-to-date: /home/drail/ros2_ws/install/ros2_data/include/ros2_data/ros2_data/action/detail/move_j__rosidl_typesupport_fastrtps_c.h
[1.495s] -- Up-to-date: /home/drail/ros2_ws/install/ros2_data/include/ros2_data/ros2_data/action/detail/move_xyz__rosidl_typesupport_fastrtps_c.h
[1.495s] -- Up-to-date: /home/drail/ros2_ws/install/ros2_data/include/ros2_data/ros2_data/msg
[1.495s] -- Up-to-date: /home/drail/ros2_ws/install/ros2_data/include/ros2_data/ros2_data/msg/detail
[1.495s] -- Up-to-date: /home/drail/ros2_ws/install/ros2_data/include/ros2_data/ros2_data/msg/detail/joint_pose__rosidl_typesupport_fastrtps_c.h
[1.495s] -- Up-to-date: /home/drail/ros2_ws/install/ros2_data/include/ros2_data/ros2_data/msg/detail/joint_pose_s__rosidl_typesupport_fastrtps_c.h
[1.495s] -- Up-to-date: /home/drail/ros2_ws/install/ros2_data/include/ros2_data/ros2_data/msg/rosidl_typesupport_fastrtps_c__visibility_control.h
[1.495s] -- Up-to-date: /home/drail/ros2_ws/install/ros2_data/lib/libros2_data__rosidl_typesupport_fastrtps_c.so
[1.495s] -- Up-to-date: /home/drail/ros2_ws/install/ros2_data/include/ros2_data/ros2_data
[1.495s] -- Up-to-date: /home/drail/ros2_ws/install/ros2_data/include/ros2_data/ros2_data/action
[1.495s] -- Up-to-date: /home/drail/ros2_ws/install/ros2_data/include/ros2_data/ros2_data/action/detail
[1.496s] -- Up-to-date: /home/drail/ros2_ws/install/ros2_data/include/ros2_data/ros2_data/action/detail/move_g__type_support.c
[1.496s] -- Up-to-date: /home/drail/ros2_ws/install/ros2_data/include/ros2_data/ros2_data/action/detail/move_j__rosidl_typesupport_introspection_c.h
[1.496s] -- Up-to-date: /home/drail/ros2_ws/install/ros2_data/include/ros2_data/ros2_data/action/detail/move_xyzw__rosidl_typesupport_introspection_c.h
[1.496s] -- Up-to-date: /home/drail/ros2_ws/install/ros2_data/include/ros2_data/ros2_data/action/detail/move_xyz__type_support.c
[1.496s] -- Up-to-date: /home/drail/ros2_ws/install/ros2_data/include/ros2_data/ros2_data/action/detail/move_js__rosidl_typesupport_introspection_c.h
[1.496s] -- Up-to-date: /home/drail/ros2_ws/install/ros2_data/include/ros2_data/ros2_data/action/detail/move_xyz__rosidl_typesupport_introspection_c.h
[1.496s] -- Up-to-date: /home/drail/ros2_ws/install/ros2_data/include/ros2_data/ros2_data/action/detail/move_rot__type_support.c
[1.496s] -- Up-to-date: /home/drail/ros2_ws/install/ros2_data/include/ros2_data/ros2_data/action/detail/move_xyzw__type_support.c
[1.496s] -- Up-to-date: /home/drail/ros2_ws/install/ros2_data/include/ros2_data/ros2_data/action/detail/move_j__type_support.c
[1.496s] -- Up-to-date: /home/drail/ros2_ws/install/ros2_data/include/ros2_data/ros2_data/action/detail/move_l__rosidl_typesupport_introspection_c.h
[1.496s] -- Up-to-date: /home/drail/ros2_ws/install/ros2_data/include/ros2_data/ros2_data/action/detail/move_l__type_support.c
[1.496s] -- Up-to-date: /home/drail/ros2_ws/install/ros2_data/include/ros2_data/ros2_data/action/detail/move_rp__type_support.c
[1.496s] -- Up-to-date: /home/drail/ros2_ws/install/ros2_data/include/ros2_data/ros2_data/action/detail/move_rp__rosidl_typesupport_introspection_c.h
[1.496s] -- Up-to-date: /home/drail/ros2_ws/install/ros2_data/include/ros2_data/ros2_data/action/detail/move_r__rosidl_typesupport_introspection_c.h
[1.496s] -- Up-to-date: /home/drail/ros2_ws/install/ros2_data/include/ros2_data/ros2_data/action/detail/move_ypr__type_support.c
[1.496s] -- Up-to-date: /home/drail/ros2_ws/install/ros2_data/include/ros2_data/ros2_data/action/detail/move_ypr__rosidl_typesupport_introspection_c.h
[1.496s] -- Up-to-date: /home/drail/ros2_ws/install/ros2_data/include/ros2_data/ros2_data/action/detail/move_r__type_support.c
[1.497s] -- Up-to-date: /home/drail/ros2_ws/install/ros2_data/include/ros2_data/ros2_data/action/detail/move_g__rosidl_typesupport_introspection_c.h
[1.497s] -- Up-to-date: /home/drail/ros2_ws/install/ros2_data/include/ros2_data/ros2_data/action/detail/move_rot__rosidl_typesupport_introspection_c.h
[1.497s] -- Up-to-date: /home/drail/ros2_ws/install/ros2_data/include/ros2_data/ros2_data/action/detail/move_js__type_support.c
[1.497s] -- Up-to-date: /home/drail/ros2_ws/install/ros2_data/include/ros2_data/ros2_data/msg
[1.497s] -- Up-to-date: /home/drail/ros2_ws/install/ros2_data/include/ros2_data/ros2_data/msg/rosidl_typesupport_introspection_c__visibility_control.h
[1.497s] -- Up-to-date: /home/drail/ros2_ws/install/ros2_data/include/ros2_data/ros2_data/msg/detail
[1.497s] -- Up-to-date: /home/drail/ros2_ws/install/ros2_data/include/ros2_data/ros2_data/msg/detail/joint_pose_s__type_support.c
[1.497s] -- Up-to-date: /home/drail/ros2_ws/install/ros2_data/include/ros2_data/ros2_data/msg/detail/joint_pose__rosidl_typesupport_introspection_c.h
[1.497s] -- Up-to-date: /home/drail/ros2_ws/install/ros2_data/include/ros2_data/ros2_data/msg/detail/joint_pose_s__rosidl_typesupport_introspection_c.h
[1.497s] -- Up-to-date: /home/drail/ros2_ws/install/ros2_data/include/ros2_data/ros2_data/msg/detail/joint_pose__type_support.c
[1.497s] -- Up-to-date: /home/drail/ros2_ws/install/ros2_data/lib/libros2_data__rosidl_typesupport_introspection_c.so
[1.497s] -- Up-to-date: /home/drail/ros2_ws/install/ros2_data/lib/libros2_data__rosidl_typesupport_c.so
[1.497s] -- Up-to-date: /home/drail/ros2_ws/install/ros2_data/include/ros2_data/ros2_data
[1.497s] -- Up-to-date: /home/drail/ros2_ws/install/ros2_data/include/ros2_data/ros2_data/action
[1.497s] -- Up-to-date: /home/drail/ros2_ws/install/ros2_data/include/ros2_data/ros2_data/action/move_g.hpp
[1.497s] -- Up-to-date: /home/drail/ros2_ws/install/ros2_data/include/ros2_data/ros2_data/action/move_js.hpp
[1.497s] -- Up-to-date: /home/drail/ros2_ws/install/ros2_data/include/ros2_data/ros2_data/action/move_rp.hpp
[1.497s] -- Up-to-date: /home/drail/ros2_ws/install/ros2_data/include/ros2_data/ros2_data/action/detail
[1.497s] -- Up-to-date: /home/drail/ros2_ws/install/ros2_data/include/ros2_data/ros2_data/action/detail/move_rp__type_support.hpp
[1.498s] -- Up-to-date: /home/drail/ros2_ws/install/ros2_data/include/ros2_data/ros2_data/action/detail/move_xyz__struct.hpp
[1.498s] -- Up-to-date: /home/drail/ros2_ws/install/ros2_data/include/ros2_data/ros2_data/action/detail/move_g__type_support.hpp
[1.498s] -- Up-to-date: /home/drail/ros2_ws/install/ros2_data/include/ros2_data/ros2_data/action/detail/move_rp__struct.hpp
[1.498s] -- Up-to-date: /home/drail/ros2_ws/install/ros2_data/include/ros2_data/ros2_data/action/detail/move_xyz__type_support.hpp
[1.498s] -- Up-to-date: /home/drail/ros2_ws/install/ros2_data/include/ros2_data/ros2_data/action/detail/move_g__struct.hpp
[1.498s] -- Up-to-date: /home/drail/ros2_ws/install/ros2_data/include/ros2_data/ros2_data/action/detail/move_l__type_support.hpp
[1.498s] -- Up-to-date: /home/drail/ros2_ws/install/ros2_data/include/ros2_data/ros2_data/action/detail/move_xyz__traits.hpp
[1.498s] -- Up-to-date: /home/drail/ros2_ws/install/ros2_data/include/ros2_data/ros2_data/action/detail/move_ypr__traits.hpp
[1.498s] -- Up-to-date: /home/drail/ros2_ws/install/ros2_data/include/ros2_data/ros2_data/action/detail/move_js__builder.hpp
[1.498s] -- Up-to-date: /home/drail/ros2_ws/install/ros2_data/include/ros2_data/ros2_data/action/detail/move_r__builder.hpp
[1.498s] -- Up-to-date: /home/drail/ros2_ws/install/ros2_data/include/ros2_data/ros2_data/action/detail/move_xyzw__struct.hpp
[1.498s] -- Up-to-date: /home/drail/ros2_ws/install/ros2_data/include/ros2_data/ros2_data/action/detail/move_ypr__type_support.hpp
[1.498s] -- Up-to-date: /home/drail/ros2_ws/install/ros2_data/include/ros2_data/ros2_data/action/detail/move_g__traits.hpp
[1.498s] -- Up-to-date: /home/drail/ros2_ws/install/ros2_data/include/ros2_data/ros2_data/action/detail/move_r__type_support.hpp
[1.498s] -- Up-to-date: /home/drail/ros2_ws/install/ros2_data/include/ros2_data/ros2_data/action/detail/move_j__type_support.hpp
[1.498s] -- Up-to-date: /home/drail/ros2_ws/install/ros2_data/include/ros2_data/ros2_data/action/detail/move_j__traits.hpp
[1.498s] -- Up-to-date: /home/drail/ros2_ws/install/ros2_data/include/ros2_data/ros2_data/action/detail/move_j__builder.hpp
[1.498s] -- Up-to-date: /home/drail/ros2_ws/install/ros2_data/include/ros2_data/ros2_data/action/detail/move_ypr__builder.hpp
[1.498s] -- Up-to-date: /home/drail/ros2_ws/install/ros2_data/include/ros2_data/ros2_data/action/detail/move_xyzw__builder.hpp
[1.499s] -- Up-to-date: /home/drail/ros2_ws/install/ros2_data/include/ros2_data/ros2_data/action/detail/move_rp__traits.hpp
[1.499s] -- Up-to-date: /home/drail/ros2_ws/install/ros2_data/include/ros2_data/ros2_data/action/detail/move_l__builder.hpp
[1.499s] -- Up-to-date: /home/drail/ros2_ws/install/ros2_data/include/ros2_data/ros2_data/action/detail/move_js__traits.hpp
[1.499s] -- Up-to-date: /home/drail/ros2_ws/install/ros2_data/include/ros2_data/ros2_data/action/detail/move_js__struct.hpp
[1.499s] -- Up-to-date: /home/drail/ros2_ws/install/ros2_data/include/ros2_data/ros2_data/action/detail/move_r__traits.hpp
[1.499s] -- Up-to-date: /home/drail/ros2_ws/install/ros2_data/include/ros2_data/ros2_data/action/detail/move_j__struct.hpp
[1.499s] -- Up-to-date: /home/drail/ros2_ws/install/ros2_data/include/ros2_data/ros2_data/action/detail/move_l__traits.hpp
[1.499s] -- Up-to-date: /home/drail/ros2_ws/install/ros2_data/include/ros2_data/ros2_data/action/detail/move_r__struct.hpp
[1.499s] -- Up-to-date: /home/drail/ros2_ws/install/ros2_data/include/ros2_data/ros2_data/action/detail/move_xyz__builder.hpp
[1.499s] -- Up-to-date: /home/drail/ros2_ws/install/ros2_data/include/ros2_data/ros2_data/action/detail/move_ypr__struct.hpp
[1.499s] -- Up-to-date: /home/drail/ros2_ws/install/ros2_data/include/ros2_data/ros2_data/action/detail/move_js__type_support.hpp
[1.499s] -- Up-to-date: /home/drail/ros2_ws/install/ros2_data/include/ros2_data/ros2_data/action/detail/move_rp__builder.hpp
[1.499s] -- Up-to-date: /home/drail/ros2_ws/install/ros2_data/include/ros2_data/ros2_data/action/detail/move_g__builder.hpp
[1.499s] -- Up-to-date: /home/drail/ros2_ws/install/ros2_data/include/ros2_data/ros2_data/action/detail/move_rot__type_support.hpp
[1.499s] -- Up-to-date: /home/drail/ros2_ws/install/ros2_data/include/ros2_data/ros2_data/action/detail/move_rot__traits.hpp
[1.499s] -- Up-to-date: /home/drail/ros2_ws/install/ros2_data/include/ros2_data/ros2_data/action/detail/move_xyzw__traits.hpp
[1.499s] -- Up-to-date: /home/drail/ros2_ws/install/ros2_data/include/ros2_data/ros2_data/action/detail/move_xyzw__type_support.hpp
[1.499s] -- Up-to-date: /home/drail/ros2_ws/install/ros2_data/include/ros2_data/ros2_data/action/detail/move_rot__builder.hpp
[1.499s] -- Up-to-date: /home/drail/ros2_ws/install/ros2_data/include/ros2_data/ros2_data/action/detail/move_rot__struct.hpp
[1.499s] -- Up-to-date: /home/drail/ros2_ws/install/ros2_data/include/ros2_data/ros2_data/action/detail/move_l__struct.hpp
[1.499s] -- Up-to-date: /home/drail/ros2_ws/install/ros2_data/include/ros2_data/ros2_data/action/move_rot.hpp
[1.499s] -- Up-to-date: /home/drail/ros2_ws/install/ros2_data/include/ros2_data/ros2_data/action/move_xyz.hpp
[1.499s] -- Up-to-date: /home/drail/ros2_ws/install/ros2_data/include/ros2_data/ros2_data/action/move_l.hpp
[1.500s] -- Up-to-date: /home/drail/ros2_ws/install/ros2_data/include/ros2_data/ros2_data/action/move_r.hpp
[1.500s] -- Up-to-date: /home/drail/ros2_ws/install/ros2_data/include/ros2_data/ros2_data/action/move_ypr.hpp
[1.500s] -- Up-to-date: /home/drail/ros2_ws/install/ros2_data/include/ros2_data/ros2_data/action/move_j.hpp
[1.500s] -- Up-to-date: /home/drail/ros2_ws/install/ros2_data/include/ros2_data/ros2_data/action/move_xyzw.hpp
[1.500s] -- Up-to-date: /home/drail/ros2_ws/install/ros2_data/include/ros2_data/ros2_data/msg
[1.500s] -- Up-to-date: /home/drail/ros2_ws/install/ros2_data/include/ros2_data/ros2_data/msg/joint_pose_s.hpp
[1.500s] -- Up-to-date: /home/drail/ros2_ws/install/ros2_data/include/ros2_data/ros2_data/msg/joint_pose.hpp
[1.500s] -- Up-to-date: /home/drail/ros2_ws/install/ros2_data/include/ros2_data/ros2_data/msg/detail
[1.500s] -- Up-to-date: /home/drail/ros2_ws/install/ros2_data/include/ros2_data/ros2_data/msg/detail/joint_pose_s__type_support.hpp
[1.500s] -- Up-to-date: /home/drail/ros2_ws/install/ros2_data/include/ros2_data/ros2_data/msg/detail/joint_pose_s__traits.hpp
[1.500s] -- Up-to-date: /home/drail/ros2_ws/install/ros2_data/include/ros2_data/ros2_data/msg/detail/joint_pose_s__struct.hpp
[1.500s] -- Up-to-date: /home/drail/ros2_ws/install/ros2_data/include/ros2_data/ros2_data/msg/detail/joint_pose__type_support.hpp
[1.500s] -- Up-to-date: /home/drail/ros2_ws/install/ros2_data/include/ros2_data/ros2_data/msg/detail/joint_pose__traits.hpp
[1.500s] -- Up-to-date: /home/drail/ros2_ws/install/ros2_data/include/ros2_data/ros2_data/msg/detail/joint_pose__builder.hpp
[1.500s] -- Up-to-date: /home/drail/ros2_ws/install/ros2_data/include/ros2_data/ros2_data/msg/detail/joint_pose__struct.hpp
[1.500s] -- Up-to-date: /home/drail/ros2_ws/install/ros2_data/include/ros2_data/ros2_data/msg/detail/joint_pose_s__builder.hpp
[1.500s] -- Up-to-date: /home/drail/ros2_ws/install/ros2_data/include/ros2_data/ros2_data/msg/rosidl_generator_cpp__visibility_control.hpp
[1.500s] -- Up-to-date: /home/drail/ros2_ws/install/ros2_data/include/ros2_data/ros2_data
[1.501s] -- Up-to-date: /home/drail/ros2_ws/install/ros2_data/include/ros2_data/ros2_data/action
[1.501s] -- Up-to-date: /home/drail/ros2_ws/install/ros2_data/include/ros2_data/ros2_data/action/detail
[1.501s] -- Up-to-date: /home/drail/ros2_ws/install/ros2_data/include/ros2_data/ros2_data/action/detail/move_r__rosidl_typesupport_fastrtps_cpp.hpp
[1.501s] -- Up-to-date: /home/drail/ros2_ws/install/ros2_data/include/ros2_data/ros2_data/action/detail/move_rot__rosidl_typesupport_fastrtps_cpp.hpp
[1.501s] -- Up-to-date: /home/drail/ros2_ws/install/ros2_data/include/ros2_data/ros2_data/action/detail/move_rp__rosidl_typesupport_fastrtps_cpp.hpp
[1.501s] -- Up-to-date: /home/drail/ros2_ws/install/ros2_data/include/ros2_data/ros2_data/action/detail/move_xyzw__rosidl_typesupport_fastrtps_cpp.hpp
[1.501s] -- Up-to-date: /home/drail/ros2_ws/install/ros2_data/include/ros2_data/ros2_data/action/detail/move_js__rosidl_typesupport_fastrtps_cpp.hpp
[1.501s] -- Up-to-date: /home/drail/ros2_ws/install/ros2_data/include/ros2_data/ros2_data/action/detail/move_xyz__rosidl_typesupport_fastrtps_cpp.hpp
[1.501s] -- Up-to-date: /home/drail/ros2_ws/install/ros2_data/include/ros2_data/ros2_data/action/detail/move_ypr__rosidl_typesupport_fastrtps_cpp.hpp
[1.501s] -- Up-to-date: /home/drail/ros2_ws/install/ros2_data/include/ros2_data/ros2_data/action/detail/dds_fastrtps
[1.501s] -- Up-to-date: /home/drail/ros2_ws/install/ros2_data/include/ros2_data/ros2_data/action/detail/move_j__rosidl_typesupport_fastrtps_cpp.hpp
[1.501s] -- Up-to-date: /home/drail/ros2_ws/install/ros2_data/include/ros2_data/ros2_data/action/detail/move_g__rosidl_typesupport_fastrtps_cpp.hpp
[1.501s] -- Up-to-date: /home/drail/ros2_ws/install/ros2_data/include/ros2_data/ros2_data/action/detail/move_l__rosidl_typesupport_fastrtps_cpp.hpp
[1.501s] -- Up-to-date: /home/drail/ros2_ws/install/ros2_data/include/ros2_data/ros2_data/msg
[1.501s] -- Up-to-date: /home/drail/ros2_ws/install/ros2_data/include/ros2_data/ros2_data/msg/rosidl_typesupport_fastrtps_cpp__visibility_control.h
[1.501s] -- Up-to-date: /home/drail/ros2_ws/install/ros2_data/include/ros2_data/ros2_data/msg/detail
[1.501s] -- Up-to-date: /home/drail/ros2_ws/install/ros2_data/include/ros2_data/ros2_data/msg/detail/joint_pose_s__rosidl_typesupport_fastrtps_cpp.hpp
[1.501s] -- Up-to-date: /home/drail/ros2_ws/install/ros2_data/include/ros2_data/ros2_data/msg/detail/joint_pose__rosidl_typesupport_fastrtps_cpp.hpp
[1.501s] -- Up-to-date: /home/drail/ros2_ws/install/ros2_data/include/ros2_data/ros2_data/msg/detail/dds_fastrtps
[1.501s] -- Up-to-date: /home/drail/ros2_ws/install/ros2_data/lib/libros2_data__rosidl_typesupport_fastrtps_cpp.so
[1.501s] -- Up-to-date: /home/drail/ros2_ws/install/ros2_data/include/ros2_data/ros2_data
[1.502s] -- Up-to-date: /home/drail/ros2_ws/install/ros2_data/include/ros2_data/ros2_data/action
[1.502s] -- Up-to-date: /home/drail/ros2_ws/install/ros2_data/include/ros2_data/ros2_data/action/detail
[1.502s] -- Up-to-date: /home/drail/ros2_ws/install/ros2_data/include/ros2_data/ros2_data/action/detail/move_ypr__rosidl_typesupport_introspection_cpp.hpp
[1.502s] -- Up-to-date: /home/drail/ros2_ws/install/ros2_data/include/ros2_data/ros2_data/action/detail/move_xyz__type_support.cpp
[1.502s] -- Up-to-date: /home/drail/ros2_ws/install/ros2_data/include/ros2_data/ros2_data/action/detail/move_g__type_support.cpp
[1.502s] -- Up-to-date: /home/drail/ros2_ws/install/ros2_data/include/ros2_data/ros2_data/action/detail/move_r__type_support.cpp
[1.502s] -- Up-to-date: /home/drail/ros2_ws/install/ros2_data/include/ros2_data/ros2_data/action/detail/move_ypr__type_support.cpp
[1.502s] -- Up-to-date: /home/drail/ros2_ws/install/ros2_data/include/ros2_data/ros2_data/action/detail/move_xyz__rosidl_typesupport_introspection_cpp.hpp
[1.502s] -- Up-to-date: /home/drail/ros2_ws/install/ros2_data/include/ros2_data/ros2_data/action/detail/move_rp__type_support.cpp
[1.502s] -- Up-to-date: /home/drail/ros2_ws/install/ros2_data/include/ros2_data/ros2_data/action/detail/move_j__rosidl_typesupport_introspection_cpp.hpp
[1.502s] -- Up-to-date: /home/drail/ros2_ws/install/ros2_data/include/ros2_data/ros2_data/action/detail/move_rot__type_support.cpp
[1.502s] -- Up-to-date: /home/drail/ros2_ws/install/ros2_data/include/ros2_data/ros2_data/action/detail/move_l__type_support.cpp
[1.502s] -- Up-to-date: /home/drail/ros2_ws/install/ros2_data/include/ros2_data/ros2_data/action/detail/move_js__rosidl_typesupport_introspection_cpp.hpp
[1.502s] -- Up-to-date: /home/drail/ros2_ws/install/ros2_data/include/ros2_data/ros2_data/action/detail/move_r__rosidl_typesupport_introspection_cpp.hpp
[1.502s] -- Up-to-date: /home/drail/ros2_ws/install/ros2_data/include/ros2_data/ros2_data/action/detail/move_rp__rosidl_typesupport_introspection_cpp.hpp
[1.502s] -- Up-to-date: /home/drail/ros2_ws/install/ros2_data/include/ros2_data/ros2_data/action/detail/move_xyzw__type_support.cpp
[1.502s] -- Up-to-date: /home/drail/ros2_ws/install/ros2_data/include/ros2_data/ros2_data/action/detail/move_rot__rosidl_typesupport_introspection_cpp.hpp
[1.502s] -- Up-to-date: /home/drail/ros2_ws/install/ros2_data/include/ros2_data/ros2_data/action/detail/move_js__type_support.cpp
[1.502s] -- Up-to-date: /home/drail/ros2_ws/install/ros2_data/include/ros2_data/ros2_data/action/detail/move_g__rosidl_typesupport_introspection_cpp.hpp
[1.502s] -- Up-to-date: /home/drail/ros2_ws/install/ros2_data/include/ros2_data/ros2_data/action/detail/move_j__type_support.cpp
[1.502s] -- Up-to-date: /home/drail/ros2_ws/install/ros2_data/include/ros2_data/ros2_data/action/detail/move_l__rosidl_typesupport_introspection_cpp.hpp
[1.502s] -- Up-to-date: /home/drail/ros2_ws/install/ros2_data/include/ros2_data/ros2_data/action/detail/move_xyzw__rosidl_typesupport_introspection_cpp.hpp
[1.503s] -- Up-to-date: /home/drail/ros2_ws/install/ros2_data/include/ros2_data/ros2_data/msg
[1.503s] -- Up-to-date: /home/drail/ros2_ws/install/ros2_data/include/ros2_data/ros2_data/msg/detail
[1.503s] -- Up-to-date: /home/drail/ros2_ws/install/ros2_data/include/ros2_data/ros2_data/msg/detail/joint_pose__rosidl_typesupport_introspection_cpp.hpp
[1.503s] -- Up-to-date: /home/drail/ros2_ws/install/ros2_data/include/ros2_data/ros2_data/msg/detail/joint_pose_s__rosidl_typesupport_introspection_cpp.hpp
[1.503s] -- Up-to-date: /home/drail/ros2_ws/install/ros2_data/include/ros2_data/ros2_data/msg/detail/joint_pose_s__type_support.cpp
[1.503s] -- Up-to-date: /home/drail/ros2_ws/install/ros2_data/include/ros2_data/ros2_data/msg/detail/joint_pose__type_support.cpp
[1.503s] -- Up-to-date: /home/drail/ros2_ws/install/ros2_data/lib/libros2_data__rosidl_typesupport_introspection_cpp.so
[1.503s] -- Up-to-date: /home/drail/ros2_ws/install/ros2_data/lib/libros2_data__rosidl_typesupport_cpp.so
[1.503s] -- Up-to-date: /home/drail/ros2_ws/install/ros2_data/share/ros2_data/environment/pythonpath.sh
[1.503s] -- Installing: /home/drail/ros2_ws/install/ros2_data/share/ros2_data/environment/pythonpath.dsv
[1.503s] -- Up-to-date: /home/drail/ros2_ws/install/ros2_data/local/lib/python3.10/dist-packages/ros2_data-0.0.0-py3.10.egg-info
[1.503s] -- Installing: /home/drail/ros2_ws/install/ros2_data/local/lib/python3.10/dist-packages/ros2_data-0.0.0-py3.10.egg-info/top_level.txt
[1.503s] -- Installing: /home/drail/ros2_ws/install/ros2_data/local/lib/python3.10/dist-packages/ros2_data-0.0.0-py3.10.egg-info/PKG-INFO
[1.503s] -- Installing: /home/drail/ros2_ws/install/ros2_data/local/lib/python3.10/dist-packages/ros2_data-0.0.0-py3.10.egg-info/SOURCES.txt
[1.503s] -- Installing: /home/drail/ros2_ws/install/ros2_data/local/lib/python3.10/dist-packages/ros2_data-0.0.0-py3.10.egg-info/dependency_links.txt
[1.503s] -- Up-to-date: /home/drail/ros2_ws/install/ros2_data/local/lib/python3.10/dist-packages/ros2_data
[1.503s] -- Up-to-date: /home/drail/ros2_ws/install/ros2_data/local/lib/python3.10/dist-packages/ros2_data/ros2_data_s__rosidl_typesupport_fastrtps_c.cpython-310-x86_64-linux-gnu.so
[1.503s] -- Up-to-date: /home/drail/ros2_ws/install/ros2_data/local/lib/python3.10/dist-packages/ros2_data/libros2_data__rosidl_generator_py.so
[1.503s] -- Up-to-date: /home/drail/ros2_ws/install/ros2_data/local/lib/python3.10/dist-packages/ros2_data/ros2_data_s__rosidl_typesupport_c.cpython-310-x86_64-linux-gnu.so
[1.503s] -- Up-to-date: /home/drail/ros2_ws/install/ros2_data/local/lib/python3.10/dist-packages/ros2_data/_ros2_data_s.ep.rosidl_typesupport_fastrtps_c.c
[1.503s] -- Up-to-date: /home/drail/ros2_ws/install/ros2_data/local/lib/python3.10/dist-packages/ros2_data/_ros2_data_s.ep.rosidl_typesupport_introspection_c.c
[1.503s] -- Up-to-date: /home/drail/ros2_ws/install/ros2_data/local/lib/python3.10/dist-packages/ros2_data/ros2_data_s__rosidl_typesupport_introspection_c.cpython-310-x86_64-linux-gnu.so
[1.503s] -- Up-to-date: /home/drail/ros2_ws/install/ros2_data/local/lib/python3.10/dist-packages/ros2_data/_ros2_data_s.ep.rosidl_typesupport_c.c
[1.503s] -- Installing: /home/drail/ros2_ws/install/ros2_data/local/lib/python3.10/dist-packages/ros2_data/__init__.py
[1.504s] -- Up-to-date: /home/drail/ros2_ws/install/ros2_data/local/lib/python3.10/dist-packages/ros2_data/action
[1.504s] -- Up-to-date: /home/drail/ros2_ws/install/ros2_data/local/lib/python3.10/dist-packages/ros2_data/action/_move_r.py
[1.504s] -- Up-to-date: /home/drail/ros2_ws/install/ros2_data/local/lib/python3.10/dist-packages/ros2_data/action/_move_rp.py
[1.504s] -- Up-to-date: /home/drail/ros2_ws/install/ros2_data/local/lib/python3.10/dist-packages/ros2_data/action/_move_j.py
[1.504s] -- Up-to-date: /home/drail/ros2_ws/install/ros2_data/local/lib/python3.10/dist-packages/ros2_data/action/_move_js_s.c
[1.504s] -- Up-to-date: /home/drail/ros2_ws/install/ros2_data/local/lib/python3.10/dist-packages/ros2_data/action/_move_rp_s.c
[1.504s] -- Up-to-date: /home/drail/ros2_ws/install/ros2_data/local/lib/python3.10/dist-packages/ros2_data/action/_move_rot_s.c
[1.504s] -- Up-to-date: /home/drail/ros2_ws/install/ros2_data/local/lib/python3.10/dist-packages/ros2_data/action/_move_j_s.c
[1.504s] -- Up-to-date: /home/drail/ros2_ws/install/ros2_data/local/lib/python3.10/dist-packages/ros2_data/action/_move_g_s.c
[1.504s] -- Up-to-date: /home/drail/ros2_ws/install/ros2_data/local/lib/python3.10/dist-packages/ros2_data/action/_move_xyz_s.c
[1.504s] -- Up-to-date: /home/drail/ros2_ws/install/ros2_data/local/lib/python3.10/dist-packages/ros2_data/action/_move_ypr.py
[1.504s] -- Up-to-date: /home/drail/ros2_ws/install/ros2_data/local/lib/python3.10/dist-packages/ros2_data/action/_move_r_s.c
[1.504s] -- Up-to-date: /home/drail/ros2_ws/install/ros2_data/local/lib/python3.10/dist-packages/ros2_data/action/_move_l_s.c
[1.504s] -- Up-to-date: /home/drail/ros2_ws/install/ros2_data/local/lib/python3.10/dist-packages/ros2_data/action/_move_xyz.py
[1.504s] -- Up-to-date: /home/drail/ros2_ws/install/ros2_data/local/lib/python3.10/dist-packages/ros2_data/action/_move_ypr_s.c
[1.504s] -- Up-to-date: /home/drail/ros2_ws/install/ros2_data/local/lib/python3.10/dist-packages/ros2_data/action/_move_js.py
[1.504s] -- Up-to-date: /home/drail/ros2_ws/install/ros2_data/local/lib/python3.10/dist-packages/ros2_data/action/_move_l.py
[1.504s] -- Up-to-date: /home/drail/ros2_ws/install/ros2_data/local/lib/python3.10/dist-packages/ros2_data/action/_move_xyzw.py
[1.504s] -- Up-to-date: /home/drail/ros2_ws/install/ros2_data/local/lib/python3.10/dist-packages/ros2_data/action/_move_xyzw_s.c
[1.504s] -- Up-to-date: /home/drail/ros2_ws/install/ros2_data/local/lib/python3.10/dist-packages/ros2_data/action/__init__.py
[1.504s] -- Up-to-date: /home/drail/ros2_ws/install/ros2_data/local/lib/python3.10/dist-packages/ros2_data/action/_move_g.py
[1.504s] -- Up-to-date: /home/drail/ros2_ws/install/ros2_data/local/lib/python3.10/dist-packages/ros2_data/action/_move_rot.py
[1.504s] -- Up-to-date: /home/drail/ros2_ws/install/ros2_data/local/lib/python3.10/dist-packages/ros2_data/msg
[1.504s] -- Up-to-date: /home/drail/ros2_ws/install/ros2_data/local/lib/python3.10/dist-packages/ros2_data/msg/_joint_pose.py
[1.505s] -- Up-to-date: /home/drail/ros2_ws/install/ros2_data/local/lib/python3.10/dist-packages/ros2_data/msg/_joint_pose_s.py
[1.505s] -- Up-to-date: /home/drail/ros2_ws/install/ros2_data/local/lib/python3.10/dist-packages/ros2_data/msg/_joint_pose_s.c
[1.505s] -- Up-to-date: /home/drail/ros2_ws/install/ros2_data/local/lib/python3.10/dist-packages/ros2_data/msg/_joint_pose_s_s.c
[1.505s] -- Up-to-date: /home/drail/ros2_ws/install/ros2_data/local/lib/python3.10/dist-packages/ros2_data/msg/__init__.py
[1.532s] Listing '/home/drail/ros2_ws/install/ros2_data/local/lib/python3.10/dist-packages/ros2_data'...
[1.533s] Compiling '/home/drail/ros2_ws/install/ros2_data/local/lib/python3.10/dist-packages/ros2_data/__init__.py'...
[1.533s] Listing '/home/drail/ros2_ws/install/ros2_data/local/lib/python3.10/dist-packages/ros2_data/action'...
[1.533s] Listing '/home/drail/ros2_ws/install/ros2_data/local/lib/python3.10/dist-packages/ros2_data/msg'...
[1.535s] -- Up-to-date: /home/drail/ros2_ws/install/ros2_data/local/lib/python3.10/dist-packages/ros2_data/ros2_data_s__rosidl_typesupport_fastrtps_c.cpython-310-x86_64-linux-gnu.so
[1.536s] -- Up-to-date: /home/drail/ros2_ws/install/ros2_data/local/lib/python3.10/dist-packages/ros2_data/ros2_data_s__rosidl_typesupport_introspection_c.cpython-310-x86_64-linux-gnu.so
[1.536s] -- Up-to-date: /home/drail/ros2_ws/install/ros2_data/local/lib/python3.10/dist-packages/ros2_data/ros2_data_s__rosidl_typesupport_c.cpython-310-x86_64-linux-gnu.so
[1.536s] -- Up-to-date: /home/drail/ros2_ws/install/ros2_data/lib/libros2_data__rosidl_generator_py.so
[1.536s] -- Up-to-date: /home/drail/ros2_ws/install/ros2_data/share/ros2_data/msg/JointPose.idl
[1.536s] -- Up-to-date: /home/drail/ros2_ws/install/ros2_data/share/ros2_data/msg/JointPoseS.idl
[1.537s] -- Up-to-date: /home/drail/ros2_ws/install/ros2_data/share/ros2_data/action/MoveJ.idl
[1.537s] -- Up-to-date: /home/drail/ros2_ws/install/ros2_data/share/ros2_data/action/MoveJs.idl
[1.537s] -- Up-to-date: /home/drail/ros2_ws/install/ros2_data/share/ros2_data/action/MoveG.idl
[1.537s] -- Up-to-date: /home/drail/ros2_ws/install/ros2_data/share/ros2_data/action/MoveXYZW.idl
[1.537s] -- Up-to-date: /home/drail/ros2_ws/install/ros2_data/share/ros2_data/action/MoveL.idl
[1.537s] -- Up-to-date: /home/drail/ros2_ws/install/ros2_data/share/ros2_data/action/MoveR.idl
[1.537s] -- Up-to-date: /home/drail/ros2_ws/install/ros2_data/share/ros2_data/action/MoveXYZ.idl
[1.537s] -- Up-to-date: /home/drail/ros2_ws/install/ros2_data/share/ros2_data/action/MoveYPR.idl
[1.537s] -- Up-to-date: /home/drail/ros2_ws/install/ros2_data/share/ros2_data/action/MoveROT.idl
[1.537s] -- Up-to-date: /home/drail/ros2_ws/install/ros2_data/share/ros2_data/action/MoveRP.idl
[1.537s] -- Up-to-date: /home/drail/ros2_ws/install/ros2_data/share/ros2_data/msg/JointPose.msg
[1.537s] -- Up-to-date: /home/drail/ros2_ws/install/ros2_data/share/ros2_data/msg/JointPoseS.msg
[1.537s] -- Up-to-date: /home/drail/ros2_ws/install/ros2_data/share/ros2_data/action/MoveJ.action
[1.538s] -- Up-to-date: /home/drail/ros2_ws/install/ros2_data/share/ros2_data/action/MoveJs.action
[1.538s] -- Up-to-date: /home/drail/ros2_ws/install/ros2_data/share/ros2_data/action/MoveG.action
[1.538s] -- Up-to-date: /home/drail/ros2_ws/install/ros2_data/share/ros2_data/action/MoveXYZW.action
[1.538s] -- Up-to-date: /home/drail/ros2_ws/install/ros2_data/share/ros2_data/action/MoveL.action
[1.538s] -- Up-to-date: /home/drail/ros2_ws/install/ros2_data/share/ros2_data/action/MoveR.action
[1.538s] -- Up-to-date: /home/drail/ros2_ws/install/ros2_data/share/ros2_data/action/MoveXYZ.action
[1.538s] -- Up-to-date: /home/drail/ros2_ws/install/ros2_data/share/ros2_data/action/MoveYPR.action
[1.538s] -- Up-to-date: /home/drail/ros2_ws/install/ros2_data/share/ros2_data/action/MoveROT.action
[1.538s] -- Up-to-date: /home/drail/ros2_ws/install/ros2_data/share/ros2_data/action/MoveRP.action
[1.538s] -- Up-to-date: /home/drail/ros2_ws/install/ros2_data/share/ament_index/resource_index/package_run_dependencies/ros2_data
[1.538s] -- Installing: /home/drail/ros2_ws/install/ros2_data/share/ament_index/resource_index/parent_prefix_path/ros2_data
[1.538s] -- Up-to-date: /home/drail/ros2_ws/install/ros2_data/share/ros2_data/environment/ament_prefix_path.sh
[1.538s] -- Installing: /home/drail/ros2_ws/install/ros2_data/share/ros2_data/environment/ament_prefix_path.dsv
[1.538s] -- Up-to-date: /home/drail/ros2_ws/install/ros2_data/share/ros2_data/environment/path.sh
[1.538s] -- Installing: /home/drail/ros2_ws/install/ros2_data/share/ros2_data/environment/path.dsv
[1.539s] -- Up-to-date: /home/drail/ros2_ws/install/ros2_data/share/ros2_data/local_setup.bash
[1.539s] -- Up-to-date: /home/drail/ros2_ws/install/ros2_data/share/ros2_data/local_setup.sh
[1.539s] -- Up-to-date: /home/drail/ros2_ws/install/ros2_data/share/ros2_data/local_setup.zsh
[1.539s] -- Installing: /home/drail/ros2_ws/install/ros2_data/share/ros2_data/local_setup.dsv
[1.539s] -- Installing: /home/drail/ros2_ws/install/ros2_data/share/ros2_data/package.dsv
[1.539s] -- Up-to-date: /home/drail/ros2_ws/install/ros2_data/share/ament_index/resource_index/packages/ros2_data
[1.539s] -- Up-to-date: /home/drail/ros2_ws/install/ros2_data/share/ros2_data/cmake/export_ros2_data__rosidl_generator_cExport.cmake
[1.539s] -- Up-to-date: /home/drail/ros2_ws/install/ros2_data/share/ros2_data/cmake/export_ros2_data__rosidl_generator_cExport-noconfig.cmake
[1.540s] -- Up-to-date: /home/drail/ros2_ws/install/ros2_data/share/ros2_data/cmake/export_ros2_data__rosidl_typesupport_fastrtps_cExport.cmake
[1.540s] -- Up-to-date: /home/drail/ros2_ws/install/ros2_data/share/ros2_data/cmake/export_ros2_data__rosidl_typesupport_fastrtps_cExport-noconfig.cmake
[1.540s] -- Up-to-date: /home/drail/ros2_ws/install/ros2_data/share/ros2_data/cmake/ros2_data__rosidl_typesupport_introspection_cExport.cmake
[1.540s] -- Up-to-date: /home/drail/ros2_ws/install/ros2_data/share/ros2_data/cmake/ros2_data__rosidl_typesupport_introspection_cExport-noconfig.cmake
[1.540s] -- Up-to-date: /home/drail/ros2_ws/install/ros2_data/share/ros2_data/cmake/ros2_data__rosidl_typesupport_cExport.cmake
[1.540s] -- Up-to-date: /home/drail/ros2_ws/install/ros2_data/share/ros2_data/cmake/ros2_data__rosidl_typesupport_cExport-noconfig.cmake
[1.540s] -- Up-to-date: /home/drail/ros2_ws/install/ros2_data/share/ros2_data/cmake/export_ros2_data__rosidl_generator_cppExport.cmake
[1.540s] -- Up-to-date: /home/drail/ros2_ws/install/ros2_data/share/ros2_data/cmake/export_ros2_data__rosidl_typesupport_fastrtps_cppExport.cmake
[1.540s] -- Up-to-date: /home/drail/ros2_ws/install/ros2_data/share/ros2_data/cmake/export_ros2_data__rosidl_typesupport_fastrtps_cppExport-noconfig.cmake
[1.540s] -- Up-to-date: /home/drail/ros2_ws/install/ros2_data/share/ros2_data/cmake/ros2_data__rosidl_typesupport_introspection_cppExport.cmake
[1.540s] -- Up-to-date: /home/drail/ros2_ws/install/ros2_data/share/ros2_data/cmake/ros2_data__rosidl_typesupport_introspection_cppExport-noconfig.cmake
[1.541s] -- Up-to-date: /home/drail/ros2_ws/install/ros2_data/share/ros2_data/cmake/ros2_data__rosidl_typesupport_cppExport.cmake
[1.541s] -- Up-to-date: /home/drail/ros2_ws/install/ros2_data/share/ros2_data/cmake/ros2_data__rosidl_typesupport_cppExport-noconfig.cmake
[1.541s] -- Up-to-date: /home/drail/ros2_ws/install/ros2_data/share/ros2_data/cmake/export_ros2_data__rosidl_generator_pyExport.cmake
[1.541s] -- Up-to-date: /home/drail/ros2_ws/install/ros2_data/share/ros2_data/cmake/export_ros2_data__rosidl_generator_pyExport-noconfig.cmake
[1.541s] -- Up-to-date: /home/drail/ros2_ws/install/ros2_data/share/ros2_data/cmake/rosidl_cmake-extras.cmake
[1.541s] -- Up-to-date: /home/drail/ros2_ws/install/ros2_data/share/ros2_data/cmake/ament_cmake_export_dependencies-extras.cmake
[1.541s] -- Up-to-date: /home/drail/ros2_ws/install/ros2_data/share/ros2_data/cmake/ament_cmake_export_include_directories-extras.cmake
[1.541s] -- Up-to-date: /home/drail/ros2_ws/install/ros2_data/share/ros2_data/cmake/ament_cmake_export_libraries-extras.cmake
[1.541s] -- Up-to-date: /home/drail/ros2_ws/install/ros2_data/share/ros2_data/cmake/ament_cmake_export_targets-extras.cmake
[1.541s] -- Up-to-date: /home/drail/ros2_ws/install/ros2_data/share/ros2_data/cmake/rosidl_cmake_export_typesupport_targets-extras.cmake
[1.541s] -- Up-to-date: /home/drail/ros2_ws/install/ros2_data/share/ros2_data/cmake/rosidl_cmake_export_typesupport_libraries-extras.cmake
[1.541s] -- Up-to-date: /home/drail/ros2_ws/install/ros2_data/share/ros2_data/cmake/ros2_dataConfig.cmake
[1.542s] -- Up-to-date: /home/drail/ros2_ws/install/ros2_data/share/ros2_data/cmake/ros2_dataConfig-version.cmake
[1.542s] -- Up-to-date: /home/drail/ros2_ws/install/ros2_data/share/ros2_data/package.xml
[1.544s] Invoked command in '/home/drail/changk2/school/ROB545/Grasping-Moving-Objects/ros2_ws/build/ros2_data' returned '0': CMAKE_PREFIX_PATH=${CMAKE_PREFIX_PATH}:/home/drail/ros2_ws/install/ur5_ros2_moveit2:/home/drail/ros2_ws/install/ur5_ros2_gazebo:/home/drail/ros2_ws/install/ur3_ros2_moveit2:/home/drail/ros2_ws/install/ur3_ros2_gazebo:/home/drail/ros2_ws/install/ur10_ros2_moveit2:/home/drail/ros2_ws/install/ur10_ros2_gazebo:/home/drail/ros2_ws/install/ros2_grasping:/home/drail/ros2_ws/install/ros2_execution:/home/drail/ros2_ws/install/ros2_actions:/home/drail/ros2_ws/install/panda_ros2_moveit2:/home/drail/ros2_ws/install/irb6640_ros2_moveit2:/home/drail/ros2_ws/install/irb120_ros2_moveit2:/home/drail/ros2_ws/install/irb1200_ros2_moveit2:/home/drail/ros2_ws/install/iiwa_ros2_moveit2:/home/drail/ros2_ws/install/cr35ia_ros2_moveit2:/home/drail/ros2_ws/install/ros2_data:/home/drail/ros2_ws/install/panda_ros2_gazebo:/home/drail/ros2_ws/install/irb6640_ros2_gazebo:/home/drail/ros2_ws/install/irb120_ros2_gazebo:/home/drail/ros2_ws/install/irb1200_ros2_gazebo:/home/drail/ros2_ws/install/iiwa_ros2_gazebo:/home/drail/ros2_ws/install/cr35ia_ros2_gazebo:/opt/ros/humble /usr/bin/cmake --install /home/drail/changk2/school/ROB545/Grasping-Moving-Objects/ros2_ws/build/ros2_data
