[0.072s] DEBUG:colcon:Command line arguments: ['/usr/bin/colcon', 'build']
[0.072s] DEBUG:colcon:Parsed command line arguments: Namespace(log_base=None, log_level=None, verb_name='build', build_base='build', install_base='install', merge_install=False, symlink_install=False, test_result_base=None, continue_on_error=False, executor='parallel', parallel_workers=24, event_handlers=None, ignore_user_meta=False, metas=['./colcon.meta'], base_paths=['.'], packages_ignore=None, packages_ignore_regex=None, paths=None, packages_up_to=None, packages_up_to_regex=None, packages_above=None, packages_above_and_dependencies=None, packages_above_depth=None, packages_select_by_dep=None, packages_skip_by_dep=None, packages_skip_up_to=None, packages_select_build_failed=False, packages_skip_build_finished=False, packages_select_test_failures=False, packages_skip_test_passed=False, packages_select=None, packages_skip=None, packages_select_regex=None, packages_skip_regex=None, packages_start=None, packages_end=None, allow_overriding=[], cmake_args=None, cmake_target=None, cmake_target_skip_unavailable=False, cmake_clean_cache=False, cmake_clean_first=False, cmake_force_configure=False, ament_cmake_args=None, catkin_cmake_args=None, catkin_skip_building_tests=False, mixin_files=None, mixin=None, verb_parser=<colcon_mixin.mixin.mixin_argument.MixinArgumentDecorator object at 0x788c32a7efe0>, verb_extension=<colcon_core.verb.build.BuildVerb object at 0x788c32a7e620>, main=<bound method BuildVerb.main of <colcon_core.verb.build.BuildVerb object at 0x788c32a7e620>>, mixin_verb=('build',))
[0.203s] Level 1:colcon.colcon_core.package_discovery:discover_packages(colcon_meta) check parameters
[0.203s] Level 1:colcon.colcon_core.package_discovery:discover_packages(recursive) check parameters
[0.203s] Level 1:colcon.colcon_core.package_discovery:discover_packages(ignore) check parameters
[0.203s] Level 1:colcon.colcon_core.package_discovery:discover_packages(path) check parameters
[0.203s] Level 1:colcon.colcon_core.package_discovery:discover_packages(colcon_meta) discover
[0.203s] Level 1:colcon.colcon_core.package_discovery:discover_packages(recursive) discover
[0.203s] INFO:colcon.colcon_core.package_discovery:Crawling recursively for packages in '/home/drail/ros2_ws'
[0.203s] Level 1:colcon.colcon_core.package_identification:_identify(.) by extensions ['ignore', 'ignore_ament_install']
[0.203s] Level 1:colcon.colcon_core.package_identification:_identify(.) by extension 'ignore'
[0.203s] Level 1:colcon.colcon_core.package_identification:_identify(.) by extension 'ignore_ament_install'
[0.203s] Level 1:colcon.colcon_core.package_identification:_identify(.) by extensions ['colcon_pkg']
[0.203s] Level 1:colcon.colcon_core.package_identification:_identify(.) by extension 'colcon_pkg'
[0.203s] Level 1:colcon.colcon_core.package_identification:_identify(.) by extensions ['colcon_meta']
[0.203s] Level 1:colcon.colcon_core.package_identification:_identify(.) by extension 'colcon_meta'
[0.203s] Level 1:colcon.colcon_core.package_identification:_identify(.) by extensions ['ros']
[0.204s] Level 1:colcon.colcon_core.package_identification:_identify(.) by extension 'ros'
[0.214s] Level 1:colcon.colcon_core.package_identification:_identify(.) by extensions ['cmake', 'python']
[0.214s] Level 1:colcon.colcon_core.package_identification:_identify(.) by extension 'cmake'
[0.214s] Level 1:colcon.colcon_core.package_identification:_identify(.) by extension 'python'
[0.214s] Level 1:colcon.colcon_core.package_identification:_identify(.) by extensions ['python_setup_py']
[0.214s] Level 1:colcon.colcon_core.package_identification:_identify(.) by extension 'python_setup_py'
[0.214s] Level 1:colcon.colcon_core.package_identification:_identify(build) by extensions ['ignore', 'ignore_ament_install']
[0.214s] Level 1:colcon.colcon_core.package_identification:_identify(build) by extension 'ignore'
[0.215s] Level 1:colcon.colcon_core.package_identification:_identify(build) ignored
[0.215s] Level 1:colcon.colcon_core.package_identification:_identify(install) by extensions ['ignore', 'ignore_ament_install']
[0.215s] Level 1:colcon.colcon_core.package_identification:_identify(install) by extension 'ignore'
[0.215s] Level 1:colcon.colcon_core.package_identification:_identify(install) ignored
[0.215s] Level 1:colcon.colcon_core.package_identification:_identify(log) by extensions ['ignore', 'ignore_ament_install']
[0.215s] Level 1:colcon.colcon_core.package_identification:_identify(log) by extension 'ignore'
[0.215s] Level 1:colcon.colcon_core.package_identification:_identify(log) ignored
[0.215s] Level 1:colcon.colcon_core.package_identification:_identify(src) by extensions ['ignore', 'ignore_ament_install']
[0.215s] Level 1:colcon.colcon_core.package_identification:_identify(src) by extension 'ignore'
[0.215s] Level 1:colcon.colcon_core.package_identification:_identify(src) by extension 'ignore_ament_install'
[0.215s] Level 1:colcon.colcon_core.package_identification:_identify(src) by extensions ['colcon_pkg']
[0.215s] Level 1:colcon.colcon_core.package_identification:_identify(src) by extension 'colcon_pkg'
[0.215s] Level 1:colcon.colcon_core.package_identification:_identify(src) by extensions ['colcon_meta']
[0.215s] Level 1:colcon.colcon_core.package_identification:_identify(src) by extension 'colcon_meta'
[0.215s] Level 1:colcon.colcon_core.package_identification:_identify(src) by extensions ['ros']
[0.215s] Level 1:colcon.colcon_core.package_identification:_identify(src) by extension 'ros'
[0.215s] Level 1:colcon.colcon_core.package_identification:_identify(src) by extensions ['cmake', 'python']
[0.215s] Level 1:colcon.colcon_core.package_identification:_identify(src) by extension 'cmake'
[0.215s] Level 1:colcon.colcon_core.package_identification:_identify(src) by extension 'python'
[0.215s] Level 1:colcon.colcon_core.package_identification:_identify(src) by extensions ['python_setup_py']
[0.215s] Level 1:colcon.colcon_core.package_identification:_identify(src) by extension 'python_setup_py'
[0.215s] Level 1:colcon.colcon_core.package_identification:_identify(src/ros_tutorials) by extensions ['ignore', 'ignore_ament_install']
[0.215s] Level 1:colcon.colcon_core.package_identification:_identify(src/ros_tutorials) by extension 'ignore'
[0.215s] Level 1:colcon.colcon_core.package_identification:_identify(src/ros_tutorials) by extension 'ignore_ament_install'
[0.215s] Level 1:colcon.colcon_core.package_identification:_identify(src/ros_tutorials) by extensions ['colcon_pkg']
[0.215s] Level 1:colcon.colcon_core.package_identification:_identify(src/ros_tutorials) by extension 'colcon_pkg'
[0.215s] Level 1:colcon.colcon_core.package_identification:_identify(src/ros_tutorials) by extensions ['colcon_meta']
[0.216s] Level 1:colcon.colcon_core.package_identification:_identify(src/ros_tutorials) by extension 'colcon_meta'
[0.216s] Level 1:colcon.colcon_core.package_identification:_identify(src/ros_tutorials) by extensions ['ros']
[0.216s] Level 1:colcon.colcon_core.package_identification:_identify(src/ros_tutorials) by extension 'ros'
[0.216s] Level 1:colcon.colcon_core.package_identification:_identify(src/ros_tutorials) by extensions ['cmake', 'python']
[0.216s] Level 1:colcon.colcon_core.package_identification:_identify(src/ros_tutorials) by extension 'cmake'
[0.216s] Level 1:colcon.colcon_core.package_identification:_identify(src/ros_tutorials) by extension 'python'
[0.216s] Level 1:colcon.colcon_core.package_identification:_identify(src/ros_tutorials) by extensions ['python_setup_py']
[0.216s] Level 1:colcon.colcon_core.package_identification:_identify(src/ros_tutorials) by extension 'python_setup_py'
[0.216s] Level 1:colcon.colcon_core.package_identification:_identify(src/ros_tutorials/ros_tutorials) by extensions ['ignore', 'ignore_ament_install']
[0.216s] Level 1:colcon.colcon_core.package_identification:_identify(src/ros_tutorials/ros_tutorials) by extension 'ignore'
[0.216s] Level 1:colcon.colcon_core.package_identification:_identify(src/ros_tutorials/ros_tutorials) ignored
[0.216s] Level 1:colcon.colcon_core.package_identification:_identify(src/ros_tutorials/roscpp_tutorials) by extensions ['ignore', 'ignore_ament_install']
[0.216s] Level 1:colcon.colcon_core.package_identification:_identify(src/ros_tutorials/roscpp_tutorials) by extension 'ignore'
[0.216s] Level 1:colcon.colcon_core.package_identification:_identify(src/ros_tutorials/roscpp_tutorials) ignored
[0.216s] Level 1:colcon.colcon_core.package_identification:_identify(src/ros_tutorials/rospy_tutorials) by extensions ['ignore', 'ignore_ament_install']
[0.216s] Level 1:colcon.colcon_core.package_identification:_identify(src/ros_tutorials/rospy_tutorials) by extension 'ignore'
[0.216s] Level 1:colcon.colcon_core.package_identification:_identify(src/ros_tutorials/rospy_tutorials) ignored
[0.216s] Level 1:colcon.colcon_core.package_identification:_identify(src/ros_tutorials/turtlesim) by extensions ['ignore', 'ignore_ament_install']
[0.216s] Level 1:colcon.colcon_core.package_identification:_identify(src/ros_tutorials/turtlesim) by extension 'ignore'
[0.216s] Level 1:colcon.colcon_core.package_identification:_identify(src/ros_tutorials/turtlesim) by extension 'ignore_ament_install'
[0.216s] Level 1:colcon.colcon_core.package_identification:_identify(src/ros_tutorials/turtlesim) by extensions ['colcon_pkg']
[0.216s] Level 1:colcon.colcon_core.package_identification:_identify(src/ros_tutorials/turtlesim) by extension 'colcon_pkg'
[0.216s] Level 1:colcon.colcon_core.package_identification:_identify(src/ros_tutorials/turtlesim) by extensions ['colcon_meta']
[0.216s] Level 1:colcon.colcon_core.package_identification:_identify(src/ros_tutorials/turtlesim) by extension 'colcon_meta'
[0.216s] Level 1:colcon.colcon_core.package_identification:_identify(src/ros_tutorials/turtlesim) by extensions ['ros']
[0.216s] Level 1:colcon.colcon_core.package_identification:_identify(src/ros_tutorials/turtlesim) by extension 'ros'
[0.218s] DEBUG:colcon.colcon_core.package_identification:Package 'src/ros_tutorials/turtlesim' with type 'ros.ament_cmake' and name 'turtlesim'
[0.218s] Level 1:colcon.colcon_core.package_discovery:discover_packages(recursive) using defaults
[0.218s] Level 1:colcon.colcon_core.package_discovery:discover_packages(ignore) discover
[0.218s] Level 1:colcon.colcon_core.package_discovery:discover_packages(ignore) using defaults
[0.218s] Level 1:colcon.colcon_core.package_discovery:discover_packages(path) discover
[0.218s] Level 1:colcon.colcon_core.package_discovery:discover_packages(path) using defaults
[0.230s] Level 1:colcon.colcon_core.package_discovery:discover_packages(prefix_path) check parameters
[0.230s] Level 1:colcon.colcon_core.package_discovery:discover_packages(prefix_path) discover
[0.236s] DEBUG:colcon.colcon_installed_package_information.package_discovery:Found 346 installed packages in /home/drail/ros2_humble/ros2-linux
[0.238s] DEBUG:colcon.colcon_installed_package_information.package_discovery:Found 200 installed packages in /opt/ros/humble
[0.242s] Level 1:colcon.colcon_core.package_discovery:discover_packages(prefix_path) using defaults
[0.275s] Level 5:colcon.colcon_core.verb:set package 'turtlesim' build argument 'cmake_args' from command line to 'None'
[0.275s] Level 5:colcon.colcon_core.verb:set package 'turtlesim' build argument 'cmake_target' from command line to 'None'
[0.275s] Level 5:colcon.colcon_core.verb:set package 'turtlesim' build argument 'cmake_target_skip_unavailable' from command line to 'False'
[0.275s] Level 5:colcon.colcon_core.verb:set package 'turtlesim' build argument 'cmake_clean_cache' from command line to 'False'
[0.275s] Level 5:colcon.colcon_core.verb:set package 'turtlesim' build argument 'cmake_clean_first' from command line to 'False'
[0.275s] Level 5:colcon.colcon_core.verb:set package 'turtlesim' build argument 'cmake_force_configure' from command line to 'False'
[0.275s] Level 5:colcon.colcon_core.verb:set package 'turtlesim' build argument 'ament_cmake_args' from command line to 'None'
[0.275s] Level 5:colcon.colcon_core.verb:set package 'turtlesim' build argument 'catkin_cmake_args' from command line to 'None'
[0.275s] Level 5:colcon.colcon_core.verb:set package 'turtlesim' build argument 'catkin_skip_building_tests' from command line to 'False'
[0.275s] DEBUG:colcon.colcon_core.verb:Building package 'turtlesim' with the following arguments: {'ament_cmake_args': None, 'build_base': '/home/drail/ros2_ws/build/turtlesim', 'catkin_cmake_args': None, 'catkin_skip_building_tests': False, 'cmake_args': None, 'cmake_clean_cache': False, 'cmake_clean_first': False, 'cmake_force_configure': False, 'cmake_target': None, 'cmake_target_skip_unavailable': False, 'install_base': '/home/drail/ros2_ws/install/turtlesim', 'merge_install': False, 'path': '/home/drail/ros2_ws/src/ros_tutorials/turtlesim', 'symlink_install': False, 'test_result_base': None}
[0.275s] INFO:colcon.colcon_core.executor:Executing jobs using 'parallel' executor
[0.276s] DEBUG:colcon.colcon_parallel_executor.executor.parallel:run_until_complete
[0.276s] INFO:colcon.colcon_ros.task.ament_cmake.build:Building ROS package in '/home/drail/ros2_ws/src/ros_tutorials/turtlesim' with build type 'ament_cmake'
[0.276s] INFO:colcon.colcon_cmake.task.cmake.build:Building CMake package in '/home/drail/ros2_ws/src/ros_tutorials/turtlesim'
[0.278s] INFO:colcon.colcon_core.plugin_system:Skipping extension 'colcon_core.shell.bat': Not used on non-Windows systems
[0.278s] INFO:colcon.colcon_core.shell:Skip shell extension 'powershell' for command environment: Not usable outside of PowerShell
[0.278s] DEBUG:colcon.colcon_core.shell:Skip shell extension 'dsv' for command environment
[0.288s] DEBUG:colcon.colcon_core.event_handler.log_command:Invoking command in '/home/drail/ros2_ws/build/turtlesim': CMAKE_PREFIX_PATH=${CMAKE_PREFIX_PATH}:/opt/ros/humble /usr/bin/cmake /home/drail/ros2_ws/src/ros_tutorials/turtlesim -DCMAKE_INSTALL_PREFIX=/home/drail/ros2_ws/install/turtlesim
[1.981s] DEBUG:colcon.colcon_core.event_handler.log_command:Invoked command in '/home/drail/ros2_ws/build/turtlesim' returned '0': CMAKE_PREFIX_PATH=${CMAKE_PREFIX_PATH}:/opt/ros/humble /usr/bin/cmake /home/drail/ros2_ws/src/ros_tutorials/turtlesim -DCMAKE_INSTALL_PREFIX=/home/drail/ros2_ws/install/turtlesim
[1.982s] DEBUG:colcon.colcon_core.event_handler.log_command:Invoking command in '/home/drail/ros2_ws/build/turtlesim': CMAKE_PREFIX_PATH=${CMAKE_PREFIX_PATH}:/opt/ros/humble /usr/bin/cmake --build /home/drail/ros2_ws/build/turtlesim -- -j24 -l24
[12.983s] DEBUG:colcon.colcon_core.event_handler.log_command:Invoked command in '/home/drail/ros2_ws/build/turtlesim' returned '0': CMAKE_PREFIX_PATH=${CMAKE_PREFIX_PATH}:/opt/ros/humble /usr/bin/cmake --build /home/drail/ros2_ws/build/turtlesim -- -j24 -l24
[12.996s] DEBUG:colcon.colcon_core.event_handler.log_command:Invoking command in '/home/drail/ros2_ws/build/turtlesim': CMAKE_PREFIX_PATH=${CMAKE_PREFIX_PATH}:/opt/ros/humble /usr/bin/cmake --install /home/drail/ros2_ws/build/turtlesim
[13.100s] Level 1:colcon.colcon_core.environment:create_environment_scripts_only(turtlesim)
[13.101s] DEBUG:colcon.colcon_core.event_handler.log_command:Invoked command in '/home/drail/ros2_ws/build/turtlesim' returned '0': CMAKE_PREFIX_PATH=${CMAKE_PREFIX_PATH}:/opt/ros/humble /usr/bin/cmake --install /home/drail/ros2_ws/build/turtlesim
[13.103s] Level 1:colcon.colcon_core.environment:checking '/home/drail/ros2_ws/install/turtlesim' for CMake module files
[13.104s] Level 1:colcon.colcon_core.environment:checking '/home/drail/ros2_ws/install/turtlesim' for CMake config files
[13.104s] Level 1:colcon.colcon_core.shell:create_environment_hook('turtlesim', 'cmake_prefix_path')
[13.104s] INFO:colcon.colcon_core.shell:Creating environment hook '/home/drail/ros2_ws/install/turtlesim/share/turtlesim/hook/cmake_prefix_path.ps1'
[13.105s] INFO:colcon.colcon_core.shell:Creating environment descriptor '/home/drail/ros2_ws/install/turtlesim/share/turtlesim/hook/cmake_prefix_path.dsv'
[13.105s] INFO:colcon.colcon_core.shell:Creating environment hook '/home/drail/ros2_ws/install/turtlesim/share/turtlesim/hook/cmake_prefix_path.sh'
[13.106s] Level 1:colcon.colcon_core.environment:checking '/home/drail/ros2_ws/install/turtlesim/lib'
[13.106s] Level 1:colcon.colcon_core.shell:create_environment_hook('turtlesim', 'ld_library_path_lib')
[13.106s] INFO:colcon.colcon_core.shell:Creating environment hook '/home/drail/ros2_ws/install/turtlesim/share/turtlesim/hook/ld_library_path_lib.ps1'
[13.107s] INFO:colcon.colcon_core.shell:Creating environment descriptor '/home/drail/ros2_ws/install/turtlesim/share/turtlesim/hook/ld_library_path_lib.dsv'
[13.107s] INFO:colcon.colcon_core.shell:Creating environment hook '/home/drail/ros2_ws/install/turtlesim/share/turtlesim/hook/ld_library_path_lib.sh'
[13.107s] Level 1:colcon.colcon_core.environment:checking '/home/drail/ros2_ws/install/turtlesim/bin'
[13.107s] Level 1:colcon.colcon_core.environment:checking '/home/drail/ros2_ws/install/turtlesim/lib/pkgconfig/turtlesim.pc'
[13.107s] Level 1:colcon.colcon_core.environment:checking '/home/drail/ros2_ws/install/turtlesim/lib/python3.10/site-packages'
[13.108s] Level 1:colcon.colcon_core.environment:checking '/home/drail/ros2_ws/install/turtlesim/bin'
[13.108s] INFO:colcon.colcon_core.shell:Creating package script '/home/drail/ros2_ws/install/turtlesim/share/turtlesim/package.ps1'
[13.109s] INFO:colcon.colcon_core.shell:Creating package descriptor '/home/drail/ros2_ws/install/turtlesim/share/turtlesim/package.dsv'
[13.110s] INFO:colcon.colcon_core.shell:Creating package script '/home/drail/ros2_ws/install/turtlesim/share/turtlesim/package.sh'
[13.110s] INFO:colcon.colcon_core.shell:Creating package script '/home/drail/ros2_ws/install/turtlesim/share/turtlesim/package.bash'
[13.111s] INFO:colcon.colcon_core.shell:Creating package script '/home/drail/ros2_ws/install/turtlesim/share/turtlesim/package.zsh'
[13.111s] Level 1:colcon.colcon_core.environment:create_file_with_runtime_dependencies(/home/drail/ros2_ws/install/turtlesim/share/colcon-core/packages/turtlesim)
[13.112s] Level 1:colcon.colcon_core.environment:create_environment_scripts_only(turtlesim)
[13.112s] Level 1:colcon.colcon_core.environment:checking '/home/drail/ros2_ws/install/turtlesim' for CMake module files
[13.113s] Level 1:colcon.colcon_core.environment:checking '/home/drail/ros2_ws/install/turtlesim' for CMake config files
[13.113s] Level 1:colcon.colcon_core.shell:create_environment_hook('turtlesim', 'cmake_prefix_path')
[13.113s] INFO:colcon.colcon_core.shell:Creating environment hook '/home/drail/ros2_ws/install/turtlesim/share/turtlesim/hook/cmake_prefix_path.ps1'
[13.114s] INFO:colcon.colcon_core.shell:Creating environment descriptor '/home/drail/ros2_ws/install/turtlesim/share/turtlesim/hook/cmake_prefix_path.dsv'
[13.114s] INFO:colcon.colcon_core.shell:Creating environment hook '/home/drail/ros2_ws/install/turtlesim/share/turtlesim/hook/cmake_prefix_path.sh'
[13.115s] Level 1:colcon.colcon_core.environment:checking '/home/drail/ros2_ws/install/turtlesim/lib'
[13.115s] Level 1:colcon.colcon_core.shell:create_environment_hook('turtlesim', 'ld_library_path_lib')
[13.115s] INFO:colcon.colcon_core.shell:Creating environment hook '/home/drail/ros2_ws/install/turtlesim/share/turtlesim/hook/ld_library_path_lib.ps1'
[13.115s] INFO:colcon.colcon_core.shell:Creating environment descriptor '/home/drail/ros2_ws/install/turtlesim/share/turtlesim/hook/ld_library_path_lib.dsv'
[13.116s] INFO:colcon.colcon_core.shell:Creating environment hook '/home/drail/ros2_ws/install/turtlesim/share/turtlesim/hook/ld_library_path_lib.sh'
[13.116s] Level 1:colcon.colcon_core.environment:checking '/home/drail/ros2_ws/install/turtlesim/bin'
[13.116s] Level 1:colcon.colcon_core.environment:checking '/home/drail/ros2_ws/install/turtlesim/lib/pkgconfig/turtlesim.pc'
[13.116s] Level 1:colcon.colcon_core.environment:checking '/home/drail/ros2_ws/install/turtlesim/lib/python3.10/site-packages'
[13.117s] Level 1:colcon.colcon_core.environment:checking '/home/drail/ros2_ws/install/turtlesim/bin'
[13.117s] INFO:colcon.colcon_core.shell:Creating package script '/home/drail/ros2_ws/install/turtlesim/share/turtlesim/package.ps1'
[13.117s] INFO:colcon.colcon_core.shell:Creating package descriptor '/home/drail/ros2_ws/install/turtlesim/share/turtlesim/package.dsv'
[13.118s] INFO:colcon.colcon_core.shell:Creating package script '/home/drail/ros2_ws/install/turtlesim/share/turtlesim/package.sh'
[13.118s] INFO:colcon.colcon_core.shell:Creating package script '/home/drail/ros2_ws/install/turtlesim/share/turtlesim/package.bash'
[13.119s] INFO:colcon.colcon_core.shell:Creating package script '/home/drail/ros2_ws/install/turtlesim/share/turtlesim/package.zsh'
[13.119s] Level 1:colcon.colcon_core.environment:create_file_with_runtime_dependencies(/home/drail/ros2_ws/install/turtlesim/share/colcon-core/packages/turtlesim)
[13.119s] DEBUG:colcon.colcon_parallel_executor.executor.parallel:closing loop
[13.120s] DEBUG:colcon.colcon_parallel_executor.executor.parallel:loop closed
[13.120s] DEBUG:colcon.colcon_parallel_executor.executor.parallel:run_until_complete finished with '0'
[13.120s] DEBUG:colcon.colcon_core.event_reactor:joining thread
[13.125s] INFO:colcon.colcon_core.plugin_system:Skipping extension 'colcon_notification.desktop_notification.terminal_notifier': Not used on non-Darwin systems
[13.125s] INFO:colcon.colcon_core.plugin_system:Skipping extension 'colcon_notification.desktop_notification.win32': Not used on non-Windows systems
[13.125s] INFO:colcon.colcon_notification.desktop_notification:Sending desktop notification using 'notify2'
[13.139s] DEBUG:colcon.colcon_core.event_reactor:joined thread
[13.139s] INFO:colcon.colcon_core.shell:Creating prefix script '/home/drail/ros2_ws/install/local_setup.ps1'
[13.140s] INFO:colcon.colcon_core.shell:Creating prefix util module '/home/drail/ros2_ws/install/_local_setup_util_ps1.py'
[13.141s] INFO:colcon.colcon_core.shell:Creating prefix chain script '/home/drail/ros2_ws/install/setup.ps1'
[13.142s] INFO:colcon.colcon_core.shell:Creating prefix script '/home/drail/ros2_ws/install/local_setup.sh'
[13.143s] INFO:colcon.colcon_core.shell:Creating prefix util module '/home/drail/ros2_ws/install/_local_setup_util_sh.py'
[13.143s] INFO:colcon.colcon_core.shell:Creating prefix chain script '/home/drail/ros2_ws/install/setup.sh'
[13.144s] INFO:colcon.colcon_core.shell:Creating prefix script '/home/drail/ros2_ws/install/local_setup.bash'
[13.145s] INFO:colcon.colcon_core.shell:Creating prefix chain script '/home/drail/ros2_ws/install/setup.bash'
[13.145s] INFO:colcon.colcon_core.shell:Creating prefix script '/home/drail/ros2_ws/install/local_setup.zsh'
[13.146s] INFO:colcon.colcon_core.shell:Creating prefix chain script '/home/drail/ros2_ws/install/setup.zsh'
