[0.045s] Invoking command in '/home/drail/ros2_ws/build/ros2_grasping': CMAKE_PREFIX_PATH=${CMAKE_PREFIX_PATH}:/opt/ros/humble /usr/bin/cmake --build /home/drail/ros2_ws/build/ros2_grasping -- -j24 -l24
[0.082s] [35m[1mConsolidate compiler generated dependencies of target ros2_grasping__rosidl_generator_c[0m
[0.100s] [  3%] Built target ros2_grasping__cpp
[0.111s] [ 12%] Built target ros2_grasping__rosidl_generator_c
[0.119s] [35m[1mConsolidate compiler generated dependencies of target ros2_grasping__rosidl_typesupport_fastrtps_cpp[0m
[0.121s] [35m[1mConsolidate compiler generated dependencies of target ros2_grasping__rosidl_typesupport_cpp[0m
[0.121s] [ 12%] Built target ament_cmake_python_copy_ros2_grasping
[0.121s] [35m[1mConsolidate compiler generated dependencies of target ros2_grasping__rosidl_typesupport_introspection_cpp[0m
[0.122s] [35m[1mConsolidate compiler generated dependencies of target ros2_grasping__rosidl_typesupport_introspection_c[0m
[0.122s] [35m[1mConsolidate compiler generated dependencies of target ros2_grasping__rosidl_typesupport_fastrtps_c[0m
[0.122s] [35m[1mConsolidate compiler generated dependencies of target ros2_grasping__rosidl_typesupport_c[0m
[0.127s] [ 22%] Built target ros2_grasping__rosidl_typesupport_cpp
[0.130s] [ 32%] Built target ros2_grasping__rosidl_typesupport_introspection_c
[0.130s] [ 41%] Built target ros2_grasping__rosidl_typesupport_fastrtps_cpp
[0.130s] [ 51%] Built target ros2_grasping__rosidl_typesupport_introspection_cpp
[0.130s] [ 61%] Built target ros2_grasping__rosidl_typesupport_c
[0.130s] [ 70%] Built target ros2_grasping__rosidl_typesupport_fastrtps_c
[0.138s] [ 70%] Built target ros2_grasping
[0.154s] [ 74%] Built target ros2_grasping__py
[0.162s] [35m[1mConsolidate compiler generated dependencies of target ros2_grasping__rosidl_generator_py[0m
[0.172s] [ 80%] Built target ros2_grasping__rosidl_generator_py
[0.181s] [35m[1mConsolidate compiler generated dependencies of target ros2_grasping__rosidl_typesupport_c__pyext[0m
[0.181s] [35m[1mConsolidate compiler generated dependencies of target ros2_grasping__rosidl_typesupport_introspection_c__pyext[0m
[0.181s] [35m[1mConsolidate compiler generated dependencies of target ros2_grasping__rosidl_typesupport_fastrtps_c__pyext[0m
[0.192s] [ 87%] Built target ros2_grasping__rosidl_typesupport_c__pyext
[0.192s] [ 93%] Built target ros2_grasping__rosidl_typesupport_introspection_c__pyext
[0.192s] [100%] Built target ros2_grasping__rosidl_typesupport_fastrtps_c__pyext
[0.295s] running egg_info
[0.296s] writing ros2_grasping.egg-info/PKG-INFO
[0.296s] writing dependency_links to ros2_grasping.egg-info/dependency_links.txt
[0.296s] writing top-level names to ros2_grasping.egg-info/top_level.txt
[0.297s] reading manifest file 'ros2_grasping.egg-info/SOURCES.txt'
[0.298s] writing manifest file 'ros2_grasping.egg-info/SOURCES.txt'
[0.316s] [100%] Built target ament_cmake_python_build_ros2_grasping_egg
[0.326s] Invoked command in '/home/drail/ros2_ws/build/ros2_grasping' returned '0': CMAKE_PREFIX_PATH=${CMAKE_PREFIX_PATH}:/opt/ros/humble /usr/bin/cmake --build /home/drail/ros2_ws/build/ros2_grasping -- -j24 -l24
[0.327s] Invoking command in '/home/drail/ros2_ws/build/ros2_grasping': CMAKE_PREFIX_PATH=${CMAKE_PREFIX_PATH}:/opt/ros/humble /usr/bin/cmake --install /home/drail/ros2_ws/build/ros2_grasping
[0.336s] -- Install configuration: ""
[0.336s] -- Up-to-date: /home/drail/ros2_ws/install/ros2_grasping/share/ros2_grasping/urdf
[0.336s] -- Up-to-date: /home/drail/ros2_ws/install/ros2_grasping/share/ros2_grasping/urdf/box.urdf
[0.336s] -- Up-to-date: /home/drail/ros2_ws/install/ros2_grasping/share/ament_index/resource_index/rosidl_interfaces/ros2_grasping
[0.336s] -- Up-to-date: /home/drail/ros2_ws/install/ros2_grasping/include/ros2_grasping/ros2_grasping
[0.336s] -- Up-to-date: /home/drail/ros2_ws/install/ros2_grasping/include/ros2_grasping/ros2_grasping/action
[0.336s] -- Up-to-date: /home/drail/ros2_ws/install/ros2_grasping/include/ros2_grasping/ros2_grasping/action/detail
[0.336s] -- Up-to-date: /home/drail/ros2_ws/install/ros2_grasping/include/ros2_grasping/ros2_grasping/action/detail/attacher__functions.h
[0.336s] -- Up-to-date: /home/drail/ros2_ws/install/ros2_grasping/include/ros2_grasping/ros2_grasping/action/detail/attacher__struct.h
[0.337s] -- Up-to-date: /home/drail/ros2_ws/install/ros2_grasping/include/ros2_grasping/ros2_grasping/action/detail/attacher__type_support.h
[0.337s] -- Up-to-date: /home/drail/ros2_ws/install/ros2_grasping/include/ros2_grasping/ros2_grasping/action/detail/attacher__functions.c
[0.337s] -- Up-to-date: /home/drail/ros2_ws/install/ros2_grasping/include/ros2_grasping/ros2_grasping/action/attacher.h
[0.337s] -- Up-to-date: /home/drail/ros2_ws/install/ros2_grasping/include/ros2_grasping/ros2_grasping/msg
[0.337s] -- Up-to-date: /home/drail/ros2_ws/install/ros2_grasping/include/ros2_grasping/ros2_grasping/msg/rosidl_generator_c__visibility_control.h
[0.337s] -- Up-to-date: /home/drail/ros2_ws/install/ros2_grasping/share/ros2_grasping/environment/library_path.sh
[0.337s] -- Up-to-date: /home/drail/ros2_ws/install/ros2_grasping/share/ros2_grasping/environment/library_path.dsv
[0.337s] -- Up-to-date: /home/drail/ros2_ws/install/ros2_grasping/lib/libros2_grasping__rosidl_generator_c.so
[0.337s] -- Up-to-date: /home/drail/ros2_ws/install/ros2_grasping/include/ros2_grasping/ros2_grasping
[0.337s] -- Up-to-date: /home/drail/ros2_ws/install/ros2_grasping/include/ros2_grasping/ros2_grasping/action
[0.337s] -- Up-to-date: /home/drail/ros2_ws/install/ros2_grasping/include/ros2_grasping/ros2_grasping/action/detail
[0.337s] -- Up-to-date: /home/drail/ros2_ws/install/ros2_grasping/include/ros2_grasping/ros2_grasping/action/detail/attacher__rosidl_typesupport_fastrtps_c.h
[0.337s] -- Up-to-date: /home/drail/ros2_ws/install/ros2_grasping/include/ros2_grasping/ros2_grasping/msg
[0.338s] -- Up-to-date: /home/drail/ros2_ws/install/ros2_grasping/include/ros2_grasping/ros2_grasping/msg/rosidl_typesupport_fastrtps_c__visibility_control.h
[0.338s] -- Up-to-date: /home/drail/ros2_ws/install/ros2_grasping/lib/libros2_grasping__rosidl_typesupport_fastrtps_c.so
[0.338s] -- Up-to-date: /home/drail/ros2_ws/install/ros2_grasping/include/ros2_grasping/ros2_grasping
[0.338s] -- Up-to-date: /home/drail/ros2_ws/install/ros2_grasping/include/ros2_grasping/ros2_grasping/action
[0.338s] -- Up-to-date: /home/drail/ros2_ws/install/ros2_grasping/include/ros2_grasping/ros2_grasping/action/detail
[0.338s] -- Up-to-date: /home/drail/ros2_ws/install/ros2_grasping/include/ros2_grasping/ros2_grasping/action/detail/attacher__type_support.c
[0.338s] -- Up-to-date: /home/drail/ros2_ws/install/ros2_grasping/include/ros2_grasping/ros2_grasping/action/detail/attacher__rosidl_typesupport_introspection_c.h
[0.338s] -- Up-to-date: /home/drail/ros2_ws/install/ros2_grasping/include/ros2_grasping/ros2_grasping/msg
[0.338s] -- Up-to-date: /home/drail/ros2_ws/install/ros2_grasping/include/ros2_grasping/ros2_grasping/msg/rosidl_typesupport_introspection_c__visibility_control.h
[0.338s] -- Up-to-date: /home/drail/ros2_ws/install/ros2_grasping/lib/libros2_grasping__rosidl_typesupport_introspection_c.so
[0.338s] -- Up-to-date: /home/drail/ros2_ws/install/ros2_grasping/lib/libros2_grasping__rosidl_typesupport_c.so
[0.339s] -- Up-to-date: /home/drail/ros2_ws/install/ros2_grasping/include/ros2_grasping/ros2_grasping
[0.339s] -- Up-to-date: /home/drail/ros2_ws/install/ros2_grasping/include/ros2_grasping/ros2_grasping/action
[0.339s] -- Up-to-date: /home/drail/ros2_ws/install/ros2_grasping/include/ros2_grasping/ros2_grasping/action/detail
[0.339s] -- Up-to-date: /home/drail/ros2_ws/install/ros2_grasping/include/ros2_grasping/ros2_grasping/action/detail/attacher__builder.hpp
[0.339s] -- Up-to-date: /home/drail/ros2_ws/install/ros2_grasping/include/ros2_grasping/ros2_grasping/action/detail/attacher__traits.hpp
[0.339s] -- Up-to-date: /home/drail/ros2_ws/install/ros2_grasping/include/ros2_grasping/ros2_grasping/action/detail/attacher__type_support.hpp
[0.339s] -- Up-to-date: /home/drail/ros2_ws/install/ros2_grasping/include/ros2_grasping/ros2_grasping/action/detail/attacher__struct.hpp
[0.339s] -- Up-to-date: /home/drail/ros2_ws/install/ros2_grasping/include/ros2_grasping/ros2_grasping/action/attacher.hpp
[0.339s] -- Up-to-date: /home/drail/ros2_ws/install/ros2_grasping/include/ros2_grasping/ros2_grasping/msg
[0.339s] -- Up-to-date: /home/drail/ros2_ws/install/ros2_grasping/include/ros2_grasping/ros2_grasping/msg/rosidl_generator_cpp__visibility_control.hpp
[0.339s] -- Up-to-date: /home/drail/ros2_ws/install/ros2_grasping/include/ros2_grasping/ros2_grasping
[0.339s] -- Up-to-date: /home/drail/ros2_ws/install/ros2_grasping/include/ros2_grasping/ros2_grasping/action
[0.339s] -- Up-to-date: /home/drail/ros2_ws/install/ros2_grasping/include/ros2_grasping/ros2_grasping/action/detail
[0.339s] -- Up-to-date: /home/drail/ros2_ws/install/ros2_grasping/include/ros2_grasping/ros2_grasping/action/detail/attacher__rosidl_typesupport_fastrtps_cpp.hpp
[0.339s] -- Up-to-date: /home/drail/ros2_ws/install/ros2_grasping/include/ros2_grasping/ros2_grasping/action/detail/dds_fastrtps
[0.340s] -- Up-to-date: /home/drail/ros2_ws/install/ros2_grasping/include/ros2_grasping/ros2_grasping/msg
[0.340s] -- Up-to-date: /home/drail/ros2_ws/install/ros2_grasping/include/ros2_grasping/ros2_grasping/msg/rosidl_typesupport_fastrtps_cpp__visibility_control.h
[0.340s] -- Up-to-date: /home/drail/ros2_ws/install/ros2_grasping/lib/libros2_grasping__rosidl_typesupport_fastrtps_cpp.so
[0.340s] -- Up-to-date: /home/drail/ros2_ws/install/ros2_grasping/include/ros2_grasping/ros2_grasping
[0.340s] -- Up-to-date: /home/drail/ros2_ws/install/ros2_grasping/include/ros2_grasping/ros2_grasping/action
[0.340s] -- Up-to-date: /home/drail/ros2_ws/install/ros2_grasping/include/ros2_grasping/ros2_grasping/action/detail
[0.340s] -- Up-to-date: /home/drail/ros2_ws/install/ros2_grasping/include/ros2_grasping/ros2_grasping/action/detail/attacher__type_support.cpp
[0.340s] -- Up-to-date: /home/drail/ros2_ws/install/ros2_grasping/include/ros2_grasping/ros2_grasping/action/detail/attacher__rosidl_typesupport_introspection_cpp.hpp
[0.340s] -- Up-to-date: /home/drail/ros2_ws/install/ros2_grasping/lib/libros2_grasping__rosidl_typesupport_introspection_cpp.so
[0.340s] -- Up-to-date: /home/drail/ros2_ws/install/ros2_grasping/lib/libros2_grasping__rosidl_typesupport_cpp.so
[0.340s] -- Up-to-date: /home/drail/ros2_ws/install/ros2_grasping/share/ros2_grasping/environment/pythonpath.sh
[0.341s] -- Up-to-date: /home/drail/ros2_ws/install/ros2_grasping/share/ros2_grasping/environment/pythonpath.dsv
[0.341s] -- Up-to-date: /home/drail/ros2_ws/install/ros2_grasping/local/lib/python3.10/dist-packages/ros2_grasping-0.0.0-py3.10.egg-info
[0.341s] -- Installing: /home/drail/ros2_ws/install/ros2_grasping/local/lib/python3.10/dist-packages/ros2_grasping-0.0.0-py3.10.egg-info/top_level.txt
[0.341s] -- Installing: /home/drail/ros2_ws/install/ros2_grasping/local/lib/python3.10/dist-packages/ros2_grasping-0.0.0-py3.10.egg-info/PKG-INFO
[0.341s] -- Installing: /home/drail/ros2_ws/install/ros2_grasping/local/lib/python3.10/dist-packages/ros2_grasping-0.0.0-py3.10.egg-info/SOURCES.txt
[0.341s] -- Installing: /home/drail/ros2_ws/install/ros2_grasping/local/lib/python3.10/dist-packages/ros2_grasping-0.0.0-py3.10.egg-info/dependency_links.txt
[0.341s] -- Up-to-date: /home/drail/ros2_ws/install/ros2_grasping/local/lib/python3.10/dist-packages/ros2_grasping
[0.341s] -- Up-to-date: /home/drail/ros2_ws/install/ros2_grasping/local/lib/python3.10/dist-packages/ros2_grasping/_ros2_grasping_s.ep.rosidl_typesupport_fastrtps_c.c
[0.341s] -- Up-to-date: /home/drail/ros2_ws/install/ros2_grasping/local/lib/python3.10/dist-packages/ros2_grasping/ros2_grasping_s__rosidl_typesupport_introspection_c.cpython-310-x86_64-linux-gnu.so
[0.341s] -- Up-to-date: /home/drail/ros2_ws/install/ros2_grasping/local/lib/python3.10/dist-packages/ros2_grasping/libros2_grasping__rosidl_generator_py.so
[0.341s] -- Up-to-date: /home/drail/ros2_ws/install/ros2_grasping/local/lib/python3.10/dist-packages/ros2_grasping/ros2_grasping_s__rosidl_typesupport_fastrtps_c.cpython-310-x86_64-linux-gnu.so
[0.341s] -- Up-to-date: /home/drail/ros2_ws/install/ros2_grasping/local/lib/python3.10/dist-packages/ros2_grasping/_ros2_grasping_s.ep.rosidl_typesupport_c.c
[0.342s] -- Up-to-date: /home/drail/ros2_ws/install/ros2_grasping/local/lib/python3.10/dist-packages/ros2_grasping/_ros2_grasping_s.ep.rosidl_typesupport_introspection_c.c
[0.342s] -- Up-to-date: /home/drail/ros2_ws/install/ros2_grasping/local/lib/python3.10/dist-packages/ros2_grasping/__init__.py
[0.342s] -- Up-to-date: /home/drail/ros2_ws/install/ros2_grasping/local/lib/python3.10/dist-packages/ros2_grasping/ros2_grasping_s__rosidl_typesupport_c.cpython-310-x86_64-linux-gnu.so
[0.342s] -- Up-to-date: /home/drail/ros2_ws/install/ros2_grasping/local/lib/python3.10/dist-packages/ros2_grasping/action
[0.342s] -- Up-to-date: /home/drail/ros2_ws/install/ros2_grasping/local/lib/python3.10/dist-packages/ros2_grasping/action/_attacher.py
[0.342s] -- Up-to-date: /home/drail/ros2_ws/install/ros2_grasping/local/lib/python3.10/dist-packages/ros2_grasping/action/_attacher_s.c
[0.342s] -- Up-to-date: /home/drail/ros2_ws/install/ros2_grasping/local/lib/python3.10/dist-packages/ros2_grasping/action/__init__.py
[0.367s] Listing '/home/drail/ros2_ws/install/ros2_grasping/local/lib/python3.10/dist-packages/ros2_grasping'...
[0.367s] Listing '/home/drail/ros2_ws/install/ros2_grasping/local/lib/python3.10/dist-packages/ros2_grasping/action'...
[0.369s] -- Up-to-date: /home/drail/ros2_ws/install/ros2_grasping/local/lib/python3.10/dist-packages/ros2_grasping/ros2_grasping_s__rosidl_typesupport_fastrtps_c.cpython-310-x86_64-linux-gnu.so
[0.370s] -- Up-to-date: /home/drail/ros2_ws/install/ros2_grasping/local/lib/python3.10/dist-packages/ros2_grasping/ros2_grasping_s__rosidl_typesupport_introspection_c.cpython-310-x86_64-linux-gnu.so
[0.370s] -- Up-to-date: /home/drail/ros2_ws/install/ros2_grasping/local/lib/python3.10/dist-packages/ros2_grasping/ros2_grasping_s__rosidl_typesupport_c.cpython-310-x86_64-linux-gnu.so
[0.370s] -- Up-to-date: /home/drail/ros2_ws/install/ros2_grasping/lib/libros2_grasping__rosidl_generator_py.so
[0.370s] -- Up-to-date: /home/drail/ros2_ws/install/ros2_grasping/share/ros2_grasping/action/Attacher.idl
[0.370s] -- Up-to-date: /home/drail/ros2_ws/install/ros2_grasping/share/ros2_grasping/action/Attacher.action
[0.371s] -- Up-to-date: /home/drail/ros2_ws/install/ros2_grasping/lib/ros2_grasping/attacher_action.py
[0.371s] -- Up-to-date: /home/drail/ros2_ws/install/ros2_grasping/lib/ros2_grasping/spawn_object.py
[0.371s] -- Up-to-date: /home/drail/ros2_ws/install/ros2_grasping/share/ament_index/resource_index/package_run_dependencies/ros2_grasping
[0.371s] -- Up-to-date: /home/drail/ros2_ws/install/ros2_grasping/share/ament_index/resource_index/parent_prefix_path/ros2_grasping
[0.371s] -- Up-to-date: /home/drail/ros2_ws/install/ros2_grasping/share/ros2_grasping/environment/ament_prefix_path.sh
[0.371s] -- Up-to-date: /home/drail/ros2_ws/install/ros2_grasping/share/ros2_grasping/environment/ament_prefix_path.dsv
[0.371s] -- Up-to-date: /home/drail/ros2_ws/install/ros2_grasping/share/ros2_grasping/environment/path.sh
[0.371s] -- Up-to-date: /home/drail/ros2_ws/install/ros2_grasping/share/ros2_grasping/environment/path.dsv
[0.371s] -- Up-to-date: /home/drail/ros2_ws/install/ros2_grasping/share/ros2_grasping/local_setup.bash
[0.371s] -- Up-to-date: /home/drail/ros2_ws/install/ros2_grasping/share/ros2_grasping/local_setup.sh
[0.371s] -- Up-to-date: /home/drail/ros2_ws/install/ros2_grasping/share/ros2_grasping/local_setup.zsh
[0.371s] -- Up-to-date: /home/drail/ros2_ws/install/ros2_grasping/share/ros2_grasping/local_setup.dsv
[0.371s] -- Installing: /home/drail/ros2_ws/install/ros2_grasping/share/ros2_grasping/package.dsv
[0.371s] -- Up-to-date: /home/drail/ros2_ws/install/ros2_grasping/share/ament_index/resource_index/packages/ros2_grasping
[0.372s] -- Up-to-date: /home/drail/ros2_ws/install/ros2_grasping/share/ros2_grasping/cmake/export_ros2_grasping__rosidl_generator_cExport.cmake
[0.372s] -- Up-to-date: /home/drail/ros2_ws/install/ros2_grasping/share/ros2_grasping/cmake/export_ros2_grasping__rosidl_generator_cExport-noconfig.cmake
[0.372s] -- Up-to-date: /home/drail/ros2_ws/install/ros2_grasping/share/ros2_grasping/cmake/export_ros2_grasping__rosidl_typesupport_fastrtps_cExport.cmake
[0.372s] -- Up-to-date: /home/drail/ros2_ws/install/ros2_grasping/share/ros2_grasping/cmake/export_ros2_grasping__rosidl_typesupport_fastrtps_cExport-noconfig.cmake
[0.372s] -- Up-to-date: /home/drail/ros2_ws/install/ros2_grasping/share/ros2_grasping/cmake/ros2_grasping__rosidl_typesupport_introspection_cExport.cmake
[0.372s] -- Up-to-date: /home/drail/ros2_ws/install/ros2_grasping/share/ros2_grasping/cmake/ros2_grasping__rosidl_typesupport_introspection_cExport-noconfig.cmake
[0.372s] -- Up-to-date: /home/drail/ros2_ws/install/ros2_grasping/share/ros2_grasping/cmake/ros2_grasping__rosidl_typesupport_cExport.cmake
[0.372s] -- Up-to-date: /home/drail/ros2_ws/install/ros2_grasping/share/ros2_grasping/cmake/ros2_grasping__rosidl_typesupport_cExport-noconfig.cmake
[0.372s] -- Up-to-date: /home/drail/ros2_ws/install/ros2_grasping/share/ros2_grasping/cmake/export_ros2_grasping__rosidl_generator_cppExport.cmake
[0.372s] -- Up-to-date: /home/drail/ros2_ws/install/ros2_grasping/share/ros2_grasping/cmake/export_ros2_grasping__rosidl_typesupport_fastrtps_cppExport.cmake
[0.372s] -- Up-to-date: /home/drail/ros2_ws/install/ros2_grasping/share/ros2_grasping/cmake/export_ros2_grasping__rosidl_typesupport_fastrtps_cppExport-noconfig.cmake
[0.372s] -- Up-to-date: /home/drail/ros2_ws/install/ros2_grasping/share/ros2_grasping/cmake/ros2_grasping__rosidl_typesupport_introspection_cppExport.cmake
[0.372s] -- Up-to-date: /home/drail/ros2_ws/install/ros2_grasping/share/ros2_grasping/cmake/ros2_grasping__rosidl_typesupport_introspection_cppExport-noconfig.cmake
[0.373s] -- Up-to-date: /home/drail/ros2_ws/install/ros2_grasping/share/ros2_grasping/cmake/ros2_grasping__rosidl_typesupport_cppExport.cmake
[0.373s] -- Up-to-date: /home/drail/ros2_ws/install/ros2_grasping/share/ros2_grasping/cmake/ros2_grasping__rosidl_typesupport_cppExport-noconfig.cmake
[0.373s] -- Up-to-date: /home/drail/ros2_ws/install/ros2_grasping/share/ros2_grasping/cmake/export_ros2_grasping__rosidl_generator_pyExport.cmake
[0.373s] -- Up-to-date: /home/drail/ros2_ws/install/ros2_grasping/share/ros2_grasping/cmake/export_ros2_grasping__rosidl_generator_pyExport-noconfig.cmake
[0.373s] -- Up-to-date: /home/drail/ros2_ws/install/ros2_grasping/share/ros2_grasping/cmake/rosidl_cmake-extras.cmake
[0.373s] -- Up-to-date: /home/drail/ros2_ws/install/ros2_grasping/share/ros2_grasping/cmake/ament_cmake_export_dependencies-extras.cmake
[0.373s] -- Up-to-date: /home/drail/ros2_ws/install/ros2_grasping/share/ros2_grasping/cmake/ament_cmake_export_include_directories-extras.cmake
[0.373s] -- Up-to-date: /home/drail/ros2_ws/install/ros2_grasping/share/ros2_grasping/cmake/ament_cmake_export_libraries-extras.cmake
[0.373s] -- Up-to-date: /home/drail/ros2_ws/install/ros2_grasping/share/ros2_grasping/cmake/ament_cmake_export_targets-extras.cmake
[0.373s] -- Up-to-date: /home/drail/ros2_ws/install/ros2_grasping/share/ros2_grasping/cmake/rosidl_cmake_export_typesupport_targets-extras.cmake
[0.373s] -- Up-to-date: /home/drail/ros2_ws/install/ros2_grasping/share/ros2_grasping/cmake/rosidl_cmake_export_typesupport_libraries-extras.cmake
[0.373s] -- Up-to-date: /home/drail/ros2_ws/install/ros2_grasping/share/ros2_grasping/cmake/ros2_graspingConfig.cmake
[0.373s] -- Up-to-date: /home/drail/ros2_ws/install/ros2_grasping/share/ros2_grasping/cmake/ros2_graspingConfig-version.cmake
[0.373s] -- Up-to-date: /home/drail/ros2_ws/install/ros2_grasping/share/ros2_grasping/package.xml
[0.375s] Invoked command in '/home/drail/ros2_ws/build/ros2_grasping' returned '0': CMAKE_PREFIX_PATH=${CMAKE_PREFIX_PATH}:/opt/ros/humble /usr/bin/cmake --install /home/drail/ros2_ws/build/ros2_grasping
