[0.065s] Invoking command in '/home/drail/ros2_ws/build/irb1200_ros2_gazebo': CMAKE_PREFIX_PATH=${CMAKE_PREFIX_PATH}:/opt/ros/humble /usr/bin/cmake /home/drail/ros2_ws/src/ros2_RobotSimulation/ABBRobots/IRB1200/irb1200_ros2_gazebo -DCMAKE_INSTALL_PREFIX=/home/drail/ros2_ws/install/irb1200_ros2_gazebo
[0.116s] -- The C compiler identification is GNU 11.4.0
[0.160s] -- The CXX compiler identification is GNU 11.4.0
[0.166s] -- Detecting C compiler ABI info
[0.224s] -- Detecting C compiler ABI info - done
[0.233s] -- Check for working C compiler: /usr/bin/cc - skipped
[0.234s] -- Detecting C compile features
[0.234s] -- Detecting C compile features - done
[0.237s] -- Detecting CXX compiler ABI info
[0.304s] -- Detecting CXX compiler ABI info - done
[0.312s] -- Check for working CXX compiler: /usr/bin/c++ - skipped
[0.313s] -- Detecting CXX compile features
[0.313s] -- Detecting CXX compile features - done
[0.316s] -- Found ament_cmake: 1.3.12 (/home/drail/ros2_humble/ros2-linux/share/ament_cmake/cmake)
[0.436s] -- Found Python3: /usr/bin/python3 (found version "3.10.12") found components: Interpreter 
[0.510s] -- Found ament_lint_auto: 0.12.14 (/home/drail/ros2_humble/ros2-linux/share/ament_lint_auto/cmake)
[0.569s] -- Added test 'copyright' to check source files copyright and LICENSE
[0.574s] -- Added test 'flake8' to check Python code syntax and style conventions
[0.575s] -- Added test 'lint_cmake' to check CMake code style
[0.575s] -- Added test 'pep257' to check Python code against some of the docstring style conventions in PEP 257
[0.578s] -- Added test 'xmllint' to check XML markup files
[0.579s] -- Configuring done
[0.582s] -- Generating done
[0.587s] -- Build files have been written to: /home/drail/ros2_ws/build/irb1200_ros2_gazebo
[0.597s] Invoked command in '/home/drail/ros2_ws/build/irb1200_ros2_gazebo' returned '0': CMAKE_PREFIX_PATH=${CMAKE_PREFIX_PATH}:/opt/ros/humble /usr/bin/cmake /home/drail/ros2_ws/src/ros2_RobotSimulation/ABBRobots/IRB1200/irb1200_ros2_gazebo -DCMAKE_INSTALL_PREFIX=/home/drail/ros2_ws/install/irb1200_ros2_gazebo
[0.598s] Invoking command in '/home/drail/ros2_ws/build/irb1200_ros2_gazebo': CMAKE_PREFIX_PATH=${CMAKE_PREFIX_PATH}:/opt/ros/humble /usr/bin/cmake --build /home/drail/ros2_ws/build/irb1200_ros2_gazebo -- -j24 -l24
[0.639s] Invoked command in '/home/drail/ros2_ws/build/irb1200_ros2_gazebo' returned '0': CMAKE_PREFIX_PATH=${CMAKE_PREFIX_PATH}:/opt/ros/humble /usr/bin/cmake --build /home/drail/ros2_ws/build/irb1200_ros2_gazebo -- -j24 -l24
[0.640s] Invoking command in '/home/drail/ros2_ws/build/irb1200_ros2_gazebo': CMAKE_PREFIX_PATH=${CMAKE_PREFIX_PATH}:/opt/ros/humble /usr/bin/cmake --install /home/drail/ros2_ws/build/irb1200_ros2_gazebo
[0.649s] -- Install configuration: ""
[0.649s] -- Installing: /home/drail/ros2_ws/install/irb1200_ros2_gazebo/share/irb1200_ros2_gazebo/config
[0.649s] -- Installing: /home/drail/ros2_ws/install/irb1200_ros2_gazebo/share/irb1200_ros2_gazebo/config/irb1200_controller.yaml
[0.649s] -- Installing: /home/drail/ros2_ws/install/irb1200_ros2_gazebo/share/irb1200_ros2_gazebo/launch
[0.649s] -- Installing: /home/drail/ros2_ws/install/irb1200_ros2_gazebo/share/irb1200_ros2_gazebo/launch/irb1200_simulation.launch.py
[0.649s] -- Installing: /home/drail/ros2_ws/install/irb1200_ros2_gazebo/share/irb1200_ros2_gazebo/urdf
[0.649s] -- Installing: /home/drail/ros2_ws/install/irb1200_ros2_gazebo/share/irb1200_ros2_gazebo/urdf/irb1200_ros2control.xacro
[0.649s] -- Installing: /home/drail/ros2_ws/install/irb1200_ros2_gazebo/share/irb1200_ros2_gazebo/urdf/irb1200_macro.urdf.xacro
[0.649s] -- Installing: /home/drail/ros2_ws/install/irb1200_ros2_gazebo/share/irb1200_ros2_gazebo/urdf/irb1200_transmission.xacro
[0.649s] -- Installing: /home/drail/ros2_ws/install/irb1200_ros2_gazebo/share/irb1200_ros2_gazebo/urdf/irb1200.urdf.xacro
[0.649s] -- Installing: /home/drail/ros2_ws/install/irb1200_ros2_gazebo/share/irb1200_ros2_gazebo/urdf/abb_resources
[0.649s] -- Installing: /home/drail/ros2_ws/install/irb1200_ros2_gazebo/share/irb1200_ros2_gazebo/urdf/abb_resources/common_colours.xacro
[0.652s] -- Installing: /home/drail/ros2_ws/install/irb1200_ros2_gazebo/share/irb1200_ros2_gazebo/urdf/abb_resources/common_materials.xacro
[0.652s] -- Installing: /home/drail/ros2_ws/install/irb1200_ros2_gazebo/share/irb1200_ros2_gazebo/worlds
[0.652s] -- Installing: /home/drail/ros2_ws/install/irb1200_ros2_gazebo/share/irb1200_ros2_gazebo/worlds/irb1200.world
[0.652s] -- Installing: /home/drail/ros2_ws/install/irb1200_ros2_gazebo/share/irb1200_ros2_gazebo/meshes
[0.652s] -- Installing: /home/drail/ros2_ws/install/irb1200_ros2_gazebo/share/irb1200_ros2_gazebo/meshes/collision
[0.652s] -- Installing: /home/drail/ros2_ws/install/irb1200_ros2_gazebo/share/irb1200_ros2_gazebo/meshes/collision/link_5.stl
[0.653s] -- Installing: /home/drail/ros2_ws/install/irb1200_ros2_gazebo/share/irb1200_ros2_gazebo/meshes/collision/link_4.stl
[0.653s] -- Installing: /home/drail/ros2_ws/install/irb1200_ros2_gazebo/share/irb1200_ros2_gazebo/meshes/collision/link_2.stl
[0.654s] -- Installing: /home/drail/ros2_ws/install/irb1200_ros2_gazebo/share/irb1200_ros2_gazebo/meshes/collision/link_6.stl
[0.654s] -- Installing: /home/drail/ros2_ws/install/irb1200_ros2_gazebo/share/irb1200_ros2_gazebo/meshes/collision/base_link.stl
[0.654s] -- Installing: /home/drail/ros2_ws/install/irb1200_ros2_gazebo/share/irb1200_ros2_gazebo/meshes/collision/link_1.stl
[0.654s] -- Installing: /home/drail/ros2_ws/install/irb1200_ros2_gazebo/share/irb1200_ros2_gazebo/meshes/collision/link_3.stl
[0.654s] -- Installing: /home/drail/ros2_ws/install/irb1200_ros2_gazebo/share/irb1200_ros2_gazebo/meshes/visual
[0.655s] -- Installing: /home/drail/ros2_ws/install/irb1200_ros2_gazebo/share/irb1200_ros2_gazebo/meshes/visual/link_2.dae
[0.658s] -- Installing: /home/drail/ros2_ws/install/irb1200_ros2_gazebo/share/irb1200_ros2_gazebo/meshes/visual/link_3.dae
[0.658s] -- Installing: /home/drail/ros2_ws/install/irb1200_ros2_gazebo/share/irb1200_ros2_gazebo/meshes/visual/link_6.dae
[0.660s] -- Installing: /home/drail/ros2_ws/install/irb1200_ros2_gazebo/share/irb1200_ros2_gazebo/meshes/visual/link_1.dae
[0.664s] -- Installing: /home/drail/ros2_ws/install/irb1200_ros2_gazebo/share/irb1200_ros2_gazebo/meshes/visual/link_4.dae
[0.667s] -- Installing: /home/drail/ros2_ws/install/irb1200_ros2_gazebo/share/irb1200_ros2_gazebo/meshes/visual/base_link.dae
[0.668s] -- Installing: /home/drail/ros2_ws/install/irb1200_ros2_gazebo/share/irb1200_ros2_gazebo/meshes/visual/link_5.dae
[0.669s] -- Installing: /home/drail/ros2_ws/install/irb1200_ros2_gazebo/share/ament_index/resource_index/package_run_dependencies/irb1200_ros2_gazebo
[0.669s] -- Installing: /home/drail/ros2_ws/install/irb1200_ros2_gazebo/share/ament_index/resource_index/parent_prefix_path/irb1200_ros2_gazebo
[0.669s] -- Installing: /home/drail/ros2_ws/install/irb1200_ros2_gazebo/share/irb1200_ros2_gazebo/environment/ament_prefix_path.sh
[0.669s] -- Installing: /home/drail/ros2_ws/install/irb1200_ros2_gazebo/share/irb1200_ros2_gazebo/environment/ament_prefix_path.dsv
[0.669s] -- Installing: /home/drail/ros2_ws/install/irb1200_ros2_gazebo/share/irb1200_ros2_gazebo/environment/path.sh
[0.670s] -- Installing: /home/drail/ros2_ws/install/irb1200_ros2_gazebo/share/irb1200_ros2_gazebo/environment/path.dsv
[0.670s] -- Installing: /home/drail/ros2_ws/install/irb1200_ros2_gazebo/share/irb1200_ros2_gazebo/local_setup.bash
[0.671s] -- Installing: /home/drail/ros2_ws/install/irb1200_ros2_gazebo/share/irb1200_ros2_gazebo/local_setup.sh
[0.671s] -- Installing: /home/drail/ros2_ws/install/irb1200_ros2_gazebo/share/irb1200_ros2_gazebo/local_setup.zsh
[0.671s] -- Installing: /home/drail/ros2_ws/install/irb1200_ros2_gazebo/share/irb1200_ros2_gazebo/local_setup.dsv
[0.671s] -- Installing: /home/drail/ros2_ws/install/irb1200_ros2_gazebo/share/irb1200_ros2_gazebo/package.dsv
[0.671s] -- Installing: /home/drail/ros2_ws/install/irb1200_ros2_gazebo/share/ament_index/resource_index/packages/irb1200_ros2_gazebo
[0.671s] -- Installing: /home/drail/ros2_ws/install/irb1200_ros2_gazebo/share/irb1200_ros2_gazebo/cmake/irb1200_ros2_gazeboConfig.cmake
[0.672s] -- Installing: /home/drail/ros2_ws/install/irb1200_ros2_gazebo/share/irb1200_ros2_gazebo/cmake/irb1200_ros2_gazeboConfig-version.cmake
[0.672s] -- Installing: /home/drail/ros2_ws/install/irb1200_ros2_gazebo/share/irb1200_ros2_gazebo/package.xml
[0.697s] Invoked command in '/home/drail/ros2_ws/build/irb1200_ros2_gazebo' returned '0': CMAKE_PREFIX_PATH=${CMAKE_PREFIX_PATH}:/opt/ros/humble /usr/bin/cmake --install /home/drail/ros2_ws/build/irb1200_ros2_gazebo
