[0.115s] Invoking command in '/home/drail/changk2/school/ROB545/Grasping-Moving-Objects/ros2_ws/build/conveyorbelt_msgs': CMAKE_PREFIX_PATH=${CMAKE_PREFIX_PATH}:/home/drail/ros2_ws/install/ur5_ros2_moveit2:/home/drail/ros2_ws/install/ur5_ros2_gazebo:/home/drail/ros2_ws/install/ur3_ros2_moveit2:/home/drail/ros2_ws/install/ur3_ros2_gazebo:/home/drail/ros2_ws/install/ur10_ros2_moveit2:/home/drail/ros2_ws/install/ur10_ros2_gazebo:/home/drail/ros2_ws/install/ros2_grasping:/home/drail/ros2_ws/install/ros2_execution:/home/drail/ros2_ws/install/ros2_actions:/home/drail/ros2_ws/install/panda_ros2_moveit2:/home/drail/ros2_ws/install/irb6640_ros2_moveit2:/home/drail/ros2_ws/install/irb120_ros2_moveit2:/home/drail/ros2_ws/install/irb1200_ros2_moveit2:/home/drail/ros2_ws/install/iiwa_ros2_moveit2:/home/drail/ros2_ws/install/cr35ia_ros2_moveit2:/home/drail/ros2_ws/install/ros2_data:/home/drail/ros2_ws/install/panda_ros2_gazebo:/home/drail/ros2_ws/install/irb6640_ros2_gazebo:/home/drail/ros2_ws/install/irb120_ros2_gazebo:/home/drail/ros2_ws/install/irb1200_ros2_gazebo:/home/drail/ros2_ws/install/iiwa_ros2_gazebo:/home/drail/ros2_ws/install/cr35ia_ros2_gazebo:/opt/ros/humble /usr/bin/cmake /home/drail/changk2/school/ROB545/Grasping-Moving-Objects/ros2_ws/src/IFRA_ConveyorBelt/conveyorbelt_msgs -DCMAKE_INSTALL_PREFIX=/home/drail/changk2/school/ROB545/Grasping-Moving-Objects/ros2_ws/install/conveyorbelt_msgs
[0.168s] -- The C compiler identification is GNU 11.4.0
[0.217s] -- The CXX compiler identification is GNU 11.4.0
[0.225s] -- Detecting C compiler ABI info
[0.296s] -- Detecting C compiler ABI info - done
[0.302s] -- Check for working C compiler: /usr/bin/cc - skipped
[0.302s] -- Detecting C compile features
[0.302s] -- Detecting C compile features - done
[0.305s] -- Detecting CXX compiler ABI info
[0.378s] -- Detecting CXX compiler ABI info - done
[0.386s] -- Check for working CXX compiler: /usr/bin/c++ - skipped
[0.386s] -- Detecting CXX compile features
[0.386s] -- Detecting CXX compile features - done
[0.391s] -- Found ament_cmake: 1.3.12 (/home/drail/ros2_humble/ros2-linux/share/ament_cmake/cmake)
[0.517s] -- Found Python3: /usr/bin/python3 (found version "3.10.12") found components: Interpreter 
[0.637s] -- Found ament_lint_auto: 0.12.14 (/home/drail/ros2_humble/ros2-linux/share/ament_lint_auto/cmake)
[0.732s] -- Found rosidl_default_generators: 1.2.0 (/home/drail/ros2_humble/ros2-linux/share/rosidl_default_generators/cmake)
[0.741s] -- Using all available rosidl_typesupport_c: rosidl_typesupport_fastrtps_c;rosidl_typesupport_introspection_c
[0.752s] -- Found rosidl_adapter: 3.1.7 (/home/drail/ros2_humble/ros2-linux/share/rosidl_adapter/cmake)
[0.805s] -- Using all available rosidl_typesupport_cpp: rosidl_typesupport_fastrtps_cpp;rosidl_typesupport_introspection_cpp
[0.995s] -- Found ament_cmake_ros: 0.10.0 (/home/drail/ros2_humble/ros2-linux/share/ament_cmake_ros/cmake)
[1.153s] -- Using all available rosidl_typesupport_c: rosidl_typesupport_fastrtps_c;rosidl_typesupport_introspection_c
[1.343s] -- Using all available rosidl_typesupport_cpp: rosidl_typesupport_fastrtps_cpp;rosidl_typesupport_introspection_cpp
[1.362s] -- Found PythonInterp: /usr/bin/python3 (found suitable version "3.10.12", minimum required is "3.6") 
[1.365s] -- Found python_cmake_module: 0.10.0 (/home/drail/ros2_humble/ros2-linux/share/python_cmake_module/cmake)
[1.391s] -- Found PythonLibs: /usr/lib/x86_64-linux-gnu/libpython3.10.so (found suitable version "3.10.12", minimum required is "3.5") 
[1.391s] -- Using PYTHON_EXECUTABLE: /usr/bin/python3
[1.391s] -- Using PYTHON_INCLUDE_DIRS: /usr/include/python3.10
[1.391s] -- Using PYTHON_LIBRARIES: /usr/lib/x86_64-linux-gnu/libpython3.10.so
[1.413s] -- Found PythonExtra: .so  
[1.461s] -- Added test 'copyright' to check source files copyright and LICENSE
[1.464s] -- Added test 'lint_cmake' to check CMake code style
[1.465s] -- Added test 'xmllint' to check XML markup files
[1.473s] -- Configuring done
[1.498s] -- Generating done
[1.505s] -- Build files have been written to: /home/drail/changk2/school/ROB545/Grasping-Moving-Objects/ros2_ws/build/conveyorbelt_msgs
[1.510s] Invoked command in '/home/drail/changk2/school/ROB545/Grasping-Moving-Objects/ros2_ws/build/conveyorbelt_msgs' returned '0': CMAKE_PREFIX_PATH=${CMAKE_PREFIX_PATH}:/home/drail/ros2_ws/install/ur5_ros2_moveit2:/home/drail/ros2_ws/install/ur5_ros2_gazebo:/home/drail/ros2_ws/install/ur3_ros2_moveit2:/home/drail/ros2_ws/install/ur3_ros2_gazebo:/home/drail/ros2_ws/install/ur10_ros2_moveit2:/home/drail/ros2_ws/install/ur10_ros2_gazebo:/home/drail/ros2_ws/install/ros2_grasping:/home/drail/ros2_ws/install/ros2_execution:/home/drail/ros2_ws/install/ros2_actions:/home/drail/ros2_ws/install/panda_ros2_moveit2:/home/drail/ros2_ws/install/irb6640_ros2_moveit2:/home/drail/ros2_ws/install/irb120_ros2_moveit2:/home/drail/ros2_ws/install/irb1200_ros2_moveit2:/home/drail/ros2_ws/install/iiwa_ros2_moveit2:/home/drail/ros2_ws/install/cr35ia_ros2_moveit2:/home/drail/ros2_ws/install/ros2_data:/home/drail/ros2_ws/install/panda_ros2_gazebo:/home/drail/ros2_ws/install/irb6640_ros2_gazebo:/home/drail/ros2_ws/install/irb120_ros2_gazebo:/home/drail/ros2_ws/install/irb1200_ros2_gazebo:/home/drail/ros2_ws/install/iiwa_ros2_gazebo:/home/drail/ros2_ws/install/cr35ia_ros2_gazebo:/opt/ros/humble /usr/bin/cmake /home/drail/changk2/school/ROB545/Grasping-Moving-Objects/ros2_ws/src/IFRA_ConveyorBelt/conveyorbelt_msgs -DCMAKE_INSTALL_PREFIX=/home/drail/changk2/school/ROB545/Grasping-Moving-Objects/ros2_ws/install/conveyorbelt_msgs
[1.511s] Invoking command in '/home/drail/changk2/school/ROB545/Grasping-Moving-Objects/ros2_ws/build/conveyorbelt_msgs': CMAKE_PREFIX_PATH=${CMAKE_PREFIX_PATH}:/home/drail/ros2_ws/install/ur5_ros2_moveit2:/home/drail/ros2_ws/install/ur5_ros2_gazebo:/home/drail/ros2_ws/install/ur3_ros2_moveit2:/home/drail/ros2_ws/install/ur3_ros2_gazebo:/home/drail/ros2_ws/install/ur10_ros2_moveit2:/home/drail/ros2_ws/install/ur10_ros2_gazebo:/home/drail/ros2_ws/install/ros2_grasping:/home/drail/ros2_ws/install/ros2_execution:/home/drail/ros2_ws/install/ros2_actions:/home/drail/ros2_ws/install/panda_ros2_moveit2:/home/drail/ros2_ws/install/irb6640_ros2_moveit2:/home/drail/ros2_ws/install/irb120_ros2_moveit2:/home/drail/ros2_ws/install/irb1200_ros2_moveit2:/home/drail/ros2_ws/install/iiwa_ros2_moveit2:/home/drail/ros2_ws/install/cr35ia_ros2_moveit2:/home/drail/ros2_ws/install/ros2_data:/home/drail/ros2_ws/install/panda_ros2_gazebo:/home/drail/ros2_ws/install/irb6640_ros2_gazebo:/home/drail/ros2_ws/install/irb120_ros2_gazebo:/home/drail/ros2_ws/install/irb1200_ros2_gazebo:/home/drail/ros2_ws/install/iiwa_ros2_gazebo:/home/drail/ros2_ws/install/cr35ia_ros2_gazebo:/opt/ros/humble /usr/bin/cmake --build /home/drail/changk2/school/ROB545/Grasping-Moving-Objects/ros2_ws/build/conveyorbelt_msgs -- -j24 -l24
[1.558s] [  2%] [34m[1mGenerating C code for ROS interfaces[0m
[1.569s] [  5%] [34m[1mGenerating C++ code for ROS interfaces[0m
[1.574s] [  5%] Built target ament_cmake_python_copy_conveyorbelt_msgs
[1.811s] running egg_info
[1.812s] creating conveyorbelt_msgs.egg-info
[1.812s] writing conveyorbelt_msgs.egg-info/PKG-INFO
[1.812s] writing dependency_links to conveyorbelt_msgs.egg-info/dependency_links.txt
[1.812s] writing top-level names to conveyorbelt_msgs.egg-info/top_level.txt
[1.813s] writing manifest file 'conveyorbelt_msgs.egg-info/SOURCES.txt'
[1.814s] reading manifest file 'conveyorbelt_msgs.egg-info/SOURCES.txt'
[1.815s] writing manifest file 'conveyorbelt_msgs.egg-info/SOURCES.txt'
[1.827s] [  5%] Built target conveyorbelt_msgs__cpp
[1.840s] [  7%] [34m[1mGenerating C++ type support dispatch for ROS interfaces[0m
[1.841s] [ 10%] [34m[1mGenerating C++ type support for eProsima Fast-RTPS[0m
[1.842s] [ 12%] [34m[1mGenerating C++ introspection for ROS interfaces[0m
[1.842s] [ 12%] Built target ament_cmake_python_build_conveyorbelt_msgs_egg
[1.873s] [ 15%] [32mBuilding C object CMakeFiles/conveyorbelt_msgs__rosidl_generator_c.dir/rosidl_generator_c/conveyorbelt_msgs/srv/detail/conveyor_belt_control__functions.c.o[0m
[1.874s] [ 17%] [32mBuilding C object CMakeFiles/conveyorbelt_msgs__rosidl_generator_c.dir/rosidl_generator_c/conveyorbelt_msgs/msg/detail/conveyor_belt_state__functions.c.o[0m
[1.919s] [ 20%] [32m[1mLinking C shared library libconveyorbelt_msgs__rosidl_generator_c.so[0m
[1.951s] [ 20%] Built target conveyorbelt_msgs__rosidl_generator_c
[1.960s] [ 23%] [34m[1mGenerating C type support for eProsima Fast-RTPS[0m
[1.960s] [ 25%] [34m[1mGenerating C type support dispatch for ROS interfaces[0m
[1.961s] [ 28%] [34m[1mGenerating C introspection for ROS interfaces[0m
[2.072s] [ 30%] [32mBuilding CXX object CMakeFiles/conveyorbelt_msgs__rosidl_typesupport_cpp.dir/rosidl_typesupport_cpp/conveyorbelt_msgs/srv/conveyor_belt_control__type_support.cpp.o[0m
[2.072s] [ 33%] [32mBuilding CXX object CMakeFiles/conveyorbelt_msgs__rosidl_typesupport_cpp.dir/rosidl_typesupport_cpp/conveyorbelt_msgs/msg/conveyor_belt_state__type_support.cpp.o[0m
[2.080s] [ 35%] [32mBuilding CXX object CMakeFiles/conveyorbelt_msgs__rosidl_typesupport_introspection_cpp.dir/rosidl_typesupport_introspection_cpp/conveyorbelt_msgs/srv/detail/conveyor_belt_control__type_support.cpp.o[0m
[2.080s] [ 38%] [32mBuilding CXX object CMakeFiles/conveyorbelt_msgs__rosidl_typesupport_introspection_cpp.dir/rosidl_typesupport_introspection_cpp/conveyorbelt_msgs/msg/detail/conveyor_belt_state__type_support.cpp.o[0m
[2.099s] [ 43%] [32mBuilding CXX object CMakeFiles/conveyorbelt_msgs__rosidl_typesupport_fastrtps_cpp.dir/rosidl_typesupport_fastrtps_cpp/conveyorbelt_msgs/msg/detail/dds_fastrtps/conveyor_belt_state__type_support.cpp.o[0m
[2.099s] [ 43%] [32mBuilding CXX object CMakeFiles/conveyorbelt_msgs__rosidl_typesupport_fastrtps_cpp.dir/rosidl_typesupport_fastrtps_cpp/conveyorbelt_msgs/srv/detail/dds_fastrtps/conveyor_belt_control__type_support.cpp.o[0m
[2.177s] [ 46%] [32mBuilding CXX object CMakeFiles/conveyorbelt_msgs__rosidl_typesupport_c.dir/rosidl_typesupport_c/conveyorbelt_msgs/srv/conveyor_belt_control__type_support.cpp.o[0m
[2.179s] [ 48%] [32mBuilding CXX object CMakeFiles/conveyorbelt_msgs__rosidl_typesupport_c.dir/rosidl_typesupport_c/conveyorbelt_msgs/msg/conveyor_belt_state__type_support.cpp.o[0m
[2.198s] [ 53%] [32mBuilding CXX object CMakeFiles/conveyorbelt_msgs__rosidl_typesupport_fastrtps_c.dir/rosidl_typesupport_fastrtps_c/conveyorbelt_msgs/msg/detail/conveyor_belt_state__type_support_c.cpp.o[0m
[2.198s] [ 53%] [32mBuilding CXX object CMakeFiles/conveyorbelt_msgs__rosidl_typesupport_fastrtps_c.dir/rosidl_typesupport_fastrtps_c/conveyorbelt_msgs/srv/detail/conveyor_belt_control__type_support_c.cpp.o[0m
[2.204s] [ 58%] [32mBuilding C object CMakeFiles/conveyorbelt_msgs__rosidl_typesupport_introspection_c.dir/rosidl_typesupport_introspection_c/conveyorbelt_msgs/srv/detail/conveyor_belt_control__type_support.c.o[0m
[2.204s] [ 58%] [32mBuilding C object CMakeFiles/conveyorbelt_msgs__rosidl_typesupport_introspection_c.dir/rosidl_typesupport_introspection_c/conveyorbelt_msgs/msg/detail/conveyor_belt_state__type_support.c.o[0m
[2.207s] [ 61%] [32m[1mLinking CXX shared library libconveyorbelt_msgs__rosidl_typesupport_c.so[0m
[2.235s] [ 64%] [32m[1mLinking C shared library libconveyorbelt_msgs__rosidl_typesupport_introspection_c.so[0m
[2.246s] [ 64%] Built target conveyorbelt_msgs__rosidl_typesupport_c
[2.265s] [ 64%] Built target conveyorbelt_msgs__rosidl_typesupport_introspection_c
[2.267s] [ 66%] [32m[1mLinking CXX shared library libconveyorbelt_msgs__rosidl_typesupport_cpp.so[0m
[2.304s] [ 66%] Built target conveyorbelt_msgs__rosidl_typesupport_cpp
[2.342s] [ 69%] [32m[1mLinking CXX shared library libconveyorbelt_msgs__rosidl_typesupport_introspection_cpp.so[0m
[2.380s] [ 69%] Built target conveyorbelt_msgs__rosidl_typesupport_introspection_cpp
[2.384s] [ 71%] [32m[1mLinking CXX shared library libconveyorbelt_msgs__rosidl_typesupport_fastrtps_cpp.so[0m
[2.433s] [ 74%] [32m[1mLinking CXX shared library libconveyorbelt_msgs__rosidl_typesupport_fastrtps_c.so[0m
[2.441s] [ 74%] Built target conveyorbelt_msgs__rosidl_typesupport_fastrtps_cpp
[2.490s] [ 74%] Built target conveyorbelt_msgs__rosidl_typesupport_fastrtps_c
[2.514s] [ 74%] Built target conveyorbelt_msgs
[2.538s] [ 76%] [34m[1mGenerating Python code for ROS interfaces[0m
[2.870s] [ 76%] Built target conveyorbelt_msgs__py
[2.893s] [ 79%] [32mBuilding C object CMakeFiles/conveyorbelt_msgs__rosidl_generator_py.dir/rosidl_generator_py/conveyorbelt_msgs/msg/_conveyor_belt_state_s.c.o[0m
[2.893s] [ 82%] [32mBuilding C object CMakeFiles/conveyorbelt_msgs__rosidl_generator_py.dir/rosidl_generator_py/conveyorbelt_msgs/srv/_conveyor_belt_control_s.c.o[0m
[2.975s] [ 84%] [32m[1mLinking C shared library rosidl_generator_py/conveyorbelt_msgs/libconveyorbelt_msgs__rosidl_generator_py.so[0m
[3.016s] [ 84%] Built target conveyorbelt_msgs__rosidl_generator_py
[3.037s] [ 87%] [32mBuilding C object CMakeFiles/conveyorbelt_msgs__rosidl_typesupport_introspection_c__pyext.dir/rosidl_generator_py/conveyorbelt_msgs/_conveyorbelt_msgs_s.ep.rosidl_typesupport_introspection_c.c.o[0m
[3.037s] [ 89%] [32mBuilding C object CMakeFiles/conveyorbelt_msgs__rosidl_typesupport_fastrtps_c__pyext.dir/rosidl_generator_py/conveyorbelt_msgs/_conveyorbelt_msgs_s.ep.rosidl_typesupport_fastrtps_c.c.o[0m
[3.038s] [ 92%] [32mBuilding C object CMakeFiles/conveyorbelt_msgs__rosidl_typesupport_c__pyext.dir/rosidl_generator_py/conveyorbelt_msgs/_conveyorbelt_msgs_s.ep.rosidl_typesupport_c.c.o[0m
[3.106s] [ 94%] [32m[1mLinking C shared library rosidl_generator_py/conveyorbelt_msgs/conveyorbelt_msgs_s__rosidl_typesupport_introspection_c.cpython-310-x86_64-linux-gnu.so[0m
[3.106s] [ 97%] [32m[1mLinking C shared library rosidl_generator_py/conveyorbelt_msgs/conveyorbelt_msgs_s__rosidl_typesupport_c.cpython-310-x86_64-linux-gnu.so[0m
[3.114s] [100%] [32m[1mLinking C shared library rosidl_generator_py/conveyorbelt_msgs/conveyorbelt_msgs_s__rosidl_typesupport_fastrtps_c.cpython-310-x86_64-linux-gnu.so[0m
[3.134s] [100%] Built target conveyorbelt_msgs__rosidl_typesupport_c__pyext
[3.139s] [100%] Built target conveyorbelt_msgs__rosidl_typesupport_introspection_c__pyext
[3.149s] [100%] Built target conveyorbelt_msgs__rosidl_typesupport_fastrtps_c__pyext
[3.160s] Invoked command in '/home/drail/changk2/school/ROB545/Grasping-Moving-Objects/ros2_ws/build/conveyorbelt_msgs' returned '0': CMAKE_PREFIX_PATH=${CMAKE_PREFIX_PATH}:/home/drail/ros2_ws/install/ur5_ros2_moveit2:/home/drail/ros2_ws/install/ur5_ros2_gazebo:/home/drail/ros2_ws/install/ur3_ros2_moveit2:/home/drail/ros2_ws/install/ur3_ros2_gazebo:/home/drail/ros2_ws/install/ur10_ros2_moveit2:/home/drail/ros2_ws/install/ur10_ros2_gazebo:/home/drail/ros2_ws/install/ros2_grasping:/home/drail/ros2_ws/install/ros2_execution:/home/drail/ros2_ws/install/ros2_actions:/home/drail/ros2_ws/install/panda_ros2_moveit2:/home/drail/ros2_ws/install/irb6640_ros2_moveit2:/home/drail/ros2_ws/install/irb120_ros2_moveit2:/home/drail/ros2_ws/install/irb1200_ros2_moveit2:/home/drail/ros2_ws/install/iiwa_ros2_moveit2:/home/drail/ros2_ws/install/cr35ia_ros2_moveit2:/home/drail/ros2_ws/install/ros2_data:/home/drail/ros2_ws/install/panda_ros2_gazebo:/home/drail/ros2_ws/install/irb6640_ros2_gazebo:/home/drail/ros2_ws/install/irb120_ros2_gazebo:/home/drail/ros2_ws/install/irb1200_ros2_gazebo:/home/drail/ros2_ws/install/iiwa_ros2_gazebo:/home/drail/ros2_ws/install/cr35ia_ros2_gazebo:/opt/ros/humble /usr/bin/cmake --build /home/drail/changk2/school/ROB545/Grasping-Moving-Objects/ros2_ws/build/conveyorbelt_msgs -- -j24 -l24
[3.162s] Invoking command in '/home/drail/changk2/school/ROB545/Grasping-Moving-Objects/ros2_ws/build/conveyorbelt_msgs': CMAKE_PREFIX_PATH=${CMAKE_PREFIX_PATH}:/home/drail/ros2_ws/install/ur5_ros2_moveit2:/home/drail/ros2_ws/install/ur5_ros2_gazebo:/home/drail/ros2_ws/install/ur3_ros2_moveit2:/home/drail/ros2_ws/install/ur3_ros2_gazebo:/home/drail/ros2_ws/install/ur10_ros2_moveit2:/home/drail/ros2_ws/install/ur10_ros2_gazebo:/home/drail/ros2_ws/install/ros2_grasping:/home/drail/ros2_ws/install/ros2_execution:/home/drail/ros2_ws/install/ros2_actions:/home/drail/ros2_ws/install/panda_ros2_moveit2:/home/drail/ros2_ws/install/irb6640_ros2_moveit2:/home/drail/ros2_ws/install/irb120_ros2_moveit2:/home/drail/ros2_ws/install/irb1200_ros2_moveit2:/home/drail/ros2_ws/install/iiwa_ros2_moveit2:/home/drail/ros2_ws/install/cr35ia_ros2_moveit2:/home/drail/ros2_ws/install/ros2_data:/home/drail/ros2_ws/install/panda_ros2_gazebo:/home/drail/ros2_ws/install/irb6640_ros2_gazebo:/home/drail/ros2_ws/install/irb120_ros2_gazebo:/home/drail/ros2_ws/install/irb1200_ros2_gazebo:/home/drail/ros2_ws/install/iiwa_ros2_gazebo:/home/drail/ros2_ws/install/cr35ia_ros2_gazebo:/opt/ros/humble /usr/bin/cmake --install /home/drail/changk2/school/ROB545/Grasping-Moving-Objects/ros2_ws/build/conveyorbelt_msgs
[3.171s] -- Install configuration: ""
[3.171s] -- Installing: /home/drail/changk2/school/ROB545/Grasping-Moving-Objects/ros2_ws/install/conveyorbelt_msgs/share/conveyorbelt_msgs/msg
[3.171s] -- Installing: /home/drail/changk2/school/ROB545/Grasping-Moving-Objects/ros2_ws/install/conveyorbelt_msgs/share/conveyorbelt_msgs/msg/ConveyorBeltState.msg
[3.172s] -- Installing: /home/drail/changk2/school/ROB545/Grasping-Moving-Objects/ros2_ws/install/conveyorbelt_msgs/share/conveyorbelt_msgs/srv
[3.172s] -- Installing: /home/drail/changk2/school/ROB545/Grasping-Moving-Objects/ros2_ws/install/conveyorbelt_msgs/share/conveyorbelt_msgs/srv/ConveyorBeltControl.srv
[3.172s] -- Installing: /home/drail/changk2/school/ROB545/Grasping-Moving-Objects/ros2_ws/install/conveyorbelt_msgs/share/ament_index/resource_index/rosidl_interfaces/conveyorbelt_msgs
[3.172s] -- Installing: /home/drail/changk2/school/ROB545/Grasping-Moving-Objects/ros2_ws/install/conveyorbelt_msgs/include/conveyorbelt_msgs/conveyorbelt_msgs
[3.172s] -- Installing: /home/drail/changk2/school/ROB545/Grasping-Moving-Objects/ros2_ws/install/conveyorbelt_msgs/include/conveyorbelt_msgs/conveyorbelt_msgs/srv
[3.172s] -- Installing: /home/drail/changk2/school/ROB545/Grasping-Moving-Objects/ros2_ws/install/conveyorbelt_msgs/include/conveyorbelt_msgs/conveyorbelt_msgs/srv/conveyor_belt_control.h
[3.172s] -- Installing: /home/drail/changk2/school/ROB545/Grasping-Moving-Objects/ros2_ws/install/conveyorbelt_msgs/include/conveyorbelt_msgs/conveyorbelt_msgs/srv/detail
[3.172s] -- Installing: /home/drail/changk2/school/ROB545/Grasping-Moving-Objects/ros2_ws/install/conveyorbelt_msgs/include/conveyorbelt_msgs/conveyorbelt_msgs/srv/detail/conveyor_belt_control__functions.h
[3.172s] -- Installing: /home/drail/changk2/school/ROB545/Grasping-Moving-Objects/ros2_ws/install/conveyorbelt_msgs/include/conveyorbelt_msgs/conveyorbelt_msgs/srv/detail/conveyor_belt_control__struct.h
[3.173s] -- Installing: /home/drail/changk2/school/ROB545/Grasping-Moving-Objects/ros2_ws/install/conveyorbelt_msgs/include/conveyorbelt_msgs/conveyorbelt_msgs/srv/detail/conveyor_belt_control__type_support.h
[3.173s] -- Installing: /home/drail/changk2/school/ROB545/Grasping-Moving-Objects/ros2_ws/install/conveyorbelt_msgs/include/conveyorbelt_msgs/conveyorbelt_msgs/srv/detail/conveyor_belt_control__functions.c
[3.173s] -- Installing: /home/drail/changk2/school/ROB545/Grasping-Moving-Objects/ros2_ws/install/conveyorbelt_msgs/include/conveyorbelt_msgs/conveyorbelt_msgs/msg
[3.173s] -- Installing: /home/drail/changk2/school/ROB545/Grasping-Moving-Objects/ros2_ws/install/conveyorbelt_msgs/include/conveyorbelt_msgs/conveyorbelt_msgs/msg/detail
[3.173s] -- Installing: /home/drail/changk2/school/ROB545/Grasping-Moving-Objects/ros2_ws/install/conveyorbelt_msgs/include/conveyorbelt_msgs/conveyorbelt_msgs/msg/detail/conveyor_belt_state__functions.h
[3.173s] -- Installing: /home/drail/changk2/school/ROB545/Grasping-Moving-Objects/ros2_ws/install/conveyorbelt_msgs/include/conveyorbelt_msgs/conveyorbelt_msgs/msg/detail/conveyor_belt_state__functions.c
[3.173s] -- Installing: /home/drail/changk2/school/ROB545/Grasping-Moving-Objects/ros2_ws/install/conveyorbelt_msgs/include/conveyorbelt_msgs/conveyorbelt_msgs/msg/detail/conveyor_belt_state__type_support.h
[3.173s] -- Installing: /home/drail/changk2/school/ROB545/Grasping-Moving-Objects/ros2_ws/install/conveyorbelt_msgs/include/conveyorbelt_msgs/conveyorbelt_msgs/msg/detail/conveyor_belt_state__struct.h
[3.173s] -- Installing: /home/drail/changk2/school/ROB545/Grasping-Moving-Objects/ros2_ws/install/conveyorbelt_msgs/include/conveyorbelt_msgs/conveyorbelt_msgs/msg/rosidl_generator_c__visibility_control.h
[3.173s] -- Installing: /home/drail/changk2/school/ROB545/Grasping-Moving-Objects/ros2_ws/install/conveyorbelt_msgs/include/conveyorbelt_msgs/conveyorbelt_msgs/msg/conveyor_belt_state.h
[3.173s] -- Installing: /home/drail/changk2/school/ROB545/Grasping-Moving-Objects/ros2_ws/install/conveyorbelt_msgs/share/conveyorbelt_msgs/environment/library_path.sh
[3.174s] -- Installing: /home/drail/changk2/school/ROB545/Grasping-Moving-Objects/ros2_ws/install/conveyorbelt_msgs/share/conveyorbelt_msgs/environment/library_path.dsv
[3.174s] -- Installing: /home/drail/changk2/school/ROB545/Grasping-Moving-Objects/ros2_ws/install/conveyorbelt_msgs/lib/libconveyorbelt_msgs__rosidl_generator_c.so
[3.174s] -- Set runtime path of "/home/drail/changk2/school/ROB545/Grasping-Moving-Objects/ros2_ws/install/conveyorbelt_msgs/lib/libconveyorbelt_msgs__rosidl_generator_c.so" to ""
[3.174s] -- Up-to-date: /home/drail/changk2/school/ROB545/Grasping-Moving-Objects/ros2_ws/install/conveyorbelt_msgs/include/conveyorbelt_msgs/conveyorbelt_msgs
[3.174s] -- Up-to-date: /home/drail/changk2/school/ROB545/Grasping-Moving-Objects/ros2_ws/install/conveyorbelt_msgs/include/conveyorbelt_msgs/conveyorbelt_msgs/srv
[3.174s] -- Up-to-date: /home/drail/changk2/school/ROB545/Grasping-Moving-Objects/ros2_ws/install/conveyorbelt_msgs/include/conveyorbelt_msgs/conveyorbelt_msgs/srv/detail
[3.174s] -- Installing: /home/drail/changk2/school/ROB545/Grasping-Moving-Objects/ros2_ws/install/conveyorbelt_msgs/include/conveyorbelt_msgs/conveyorbelt_msgs/srv/detail/conveyor_belt_control__rosidl_typesupport_fastrtps_c.h
[3.174s] -- Up-to-date: /home/drail/changk2/school/ROB545/Grasping-Moving-Objects/ros2_ws/install/conveyorbelt_msgs/include/conveyorbelt_msgs/conveyorbelt_msgs/msg
[3.175s] -- Up-to-date: /home/drail/changk2/school/ROB545/Grasping-Moving-Objects/ros2_ws/install/conveyorbelt_msgs/include/conveyorbelt_msgs/conveyorbelt_msgs/msg/detail
[3.175s] -- Installing: /home/drail/changk2/school/ROB545/Grasping-Moving-Objects/ros2_ws/install/conveyorbelt_msgs/include/conveyorbelt_msgs/conveyorbelt_msgs/msg/detail/conveyor_belt_state__rosidl_typesupport_fastrtps_c.h
[3.175s] -- Installing: /home/drail/changk2/school/ROB545/Grasping-Moving-Objects/ros2_ws/install/conveyorbelt_msgs/include/conveyorbelt_msgs/conveyorbelt_msgs/msg/rosidl_typesupport_fastrtps_c__visibility_control.h
[3.175s] -- Installing: /home/drail/changk2/school/ROB545/Grasping-Moving-Objects/ros2_ws/install/conveyorbelt_msgs/lib/libconveyorbelt_msgs__rosidl_typesupport_fastrtps_c.so
[3.175s] -- Set runtime path of "/home/drail/changk2/school/ROB545/Grasping-Moving-Objects/ros2_ws/install/conveyorbelt_msgs/lib/libconveyorbelt_msgs__rosidl_typesupport_fastrtps_c.so" to ""
[3.175s] -- Up-to-date: /home/drail/changk2/school/ROB545/Grasping-Moving-Objects/ros2_ws/install/conveyorbelt_msgs/include/conveyorbelt_msgs/conveyorbelt_msgs
[3.175s] -- Up-to-date: /home/drail/changk2/school/ROB545/Grasping-Moving-Objects/ros2_ws/install/conveyorbelt_msgs/include/conveyorbelt_msgs/conveyorbelt_msgs/srv
[3.175s] -- Up-to-date: /home/drail/changk2/school/ROB545/Grasping-Moving-Objects/ros2_ws/install/conveyorbelt_msgs/include/conveyorbelt_msgs/conveyorbelt_msgs/srv/detail
[3.175s] -- Installing: /home/drail/changk2/school/ROB545/Grasping-Moving-Objects/ros2_ws/install/conveyorbelt_msgs/include/conveyorbelt_msgs/conveyorbelt_msgs/srv/detail/conveyor_belt_control__type_support.c
[3.175s] -- Installing: /home/drail/changk2/school/ROB545/Grasping-Moving-Objects/ros2_ws/install/conveyorbelt_msgs/include/conveyorbelt_msgs/conveyorbelt_msgs/srv/detail/conveyor_belt_control__rosidl_typesupport_introspection_c.h
[3.175s] -- Up-to-date: /home/drail/changk2/school/ROB545/Grasping-Moving-Objects/ros2_ws/install/conveyorbelt_msgs/include/conveyorbelt_msgs/conveyorbelt_msgs/msg
[3.176s] -- Installing: /home/drail/changk2/school/ROB545/Grasping-Moving-Objects/ros2_ws/install/conveyorbelt_msgs/include/conveyorbelt_msgs/conveyorbelt_msgs/msg/rosidl_typesupport_introspection_c__visibility_control.h
[3.176s] -- Up-to-date: /home/drail/changk2/school/ROB545/Grasping-Moving-Objects/ros2_ws/install/conveyorbelt_msgs/include/conveyorbelt_msgs/conveyorbelt_msgs/msg/detail
[3.176s] -- Installing: /home/drail/changk2/school/ROB545/Grasping-Moving-Objects/ros2_ws/install/conveyorbelt_msgs/include/conveyorbelt_msgs/conveyorbelt_msgs/msg/detail/conveyor_belt_state__type_support.c
[3.176s] -- Installing: /home/drail/changk2/school/ROB545/Grasping-Moving-Objects/ros2_ws/install/conveyorbelt_msgs/include/conveyorbelt_msgs/conveyorbelt_msgs/msg/detail/conveyor_belt_state__rosidl_typesupport_introspection_c.h
[3.176s] -- Installing: /home/drail/changk2/school/ROB545/Grasping-Moving-Objects/ros2_ws/install/conveyorbelt_msgs/lib/libconveyorbelt_msgs__rosidl_typesupport_introspection_c.so
[3.176s] -- Set runtime path of "/home/drail/changk2/school/ROB545/Grasping-Moving-Objects/ros2_ws/install/conveyorbelt_msgs/lib/libconveyorbelt_msgs__rosidl_typesupport_introspection_c.so" to ""
[3.176s] -- Installing: /home/drail/changk2/school/ROB545/Grasping-Moving-Objects/ros2_ws/install/conveyorbelt_msgs/lib/libconveyorbelt_msgs__rosidl_typesupport_c.so
[3.176s] -- Set runtime path of "/home/drail/changk2/school/ROB545/Grasping-Moving-Objects/ros2_ws/install/conveyorbelt_msgs/lib/libconveyorbelt_msgs__rosidl_typesupport_c.so" to ""
[3.176s] -- Up-to-date: /home/drail/changk2/school/ROB545/Grasping-Moving-Objects/ros2_ws/install/conveyorbelt_msgs/include/conveyorbelt_msgs/conveyorbelt_msgs
[3.176s] -- Up-to-date: /home/drail/changk2/school/ROB545/Grasping-Moving-Objects/ros2_ws/install/conveyorbelt_msgs/include/conveyorbelt_msgs/conveyorbelt_msgs/srv
[3.176s] -- Up-to-date: /home/drail/changk2/school/ROB545/Grasping-Moving-Objects/ros2_ws/install/conveyorbelt_msgs/include/conveyorbelt_msgs/conveyorbelt_msgs/srv/detail
[3.177s] -- Installing: /home/drail/changk2/school/ROB545/Grasping-Moving-Objects/ros2_ws/install/conveyorbelt_msgs/include/conveyorbelt_msgs/conveyorbelt_msgs/srv/detail/conveyor_belt_control__traits.hpp
[3.177s] -- Installing: /home/drail/changk2/school/ROB545/Grasping-Moving-Objects/ros2_ws/install/conveyorbelt_msgs/include/conveyorbelt_msgs/conveyorbelt_msgs/srv/detail/conveyor_belt_control__type_support.hpp
[3.177s] -- Installing: /home/drail/changk2/school/ROB545/Grasping-Moving-Objects/ros2_ws/install/conveyorbelt_msgs/include/conveyorbelt_msgs/conveyorbelt_msgs/srv/detail/conveyor_belt_control__struct.hpp
[3.177s] -- Installing: /home/drail/changk2/school/ROB545/Grasping-Moving-Objects/ros2_ws/install/conveyorbelt_msgs/include/conveyorbelt_msgs/conveyorbelt_msgs/srv/detail/conveyor_belt_control__builder.hpp
[3.177s] -- Installing: /home/drail/changk2/school/ROB545/Grasping-Moving-Objects/ros2_ws/install/conveyorbelt_msgs/include/conveyorbelt_msgs/conveyorbelt_msgs/srv/conveyor_belt_control.hpp
[3.177s] -- Up-to-date: /home/drail/changk2/school/ROB545/Grasping-Moving-Objects/ros2_ws/install/conveyorbelt_msgs/include/conveyorbelt_msgs/conveyorbelt_msgs/msg
[3.177s] -- Up-to-date: /home/drail/changk2/school/ROB545/Grasping-Moving-Objects/ros2_ws/install/conveyorbelt_msgs/include/conveyorbelt_msgs/conveyorbelt_msgs/msg/detail
[3.177s] -- Installing: /home/drail/changk2/school/ROB545/Grasping-Moving-Objects/ros2_ws/install/conveyorbelt_msgs/include/conveyorbelt_msgs/conveyorbelt_msgs/msg/detail/conveyor_belt_state__builder.hpp
[3.177s] -- Installing: /home/drail/changk2/school/ROB545/Grasping-Moving-Objects/ros2_ws/install/conveyorbelt_msgs/include/conveyorbelt_msgs/conveyorbelt_msgs/msg/detail/conveyor_belt_state__traits.hpp
[3.177s] -- Installing: /home/drail/changk2/school/ROB545/Grasping-Moving-Objects/ros2_ws/install/conveyorbelt_msgs/include/conveyorbelt_msgs/conveyorbelt_msgs/msg/detail/conveyor_belt_state__type_support.hpp
[3.177s] -- Installing: /home/drail/changk2/school/ROB545/Grasping-Moving-Objects/ros2_ws/install/conveyorbelt_msgs/include/conveyorbelt_msgs/conveyorbelt_msgs/msg/detail/conveyor_belt_state__struct.hpp
[3.178s] -- Installing: /home/drail/changk2/school/ROB545/Grasping-Moving-Objects/ros2_ws/install/conveyorbelt_msgs/include/conveyorbelt_msgs/conveyorbelt_msgs/msg/conveyor_belt_state.hpp
[3.178s] -- Installing: /home/drail/changk2/school/ROB545/Grasping-Moving-Objects/ros2_ws/install/conveyorbelt_msgs/include/conveyorbelt_msgs/conveyorbelt_msgs/msg/rosidl_generator_cpp__visibility_control.hpp
[3.178s] -- Up-to-date: /home/drail/changk2/school/ROB545/Grasping-Moving-Objects/ros2_ws/install/conveyorbelt_msgs/include/conveyorbelt_msgs/conveyorbelt_msgs
[3.178s] -- Up-to-date: /home/drail/changk2/school/ROB545/Grasping-Moving-Objects/ros2_ws/install/conveyorbelt_msgs/include/conveyorbelt_msgs/conveyorbelt_msgs/srv
[3.178s] -- Up-to-date: /home/drail/changk2/school/ROB545/Grasping-Moving-Objects/ros2_ws/install/conveyorbelt_msgs/include/conveyorbelt_msgs/conveyorbelt_msgs/srv/detail
[3.178s] -- Installing: /home/drail/changk2/school/ROB545/Grasping-Moving-Objects/ros2_ws/install/conveyorbelt_msgs/include/conveyorbelt_msgs/conveyorbelt_msgs/srv/detail/conveyor_belt_control__rosidl_typesupport_fastrtps_cpp.hpp
[3.178s] -- Installing: /home/drail/changk2/school/ROB545/Grasping-Moving-Objects/ros2_ws/install/conveyorbelt_msgs/include/conveyorbelt_msgs/conveyorbelt_msgs/srv/detail/dds_fastrtps
[3.178s] -- Up-to-date: /home/drail/changk2/school/ROB545/Grasping-Moving-Objects/ros2_ws/install/conveyorbelt_msgs/include/conveyorbelt_msgs/conveyorbelt_msgs/msg
[3.178s] -- Installing: /home/drail/changk2/school/ROB545/Grasping-Moving-Objects/ros2_ws/install/conveyorbelt_msgs/include/conveyorbelt_msgs/conveyorbelt_msgs/msg/rosidl_typesupport_fastrtps_cpp__visibility_control.h
[3.178s] -- Up-to-date: /home/drail/changk2/school/ROB545/Grasping-Moving-Objects/ros2_ws/install/conveyorbelt_msgs/include/conveyorbelt_msgs/conveyorbelt_msgs/msg/detail
[3.178s] -- Installing: /home/drail/changk2/school/ROB545/Grasping-Moving-Objects/ros2_ws/install/conveyorbelt_msgs/include/conveyorbelt_msgs/conveyorbelt_msgs/msg/detail/conveyor_belt_state__rosidl_typesupport_fastrtps_cpp.hpp
[3.178s] -- Installing: /home/drail/changk2/school/ROB545/Grasping-Moving-Objects/ros2_ws/install/conveyorbelt_msgs/include/conveyorbelt_msgs/conveyorbelt_msgs/msg/detail/dds_fastrtps
[3.179s] -- Installing: /home/drail/changk2/school/ROB545/Grasping-Moving-Objects/ros2_ws/install/conveyorbelt_msgs/lib/libconveyorbelt_msgs__rosidl_typesupport_fastrtps_cpp.so
[3.179s] -- Set runtime path of "/home/drail/changk2/school/ROB545/Grasping-Moving-Objects/ros2_ws/install/conveyorbelt_msgs/lib/libconveyorbelt_msgs__rosidl_typesupport_fastrtps_cpp.so" to ""
[3.179s] -- Up-to-date: /home/drail/changk2/school/ROB545/Grasping-Moving-Objects/ros2_ws/install/conveyorbelt_msgs/include/conveyorbelt_msgs/conveyorbelt_msgs
[3.179s] -- Up-to-date: /home/drail/changk2/school/ROB545/Grasping-Moving-Objects/ros2_ws/install/conveyorbelt_msgs/include/conveyorbelt_msgs/conveyorbelt_msgs/srv
[3.179s] -- Up-to-date: /home/drail/changk2/school/ROB545/Grasping-Moving-Objects/ros2_ws/install/conveyorbelt_msgs/include/conveyorbelt_msgs/conveyorbelt_msgs/srv/detail
[3.179s] -- Installing: /home/drail/changk2/school/ROB545/Grasping-Moving-Objects/ros2_ws/install/conveyorbelt_msgs/include/conveyorbelt_msgs/conveyorbelt_msgs/srv/detail/conveyor_belt_control__rosidl_typesupport_introspection_cpp.hpp
[3.179s] -- Installing: /home/drail/changk2/school/ROB545/Grasping-Moving-Objects/ros2_ws/install/conveyorbelt_msgs/include/conveyorbelt_msgs/conveyorbelt_msgs/srv/detail/conveyor_belt_control__type_support.cpp
[3.179s] -- Up-to-date: /home/drail/changk2/school/ROB545/Grasping-Moving-Objects/ros2_ws/install/conveyorbelt_msgs/include/conveyorbelt_msgs/conveyorbelt_msgs/msg
[3.179s] -- Up-to-date: /home/drail/changk2/school/ROB545/Grasping-Moving-Objects/ros2_ws/install/conveyorbelt_msgs/include/conveyorbelt_msgs/conveyorbelt_msgs/msg/detail
[3.179s] -- Installing: /home/drail/changk2/school/ROB545/Grasping-Moving-Objects/ros2_ws/install/conveyorbelt_msgs/include/conveyorbelt_msgs/conveyorbelt_msgs/msg/detail/conveyor_belt_state__type_support.cpp
[3.179s] -- Installing: /home/drail/changk2/school/ROB545/Grasping-Moving-Objects/ros2_ws/install/conveyorbelt_msgs/include/conveyorbelt_msgs/conveyorbelt_msgs/msg/detail/conveyor_belt_state__rosidl_typesupport_introspection_cpp.hpp
[3.179s] -- Installing: /home/drail/changk2/school/ROB545/Grasping-Moving-Objects/ros2_ws/install/conveyorbelt_msgs/lib/libconveyorbelt_msgs__rosidl_typesupport_introspection_cpp.so
[3.180s] -- Set runtime path of "/home/drail/changk2/school/ROB545/Grasping-Moving-Objects/ros2_ws/install/conveyorbelt_msgs/lib/libconveyorbelt_msgs__rosidl_typesupport_introspection_cpp.so" to ""
[3.180s] -- Installing: /home/drail/changk2/school/ROB545/Grasping-Moving-Objects/ros2_ws/install/conveyorbelt_msgs/lib/libconveyorbelt_msgs__rosidl_typesupport_cpp.so
[3.180s] -- Set runtime path of "/home/drail/changk2/school/ROB545/Grasping-Moving-Objects/ros2_ws/install/conveyorbelt_msgs/lib/libconveyorbelt_msgs__rosidl_typesupport_cpp.so" to ""
[3.180s] -- Installing: /home/drail/changk2/school/ROB545/Grasping-Moving-Objects/ros2_ws/install/conveyorbelt_msgs/share/conveyorbelt_msgs/environment/pythonpath.sh
[3.180s] -- Installing: /home/drail/changk2/school/ROB545/Grasping-Moving-Objects/ros2_ws/install/conveyorbelt_msgs/share/conveyorbelt_msgs/environment/pythonpath.dsv
[3.180s] -- Installing: /home/drail/changk2/school/ROB545/Grasping-Moving-Objects/ros2_ws/install/conveyorbelt_msgs/local/lib/python3.10/dist-packages/conveyorbelt_msgs-0.0.0-py3.10.egg-info
[3.180s] -- Installing: /home/drail/changk2/school/ROB545/Grasping-Moving-Objects/ros2_ws/install/conveyorbelt_msgs/local/lib/python3.10/dist-packages/conveyorbelt_msgs-0.0.0-py3.10.egg-info/top_level.txt
[3.180s] -- Installing: /home/drail/changk2/school/ROB545/Grasping-Moving-Objects/ros2_ws/install/conveyorbelt_msgs/local/lib/python3.10/dist-packages/conveyorbelt_msgs-0.0.0-py3.10.egg-info/PKG-INFO
[3.180s] -- Installing: /home/drail/changk2/school/ROB545/Grasping-Moving-Objects/ros2_ws/install/conveyorbelt_msgs/local/lib/python3.10/dist-packages/conveyorbelt_msgs-0.0.0-py3.10.egg-info/SOURCES.txt
[3.180s] -- Installing: /home/drail/changk2/school/ROB545/Grasping-Moving-Objects/ros2_ws/install/conveyorbelt_msgs/local/lib/python3.10/dist-packages/conveyorbelt_msgs-0.0.0-py3.10.egg-info/dependency_links.txt
[3.180s] -- Installing: /home/drail/changk2/school/ROB545/Grasping-Moving-Objects/ros2_ws/install/conveyorbelt_msgs/local/lib/python3.10/dist-packages/conveyorbelt_msgs
[3.181s] -- Installing: /home/drail/changk2/school/ROB545/Grasping-Moving-Objects/ros2_ws/install/conveyorbelt_msgs/local/lib/python3.10/dist-packages/conveyorbelt_msgs/_conveyorbelt_msgs_s.ep.rosidl_typesupport_fastrtps_c.c
[3.181s] -- Installing: /home/drail/changk2/school/ROB545/Grasping-Moving-Objects/ros2_ws/install/conveyorbelt_msgs/local/lib/python3.10/dist-packages/conveyorbelt_msgs/conveyorbelt_msgs_s__rosidl_typesupport_c.cpython-310-x86_64-linux-gnu.so
[3.181s] -- Installing: /home/drail/changk2/school/ROB545/Grasping-Moving-Objects/ros2_ws/install/conveyorbelt_msgs/local/lib/python3.10/dist-packages/conveyorbelt_msgs/conveyorbelt_msgs_s__rosidl_typesupport_fastrtps_c.cpython-310-x86_64-linux-gnu.so
[3.181s] -- Installing: /home/drail/changk2/school/ROB545/Grasping-Moving-Objects/ros2_ws/install/conveyorbelt_msgs/local/lib/python3.10/dist-packages/conveyorbelt_msgs/_conveyorbelt_msgs_s.ep.rosidl_typesupport_introspection_c.c
[3.181s] -- Installing: /home/drail/changk2/school/ROB545/Grasping-Moving-Objects/ros2_ws/install/conveyorbelt_msgs/local/lib/python3.10/dist-packages/conveyorbelt_msgs/_conveyorbelt_msgs_s.ep.rosidl_typesupport_c.c
[3.181s] -- Installing: /home/drail/changk2/school/ROB545/Grasping-Moving-Objects/ros2_ws/install/conveyorbelt_msgs/local/lib/python3.10/dist-packages/conveyorbelt_msgs/srv
[3.181s] -- Installing: /home/drail/changk2/school/ROB545/Grasping-Moving-Objects/ros2_ws/install/conveyorbelt_msgs/local/lib/python3.10/dist-packages/conveyorbelt_msgs/srv/_conveyor_belt_control_s.c
[3.181s] -- Installing: /home/drail/changk2/school/ROB545/Grasping-Moving-Objects/ros2_ws/install/conveyorbelt_msgs/local/lib/python3.10/dist-packages/conveyorbelt_msgs/srv/_conveyor_belt_control.py
[3.181s] -- Installing: /home/drail/changk2/school/ROB545/Grasping-Moving-Objects/ros2_ws/install/conveyorbelt_msgs/local/lib/python3.10/dist-packages/conveyorbelt_msgs/srv/__init__.py
[3.181s] -- Installing: /home/drail/changk2/school/ROB545/Grasping-Moving-Objects/ros2_ws/install/conveyorbelt_msgs/local/lib/python3.10/dist-packages/conveyorbelt_msgs/__init__.py
[3.182s] -- Installing: /home/drail/changk2/school/ROB545/Grasping-Moving-Objects/ros2_ws/install/conveyorbelt_msgs/local/lib/python3.10/dist-packages/conveyorbelt_msgs/libconveyorbelt_msgs__rosidl_generator_py.so
[3.182s] -- Installing: /home/drail/changk2/school/ROB545/Grasping-Moving-Objects/ros2_ws/install/conveyorbelt_msgs/local/lib/python3.10/dist-packages/conveyorbelt_msgs/conveyorbelt_msgs_s__rosidl_typesupport_introspection_c.cpython-310-x86_64-linux-gnu.so
[3.182s] -- Installing: /home/drail/changk2/school/ROB545/Grasping-Moving-Objects/ros2_ws/install/conveyorbelt_msgs/local/lib/python3.10/dist-packages/conveyorbelt_msgs/msg
[3.182s] -- Installing: /home/drail/changk2/school/ROB545/Grasping-Moving-Objects/ros2_ws/install/conveyorbelt_msgs/local/lib/python3.10/dist-packages/conveyorbelt_msgs/msg/_conveyor_belt_state.py
[3.182s] -- Installing: /home/drail/changk2/school/ROB545/Grasping-Moving-Objects/ros2_ws/install/conveyorbelt_msgs/local/lib/python3.10/dist-packages/conveyorbelt_msgs/msg/__init__.py
[3.182s] -- Installing: /home/drail/changk2/school/ROB545/Grasping-Moving-Objects/ros2_ws/install/conveyorbelt_msgs/local/lib/python3.10/dist-packages/conveyorbelt_msgs/msg/_conveyor_belt_state_s.c
[3.214s] Listing '/home/drail/changk2/school/ROB545/Grasping-Moving-Objects/ros2_ws/install/conveyorbelt_msgs/local/lib/python3.10/dist-packages/conveyorbelt_msgs'...
[3.214s] Compiling '/home/drail/changk2/school/ROB545/Grasping-Moving-Objects/ros2_ws/install/conveyorbelt_msgs/local/lib/python3.10/dist-packages/conveyorbelt_msgs/__init__.py'...
[3.214s] Listing '/home/drail/changk2/school/ROB545/Grasping-Moving-Objects/ros2_ws/install/conveyorbelt_msgs/local/lib/python3.10/dist-packages/conveyorbelt_msgs/msg'...
[3.214s] Compiling '/home/drail/changk2/school/ROB545/Grasping-Moving-Objects/ros2_ws/install/conveyorbelt_msgs/local/lib/python3.10/dist-packages/conveyorbelt_msgs/msg/__init__.py'...
[3.214s] Compiling '/home/drail/changk2/school/ROB545/Grasping-Moving-Objects/ros2_ws/install/conveyorbelt_msgs/local/lib/python3.10/dist-packages/conveyorbelt_msgs/msg/_conveyor_belt_state.py'...
[3.215s] Listing '/home/drail/changk2/school/ROB545/Grasping-Moving-Objects/ros2_ws/install/conveyorbelt_msgs/local/lib/python3.10/dist-packages/conveyorbelt_msgs/srv'...
[3.215s] Compiling '/home/drail/changk2/school/ROB545/Grasping-Moving-Objects/ros2_ws/install/conveyorbelt_msgs/local/lib/python3.10/dist-packages/conveyorbelt_msgs/srv/__init__.py'...
[3.215s] Compiling '/home/drail/changk2/school/ROB545/Grasping-Moving-Objects/ros2_ws/install/conveyorbelt_msgs/local/lib/python3.10/dist-packages/conveyorbelt_msgs/srv/_conveyor_belt_control.py'...
[3.217s] -- Installing: /home/drail/changk2/school/ROB545/Grasping-Moving-Objects/ros2_ws/install/conveyorbelt_msgs/local/lib/python3.10/dist-packages/conveyorbelt_msgs/conveyorbelt_msgs_s__rosidl_typesupport_fastrtps_c.cpython-310-x86_64-linux-gnu.so
[3.218s] -- Set runtime path of "/home/drail/changk2/school/ROB545/Grasping-Moving-Objects/ros2_ws/install/conveyorbelt_msgs/local/lib/python3.10/dist-packages/conveyorbelt_msgs/conveyorbelt_msgs_s__rosidl_typesupport_fastrtps_c.cpython-310-x86_64-linux-gnu.so" to ""
[3.218s] -- Installing: /home/drail/changk2/school/ROB545/Grasping-Moving-Objects/ros2_ws/install/conveyorbelt_msgs/local/lib/python3.10/dist-packages/conveyorbelt_msgs/conveyorbelt_msgs_s__rosidl_typesupport_introspection_c.cpython-310-x86_64-linux-gnu.so
[3.218s] -- Set runtime path of "/home/drail/changk2/school/ROB545/Grasping-Moving-Objects/ros2_ws/install/conveyorbelt_msgs/local/lib/python3.10/dist-packages/conveyorbelt_msgs/conveyorbelt_msgs_s__rosidl_typesupport_introspection_c.cpython-310-x86_64-linux-gnu.so" to ""
[3.218s] -- Installing: /home/drail/changk2/school/ROB545/Grasping-Moving-Objects/ros2_ws/install/conveyorbelt_msgs/local/lib/python3.10/dist-packages/conveyorbelt_msgs/conveyorbelt_msgs_s__rosidl_typesupport_c.cpython-310-x86_64-linux-gnu.so
[3.219s] -- Set runtime path of "/home/drail/changk2/school/ROB545/Grasping-Moving-Objects/ros2_ws/install/conveyorbelt_msgs/local/lib/python3.10/dist-packages/conveyorbelt_msgs/conveyorbelt_msgs_s__rosidl_typesupport_c.cpython-310-x86_64-linux-gnu.so" to ""
[3.219s] -- Installing: /home/drail/changk2/school/ROB545/Grasping-Moving-Objects/ros2_ws/install/conveyorbelt_msgs/lib/libconveyorbelt_msgs__rosidl_generator_py.so
[3.219s] -- Set runtime path of "/home/drail/changk2/school/ROB545/Grasping-Moving-Objects/ros2_ws/install/conveyorbelt_msgs/lib/libconveyorbelt_msgs__rosidl_generator_py.so" to ""
[3.219s] -- Installing: /home/drail/changk2/school/ROB545/Grasping-Moving-Objects/ros2_ws/install/conveyorbelt_msgs/share/conveyorbelt_msgs/msg/ConveyorBeltState.idl
[3.219s] -- Installing: /home/drail/changk2/school/ROB545/Grasping-Moving-Objects/ros2_ws/install/conveyorbelt_msgs/share/conveyorbelt_msgs/srv/ConveyorBeltControl.idl
[3.219s] -- Up-to-date: /home/drail/changk2/school/ROB545/Grasping-Moving-Objects/ros2_ws/install/conveyorbelt_msgs/share/conveyorbelt_msgs/msg/ConveyorBeltState.msg
[3.219s] -- Up-to-date: /home/drail/changk2/school/ROB545/Grasping-Moving-Objects/ros2_ws/install/conveyorbelt_msgs/share/conveyorbelt_msgs/srv/ConveyorBeltControl.srv
[3.219s] -- Installing: /home/drail/changk2/school/ROB545/Grasping-Moving-Objects/ros2_ws/install/conveyorbelt_msgs/share/conveyorbelt_msgs/srv/ConveyorBeltControl_Request.msg
[3.219s] -- Installing: /home/drail/changk2/school/ROB545/Grasping-Moving-Objects/ros2_ws/install/conveyorbelt_msgs/share/conveyorbelt_msgs/srv/ConveyorBeltControl_Response.msg
[3.220s] -- Installing: /home/drail/changk2/school/ROB545/Grasping-Moving-Objects/ros2_ws/install/conveyorbelt_msgs/share/ament_index/resource_index/package_run_dependencies/conveyorbelt_msgs
[3.220s] -- Installing: /home/drail/changk2/school/ROB545/Grasping-Moving-Objects/ros2_ws/install/conveyorbelt_msgs/share/ament_index/resource_index/parent_prefix_path/conveyorbelt_msgs
[3.220s] -- Installing: /home/drail/changk2/school/ROB545/Grasping-Moving-Objects/ros2_ws/install/conveyorbelt_msgs/share/conveyorbelt_msgs/environment/ament_prefix_path.sh
[3.220s] -- Installing: /home/drail/changk2/school/ROB545/Grasping-Moving-Objects/ros2_ws/install/conveyorbelt_msgs/share/conveyorbelt_msgs/environment/ament_prefix_path.dsv
[3.220s] -- Installing: /home/drail/changk2/school/ROB545/Grasping-Moving-Objects/ros2_ws/install/conveyorbelt_msgs/share/conveyorbelt_msgs/environment/path.sh
[3.220s] -- Installing: /home/drail/changk2/school/ROB545/Grasping-Moving-Objects/ros2_ws/install/conveyorbelt_msgs/share/conveyorbelt_msgs/environment/path.dsv
[3.220s] -- Installing: /home/drail/changk2/school/ROB545/Grasping-Moving-Objects/ros2_ws/install/conveyorbelt_msgs/share/conveyorbelt_msgs/local_setup.bash
[3.220s] -- Installing: /home/drail/changk2/school/ROB545/Grasping-Moving-Objects/ros2_ws/install/conveyorbelt_msgs/share/conveyorbelt_msgs/local_setup.sh
[3.221s] -- Installing: /home/drail/changk2/school/ROB545/Grasping-Moving-Objects/ros2_ws/install/conveyorbelt_msgs/share/conveyorbelt_msgs/local_setup.zsh
[3.221s] -- Installing: /home/drail/changk2/school/ROB545/Grasping-Moving-Objects/ros2_ws/install/conveyorbelt_msgs/share/conveyorbelt_msgs/local_setup.dsv
[3.221s] -- Installing: /home/drail/changk2/school/ROB545/Grasping-Moving-Objects/ros2_ws/install/conveyorbelt_msgs/share/conveyorbelt_msgs/package.dsv
[3.221s] -- Installing: /home/drail/changk2/school/ROB545/Grasping-Moving-Objects/ros2_ws/install/conveyorbelt_msgs/share/ament_index/resource_index/packages/conveyorbelt_msgs
[3.221s] -- Installing: /home/drail/changk2/school/ROB545/Grasping-Moving-Objects/ros2_ws/install/conveyorbelt_msgs/share/conveyorbelt_msgs/cmake/export_conveyorbelt_msgs__rosidl_generator_cExport.cmake
[3.221s] -- Installing: /home/drail/changk2/school/ROB545/Grasping-Moving-Objects/ros2_ws/install/conveyorbelt_msgs/share/conveyorbelt_msgs/cmake/export_conveyorbelt_msgs__rosidl_generator_cExport-noconfig.cmake
[3.221s] -- Installing: /home/drail/changk2/school/ROB545/Grasping-Moving-Objects/ros2_ws/install/conveyorbelt_msgs/share/conveyorbelt_msgs/cmake/export_conveyorbelt_msgs__rosidl_typesupport_fastrtps_cExport.cmake
[3.222s] -- Installing: /home/drail/changk2/school/ROB545/Grasping-Moving-Objects/ros2_ws/install/conveyorbelt_msgs/share/conveyorbelt_msgs/cmake/export_conveyorbelt_msgs__rosidl_typesupport_fastrtps_cExport-noconfig.cmake
[3.222s] -- Installing: /home/drail/changk2/school/ROB545/Grasping-Moving-Objects/ros2_ws/install/conveyorbelt_msgs/share/conveyorbelt_msgs/cmake/conveyorbelt_msgs__rosidl_typesupport_introspection_cExport.cmake
[3.222s] -- Installing: /home/drail/changk2/school/ROB545/Grasping-Moving-Objects/ros2_ws/install/conveyorbelt_msgs/share/conveyorbelt_msgs/cmake/conveyorbelt_msgs__rosidl_typesupport_introspection_cExport-noconfig.cmake
[3.222s] -- Installing: /home/drail/changk2/school/ROB545/Grasping-Moving-Objects/ros2_ws/install/conveyorbelt_msgs/share/conveyorbelt_msgs/cmake/conveyorbelt_msgs__rosidl_typesupport_cExport.cmake
[3.222s] -- Installing: /home/drail/changk2/school/ROB545/Grasping-Moving-Objects/ros2_ws/install/conveyorbelt_msgs/share/conveyorbelt_msgs/cmake/conveyorbelt_msgs__rosidl_typesupport_cExport-noconfig.cmake
[3.222s] -- Installing: /home/drail/changk2/school/ROB545/Grasping-Moving-Objects/ros2_ws/install/conveyorbelt_msgs/share/conveyorbelt_msgs/cmake/export_conveyorbelt_msgs__rosidl_generator_cppExport.cmake
[3.222s] -- Installing: /home/drail/changk2/school/ROB545/Grasping-Moving-Objects/ros2_ws/install/conveyorbelt_msgs/share/conveyorbelt_msgs/cmake/export_conveyorbelt_msgs__rosidl_typesupport_fastrtps_cppExport.cmake
[3.222s] -- Installing: /home/drail/changk2/school/ROB545/Grasping-Moving-Objects/ros2_ws/install/conveyorbelt_msgs/share/conveyorbelt_msgs/cmake/export_conveyorbelt_msgs__rosidl_typesupport_fastrtps_cppExport-noconfig.cmake
[3.223s] -- Installing: /home/drail/changk2/school/ROB545/Grasping-Moving-Objects/ros2_ws/install/conveyorbelt_msgs/share/conveyorbelt_msgs/cmake/conveyorbelt_msgs__rosidl_typesupport_introspection_cppExport.cmake
[3.223s] -- Installing: /home/drail/changk2/school/ROB545/Grasping-Moving-Objects/ros2_ws/install/conveyorbelt_msgs/share/conveyorbelt_msgs/cmake/conveyorbelt_msgs__rosidl_typesupport_introspection_cppExport-noconfig.cmake
[3.223s] -- Installing: /home/drail/changk2/school/ROB545/Grasping-Moving-Objects/ros2_ws/install/conveyorbelt_msgs/share/conveyorbelt_msgs/cmake/conveyorbelt_msgs__rosidl_typesupport_cppExport.cmake
[3.223s] -- Installing: /home/drail/changk2/school/ROB545/Grasping-Moving-Objects/ros2_ws/install/conveyorbelt_msgs/share/conveyorbelt_msgs/cmake/conveyorbelt_msgs__rosidl_typesupport_cppExport-noconfig.cmake
[3.223s] -- Installing: /home/drail/changk2/school/ROB545/Grasping-Moving-Objects/ros2_ws/install/conveyorbelt_msgs/share/conveyorbelt_msgs/cmake/export_conveyorbelt_msgs__rosidl_generator_pyExport.cmake
[3.223s] -- Installing: /home/drail/changk2/school/ROB545/Grasping-Moving-Objects/ros2_ws/install/conveyorbelt_msgs/share/conveyorbelt_msgs/cmake/export_conveyorbelt_msgs__rosidl_generator_pyExport-noconfig.cmake
[3.223s] -- Installing: /home/drail/changk2/school/ROB545/Grasping-Moving-Objects/ros2_ws/install/conveyorbelt_msgs/share/conveyorbelt_msgs/cmake/rosidl_cmake-extras.cmake
[3.224s] -- Installing: /home/drail/changk2/school/ROB545/Grasping-Moving-Objects/ros2_ws/install/conveyorbelt_msgs/share/conveyorbelt_msgs/cmake/ament_cmake_export_include_directories-extras.cmake
[3.224s] -- Installing: /home/drail/changk2/school/ROB545/Grasping-Moving-Objects/ros2_ws/install/conveyorbelt_msgs/share/conveyorbelt_msgs/cmake/ament_cmake_export_libraries-extras.cmake
[3.224s] -- Installing: /home/drail/changk2/school/ROB545/Grasping-Moving-Objects/ros2_ws/install/conveyorbelt_msgs/share/conveyorbelt_msgs/cmake/ament_cmake_export_targets-extras.cmake
[3.224s] -- Installing: /home/drail/changk2/school/ROB545/Grasping-Moving-Objects/ros2_ws/install/conveyorbelt_msgs/share/conveyorbelt_msgs/cmake/rosidl_cmake_export_typesupport_targets-extras.cmake
[3.224s] -- Installing: /home/drail/changk2/school/ROB545/Grasping-Moving-Objects/ros2_ws/install/conveyorbelt_msgs/share/conveyorbelt_msgs/cmake/ament_cmake_export_dependencies-extras.cmake
[3.224s] -- Installing: /home/drail/changk2/school/ROB545/Grasping-Moving-Objects/ros2_ws/install/conveyorbelt_msgs/share/conveyorbelt_msgs/cmake/rosidl_cmake_export_typesupport_libraries-extras.cmake
[3.224s] -- Installing: /home/drail/changk2/school/ROB545/Grasping-Moving-Objects/ros2_ws/install/conveyorbelt_msgs/share/conveyorbelt_msgs/cmake/conveyorbelt_msgsConfig.cmake
[3.224s] -- Installing: /home/drail/changk2/school/ROB545/Grasping-Moving-Objects/ros2_ws/install/conveyorbelt_msgs/share/conveyorbelt_msgs/cmake/conveyorbelt_msgsConfig-version.cmake
[3.224s] -- Installing: /home/drail/changk2/school/ROB545/Grasping-Moving-Objects/ros2_ws/install/conveyorbelt_msgs/share/conveyorbelt_msgs/package.xml
[3.226s] Invoked command in '/home/drail/changk2/school/ROB545/Grasping-Moving-Objects/ros2_ws/build/conveyorbelt_msgs' returned '0': CMAKE_PREFIX_PATH=${CMAKE_PREFIX_PATH}:/home/drail/ros2_ws/install/ur5_ros2_moveit2:/home/drail/ros2_ws/install/ur5_ros2_gazebo:/home/drail/ros2_ws/install/ur3_ros2_moveit2:/home/drail/ros2_ws/install/ur3_ros2_gazebo:/home/drail/ros2_ws/install/ur10_ros2_moveit2:/home/drail/ros2_ws/install/ur10_ros2_gazebo:/home/drail/ros2_ws/install/ros2_grasping:/home/drail/ros2_ws/install/ros2_execution:/home/drail/ros2_ws/install/ros2_actions:/home/drail/ros2_ws/install/panda_ros2_moveit2:/home/drail/ros2_ws/install/irb6640_ros2_moveit2:/home/drail/ros2_ws/install/irb120_ros2_moveit2:/home/drail/ros2_ws/install/irb1200_ros2_moveit2:/home/drail/ros2_ws/install/iiwa_ros2_moveit2:/home/drail/ros2_ws/install/cr35ia_ros2_moveit2:/home/drail/ros2_ws/install/ros2_data:/home/drail/ros2_ws/install/panda_ros2_gazebo:/home/drail/ros2_ws/install/irb6640_ros2_gazebo:/home/drail/ros2_ws/install/irb120_ros2_gazebo:/home/drail/ros2_ws/install/irb1200_ros2_gazebo:/home/drail/ros2_ws/install/iiwa_ros2_gazebo:/home/drail/ros2_ws/install/cr35ia_ros2_gazebo:/opt/ros/humble /usr/bin/cmake --install /home/drail/changk2/school/ROB545/Grasping-Moving-Objects/ros2_ws/build/conveyorbelt_msgs
