[0.070s] Invoking command in '/home/drail/ros2_ws/build/iiwa_ros2_gazebo': CMAKE_PREFIX_PATH=${CMAKE_PREFIX_PATH}:/opt/ros/humble /usr/bin/cmake /home/drail/ros2_ws/src/ros2_RobotSimulation/Kuka/LBRiiwa/iiwa_ros2_gazebo -DCMAKE_INSTALL_PREFIX=/home/drail/ros2_ws/install/iiwa_ros2_gazebo
[0.127s] -- The C compiler identification is GNU 11.4.0
[0.172s] -- The CXX compiler identification is GNU 11.4.0
[0.179s] -- Detecting C compiler ABI info
[0.235s] -- Detecting C compiler ABI info - done
[0.244s] -- Check for working C compiler: /usr/bin/cc - skipped
[0.244s] -- Detecting C compile features
[0.244s] -- Detecting C compile features - done
[0.248s] -- Detecting CXX compiler ABI info
[0.312s] -- Detecting CXX compiler ABI info - done
[0.322s] -- Check for working CXX compiler: /usr/bin/c++ - skipped
[0.322s] -- Detecting CXX compile features
[0.322s] -- Detecting CXX compile features - done
[0.325s] -- Found ament_cmake: 1.3.12 (/home/drail/ros2_humble/ros2-linux/share/ament_cmake/cmake)
[0.452s] -- Found Python3: /usr/bin/python3 (found version "3.10.12") found components: Interpreter 
[0.522s] -- Found ament_lint_auto: 0.12.14 (/home/drail/ros2_humble/ros2-linux/share/ament_lint_auto/cmake)
[0.583s] -- Added test 'copyright' to check source files copyright and LICENSE
[0.587s] -- Added test 'flake8' to check Python code syntax and style conventions
[0.587s] -- Added test 'lint_cmake' to check CMake code style
[0.587s] -- Added test 'pep257' to check Python code against some of the docstring style conventions in PEP 257
[0.590s] -- Added test 'xmllint' to check XML markup files
[0.595s] -- Configuring done
[0.596s] -- Generating done
[0.597s] -- Build files have been written to: /home/drail/ros2_ws/build/iiwa_ros2_gazebo
[0.609s] Invoked command in '/home/drail/ros2_ws/build/iiwa_ros2_gazebo' returned '0': CMAKE_PREFIX_PATH=${CMAKE_PREFIX_PATH}:/opt/ros/humble /usr/bin/cmake /home/drail/ros2_ws/src/ros2_RobotSimulation/Kuka/LBRiiwa/iiwa_ros2_gazebo -DCMAKE_INSTALL_PREFIX=/home/drail/ros2_ws/install/iiwa_ros2_gazebo
[0.610s] Invoking command in '/home/drail/ros2_ws/build/iiwa_ros2_gazebo': CMAKE_PREFIX_PATH=${CMAKE_PREFIX_PATH}:/opt/ros/humble /usr/bin/cmake --build /home/drail/ros2_ws/build/iiwa_ros2_gazebo -- -j24 -l24
[0.663s] Invoked command in '/home/drail/ros2_ws/build/iiwa_ros2_gazebo' returned '0': CMAKE_PREFIX_PATH=${CMAKE_PREFIX_PATH}:/opt/ros/humble /usr/bin/cmake --build /home/drail/ros2_ws/build/iiwa_ros2_gazebo -- -j24 -l24
[0.669s] Invoking command in '/home/drail/ros2_ws/build/iiwa_ros2_gazebo': CMAKE_PREFIX_PATH=${CMAKE_PREFIX_PATH}:/opt/ros/humble /usr/bin/cmake --install /home/drail/ros2_ws/build/iiwa_ros2_gazebo
[0.680s] -- Install configuration: ""
[0.681s] -- Installing: /home/drail/ros2_ws/install/iiwa_ros2_gazebo/share/iiwa_ros2_gazebo/config
[0.681s] -- Installing: /home/drail/ros2_ws/install/iiwa_ros2_gazebo/share/iiwa_ros2_gazebo/config/iiwa_controller.yaml
[0.681s] -- Installing: /home/drail/ros2_ws/install/iiwa_ros2_gazebo/share/iiwa_ros2_gazebo/launch
[0.681s] -- Installing: /home/drail/ros2_ws/install/iiwa_ros2_gazebo/share/iiwa_ros2_gazebo/launch/iiwa_simulation.launch.py
[0.681s] -- Installing: /home/drail/ros2_ws/install/iiwa_ros2_gazebo/share/iiwa_ros2_gazebo/urdf
[0.681s] -- Installing: /home/drail/ros2_ws/install/iiwa_ros2_gazebo/share/iiwa_ros2_gazebo/urdf/iiwa_ros2control.xacro
[0.681s] -- Installing: /home/drail/ros2_ws/install/iiwa_ros2_gazebo/share/iiwa_ros2_gazebo/urdf/iiwa.urdf.xacro
[0.682s] -- Installing: /home/drail/ros2_ws/install/iiwa_ros2_gazebo/share/iiwa_ros2_gazebo/urdf/iiwa_macro.urdf.xacro
[0.682s] -- Installing: /home/drail/ros2_ws/install/iiwa_ros2_gazebo/share/iiwa_ros2_gazebo/urdf/iiwa_transmission.xacro
[0.682s] -- Installing: /home/drail/ros2_ws/install/iiwa_ros2_gazebo/share/iiwa_ros2_gazebo/worlds
[0.682s] -- Installing: /home/drail/ros2_ws/install/iiwa_ros2_gazebo/share/iiwa_ros2_gazebo/worlds/iiwa.world
[0.682s] -- Installing: /home/drail/ros2_ws/install/iiwa_ros2_gazebo/share/iiwa_ros2_gazebo/meshes
[0.682s] -- Installing: /home/drail/ros2_ws/install/iiwa_ros2_gazebo/share/iiwa_ros2_gazebo/meshes/collision
[0.682s] -- Installing: /home/drail/ros2_ws/install/iiwa_ros2_gazebo/share/iiwa_ros2_gazebo/meshes/collision/link_7.stl
[0.682s] -- Installing: /home/drail/ros2_ws/install/iiwa_ros2_gazebo/share/iiwa_ros2_gazebo/meshes/collision/link_5.stl
[0.683s] -- Installing: /home/drail/ros2_ws/install/iiwa_ros2_gazebo/share/iiwa_ros2_gazebo/meshes/collision/link_4.stl
[0.683s] -- Installing: /home/drail/ros2_ws/install/iiwa_ros2_gazebo/share/iiwa_ros2_gazebo/meshes/collision/link_2.stl
[0.683s] -- Installing: /home/drail/ros2_ws/install/iiwa_ros2_gazebo/share/iiwa_ros2_gazebo/meshes/collision/link_6.stl
[0.683s] -- Installing: /home/drail/ros2_ws/install/iiwa_ros2_gazebo/share/iiwa_ros2_gazebo/meshes/collision/base_link.stl
[0.683s] -- Installing: /home/drail/ros2_ws/install/iiwa_ros2_gazebo/share/iiwa_ros2_gazebo/meshes/collision/link_1.stl
[0.683s] -- Installing: /home/drail/ros2_ws/install/iiwa_ros2_gazebo/share/iiwa_ros2_gazebo/meshes/collision/link_3.stl
[0.683s] -- Installing: /home/drail/ros2_ws/install/iiwa_ros2_gazebo/share/iiwa_ros2_gazebo/meshes/visual
[0.683s] -- Installing: /home/drail/ros2_ws/install/iiwa_ros2_gazebo/share/iiwa_ros2_gazebo/meshes/visual/link_2.dae
[0.684s] -- Installing: /home/drail/ros2_ws/install/iiwa_ros2_gazebo/share/iiwa_ros2_gazebo/meshes/visual/link_3.dae
[0.684s] -- Installing: /home/drail/ros2_ws/install/iiwa_ros2_gazebo/share/iiwa_ros2_gazebo/meshes/visual/link_6.dae
[0.685s] -- Installing: /home/drail/ros2_ws/install/iiwa_ros2_gazebo/share/iiwa_ros2_gazebo/meshes/visual/link_1.dae
[0.685s] -- Installing: /home/drail/ros2_ws/install/iiwa_ros2_gazebo/share/iiwa_ros2_gazebo/meshes/visual/link_4.dae
[0.686s] -- Installing: /home/drail/ros2_ws/install/iiwa_ros2_gazebo/share/iiwa_ros2_gazebo/meshes/visual/base_link.dae
[0.687s] -- Installing: /home/drail/ros2_ws/install/iiwa_ros2_gazebo/share/iiwa_ros2_gazebo/meshes/visual/link_7.dae
[0.688s] -- Installing: /home/drail/ros2_ws/install/iiwa_ros2_gazebo/share/iiwa_ros2_gazebo/meshes/visual/link_5.dae
[0.688s] -- Installing: /home/drail/ros2_ws/install/iiwa_ros2_gazebo/share/ament_index/resource_index/package_run_dependencies/iiwa_ros2_gazebo
[0.688s] -- Installing: /home/drail/ros2_ws/install/iiwa_ros2_gazebo/share/ament_index/resource_index/parent_prefix_path/iiwa_ros2_gazebo
[0.688s] -- Installing: /home/drail/ros2_ws/install/iiwa_ros2_gazebo/share/iiwa_ros2_gazebo/environment/ament_prefix_path.sh
[0.688s] -- Installing: /home/drail/ros2_ws/install/iiwa_ros2_gazebo/share/iiwa_ros2_gazebo/environment/ament_prefix_path.dsv
[0.688s] -- Installing: /home/drail/ros2_ws/install/iiwa_ros2_gazebo/share/iiwa_ros2_gazebo/environment/path.sh
[0.688s] -- Installing: /home/drail/ros2_ws/install/iiwa_ros2_gazebo/share/iiwa_ros2_gazebo/environment/path.dsv
[0.688s] -- Installing: /home/drail/ros2_ws/install/iiwa_ros2_gazebo/share/iiwa_ros2_gazebo/local_setup.bash
[0.689s] -- Installing: /home/drail/ros2_ws/install/iiwa_ros2_gazebo/share/iiwa_ros2_gazebo/local_setup.sh
[0.689s] -- Installing: /home/drail/ros2_ws/install/iiwa_ros2_gazebo/share/iiwa_ros2_gazebo/local_setup.zsh
[0.689s] -- Installing: /home/drail/ros2_ws/install/iiwa_ros2_gazebo/share/iiwa_ros2_gazebo/local_setup.dsv
[0.689s] -- Installing: /home/drail/ros2_ws/install/iiwa_ros2_gazebo/share/iiwa_ros2_gazebo/package.dsv
[0.689s] -- Installing: /home/drail/ros2_ws/install/iiwa_ros2_gazebo/share/ament_index/resource_index/packages/iiwa_ros2_gazebo
[0.689s] -- Installing: /home/drail/ros2_ws/install/iiwa_ros2_gazebo/share/iiwa_ros2_gazebo/cmake/iiwa_ros2_gazeboConfig.cmake
[0.689s] -- Installing: /home/drail/ros2_ws/install/iiwa_ros2_gazebo/share/iiwa_ros2_gazebo/cmake/iiwa_ros2_gazeboConfig-version.cmake
[0.689s] -- Installing: /home/drail/ros2_ws/install/iiwa_ros2_gazebo/share/iiwa_ros2_gazebo/package.xml
[0.734s] Invoked command in '/home/drail/ros2_ws/build/iiwa_ros2_gazebo' returned '0': CMAKE_PREFIX_PATH=${CMAKE_PREFIX_PATH}:/opt/ros/humble /usr/bin/cmake --install /home/drail/ros2_ws/build/iiwa_ros2_gazebo
