[0.056s] Invoking command in '/home/drail/ros2_ws/build/panda_ros2_gazebo': CMAKE_PREFIX_PATH=${CMAKE_PREFIX_PATH}:/opt/ros/humble /usr/bin/cmake --build /home/drail/ros2_ws/build/panda_ros2_gazebo -- -j24 -l24
[0.098s] Invoked command in '/home/drail/ros2_ws/build/panda_ros2_gazebo' returned '0': CMAKE_PREFIX_PATH=${CMAKE_PREFIX_PATH}:/opt/ros/humble /usr/bin/cmake --build /home/drail/ros2_ws/build/panda_ros2_gazebo -- -j24 -l24
[0.100s] Invoking command in '/home/drail/ros2_ws/build/panda_ros2_gazebo': CMAKE_PREFIX_PATH=${CMAKE_PREFIX_PATH}:/opt/ros/humble /usr/bin/cmake --install /home/drail/ros2_ws/build/panda_ros2_gazebo
[0.115s] -- Install configuration: ""
[0.118s] -- Up-to-date: /home/drail/ros2_ws/install/panda_ros2_gazebo/share/panda_ros2_gazebo/config
[0.118s] -- Up-to-date: /home/drail/ros2_ws/install/panda_ros2_gazebo/share/panda_ros2_gazebo/config/panda_controller.yaml
[0.118s] -- Up-to-date: /home/drail/ros2_ws/install/panda_ros2_gazebo/share/panda_ros2_gazebo/launch
[0.118s] -- Up-to-date: /home/drail/ros2_ws/install/panda_ros2_gazebo/share/panda_ros2_gazebo/launch/panda_simulation.launch.py
[0.118s] -- Up-to-date: /home/drail/ros2_ws/install/panda_ros2_gazebo/share/panda_ros2_gazebo/urdf
[0.118s] -- Up-to-date: /home/drail/ros2_ws/install/panda_ros2_gazebo/share/panda_ros2_gazebo/urdf/panda_transmission.xacro
[0.118s] -- Up-to-date: /home/drail/ros2_ws/install/panda_ros2_gazebo/share/panda_ros2_gazebo/urdf/panda_macro.urdf.xacro
[0.118s] -- Up-to-date: /home/drail/ros2_ws/install/panda_ros2_gazebo/share/panda_ros2_gazebo/urdf/panda.urdf.xacro
[0.118s] -- Up-to-date: /home/drail/ros2_ws/install/panda_ros2_gazebo/share/panda_ros2_gazebo/urdf/panda_ros2control.xacro
[0.118s] -- Up-to-date: /home/drail/ros2_ws/install/panda_ros2_gazebo/share/panda_ros2_gazebo/worlds
[0.118s] -- Up-to-date: /home/drail/ros2_ws/install/panda_ros2_gazebo/share/panda_ros2_gazebo/worlds/panda.world
[0.118s] -- Up-to-date: /home/drail/ros2_ws/install/panda_ros2_gazebo/share/panda_ros2_gazebo/meshes
[0.118s] -- Up-to-date: /home/drail/ros2_ws/install/panda_ros2_gazebo/share/panda_ros2_gazebo/meshes/collision
[0.118s] -- Up-to-date: /home/drail/ros2_ws/install/panda_ros2_gazebo/share/panda_ros2_gazebo/meshes/collision/hand.stl
[0.118s] -- Up-to-date: /home/drail/ros2_ws/install/panda_ros2_gazebo/share/panda_ros2_gazebo/meshes/collision/link6.stl
[0.119s] -- Up-to-date: /home/drail/ros2_ws/install/panda_ros2_gazebo/share/panda_ros2_gazebo/meshes/collision/link5.stl
[0.119s] -- Up-to-date: /home/drail/ros2_ws/install/panda_ros2_gazebo/share/panda_ros2_gazebo/meshes/collision/link3.stl
[0.120s] -- Up-to-date: /home/drail/ros2_ws/install/panda_ros2_gazebo/share/panda_ros2_gazebo/meshes/collision/link1.stl
[0.120s] -- Up-to-date: /home/drail/ros2_ws/install/panda_ros2_gazebo/share/panda_ros2_gazebo/meshes/collision/finger.stl
[0.120s] -- Up-to-date: /home/drail/ros2_ws/install/panda_ros2_gazebo/share/panda_ros2_gazebo/meshes/collision/link2.stl
[0.120s] -- Up-to-date: /home/drail/ros2_ws/install/panda_ros2_gazebo/share/panda_ros2_gazebo/meshes/collision/link0.stl
[0.120s] -- Up-to-date: /home/drail/ros2_ws/install/panda_ros2_gazebo/share/panda_ros2_gazebo/meshes/collision/link7.stl
[0.120s] -- Up-to-date: /home/drail/ros2_ws/install/panda_ros2_gazebo/share/panda_ros2_gazebo/meshes/collision/link4.stl
[0.121s] -- Up-to-date: /home/drail/ros2_ws/install/panda_ros2_gazebo/share/panda_ros2_gazebo/meshes/visual
[0.121s] -- Up-to-date: /home/drail/ros2_ws/install/panda_ros2_gazebo/share/panda_ros2_gazebo/meshes/visual/link1.dae
[0.121s] -- Up-to-date: /home/drail/ros2_ws/install/panda_ros2_gazebo/share/panda_ros2_gazebo/meshes/visual/link7.dae
[0.121s] -- Up-to-date: /home/drail/ros2_ws/install/panda_ros2_gazebo/share/panda_ros2_gazebo/meshes/visual/finger.dae
[0.121s] -- Up-to-date: /home/drail/ros2_ws/install/panda_ros2_gazebo/share/panda_ros2_gazebo/meshes/visual/link4.dae
[0.121s] -- Up-to-date: /home/drail/ros2_ws/install/panda_ros2_gazebo/share/panda_ros2_gazebo/meshes/visual/hand.dae
[0.121s] -- Up-to-date: /home/drail/ros2_ws/install/panda_ros2_gazebo/share/panda_ros2_gazebo/meshes/visual/link3.dae
[0.121s] -- Up-to-date: /home/drail/ros2_ws/install/panda_ros2_gazebo/share/panda_ros2_gazebo/meshes/visual/link0.dae
[0.122s] -- Up-to-date: /home/drail/ros2_ws/install/panda_ros2_gazebo/share/panda_ros2_gazebo/meshes/visual/link5.dae
[0.122s] -- Up-to-date: /home/drail/ros2_ws/install/panda_ros2_gazebo/share/panda_ros2_gazebo/meshes/visual/link2.dae
[0.122s] -- Up-to-date: /home/drail/ros2_ws/install/panda_ros2_gazebo/share/panda_ros2_gazebo/meshes/visual/link6.dae
[0.122s] -- Up-to-date: /home/drail/ros2_ws/install/panda_ros2_gazebo/share/ament_index/resource_index/package_run_dependencies/panda_ros2_gazebo
[0.122s] -- Up-to-date: /home/drail/ros2_ws/install/panda_ros2_gazebo/share/ament_index/resource_index/parent_prefix_path/panda_ros2_gazebo
[0.122s] -- Up-to-date: /home/drail/ros2_ws/install/panda_ros2_gazebo/share/panda_ros2_gazebo/environment/ament_prefix_path.sh
[0.123s] -- Up-to-date: /home/drail/ros2_ws/install/panda_ros2_gazebo/share/panda_ros2_gazebo/environment/ament_prefix_path.dsv
[0.123s] -- Up-to-date: /home/drail/ros2_ws/install/panda_ros2_gazebo/share/panda_ros2_gazebo/environment/path.sh
[0.123s] -- Up-to-date: /home/drail/ros2_ws/install/panda_ros2_gazebo/share/panda_ros2_gazebo/environment/path.dsv
[0.123s] -- Up-to-date: /home/drail/ros2_ws/install/panda_ros2_gazebo/share/panda_ros2_gazebo/local_setup.bash
[0.123s] -- Up-to-date: /home/drail/ros2_ws/install/panda_ros2_gazebo/share/panda_ros2_gazebo/local_setup.sh
[0.123s] -- Up-to-date: /home/drail/ros2_ws/install/panda_ros2_gazebo/share/panda_ros2_gazebo/local_setup.zsh
[0.123s] -- Up-to-date: /home/drail/ros2_ws/install/panda_ros2_gazebo/share/panda_ros2_gazebo/local_setup.dsv
[0.123s] -- Up-to-date: /home/drail/ros2_ws/install/panda_ros2_gazebo/share/panda_ros2_gazebo/package.dsv
[0.124s] -- Up-to-date: /home/drail/ros2_ws/install/panda_ros2_gazebo/share/ament_index/resource_index/packages/panda_ros2_gazebo
[0.124s] -- Up-to-date: /home/drail/ros2_ws/install/panda_ros2_gazebo/share/panda_ros2_gazebo/cmake/panda_ros2_gazeboConfig.cmake
[0.124s] -- Up-to-date: /home/drail/ros2_ws/install/panda_ros2_gazebo/share/panda_ros2_gazebo/cmake/panda_ros2_gazeboConfig-version.cmake
[0.124s] -- Up-to-date: /home/drail/ros2_ws/install/panda_ros2_gazebo/share/panda_ros2_gazebo/package.xml
[0.184s] Invoked command in '/home/drail/ros2_ws/build/panda_ros2_gazebo' returned '0': CMAKE_PREFIX_PATH=${CMAKE_PREFIX_PATH}:/opt/ros/humble /usr/bin/cmake --install /home/drail/ros2_ws/build/panda_ros2_gazebo
