[0.065s] Invoking command in '/home/drail/ros2_ws/build/irb120_ros2_moveit2': AMENT_PREFIX_PATH=/home/drail/ros2_ws/install/ros2_data:${AMENT_PREFIX_PATH} CMAKE_PREFIX_PATH=/home/drail/ros2_ws/install/ros2_data:/home/drail/ros2_ws/install/turtlesim:/home/drail/ros2_humble/ros2-linux:/opt/ros/humble LD_LIBRARY_PATH=/home/drail/ros2_ws/install/ros2_data/lib:/home/drail/ros2_ws/install/turtlesim/lib:/usr/lib/x86_64-linux-gnu/gazebo-11/plugins:/opt/ros/humble/opt/rviz_ogre_vendor/lib:/opt/ros/humble/lib/x86_64-linux-gnu:/opt/ros/humble/lib:/home/drail/ros2_humble/ros2-linux/opt/rviz_ogre_vendor/lib:/home/drail/ros2_humble/ros2-linux/lib:/usr/local/cuda-12.9/lib64 PYTHONPATH=/home/drail/ros2_ws/install/ros2_data/local/lib/python3.10/dist-packages:${PYTHONPATH} /usr/bin/cmake --build /home/drail/ros2_ws/build/irb120_ros2_moveit2 -- -j24 -l24
[0.114s] Invoked command in '/home/drail/ros2_ws/build/irb120_ros2_moveit2' returned '0': AMENT_PREFIX_PATH=/home/drail/ros2_ws/install/ros2_data:${AMENT_PREFIX_PATH} CMAKE_PREFIX_PATH=/home/drail/ros2_ws/install/ros2_data:/home/drail/ros2_ws/install/turtlesim:/home/drail/ros2_humble/ros2-linux:/opt/ros/humble LD_LIBRARY_PATH=/home/drail/ros2_ws/install/ros2_data/lib:/home/drail/ros2_ws/install/turtlesim/lib:/usr/lib/x86_64-linux-gnu/gazebo-11/plugins:/opt/ros/humble/opt/rviz_ogre_vendor/lib:/opt/ros/humble/lib/x86_64-linux-gnu:/opt/ros/humble/lib:/home/drail/ros2_humble/ros2-linux/opt/rviz_ogre_vendor/lib:/home/drail/ros2_humble/ros2-linux/lib:/usr/local/cuda-12.9/lib64 PYTHONPATH=/home/drail/ros2_ws/install/ros2_data/local/lib/python3.10/dist-packages:${PYTHONPATH} /usr/bin/cmake --build /home/drail/ros2_ws/build/irb120_ros2_moveit2 -- -j24 -l24
[0.119s] Invoking command in '/home/drail/ros2_ws/build/irb120_ros2_moveit2': AMENT_PREFIX_PATH=/home/drail/ros2_ws/install/ros2_data:${AMENT_PREFIX_PATH} CMAKE_PREFIX_PATH=/home/drail/ros2_ws/install/ros2_data:/home/drail/ros2_ws/install/turtlesim:/home/drail/ros2_humble/ros2-linux:/opt/ros/humble LD_LIBRARY_PATH=/home/drail/ros2_ws/install/ros2_data/lib:/home/drail/ros2_ws/install/turtlesim/lib:/usr/lib/x86_64-linux-gnu/gazebo-11/plugins:/opt/ros/humble/opt/rviz_ogre_vendor/lib:/opt/ros/humble/lib/x86_64-linux-gnu:/opt/ros/humble/lib:/home/drail/ros2_humble/ros2-linux/opt/rviz_ogre_vendor/lib:/home/drail/ros2_humble/ros2-linux/lib:/usr/local/cuda-12.9/lib64 PYTHONPATH=/home/drail/ros2_ws/install/ros2_data/local/lib/python3.10/dist-packages:${PYTHONPATH} /usr/bin/cmake --install /home/drail/ros2_ws/build/irb120_ros2_moveit2
[0.123s] -- Install configuration: ""
[0.124s] -- Up-to-date: /home/drail/ros2_ws/install/irb120_ros2_moveit2/share/irb120_ros2_moveit2/config
[0.124s] -- Up-to-date: /home/drail/ros2_ws/install/irb120_ros2_moveit2/share/irb120_ros2_moveit2/config/irb120egp64_controllers.yaml
[0.124s] -- Up-to-date: /home/drail/ros2_ws/install/irb120_ros2_moveit2/share/irb120_ros2_moveit2/config/kinematics.yaml
[0.124s] -- Up-to-date: /home/drail/ros2_ws/install/irb120_ros2_moveit2/share/irb120_ros2_moveit2/config/irb120.srdf
[0.124s] -- Up-to-date: /home/drail/ros2_ws/install/irb120_ros2_moveit2/share/irb120_ros2_moveit2/config/irb120egp64.srdf
[0.124s] -- Up-to-date: /home/drail/ros2_ws/install/irb120_ros2_moveit2/share/irb120_ros2_moveit2/config/irb120egp64_moveit2.rviz
[0.124s] -- Up-to-date: /home/drail/ros2_ws/install/irb120_ros2_moveit2/share/irb120_ros2_moveit2/config/ompl_planning.yaml
[0.124s] -- Up-to-date: /home/drail/ros2_ws/install/irb120_ros2_moveit2/share/irb120_ros2_moveit2/config/ompl_planning_egp64.yaml
[0.124s] -- Up-to-date: /home/drail/ros2_ws/install/irb120_ros2_moveit2/share/irb120_ros2_moveit2/config/irb120_controllers.yaml
[0.125s] -- Up-to-date: /home/drail/ros2_ws/install/irb120_ros2_moveit2/share/irb120_ros2_moveit2/config/irb120_moveit2.rviz
[0.125s] -- Up-to-date: /home/drail/ros2_ws/install/irb120_ros2_moveit2/share/irb120_ros2_moveit2/launch
[0.125s] -- Up-to-date: /home/drail/ros2_ws/install/irb120_ros2_moveit2/share/irb120_ros2_moveit2/launch/irb120_interface.launch.py
[0.125s] -- Up-to-date: /home/drail/ros2_ws/install/irb120_ros2_moveit2/share/irb120_ros2_moveit2/launch/irb120.launch.py
[0.125s] -- Up-to-date: /home/drail/ros2_ws/install/irb120_ros2_moveit2/share/ament_index/resource_index/package_run_dependencies/irb120_ros2_moveit2
[0.125s] -- Up-to-date: /home/drail/ros2_ws/install/irb120_ros2_moveit2/share/ament_index/resource_index/parent_prefix_path/irb120_ros2_moveit2
[0.125s] -- Up-to-date: /home/drail/ros2_ws/install/irb120_ros2_moveit2/share/irb120_ros2_moveit2/environment/ament_prefix_path.sh
[0.125s] -- Up-to-date: /home/drail/ros2_ws/install/irb120_ros2_moveit2/share/irb120_ros2_moveit2/environment/ament_prefix_path.dsv
[0.125s] -- Up-to-date: /home/drail/ros2_ws/install/irb120_ros2_moveit2/share/irb120_ros2_moveit2/environment/path.sh
[0.125s] -- Up-to-date: /home/drail/ros2_ws/install/irb120_ros2_moveit2/share/irb120_ros2_moveit2/environment/path.dsv
[0.125s] -- Up-to-date: /home/drail/ros2_ws/install/irb120_ros2_moveit2/share/irb120_ros2_moveit2/local_setup.bash
[0.125s] -- Up-to-date: /home/drail/ros2_ws/install/irb120_ros2_moveit2/share/irb120_ros2_moveit2/local_setup.sh
[0.125s] -- Up-to-date: /home/drail/ros2_ws/install/irb120_ros2_moveit2/share/irb120_ros2_moveit2/local_setup.zsh
[0.126s] -- Up-to-date: /home/drail/ros2_ws/install/irb120_ros2_moveit2/share/irb120_ros2_moveit2/local_setup.dsv
[0.126s] -- Up-to-date: /home/drail/ros2_ws/install/irb120_ros2_moveit2/share/irb120_ros2_moveit2/package.dsv
[0.126s] -- Up-to-date: /home/drail/ros2_ws/install/irb120_ros2_moveit2/share/ament_index/resource_index/packages/irb120_ros2_moveit2
[0.126s] -- Up-to-date: /home/drail/ros2_ws/install/irb120_ros2_moveit2/share/irb120_ros2_moveit2/cmake/irb120_ros2_moveit2Config.cmake
[0.126s] -- Up-to-date: /home/drail/ros2_ws/install/irb120_ros2_moveit2/share/irb120_ros2_moveit2/cmake/irb120_ros2_moveit2Config-version.cmake
[0.126s] -- Up-to-date: /home/drail/ros2_ws/install/irb120_ros2_moveit2/share/irb120_ros2_moveit2/package.xml
[0.187s] Invoked command in '/home/drail/ros2_ws/build/irb120_ros2_moveit2' returned '0': AMENT_PREFIX_PATH=/home/drail/ros2_ws/install/ros2_data:${AMENT_PREFIX_PATH} CMAKE_PREFIX_PATH=/home/drail/ros2_ws/install/ros2_data:/home/drail/ros2_ws/install/turtlesim:/home/drail/ros2_humble/ros2-linux:/opt/ros/humble LD_LIBRARY_PATH=/home/drail/ros2_ws/install/ros2_data/lib:/home/drail/ros2_ws/install/turtlesim/lib:/usr/lib/x86_64-linux-gnu/gazebo-11/plugins:/opt/ros/humble/opt/rviz_ogre_vendor/lib:/opt/ros/humble/lib/x86_64-linux-gnu:/opt/ros/humble/lib:/home/drail/ros2_humble/ros2-linux/opt/rviz_ogre_vendor/lib:/home/drail/ros2_humble/ros2-linux/lib:/usr/local/cuda-12.9/lib64 PYTHONPATH=/home/drail/ros2_ws/install/ros2_data/local/lib/python3.10/dist-packages:${PYTHONPATH} /usr/bin/cmake --install /home/drail/ros2_ws/build/irb120_ros2_moveit2
