[0.091s] Invoking command in '/home/drail/ros2_ws/build/ros2_data': CMAKE_PREFIX_PATH=${CMAKE_PREFIX_PATH}:/opt/ros/humble /usr/bin/cmake --build /home/drail/ros2_ws/build/ros2_data -- -j24 -l24
[0.132s] [35m[1mConsolidate compiler generated dependencies of target ros2_data__rosidl_generator_c[0m
[0.143s] [  0%] Built target ros2_data__cpp
[0.145s] [ 12%] Built target ros2_data__rosidl_generator_c
[0.170s] [35m[1mConsolidate compiler generated dependencies of target ros2_data__rosidl_typesupport_fastrtps_cpp[0m
[0.171s] [ 12%] Built target ament_cmake_python_copy_ros2_data
[0.171s] [35m[1mConsolidate compiler generated dependencies of target ros2_data__rosidl_typesupport_fastrtps_c[0m
[0.172s] [35m[1mConsolidate compiler generated dependencies of target ros2_data__rosidl_typesupport_c[0m
[0.172s] [35m[1mConsolidate compiler generated dependencies of target ros2_data__rosidl_typesupport_cpp[0m
[0.172s] [35m[1mConsolidate compiler generated dependencies of target ros2_data__rosidl_typesupport_introspection_cpp[0m
[0.172s] [35m[1mConsolidate compiler generated dependencies of target ros2_data__rosidl_typesupport_introspection_c[0m
[0.186s] [ 24%] Built target ros2_data__rosidl_typesupport_c
[0.188s] [ 36%] Built target ros2_data__rosidl_typesupport_introspection_c
[0.188s] [ 60%] Built target ros2_data__rosidl_typesupport_cpp
[0.188s] [ 60%] Built target ros2_data__rosidl_typesupport_fastrtps_c
[0.188s] [ 72%] Built target ros2_data__rosidl_typesupport_introspection_cpp
[0.188s] [ 83%] Built target ros2_data__rosidl_typesupport_fastrtps_cpp
[0.198s] [ 83%] Built target ros2_data
[0.214s] [ 84%] Built target ros2_data__py
[0.225s] [35m[1mConsolidate compiler generated dependencies of target ros2_data__rosidl_generator_py[0m
[0.241s] [ 95%] Built target ros2_data__rosidl_generator_py
[0.250s] [35m[1mConsolidate compiler generated dependencies of target ros2_data__rosidl_typesupport_introspection_c__pyext[0m
[0.250s] [35m[1mConsolidate compiler generated dependencies of target ros2_data__rosidl_typesupport_fastrtps_c__pyext[0m
[0.250s] [35m[1mConsolidate compiler generated dependencies of target ros2_data__rosidl_typesupport_c__pyext[0m
[0.261s] [ 99%] Built target ros2_data__rosidl_typesupport_fastrtps_c__pyext
[0.261s] [ 99%] Built target ros2_data__rosidl_typesupport_c__pyext
[0.261s] [100%] Built target ros2_data__rosidl_typesupport_introspection_c__pyext
[0.353s] running egg_info
[0.354s] writing ros2_data.egg-info/PKG-INFO
[0.354s] writing dependency_links to ros2_data.egg-info/dependency_links.txt
[0.354s] writing top-level names to ros2_data.egg-info/top_level.txt
[0.356s] reading manifest file 'ros2_data.egg-info/SOURCES.txt'
[0.356s] writing manifest file 'ros2_data.egg-info/SOURCES.txt'
[0.377s] [100%] Built target ament_cmake_python_build_ros2_data_egg
[0.393s] Invoked command in '/home/drail/ros2_ws/build/ros2_data' returned '0': CMAKE_PREFIX_PATH=${CMAKE_PREFIX_PATH}:/opt/ros/humble /usr/bin/cmake --build /home/drail/ros2_ws/build/ros2_data -- -j24 -l24
[0.394s] Invoking command in '/home/drail/ros2_ws/build/ros2_data': CMAKE_PREFIX_PATH=${CMAKE_PREFIX_PATH}:/opt/ros/humble /usr/bin/cmake --install /home/drail/ros2_ws/build/ros2_data
[0.403s] -- Install configuration: ""
[0.403s] -- Up-to-date: /home/drail/ros2_ws/install/ros2_data/share/ament_index/resource_index/rosidl_interfaces/ros2_data
[0.403s] -- Up-to-date: /home/drail/ros2_ws/install/ros2_data/include/ros2_data/ros2_data
[0.403s] -- Up-to-date: /home/drail/ros2_ws/install/ros2_data/include/ros2_data/ros2_data/action
[0.403s] -- Up-to-date: /home/drail/ros2_ws/install/ros2_data/include/ros2_data/ros2_data/action/move_l.h
[0.403s] -- Up-to-date: /home/drail/ros2_ws/install/ros2_data/include/ros2_data/ros2_data/action/move_rp.h
[0.403s] -- Up-to-date: /home/drail/ros2_ws/install/ros2_data/include/ros2_data/ros2_data/action/move_js.h
[0.404s] -- Up-to-date: /home/drail/ros2_ws/install/ros2_data/include/ros2_data/ros2_data/action/move_xyzw.h
[0.404s] -- Up-to-date: /home/drail/ros2_ws/install/ros2_data/include/ros2_data/ros2_data/action/move_xyz.h
[0.404s] -- Up-to-date: /home/drail/ros2_ws/install/ros2_data/include/ros2_data/ros2_data/action/move_g.h
[0.404s] -- Up-to-date: /home/drail/ros2_ws/install/ros2_data/include/ros2_data/ros2_data/action/detail
[0.404s] -- Up-to-date: /home/drail/ros2_ws/install/ros2_data/include/ros2_data/ros2_data/action/detail/move_xyz__functions.c
[0.404s] -- Up-to-date: /home/drail/ros2_ws/install/ros2_data/include/ros2_data/ros2_data/action/detail/move_xyzw__functions.c
[0.404s] -- Up-to-date: /home/drail/ros2_ws/install/ros2_data/include/ros2_data/ros2_data/action/detail/move_js__functions.c
[0.404s] -- Up-to-date: /home/drail/ros2_ws/install/ros2_data/include/ros2_data/ros2_data/action/detail/move_rp__functions.c
[0.404s] -- Up-to-date: /home/drail/ros2_ws/install/ros2_data/include/ros2_data/ros2_data/action/detail/move_g__functions.h
[0.404s] -- Up-to-date: /home/drail/ros2_ws/install/ros2_data/include/ros2_data/ros2_data/action/detail/move_js__type_support.h
[0.404s] -- Up-to-date: /home/drail/ros2_ws/install/ros2_data/include/ros2_data/ros2_data/action/detail/move_ypr__functions.h
[0.404s] -- Up-to-date: /home/drail/ros2_ws/install/ros2_data/include/ros2_data/ros2_data/action/detail/move_js__struct.h
[0.404s] -- Up-to-date: /home/drail/ros2_ws/install/ros2_data/include/ros2_data/ros2_data/action/detail/move_rp__type_support.h
[0.404s] -- Up-to-date: /home/drail/ros2_ws/install/ros2_data/include/ros2_data/ros2_data/action/detail/move_j__functions.c
[0.404s] -- Up-to-date: /home/drail/ros2_ws/install/ros2_data/include/ros2_data/ros2_data/action/detail/move_xyz__type_support.h
[0.405s] -- Up-to-date: /home/drail/ros2_ws/install/ros2_data/include/ros2_data/ros2_data/action/detail/move_xyz__struct.h
[0.405s] -- Up-to-date: /home/drail/ros2_ws/install/ros2_data/include/ros2_data/ros2_data/action/detail/move_r__struct.h
[0.405s] -- Up-to-date: /home/drail/ros2_ws/install/ros2_data/include/ros2_data/ros2_data/action/detail/move_js__functions.h
[0.405s] -- Up-to-date: /home/drail/ros2_ws/install/ros2_data/include/ros2_data/ros2_data/action/detail/move_rot__type_support.h
[0.405s] -- Up-to-date: /home/drail/ros2_ws/install/ros2_data/include/ros2_data/ros2_data/action/detail/move_rp__struct.h
[0.405s] -- Up-to-date: /home/drail/ros2_ws/install/ros2_data/include/ros2_data/ros2_data/action/detail/move_ypr__type_support.h
[0.405s] -- Up-to-date: /home/drail/ros2_ws/install/ros2_data/include/ros2_data/ros2_data/action/detail/move_g__functions.c
[0.405s] -- Up-to-date: /home/drail/ros2_ws/install/ros2_data/include/ros2_data/ros2_data/action/detail/move_r__type_support.h
[0.405s] -- Up-to-date: /home/drail/ros2_ws/install/ros2_data/include/ros2_data/ros2_data/action/detail/move_l__type_support.h
[0.405s] -- Up-to-date: /home/drail/ros2_ws/install/ros2_data/include/ros2_data/ros2_data/action/detail/move_xyzw__struct.h
[0.405s] -- Up-to-date: /home/drail/ros2_ws/install/ros2_data/include/ros2_data/ros2_data/action/detail/move_xyz__functions.h
[0.405s] -- Up-to-date: /home/drail/ros2_ws/install/ros2_data/include/ros2_data/ros2_data/action/detail/move_rot__struct.h
[0.405s] -- Up-to-date: /home/drail/ros2_ws/install/ros2_data/include/ros2_data/ros2_data/action/detail/move_j__struct.h
[0.405s] -- Up-to-date: /home/drail/ros2_ws/install/ros2_data/include/ros2_data/ros2_data/action/detail/move_ypr__functions.c
[0.405s] -- Up-to-date: /home/drail/ros2_ws/install/ros2_data/include/ros2_data/ros2_data/action/detail/move_j__functions.h
[0.405s] -- Up-to-date: /home/drail/ros2_ws/install/ros2_data/include/ros2_data/ros2_data/action/detail/move_g__type_support.h
[0.405s] -- Up-to-date: /home/drail/ros2_ws/install/ros2_data/include/ros2_data/ros2_data/action/detail/move_xyzw__functions.h
[0.405s] -- Up-to-date: /home/drail/ros2_ws/install/ros2_data/include/ros2_data/ros2_data/action/detail/move_r__functions.h
[0.405s] -- Up-to-date: /home/drail/ros2_ws/install/ros2_data/include/ros2_data/ros2_data/action/detail/move_g__struct.h
[0.405s] -- Up-to-date: /home/drail/ros2_ws/install/ros2_data/include/ros2_data/ros2_data/action/detail/move_l__functions.c
[0.405s] -- Up-to-date: /home/drail/ros2_ws/install/ros2_data/include/ros2_data/ros2_data/action/detail/move_rp__functions.h
[0.405s] -- Up-to-date: /home/drail/ros2_ws/install/ros2_data/include/ros2_data/ros2_data/action/detail/move_ypr__struct.h
[0.406s] -- Up-to-date: /home/drail/ros2_ws/install/ros2_data/include/ros2_data/ros2_data/action/detail/move_xyzw__type_support.h
[0.406s] -- Up-to-date: /home/drail/ros2_ws/install/ros2_data/include/ros2_data/ros2_data/action/detail/move_rot__functions.c
[0.406s] -- Up-to-date: /home/drail/ros2_ws/install/ros2_data/include/ros2_data/ros2_data/action/detail/move_rot__functions.h
[0.406s] -- Up-to-date: /home/drail/ros2_ws/install/ros2_data/include/ros2_data/ros2_data/action/detail/move_l__functions.h
[0.406s] -- Up-to-date: /home/drail/ros2_ws/install/ros2_data/include/ros2_data/ros2_data/action/detail/move_j__type_support.h
[0.406s] -- Up-to-date: /home/drail/ros2_ws/install/ros2_data/include/ros2_data/ros2_data/action/detail/move_r__functions.c
[0.406s] -- Up-to-date: /home/drail/ros2_ws/install/ros2_data/include/ros2_data/ros2_data/action/detail/move_l__struct.h
[0.406s] -- Up-to-date: /home/drail/ros2_ws/install/ros2_data/include/ros2_data/ros2_data/action/move_ypr.h
[0.406s] -- Up-to-date: /home/drail/ros2_ws/install/ros2_data/include/ros2_data/ros2_data/action/move_j.h
[0.406s] -- Up-to-date: /home/drail/ros2_ws/install/ros2_data/include/ros2_data/ros2_data/action/move_r.h
[0.406s] -- Up-to-date: /home/drail/ros2_ws/install/ros2_data/include/ros2_data/ros2_data/action/move_rot.h
[0.406s] -- Up-to-date: /home/drail/ros2_ws/install/ros2_data/include/ros2_data/ros2_data/msg
[0.406s] -- Up-to-date: /home/drail/ros2_ws/install/ros2_data/include/ros2_data/ros2_data/msg/detail
[0.406s] -- Up-to-date: /home/drail/ros2_ws/install/ros2_data/include/ros2_data/ros2_data/msg/detail/joint_pose_s__struct.h
[0.406s] -- Up-to-date: /home/drail/ros2_ws/install/ros2_data/include/ros2_data/ros2_data/msg/detail/joint_pose_s__functions.h
[0.406s] -- Up-to-date: /home/drail/ros2_ws/install/ros2_data/include/ros2_data/ros2_data/msg/detail/joint_pose__struct.h
[0.406s] -- Up-to-date: /home/drail/ros2_ws/install/ros2_data/include/ros2_data/ros2_data/msg/detail/joint_pose_s__functions.c
[0.406s] -- Up-to-date: /home/drail/ros2_ws/install/ros2_data/include/ros2_data/ros2_data/msg/detail/joint_pose__functions.h
[0.406s] -- Up-to-date: /home/drail/ros2_ws/install/ros2_data/include/ros2_data/ros2_data/msg/detail/joint_pose__functions.c
[0.406s] -- Up-to-date: /home/drail/ros2_ws/install/ros2_data/include/ros2_data/ros2_data/msg/detail/joint_pose_s__type_support.h
[0.406s] -- Up-to-date: /home/drail/ros2_ws/install/ros2_data/include/ros2_data/ros2_data/msg/detail/joint_pose__type_support.h
[0.407s] -- Up-to-date: /home/drail/ros2_ws/install/ros2_data/include/ros2_data/ros2_data/msg/joint_pose.h
[0.407s] -- Up-to-date: /home/drail/ros2_ws/install/ros2_data/include/ros2_data/ros2_data/msg/rosidl_generator_c__visibility_control.h
[0.407s] -- Up-to-date: /home/drail/ros2_ws/install/ros2_data/include/ros2_data/ros2_data/msg/joint_pose_s.h
[0.407s] -- Up-to-date: /home/drail/ros2_ws/install/ros2_data/share/ros2_data/environment/library_path.sh
[0.407s] -- Up-to-date: /home/drail/ros2_ws/install/ros2_data/share/ros2_data/environment/library_path.dsv
[0.407s] -- Up-to-date: /home/drail/ros2_ws/install/ros2_data/lib/libros2_data__rosidl_generator_c.so
[0.407s] -- Up-to-date: /home/drail/ros2_ws/install/ros2_data/include/ros2_data/ros2_data
[0.407s] -- Up-to-date: /home/drail/ros2_ws/install/ros2_data/include/ros2_data/ros2_data/action
[0.407s] -- Up-to-date: /home/drail/ros2_ws/install/ros2_data/include/ros2_data/ros2_data/action/detail
[0.407s] -- Up-to-date: /home/drail/ros2_ws/install/ros2_data/include/ros2_data/ros2_data/action/detail/move_js__rosidl_typesupport_fastrtps_c.h
[0.407s] -- Up-to-date: /home/drail/ros2_ws/install/ros2_data/include/ros2_data/ros2_data/action/detail/move_l__rosidl_typesupport_fastrtps_c.h
[0.407s] -- Up-to-date: /home/drail/ros2_ws/install/ros2_data/include/ros2_data/ros2_data/action/detail/move_ypr__rosidl_typesupport_fastrtps_c.h
[0.407s] -- Up-to-date: /home/drail/ros2_ws/install/ros2_data/include/ros2_data/ros2_data/action/detail/move_rp__rosidl_typesupport_fastrtps_c.h
[0.407s] -- Up-to-date: /home/drail/ros2_ws/install/ros2_data/include/ros2_data/ros2_data/action/detail/move_g__rosidl_typesupport_fastrtps_c.h
[0.407s] -- Up-to-date: /home/drail/ros2_ws/install/ros2_data/include/ros2_data/ros2_data/action/detail/move_rot__rosidl_typesupport_fastrtps_c.h
[0.407s] -- Up-to-date: /home/drail/ros2_ws/install/ros2_data/include/ros2_data/ros2_data/action/detail/move_r__rosidl_typesupport_fastrtps_c.h
[0.407s] -- Up-to-date: /home/drail/ros2_ws/install/ros2_data/include/ros2_data/ros2_data/action/detail/move_xyzw__rosidl_typesupport_fastrtps_c.h
[0.407s] -- Up-to-date: /home/drail/ros2_ws/install/ros2_data/include/ros2_data/ros2_data/action/detail/move_j__rosidl_typesupport_fastrtps_c.h
[0.407s] -- Up-to-date: /home/drail/ros2_ws/install/ros2_data/include/ros2_data/ros2_data/action/detail/move_xyz__rosidl_typesupport_fastrtps_c.h
[0.407s] -- Up-to-date: /home/drail/ros2_ws/install/ros2_data/include/ros2_data/ros2_data/msg
[0.408s] -- Up-to-date: /home/drail/ros2_ws/install/ros2_data/include/ros2_data/ros2_data/msg/detail
[0.408s] -- Up-to-date: /home/drail/ros2_ws/install/ros2_data/include/ros2_data/ros2_data/msg/detail/joint_pose__rosidl_typesupport_fastrtps_c.h
[0.408s] -- Up-to-date: /home/drail/ros2_ws/install/ros2_data/include/ros2_data/ros2_data/msg/detail/joint_pose_s__rosidl_typesupport_fastrtps_c.h
[0.408s] -- Up-to-date: /home/drail/ros2_ws/install/ros2_data/include/ros2_data/ros2_data/msg/rosidl_typesupport_fastrtps_c__visibility_control.h
[0.408s] -- Up-to-date: /home/drail/ros2_ws/install/ros2_data/lib/libros2_data__rosidl_typesupport_fastrtps_c.so
[0.408s] -- Up-to-date: /home/drail/ros2_ws/install/ros2_data/include/ros2_data/ros2_data
[0.408s] -- Up-to-date: /home/drail/ros2_ws/install/ros2_data/include/ros2_data/ros2_data/action
[0.408s] -- Up-to-date: /home/drail/ros2_ws/install/ros2_data/include/ros2_data/ros2_data/action/detail
[0.408s] -- Up-to-date: /home/drail/ros2_ws/install/ros2_data/include/ros2_data/ros2_data/action/detail/move_g__type_support.c
[0.408s] -- Up-to-date: /home/drail/ros2_ws/install/ros2_data/include/ros2_data/ros2_data/action/detail/move_j__rosidl_typesupport_introspection_c.h
[0.408s] -- Up-to-date: /home/drail/ros2_ws/install/ros2_data/include/ros2_data/ros2_data/action/detail/move_xyzw__rosidl_typesupport_introspection_c.h
[0.408s] -- Up-to-date: /home/drail/ros2_ws/install/ros2_data/include/ros2_data/ros2_data/action/detail/move_xyz__type_support.c
[0.408s] -- Up-to-date: /home/drail/ros2_ws/install/ros2_data/include/ros2_data/ros2_data/action/detail/move_js__rosidl_typesupport_introspection_c.h
[0.408s] -- Up-to-date: /home/drail/ros2_ws/install/ros2_data/include/ros2_data/ros2_data/action/detail/move_xyz__rosidl_typesupport_introspection_c.h
[0.408s] -- Up-to-date: /home/drail/ros2_ws/install/ros2_data/include/ros2_data/ros2_data/action/detail/move_rot__type_support.c
[0.408s] -- Up-to-date: /home/drail/ros2_ws/install/ros2_data/include/ros2_data/ros2_data/action/detail/move_xyzw__type_support.c
[0.408s] -- Up-to-date: /home/drail/ros2_ws/install/ros2_data/include/ros2_data/ros2_data/action/detail/move_j__type_support.c
[0.408s] -- Up-to-date: /home/drail/ros2_ws/install/ros2_data/include/ros2_data/ros2_data/action/detail/move_l__rosidl_typesupport_introspection_c.h
[0.408s] -- Up-to-date: /home/drail/ros2_ws/install/ros2_data/include/ros2_data/ros2_data/action/detail/move_l__type_support.c
[0.408s] -- Up-to-date: /home/drail/ros2_ws/install/ros2_data/include/ros2_data/ros2_data/action/detail/move_rp__type_support.c
[0.409s] -- Up-to-date: /home/drail/ros2_ws/install/ros2_data/include/ros2_data/ros2_data/action/detail/move_rp__rosidl_typesupport_introspection_c.h
[0.409s] -- Up-to-date: /home/drail/ros2_ws/install/ros2_data/include/ros2_data/ros2_data/action/detail/move_r__rosidl_typesupport_introspection_c.h
[0.409s] -- Up-to-date: /home/drail/ros2_ws/install/ros2_data/include/ros2_data/ros2_data/action/detail/move_ypr__type_support.c
[0.409s] -- Up-to-date: /home/drail/ros2_ws/install/ros2_data/include/ros2_data/ros2_data/action/detail/move_ypr__rosidl_typesupport_introspection_c.h
[0.409s] -- Up-to-date: /home/drail/ros2_ws/install/ros2_data/include/ros2_data/ros2_data/action/detail/move_r__type_support.c
[0.409s] -- Up-to-date: /home/drail/ros2_ws/install/ros2_data/include/ros2_data/ros2_data/action/detail/move_g__rosidl_typesupport_introspection_c.h
[0.409s] -- Up-to-date: /home/drail/ros2_ws/install/ros2_data/include/ros2_data/ros2_data/action/detail/move_rot__rosidl_typesupport_introspection_c.h
[0.409s] -- Up-to-date: /home/drail/ros2_ws/install/ros2_data/include/ros2_data/ros2_data/action/detail/move_js__type_support.c
[0.409s] -- Up-to-date: /home/drail/ros2_ws/install/ros2_data/include/ros2_data/ros2_data/msg
[0.409s] -- Up-to-date: /home/drail/ros2_ws/install/ros2_data/include/ros2_data/ros2_data/msg/rosidl_typesupport_introspection_c__visibility_control.h
[0.409s] -- Up-to-date: /home/drail/ros2_ws/install/ros2_data/include/ros2_data/ros2_data/msg/detail
[0.409s] -- Up-to-date: /home/drail/ros2_ws/install/ros2_data/include/ros2_data/ros2_data/msg/detail/joint_pose_s__type_support.c
[0.409s] -- Up-to-date: /home/drail/ros2_ws/install/ros2_data/include/ros2_data/ros2_data/msg/detail/joint_pose__rosidl_typesupport_introspection_c.h
[0.409s] -- Up-to-date: /home/drail/ros2_ws/install/ros2_data/include/ros2_data/ros2_data/msg/detail/joint_pose_s__rosidl_typesupport_introspection_c.h
[0.409s] -- Up-to-date: /home/drail/ros2_ws/install/ros2_data/include/ros2_data/ros2_data/msg/detail/joint_pose__type_support.c
[0.409s] -- Up-to-date: /home/drail/ros2_ws/install/ros2_data/lib/libros2_data__rosidl_typesupport_introspection_c.so
[0.409s] -- Up-to-date: /home/drail/ros2_ws/install/ros2_data/lib/libros2_data__rosidl_typesupport_c.so
[0.409s] -- Up-to-date: /home/drail/ros2_ws/install/ros2_data/include/ros2_data/ros2_data
[0.409s] -- Up-to-date: /home/drail/ros2_ws/install/ros2_data/include/ros2_data/ros2_data/action
[0.409s] -- Up-to-date: /home/drail/ros2_ws/install/ros2_data/include/ros2_data/ros2_data/action/move_g.hpp
[0.410s] -- Up-to-date: /home/drail/ros2_ws/install/ros2_data/include/ros2_data/ros2_data/action/move_js.hpp
[0.410s] -- Up-to-date: /home/drail/ros2_ws/install/ros2_data/include/ros2_data/ros2_data/action/move_rp.hpp
[0.410s] -- Up-to-date: /home/drail/ros2_ws/install/ros2_data/include/ros2_data/ros2_data/action/detail
[0.410s] -- Up-to-date: /home/drail/ros2_ws/install/ros2_data/include/ros2_data/ros2_data/action/detail/move_rp__type_support.hpp
[0.410s] -- Up-to-date: /home/drail/ros2_ws/install/ros2_data/include/ros2_data/ros2_data/action/detail/move_xyz__struct.hpp
[0.410s] -- Up-to-date: /home/drail/ros2_ws/install/ros2_data/include/ros2_data/ros2_data/action/detail/move_g__type_support.hpp
[0.410s] -- Up-to-date: /home/drail/ros2_ws/install/ros2_data/include/ros2_data/ros2_data/action/detail/move_rp__struct.hpp
[0.410s] -- Up-to-date: /home/drail/ros2_ws/install/ros2_data/include/ros2_data/ros2_data/action/detail/move_xyz__type_support.hpp
[0.410s] -- Up-to-date: /home/drail/ros2_ws/install/ros2_data/include/ros2_data/ros2_data/action/detail/move_g__struct.hpp
[0.410s] -- Up-to-date: /home/drail/ros2_ws/install/ros2_data/include/ros2_data/ros2_data/action/detail/move_l__type_support.hpp
[0.410s] -- Up-to-date: /home/drail/ros2_ws/install/ros2_data/include/ros2_data/ros2_data/action/detail/move_xyz__traits.hpp
[0.410s] -- Up-to-date: /home/drail/ros2_ws/install/ros2_data/include/ros2_data/ros2_data/action/detail/move_ypr__traits.hpp
[0.410s] -- Up-to-date: /home/drail/ros2_ws/install/ros2_data/include/ros2_data/ros2_data/action/detail/move_js__builder.hpp
[0.410s] -- Up-to-date: /home/drail/ros2_ws/install/ros2_data/include/ros2_data/ros2_data/action/detail/move_r__builder.hpp
[0.410s] -- Up-to-date: /home/drail/ros2_ws/install/ros2_data/include/ros2_data/ros2_data/action/detail/move_xyzw__struct.hpp
[0.410s] -- Up-to-date: /home/drail/ros2_ws/install/ros2_data/include/ros2_data/ros2_data/action/detail/move_ypr__type_support.hpp
[0.410s] -- Up-to-date: /home/drail/ros2_ws/install/ros2_data/include/ros2_data/ros2_data/action/detail/move_g__traits.hpp
[0.410s] -- Up-to-date: /home/drail/ros2_ws/install/ros2_data/include/ros2_data/ros2_data/action/detail/move_r__type_support.hpp
[0.410s] -- Up-to-date: /home/drail/ros2_ws/install/ros2_data/include/ros2_data/ros2_data/action/detail/move_j__type_support.hpp
[0.410s] -- Up-to-date: /home/drail/ros2_ws/install/ros2_data/include/ros2_data/ros2_data/action/detail/move_j__traits.hpp
[0.410s] -- Up-to-date: /home/drail/ros2_ws/install/ros2_data/include/ros2_data/ros2_data/action/detail/move_j__builder.hpp
[0.410s] -- Up-to-date: /home/drail/ros2_ws/install/ros2_data/include/ros2_data/ros2_data/action/detail/move_ypr__builder.hpp
[0.411s] -- Up-to-date: /home/drail/ros2_ws/install/ros2_data/include/ros2_data/ros2_data/action/detail/move_xyzw__builder.hpp
[0.411s] -- Up-to-date: /home/drail/ros2_ws/install/ros2_data/include/ros2_data/ros2_data/action/detail/move_rp__traits.hpp
[0.411s] -- Up-to-date: /home/drail/ros2_ws/install/ros2_data/include/ros2_data/ros2_data/action/detail/move_l__builder.hpp
[0.411s] -- Up-to-date: /home/drail/ros2_ws/install/ros2_data/include/ros2_data/ros2_data/action/detail/move_js__traits.hpp
[0.411s] -- Up-to-date: /home/drail/ros2_ws/install/ros2_data/include/ros2_data/ros2_data/action/detail/move_js__struct.hpp
[0.411s] -- Up-to-date: /home/drail/ros2_ws/install/ros2_data/include/ros2_data/ros2_data/action/detail/move_r__traits.hpp
[0.411s] -- Up-to-date: /home/drail/ros2_ws/install/ros2_data/include/ros2_data/ros2_data/action/detail/move_j__struct.hpp
[0.411s] -- Up-to-date: /home/drail/ros2_ws/install/ros2_data/include/ros2_data/ros2_data/action/detail/move_l__traits.hpp
[0.411s] -- Up-to-date: /home/drail/ros2_ws/install/ros2_data/include/ros2_data/ros2_data/action/detail/move_r__struct.hpp
[0.411s] -- Up-to-date: /home/drail/ros2_ws/install/ros2_data/include/ros2_data/ros2_data/action/detail/move_xyz__builder.hpp
[0.411s] -- Up-to-date: /home/drail/ros2_ws/install/ros2_data/include/ros2_data/ros2_data/action/detail/move_ypr__struct.hpp
[0.411s] -- Up-to-date: /home/drail/ros2_ws/install/ros2_data/include/ros2_data/ros2_data/action/detail/move_js__type_support.hpp
[0.411s] -- Up-to-date: /home/drail/ros2_ws/install/ros2_data/include/ros2_data/ros2_data/action/detail/move_rp__builder.hpp
[0.411s] -- Up-to-date: /home/drail/ros2_ws/install/ros2_data/include/ros2_data/ros2_data/action/detail/move_g__builder.hpp
[0.411s] -- Up-to-date: /home/drail/ros2_ws/install/ros2_data/include/ros2_data/ros2_data/action/detail/move_rot__type_support.hpp
[0.411s] -- Up-to-date: /home/drail/ros2_ws/install/ros2_data/include/ros2_data/ros2_data/action/detail/move_rot__traits.hpp
[0.411s] -- Up-to-date: /home/drail/ros2_ws/install/ros2_data/include/ros2_data/ros2_data/action/detail/move_xyzw__traits.hpp
[0.411s] -- Up-to-date: /home/drail/ros2_ws/install/ros2_data/include/ros2_data/ros2_data/action/detail/move_xyzw__type_support.hpp
[0.411s] -- Up-to-date: /home/drail/ros2_ws/install/ros2_data/include/ros2_data/ros2_data/action/detail/move_rot__builder.hpp
[0.411s] -- Up-to-date: /home/drail/ros2_ws/install/ros2_data/include/ros2_data/ros2_data/action/detail/move_rot__struct.hpp
[0.411s] -- Up-to-date: /home/drail/ros2_ws/install/ros2_data/include/ros2_data/ros2_data/action/detail/move_l__struct.hpp
[0.411s] -- Up-to-date: /home/drail/ros2_ws/install/ros2_data/include/ros2_data/ros2_data/action/move_rot.hpp
[0.411s] -- Up-to-date: /home/drail/ros2_ws/install/ros2_data/include/ros2_data/ros2_data/action/move_xyz.hpp
[0.412s] -- Up-to-date: /home/drail/ros2_ws/install/ros2_data/include/ros2_data/ros2_data/action/move_l.hpp
[0.412s] -- Up-to-date: /home/drail/ros2_ws/install/ros2_data/include/ros2_data/ros2_data/action/move_r.hpp
[0.412s] -- Up-to-date: /home/drail/ros2_ws/install/ros2_data/include/ros2_data/ros2_data/action/move_ypr.hpp
[0.412s] -- Up-to-date: /home/drail/ros2_ws/install/ros2_data/include/ros2_data/ros2_data/action/move_j.hpp
[0.412s] -- Up-to-date: /home/drail/ros2_ws/install/ros2_data/include/ros2_data/ros2_data/action/move_xyzw.hpp
[0.412s] -- Up-to-date: /home/drail/ros2_ws/install/ros2_data/include/ros2_data/ros2_data/msg
[0.412s] -- Up-to-date: /home/drail/ros2_ws/install/ros2_data/include/ros2_data/ros2_data/msg/joint_pose_s.hpp
[0.412s] -- Up-to-date: /home/drail/ros2_ws/install/ros2_data/include/ros2_data/ros2_data/msg/joint_pose.hpp
[0.412s] -- Up-to-date: /home/drail/ros2_ws/install/ros2_data/include/ros2_data/ros2_data/msg/detail
[0.412s] -- Up-to-date: /home/drail/ros2_ws/install/ros2_data/include/ros2_data/ros2_data/msg/detail/joint_pose_s__type_support.hpp
[0.412s] -- Up-to-date: /home/drail/ros2_ws/install/ros2_data/include/ros2_data/ros2_data/msg/detail/joint_pose_s__traits.hpp
[0.412s] -- Up-to-date: /home/drail/ros2_ws/install/ros2_data/include/ros2_data/ros2_data/msg/detail/joint_pose_s__struct.hpp
[0.412s] -- Up-to-date: /home/drail/ros2_ws/install/ros2_data/include/ros2_data/ros2_data/msg/detail/joint_pose__type_support.hpp
[0.412s] -- Up-to-date: /home/drail/ros2_ws/install/ros2_data/include/ros2_data/ros2_data/msg/detail/joint_pose__traits.hpp
[0.412s] -- Up-to-date: /home/drail/ros2_ws/install/ros2_data/include/ros2_data/ros2_data/msg/detail/joint_pose__builder.hpp
[0.412s] -- Up-to-date: /home/drail/ros2_ws/install/ros2_data/include/ros2_data/ros2_data/msg/detail/joint_pose__struct.hpp
[0.412s] -- Up-to-date: /home/drail/ros2_ws/install/ros2_data/include/ros2_data/ros2_data/msg/detail/joint_pose_s__builder.hpp
[0.412s] -- Up-to-date: /home/drail/ros2_ws/install/ros2_data/include/ros2_data/ros2_data/msg/rosidl_generator_cpp__visibility_control.hpp
[0.412s] -- Up-to-date: /home/drail/ros2_ws/install/ros2_data/include/ros2_data/ros2_data
[0.412s] -- Up-to-date: /home/drail/ros2_ws/install/ros2_data/include/ros2_data/ros2_data/action
[0.412s] -- Up-to-date: /home/drail/ros2_ws/install/ros2_data/include/ros2_data/ros2_data/action/detail
[0.412s] -- Up-to-date: /home/drail/ros2_ws/install/ros2_data/include/ros2_data/ros2_data/action/detail/move_r__rosidl_typesupport_fastrtps_cpp.hpp
[0.412s] -- Up-to-date: /home/drail/ros2_ws/install/ros2_data/include/ros2_data/ros2_data/action/detail/move_rot__rosidl_typesupport_fastrtps_cpp.hpp
[0.412s] -- Up-to-date: /home/drail/ros2_ws/install/ros2_data/include/ros2_data/ros2_data/action/detail/move_rp__rosidl_typesupport_fastrtps_cpp.hpp
[0.412s] -- Up-to-date: /home/drail/ros2_ws/install/ros2_data/include/ros2_data/ros2_data/action/detail/move_xyzw__rosidl_typesupport_fastrtps_cpp.hpp
[0.413s] -- Up-to-date: /home/drail/ros2_ws/install/ros2_data/include/ros2_data/ros2_data/action/detail/move_js__rosidl_typesupport_fastrtps_cpp.hpp
[0.413s] -- Up-to-date: /home/drail/ros2_ws/install/ros2_data/include/ros2_data/ros2_data/action/detail/move_xyz__rosidl_typesupport_fastrtps_cpp.hpp
[0.413s] -- Up-to-date: /home/drail/ros2_ws/install/ros2_data/include/ros2_data/ros2_data/action/detail/move_ypr__rosidl_typesupport_fastrtps_cpp.hpp
[0.413s] -- Up-to-date: /home/drail/ros2_ws/install/ros2_data/include/ros2_data/ros2_data/action/detail/dds_fastrtps
[0.413s] -- Up-to-date: /home/drail/ros2_ws/install/ros2_data/include/ros2_data/ros2_data/action/detail/move_j__rosidl_typesupport_fastrtps_cpp.hpp
[0.413s] -- Up-to-date: /home/drail/ros2_ws/install/ros2_data/include/ros2_data/ros2_data/action/detail/move_g__rosidl_typesupport_fastrtps_cpp.hpp
[0.413s] -- Up-to-date: /home/drail/ros2_ws/install/ros2_data/include/ros2_data/ros2_data/action/detail/move_l__rosidl_typesupport_fastrtps_cpp.hpp
[0.413s] -- Up-to-date: /home/drail/ros2_ws/install/ros2_data/include/ros2_data/ros2_data/msg
[0.413s] -- Up-to-date: /home/drail/ros2_ws/install/ros2_data/include/ros2_data/ros2_data/msg/rosidl_typesupport_fastrtps_cpp__visibility_control.h
[0.413s] -- Up-to-date: /home/drail/ros2_ws/install/ros2_data/include/ros2_data/ros2_data/msg/detail
[0.413s] -- Up-to-date: /home/drail/ros2_ws/install/ros2_data/include/ros2_data/ros2_data/msg/detail/joint_pose_s__rosidl_typesupport_fastrtps_cpp.hpp
[0.413s] -- Up-to-date: /home/drail/ros2_ws/install/ros2_data/include/ros2_data/ros2_data/msg/detail/joint_pose__rosidl_typesupport_fastrtps_cpp.hpp
[0.413s] -- Up-to-date: /home/drail/ros2_ws/install/ros2_data/include/ros2_data/ros2_data/msg/detail/dds_fastrtps
[0.413s] -- Up-to-date: /home/drail/ros2_ws/install/ros2_data/lib/libros2_data__rosidl_typesupport_fastrtps_cpp.so
[0.413s] -- Up-to-date: /home/drail/ros2_ws/install/ros2_data/include/ros2_data/ros2_data
[0.413s] -- Up-to-date: /home/drail/ros2_ws/install/ros2_data/include/ros2_data/ros2_data/action
[0.413s] -- Up-to-date: /home/drail/ros2_ws/install/ros2_data/include/ros2_data/ros2_data/action/detail
[0.413s] -- Up-to-date: /home/drail/ros2_ws/install/ros2_data/include/ros2_data/ros2_data/action/detail/move_ypr__rosidl_typesupport_introspection_cpp.hpp
[0.413s] -- Up-to-date: /home/drail/ros2_ws/install/ros2_data/include/ros2_data/ros2_data/action/detail/move_xyz__type_support.cpp
[0.413s] -- Up-to-date: /home/drail/ros2_ws/install/ros2_data/include/ros2_data/ros2_data/action/detail/move_g__type_support.cpp
[0.413s] -- Up-to-date: /home/drail/ros2_ws/install/ros2_data/include/ros2_data/ros2_data/action/detail/move_r__type_support.cpp
[0.413s] -- Up-to-date: /home/drail/ros2_ws/install/ros2_data/include/ros2_data/ros2_data/action/detail/move_ypr__type_support.cpp
[0.413s] -- Up-to-date: /home/drail/ros2_ws/install/ros2_data/include/ros2_data/ros2_data/action/detail/move_xyz__rosidl_typesupport_introspection_cpp.hpp
[0.413s] -- Up-to-date: /home/drail/ros2_ws/install/ros2_data/include/ros2_data/ros2_data/action/detail/move_rp__type_support.cpp
[0.413s] -- Up-to-date: /home/drail/ros2_ws/install/ros2_data/include/ros2_data/ros2_data/action/detail/move_j__rosidl_typesupport_introspection_cpp.hpp
[0.414s] -- Up-to-date: /home/drail/ros2_ws/install/ros2_data/include/ros2_data/ros2_data/action/detail/move_rot__type_support.cpp
[0.414s] -- Up-to-date: /home/drail/ros2_ws/install/ros2_data/include/ros2_data/ros2_data/action/detail/move_l__type_support.cpp
[0.414s] -- Up-to-date: /home/drail/ros2_ws/install/ros2_data/include/ros2_data/ros2_data/action/detail/move_js__rosidl_typesupport_introspection_cpp.hpp
[0.414s] -- Up-to-date: /home/drail/ros2_ws/install/ros2_data/include/ros2_data/ros2_data/action/detail/move_r__rosidl_typesupport_introspection_cpp.hpp
[0.414s] -- Up-to-date: /home/drail/ros2_ws/install/ros2_data/include/ros2_data/ros2_data/action/detail/move_rp__rosidl_typesupport_introspection_cpp.hpp
[0.414s] -- Up-to-date: /home/drail/ros2_ws/install/ros2_data/include/ros2_data/ros2_data/action/detail/move_xyzw__type_support.cpp
[0.414s] -- Up-to-date: /home/drail/ros2_ws/install/ros2_data/include/ros2_data/ros2_data/action/detail/move_rot__rosidl_typesupport_introspection_cpp.hpp
[0.414s] -- Up-to-date: /home/drail/ros2_ws/install/ros2_data/include/ros2_data/ros2_data/action/detail/move_js__type_support.cpp
[0.414s] -- Up-to-date: /home/drail/ros2_ws/install/ros2_data/include/ros2_data/ros2_data/action/detail/move_g__rosidl_typesupport_introspection_cpp.hpp
[0.414s] -- Up-to-date: /home/drail/ros2_ws/install/ros2_data/include/ros2_data/ros2_data/action/detail/move_j__type_support.cpp
[0.414s] -- Up-to-date: /home/drail/ros2_ws/install/ros2_data/include/ros2_data/ros2_data/action/detail/move_l__rosidl_typesupport_introspection_cpp.hpp
[0.414s] -- Up-to-date: /home/drail/ros2_ws/install/ros2_data/include/ros2_data/ros2_data/action/detail/move_xyzw__rosidl_typesupport_introspection_cpp.hpp
[0.414s] -- Up-to-date: /home/drail/ros2_ws/install/ros2_data/include/ros2_data/ros2_data/msg
[0.414s] -- Up-to-date: /home/drail/ros2_ws/install/ros2_data/include/ros2_data/ros2_data/msg/detail
[0.414s] -- Up-to-date: /home/drail/ros2_ws/install/ros2_data/include/ros2_data/ros2_data/msg/detail/joint_pose__rosidl_typesupport_introspection_cpp.hpp
[0.414s] -- Up-to-date: /home/drail/ros2_ws/install/ros2_data/include/ros2_data/ros2_data/msg/detail/joint_pose_s__rosidl_typesupport_introspection_cpp.hpp
[0.414s] -- Up-to-date: /home/drail/ros2_ws/install/ros2_data/include/ros2_data/ros2_data/msg/detail/joint_pose_s__type_support.cpp
[0.414s] -- Up-to-date: /home/drail/ros2_ws/install/ros2_data/include/ros2_data/ros2_data/msg/detail/joint_pose__type_support.cpp
[0.414s] -- Up-to-date: /home/drail/ros2_ws/install/ros2_data/lib/libros2_data__rosidl_typesupport_introspection_cpp.so
[0.414s] -- Up-to-date: /home/drail/ros2_ws/install/ros2_data/lib/libros2_data__rosidl_typesupport_cpp.so
[0.414s] -- Up-to-date: /home/drail/ros2_ws/install/ros2_data/share/ros2_data/environment/pythonpath.sh
[0.414s] -- Up-to-date: /home/drail/ros2_ws/install/ros2_data/share/ros2_data/environment/pythonpath.dsv
[0.414s] -- Up-to-date: /home/drail/ros2_ws/install/ros2_data/local/lib/python3.10/dist-packages/ros2_data-0.0.0-py3.10.egg-info
[0.415s] -- Installing: /home/drail/ros2_ws/install/ros2_data/local/lib/python3.10/dist-packages/ros2_data-0.0.0-py3.10.egg-info/top_level.txt
[0.415s] -- Installing: /home/drail/ros2_ws/install/ros2_data/local/lib/python3.10/dist-packages/ros2_data-0.0.0-py3.10.egg-info/PKG-INFO
[0.415s] -- Installing: /home/drail/ros2_ws/install/ros2_data/local/lib/python3.10/dist-packages/ros2_data-0.0.0-py3.10.egg-info/SOURCES.txt
[0.415s] -- Installing: /home/drail/ros2_ws/install/ros2_data/local/lib/python3.10/dist-packages/ros2_data-0.0.0-py3.10.egg-info/dependency_links.txt
[0.415s] -- Up-to-date: /home/drail/ros2_ws/install/ros2_data/local/lib/python3.10/dist-packages/ros2_data
[0.415s] -- Up-to-date: /home/drail/ros2_ws/install/ros2_data/local/lib/python3.10/dist-packages/ros2_data/ros2_data_s__rosidl_typesupport_fastrtps_c.cpython-310-x86_64-linux-gnu.so
[0.415s] -- Up-to-date: /home/drail/ros2_ws/install/ros2_data/local/lib/python3.10/dist-packages/ros2_data/libros2_data__rosidl_generator_py.so
[0.415s] -- Up-to-date: /home/drail/ros2_ws/install/ros2_data/local/lib/python3.10/dist-packages/ros2_data/ros2_data_s__rosidl_typesupport_c.cpython-310-x86_64-linux-gnu.so
[0.415s] -- Up-to-date: /home/drail/ros2_ws/install/ros2_data/local/lib/python3.10/dist-packages/ros2_data/_ros2_data_s.ep.rosidl_typesupport_fastrtps_c.c
[0.415s] -- Up-to-date: /home/drail/ros2_ws/install/ros2_data/local/lib/python3.10/dist-packages/ros2_data/_ros2_data_s.ep.rosidl_typesupport_introspection_c.c
[0.415s] -- Up-to-date: /home/drail/ros2_ws/install/ros2_data/local/lib/python3.10/dist-packages/ros2_data/ros2_data_s__rosidl_typesupport_introspection_c.cpython-310-x86_64-linux-gnu.so
[0.415s] -- Up-to-date: /home/drail/ros2_ws/install/ros2_data/local/lib/python3.10/dist-packages/ros2_data/_ros2_data_s.ep.rosidl_typesupport_c.c
[0.415s] -- Up-to-date: /home/drail/ros2_ws/install/ros2_data/local/lib/python3.10/dist-packages/ros2_data/__init__.py
[0.415s] -- Up-to-date: /home/drail/ros2_ws/install/ros2_data/local/lib/python3.10/dist-packages/ros2_data/action
[0.415s] -- Up-to-date: /home/drail/ros2_ws/install/ros2_data/local/lib/python3.10/dist-packages/ros2_data/action/_move_r.py
[0.415s] -- Up-to-date: /home/drail/ros2_ws/install/ros2_data/local/lib/python3.10/dist-packages/ros2_data/action/_move_rp.py
[0.415s] -- Up-to-date: /home/drail/ros2_ws/install/ros2_data/local/lib/python3.10/dist-packages/ros2_data/action/_move_j.py
[0.415s] -- Up-to-date: /home/drail/ros2_ws/install/ros2_data/local/lib/python3.10/dist-packages/ros2_data/action/_move_js_s.c
[0.415s] -- Up-to-date: /home/drail/ros2_ws/install/ros2_data/local/lib/python3.10/dist-packages/ros2_data/action/_move_rp_s.c
[0.416s] -- Up-to-date: /home/drail/ros2_ws/install/ros2_data/local/lib/python3.10/dist-packages/ros2_data/action/_move_rot_s.c
[0.416s] -- Up-to-date: /home/drail/ros2_ws/install/ros2_data/local/lib/python3.10/dist-packages/ros2_data/action/_move_j_s.c
[0.416s] -- Up-to-date: /home/drail/ros2_ws/install/ros2_data/local/lib/python3.10/dist-packages/ros2_data/action/_move_g_s.c
[0.416s] -- Up-to-date: /home/drail/ros2_ws/install/ros2_data/local/lib/python3.10/dist-packages/ros2_data/action/_move_xyz_s.c
[0.416s] -- Up-to-date: /home/drail/ros2_ws/install/ros2_data/local/lib/python3.10/dist-packages/ros2_data/action/_move_ypr.py
[0.416s] -- Up-to-date: /home/drail/ros2_ws/install/ros2_data/local/lib/python3.10/dist-packages/ros2_data/action/_move_r_s.c
[0.416s] -- Up-to-date: /home/drail/ros2_ws/install/ros2_data/local/lib/python3.10/dist-packages/ros2_data/action/_move_l_s.c
[0.416s] -- Up-to-date: /home/drail/ros2_ws/install/ros2_data/local/lib/python3.10/dist-packages/ros2_data/action/_move_xyz.py
[0.416s] -- Up-to-date: /home/drail/ros2_ws/install/ros2_data/local/lib/python3.10/dist-packages/ros2_data/action/_move_ypr_s.c
[0.416s] -- Up-to-date: /home/drail/ros2_ws/install/ros2_data/local/lib/python3.10/dist-packages/ros2_data/action/_move_js.py
[0.416s] -- Up-to-date: /home/drail/ros2_ws/install/ros2_data/local/lib/python3.10/dist-packages/ros2_data/action/_move_l.py
[0.416s] -- Up-to-date: /home/drail/ros2_ws/install/ros2_data/local/lib/python3.10/dist-packages/ros2_data/action/_move_xyzw.py
[0.416s] -- Up-to-date: /home/drail/ros2_ws/install/ros2_data/local/lib/python3.10/dist-packages/ros2_data/action/_move_xyzw_s.c
[0.416s] -- Up-to-date: /home/drail/ros2_ws/install/ros2_data/local/lib/python3.10/dist-packages/ros2_data/action/__init__.py
[0.416s] -- Up-to-date: /home/drail/ros2_ws/install/ros2_data/local/lib/python3.10/dist-packages/ros2_data/action/_move_g.py
[0.416s] -- Up-to-date: /home/drail/ros2_ws/install/ros2_data/local/lib/python3.10/dist-packages/ros2_data/action/_move_rot.py
[0.416s] -- Up-to-date: /home/drail/ros2_ws/install/ros2_data/local/lib/python3.10/dist-packages/ros2_data/msg
[0.416s] -- Up-to-date: /home/drail/ros2_ws/install/ros2_data/local/lib/python3.10/dist-packages/ros2_data/msg/_joint_pose.py
[0.416s] -- Up-to-date: /home/drail/ros2_ws/install/ros2_data/local/lib/python3.10/dist-packages/ros2_data/msg/_joint_pose_s.py
[0.416s] -- Up-to-date: /home/drail/ros2_ws/install/ros2_data/local/lib/python3.10/dist-packages/ros2_data/msg/_joint_pose_s.c
[0.417s] -- Up-to-date: /home/drail/ros2_ws/install/ros2_data/local/lib/python3.10/dist-packages/ros2_data/msg/_joint_pose_s_s.c
[0.417s] -- Up-to-date: /home/drail/ros2_ws/install/ros2_data/local/lib/python3.10/dist-packages/ros2_data/msg/__init__.py
[0.439s] Listing '/home/drail/ros2_ws/install/ros2_data/local/lib/python3.10/dist-packages/ros2_data'...
[0.439s] Listing '/home/drail/ros2_ws/install/ros2_data/local/lib/python3.10/dist-packages/ros2_data/action'...
[0.439s] Listing '/home/drail/ros2_ws/install/ros2_data/local/lib/python3.10/dist-packages/ros2_data/msg'...
[0.442s] -- Up-to-date: /home/drail/ros2_ws/install/ros2_data/local/lib/python3.10/dist-packages/ros2_data/ros2_data_s__rosidl_typesupport_fastrtps_c.cpython-310-x86_64-linux-gnu.so
[0.442s] -- Up-to-date: /home/drail/ros2_ws/install/ros2_data/local/lib/python3.10/dist-packages/ros2_data/ros2_data_s__rosidl_typesupport_introspection_c.cpython-310-x86_64-linux-gnu.so
[0.442s] -- Up-to-date: /home/drail/ros2_ws/install/ros2_data/local/lib/python3.10/dist-packages/ros2_data/ros2_data_s__rosidl_typesupport_c.cpython-310-x86_64-linux-gnu.so
[0.442s] -- Up-to-date: /home/drail/ros2_ws/install/ros2_data/lib/libros2_data__rosidl_generator_py.so
[0.442s] -- Up-to-date: /home/drail/ros2_ws/install/ros2_data/share/ros2_data/msg/JointPose.idl
[0.443s] -- Up-to-date: /home/drail/ros2_ws/install/ros2_data/share/ros2_data/msg/JointPoseS.idl
[0.443s] -- Up-to-date: /home/drail/ros2_ws/install/ros2_data/share/ros2_data/action/MoveJ.idl
[0.443s] -- Up-to-date: /home/drail/ros2_ws/install/ros2_data/share/ros2_data/action/MoveJs.idl
[0.443s] -- Up-to-date: /home/drail/ros2_ws/install/ros2_data/share/ros2_data/action/MoveG.idl
[0.443s] -- Up-to-date: /home/drail/ros2_ws/install/ros2_data/share/ros2_data/action/MoveXYZW.idl
[0.443s] -- Up-to-date: /home/drail/ros2_ws/install/ros2_data/share/ros2_data/action/MoveL.idl
[0.443s] -- Up-to-date: /home/drail/ros2_ws/install/ros2_data/share/ros2_data/action/MoveR.idl
[0.443s] -- Up-to-date: /home/drail/ros2_ws/install/ros2_data/share/ros2_data/action/MoveXYZ.idl
[0.443s] -- Up-to-date: /home/drail/ros2_ws/install/ros2_data/share/ros2_data/action/MoveYPR.idl
[0.443s] -- Up-to-date: /home/drail/ros2_ws/install/ros2_data/share/ros2_data/action/MoveROT.idl
[0.444s] -- Up-to-date: /home/drail/ros2_ws/install/ros2_data/share/ros2_data/action/MoveRP.idl
[0.444s] -- Up-to-date: /home/drail/ros2_ws/install/ros2_data/share/ros2_data/msg/JointPose.msg
[0.444s] -- Up-to-date: /home/drail/ros2_ws/install/ros2_data/share/ros2_data/msg/JointPoseS.msg
[0.444s] -- Up-to-date: /home/drail/ros2_ws/install/ros2_data/share/ros2_data/action/MoveJ.action
[0.444s] -- Up-to-date: /home/drail/ros2_ws/install/ros2_data/share/ros2_data/action/MoveJs.action
[0.444s] -- Up-to-date: /home/drail/ros2_ws/install/ros2_data/share/ros2_data/action/MoveG.action
[0.444s] -- Up-to-date: /home/drail/ros2_ws/install/ros2_data/share/ros2_data/action/MoveXYZW.action
[0.444s] -- Up-to-date: /home/drail/ros2_ws/install/ros2_data/share/ros2_data/action/MoveL.action
[0.444s] -- Up-to-date: /home/drail/ros2_ws/install/ros2_data/share/ros2_data/action/MoveR.action
[0.444s] -- Up-to-date: /home/drail/ros2_ws/install/ros2_data/share/ros2_data/action/MoveXYZ.action
[0.444s] -- Up-to-date: /home/drail/ros2_ws/install/ros2_data/share/ros2_data/action/MoveYPR.action
[0.444s] -- Up-to-date: /home/drail/ros2_ws/install/ros2_data/share/ros2_data/action/MoveROT.action
[0.445s] -- Up-to-date: /home/drail/ros2_ws/install/ros2_data/share/ros2_data/action/MoveRP.action
[0.445s] -- Up-to-date: /home/drail/ros2_ws/install/ros2_data/share/ament_index/resource_index/package_run_dependencies/ros2_data
[0.445s] -- Up-to-date: /home/drail/ros2_ws/install/ros2_data/share/ament_index/resource_index/parent_prefix_path/ros2_data
[0.445s] -- Up-to-date: /home/drail/ros2_ws/install/ros2_data/share/ros2_data/environment/ament_prefix_path.sh
[0.445s] -- Up-to-date: /home/drail/ros2_ws/install/ros2_data/share/ros2_data/environment/ament_prefix_path.dsv
[0.445s] -- Up-to-date: /home/drail/ros2_ws/install/ros2_data/share/ros2_data/environment/path.sh
[0.445s] -- Up-to-date: /home/drail/ros2_ws/install/ros2_data/share/ros2_data/environment/path.dsv
[0.445s] -- Up-to-date: /home/drail/ros2_ws/install/ros2_data/share/ros2_data/local_setup.bash
[0.445s] -- Up-to-date: /home/drail/ros2_ws/install/ros2_data/share/ros2_data/local_setup.sh
[0.445s] -- Up-to-date: /home/drail/ros2_ws/install/ros2_data/share/ros2_data/local_setup.zsh
[0.445s] -- Up-to-date: /home/drail/ros2_ws/install/ros2_data/share/ros2_data/local_setup.dsv
[0.445s] -- Installing: /home/drail/ros2_ws/install/ros2_data/share/ros2_data/package.dsv
[0.445s] -- Up-to-date: /home/drail/ros2_ws/install/ros2_data/share/ament_index/resource_index/packages/ros2_data
[0.445s] -- Up-to-date: /home/drail/ros2_ws/install/ros2_data/share/ros2_data/cmake/export_ros2_data__rosidl_generator_cExport.cmake
[0.445s] -- Up-to-date: /home/drail/ros2_ws/install/ros2_data/share/ros2_data/cmake/export_ros2_data__rosidl_generator_cExport-noconfig.cmake
[0.445s] -- Up-to-date: /home/drail/ros2_ws/install/ros2_data/share/ros2_data/cmake/export_ros2_data__rosidl_typesupport_fastrtps_cExport.cmake
[0.445s] -- Up-to-date: /home/drail/ros2_ws/install/ros2_data/share/ros2_data/cmake/export_ros2_data__rosidl_typesupport_fastrtps_cExport-noconfig.cmake
[0.446s] -- Up-to-date: /home/drail/ros2_ws/install/ros2_data/share/ros2_data/cmake/ros2_data__rosidl_typesupport_introspection_cExport.cmake
[0.446s] -- Up-to-date: /home/drail/ros2_ws/install/ros2_data/share/ros2_data/cmake/ros2_data__rosidl_typesupport_introspection_cExport-noconfig.cmake
[0.446s] -- Up-to-date: /home/drail/ros2_ws/install/ros2_data/share/ros2_data/cmake/ros2_data__rosidl_typesupport_cExport.cmake
[0.446s] -- Up-to-date: /home/drail/ros2_ws/install/ros2_data/share/ros2_data/cmake/ros2_data__rosidl_typesupport_cExport-noconfig.cmake
[0.446s] -- Up-to-date: /home/drail/ros2_ws/install/ros2_data/share/ros2_data/cmake/export_ros2_data__rosidl_generator_cppExport.cmake
[0.446s] -- Up-to-date: /home/drail/ros2_ws/install/ros2_data/share/ros2_data/cmake/export_ros2_data__rosidl_typesupport_fastrtps_cppExport.cmake
[0.446s] -- Up-to-date: /home/drail/ros2_ws/install/ros2_data/share/ros2_data/cmake/export_ros2_data__rosidl_typesupport_fastrtps_cppExport-noconfig.cmake
[0.446s] -- Up-to-date: /home/drail/ros2_ws/install/ros2_data/share/ros2_data/cmake/ros2_data__rosidl_typesupport_introspection_cppExport.cmake
[0.446s] -- Up-to-date: /home/drail/ros2_ws/install/ros2_data/share/ros2_data/cmake/ros2_data__rosidl_typesupport_introspection_cppExport-noconfig.cmake
[0.446s] -- Up-to-date: /home/drail/ros2_ws/install/ros2_data/share/ros2_data/cmake/ros2_data__rosidl_typesupport_cppExport.cmake
[0.446s] -- Up-to-date: /home/drail/ros2_ws/install/ros2_data/share/ros2_data/cmake/ros2_data__rosidl_typesupport_cppExport-noconfig.cmake
[0.446s] -- Up-to-date: /home/drail/ros2_ws/install/ros2_data/share/ros2_data/cmake/export_ros2_data__rosidl_generator_pyExport.cmake
[0.446s] -- Up-to-date: /home/drail/ros2_ws/install/ros2_data/share/ros2_data/cmake/export_ros2_data__rosidl_generator_pyExport-noconfig.cmake
[0.446s] -- Up-to-date: /home/drail/ros2_ws/install/ros2_data/share/ros2_data/cmake/rosidl_cmake-extras.cmake
[0.446s] -- Up-to-date: /home/drail/ros2_ws/install/ros2_data/share/ros2_data/cmake/ament_cmake_export_dependencies-extras.cmake
[0.446s] -- Up-to-date: /home/drail/ros2_ws/install/ros2_data/share/ros2_data/cmake/ament_cmake_export_include_directories-extras.cmake
[0.446s] -- Up-to-date: /home/drail/ros2_ws/install/ros2_data/share/ros2_data/cmake/ament_cmake_export_libraries-extras.cmake
[0.447s] -- Up-to-date: /home/drail/ros2_ws/install/ros2_data/share/ros2_data/cmake/ament_cmake_export_targets-extras.cmake
[0.447s] -- Up-to-date: /home/drail/ros2_ws/install/ros2_data/share/ros2_data/cmake/rosidl_cmake_export_typesupport_targets-extras.cmake
[0.447s] -- Up-to-date: /home/drail/ros2_ws/install/ros2_data/share/ros2_data/cmake/rosidl_cmake_export_typesupport_libraries-extras.cmake
[0.447s] -- Up-to-date: /home/drail/ros2_ws/install/ros2_data/share/ros2_data/cmake/ros2_dataConfig.cmake
[0.447s] -- Up-to-date: /home/drail/ros2_ws/install/ros2_data/share/ros2_data/cmake/ros2_dataConfig-version.cmake
[0.447s] -- Up-to-date: /home/drail/ros2_ws/install/ros2_data/share/ros2_data/package.xml
[0.449s] Invoked command in '/home/drail/ros2_ws/build/ros2_data' returned '0': CMAKE_PREFIX_PATH=${CMAKE_PREFIX_PATH}:/opt/ros/humble /usr/bin/cmake --install /home/drail/ros2_ws/build/ros2_data
