[0.081s] Invoking command in '/home/drail/ros2_ws/build/ros2_data': CMAKE_PREFIX_PATH=${CMAKE_PREFIX_PATH}:/opt/ros/humble /usr/bin/cmake /home/drail/ros2_ws/src/ros2_RobotSimulation/ros2_data -DCMAKE_INSTALL_PREFIX=/home/drail/ros2_ws/install/ros2_data
[0.134s] -- The C compiler identification is GNU 11.4.0
[0.179s] -- The CXX compiler identification is GNU 11.4.0
[0.186s] -- Detecting C compiler ABI info
[0.246s] -- Detecting C compiler ABI info - done
[0.251s] -- Check for working C compiler: /usr/bin/cc - skipped
[0.251s] -- Detecting C compile features
[0.251s] -- Detecting C compile features - done
[0.254s] -- Detecting CXX compiler ABI info
[0.322s] -- Detecting CXX compiler ABI info - done
[0.330s] -- Check for working CXX compiler: /usr/bin/c++ - skipped
[0.330s] -- Detecting CXX compile features
[0.331s] -- Detecting CXX compile features - done
[0.333s] -- Found ament_cmake: 1.3.12 (/home/drail/ros2_humble/ros2-linux/share/ament_cmake/cmake)
[0.455s] -- Found Python3: /usr/bin/python3 (found version "3.10.12") found components: Interpreter 
[0.525s] -- Found rosidl_default_generators: 1.2.0 (/home/drail/ros2_humble/ros2-linux/share/rosidl_default_generators/cmake)
[0.527s] -- Using all available rosidl_typesupport_c: rosidl_typesupport_fastrtps_c;rosidl_typesupport_introspection_c
[0.532s] -- Found rosidl_adapter: 3.1.7 (/home/drail/ros2_humble/ros2-linux/share/rosidl_adapter/cmake)
[0.564s] -- Using all available rosidl_typesupport_cpp: rosidl_typesupport_fastrtps_cpp;rosidl_typesupport_introspection_cpp
[0.896s] -- Found ament_cmake_ros: 0.10.0 (/home/drail/ros2_humble/ros2-linux/share/ament_cmake_ros/cmake)
[1.043s] -- Using all available rosidl_typesupport_c: rosidl_typesupport_fastrtps_c;rosidl_typesupport_introspection_c
[1.226s] -- Using all available rosidl_typesupport_cpp: rosidl_typesupport_fastrtps_cpp;rosidl_typesupport_introspection_cpp
[1.243s] -- Found PythonInterp: /usr/bin/python3 (found suitable version "3.10.12", minimum required is "3.6") 
[1.245s] -- Found python_cmake_module: 0.10.0 (/home/drail/ros2_humble/ros2-linux/share/python_cmake_module/cmake)
[1.265s] -- Found PythonLibs: /usr/lib/x86_64-linux-gnu/libpython3.10.so (found suitable version "3.10.12", minimum required is "3.5") 
[1.265s] -- Using PYTHON_EXECUTABLE: /usr/bin/python3
[1.265s] -- Using PYTHON_INCLUDE_DIRS: /usr/include/python3.10
[1.265s] -- Using PYTHON_LIBRARIES: /usr/lib/x86_64-linux-gnu/libpython3.10.so
[1.287s] -- Found PythonExtra: .so  
[1.327s] -- Found ament_lint_auto: 0.12.14 (/home/drail/ros2_humble/ros2-linux/share/ament_lint_auto/cmake)
[1.349s] -- Added test 'copyright' to check source files copyright and LICENSE
[1.352s] -- Added test 'lint_cmake' to check CMake code style
[1.353s] -- Added test 'xmllint' to check XML markup files
[1.356s] -- Configuring done
[1.393s] -- Generating done
[1.401s] -- Build files have been written to: /home/drail/ros2_ws/build/ros2_data
[1.408s] Invoked command in '/home/drail/ros2_ws/build/ros2_data' returned '0': CMAKE_PREFIX_PATH=${CMAKE_PREFIX_PATH}:/opt/ros/humble /usr/bin/cmake /home/drail/ros2_ws/src/ros2_RobotSimulation/ros2_data -DCMAKE_INSTALL_PREFIX=/home/drail/ros2_ws/install/ros2_data
[1.410s] Invoking command in '/home/drail/ros2_ws/build/ros2_data': CMAKE_PREFIX_PATH=${CMAKE_PREFIX_PATH}:/opt/ros/humble /usr/bin/cmake --build /home/drail/ros2_ws/build/ros2_data -- -j24 -l24
[1.447s] [  1%] [34m[1mGenerating C code for ROS interfaces[0m
[1.456s] [  1%] [34m[1mGenerating C++ code for ROS interfaces[0m
[1.466s] [  1%] Built target ament_cmake_python_copy_ros2_data
[1.662s] running egg_info
[1.662s] creating ros2_data.egg-info
[1.662s] writing ros2_data.egg-info/PKG-INFO
[1.662s] writing dependency_links to ros2_data.egg-info/dependency_links.txt
[1.662s] writing top-level names to ros2_data.egg-info/top_level.txt
[1.663s] writing manifest file 'ros2_data.egg-info/SOURCES.txt'
[1.664s] reading manifest file 'ros2_data.egg-info/SOURCES.txt'
[1.664s] writing manifest file 'ros2_data.egg-info/SOURCES.txt'
[1.685s] [  1%] Built target ament_cmake_python_build_ros2_data_egg
[3.082s] [  2%] [32mBuilding C object CMakeFiles/ros2_data__rosidl_generator_c.dir/rosidl_generator_c/ros2_data/msg/detail/joint_pose_s__functions.c.o[0m
[3.082s] [  3%] [32mBuilding C object CMakeFiles/ros2_data__rosidl_generator_c.dir/rosidl_generator_c/ros2_data/msg/detail/joint_pose__functions.c.o[0m
[3.083s] [  3%] [32mBuilding C object CMakeFiles/ros2_data__rosidl_generator_c.dir/rosidl_generator_c/ros2_data/action/detail/move_js__functions.c.o[0m
[3.083s] [  4%] [32mBuilding C object CMakeFiles/ros2_data__rosidl_generator_c.dir/rosidl_generator_c/ros2_data/action/detail/move_j__functions.c.o[0m
[3.083s] [  5%] [32mBuilding C object CMakeFiles/ros2_data__rosidl_generator_c.dir/rosidl_generator_c/ros2_data/action/detail/move_r__functions.c.o[0m
[3.084s] [  6%] [32mBuilding C object CMakeFiles/ros2_data__rosidl_generator_c.dir/rosidl_generator_c/ros2_data/action/detail/move_l__functions.c.o[0m
[3.085s] [  8%] [32mBuilding C object CMakeFiles/ros2_data__rosidl_generator_c.dir/rosidl_generator_c/ros2_data/action/detail/move_g__functions.c.o[0m
[3.085s] [  8%] [32mBuilding C object CMakeFiles/ros2_data__rosidl_generator_c.dir/rosidl_generator_c/ros2_data/action/detail/move_xyzw__functions.c.o[0m
[3.086s] [  9%] [32mBuilding C object CMakeFiles/ros2_data__rosidl_generator_c.dir/rosidl_generator_c/ros2_data/action/detail/move_xyz__functions.c.o[0m
[3.086s] [  9%] [32mBuilding C object CMakeFiles/ros2_data__rosidl_generator_c.dir/rosidl_generator_c/ros2_data/action/detail/move_ypr__functions.c.o[0m
[3.086s] [ 11%] [32mBuilding C object CMakeFiles/ros2_data__rosidl_generator_c.dir/rosidl_generator_c/ros2_data/action/detail/move_rot__functions.c.o[0m
[3.086s] [ 11%] [32mBuilding C object CMakeFiles/ros2_data__rosidl_generator_c.dir/rosidl_generator_c/ros2_data/action/detail/move_rp__functions.c.o[0m
[3.180s] [ 11%] Built target ros2_data__cpp
[3.190s] [ 12%] [34m[1mGenerating C++ type support dispatch for ROS interfaces[0m
[3.190s] [ 13%] [34m[1mGenerating C++ introspection for ROS interfaces[0m
[3.191s] [ 13%] [34m[1mGenerating C++ type support for eProsima Fast-RTPS[0m
[3.218s] [ 14%] [32m[1mLinking C shared library libros2_data__rosidl_generator_c.so[0m
[3.253s] [ 14%] Built target ros2_data__rosidl_generator_c
[3.263s] [ 15%] [34m[1mGenerating C introspection for ROS interfaces[0m
[3.263s] [ 17%] [34m[1mGenerating C type support for eProsima Fast-RTPS[0m
[3.263s] [ 17%] [34m[1mGenerating C type support dispatch for ROS interfaces[0m
[3.901s] [ 18%] [32mBuilding CXX object CMakeFiles/ros2_data__rosidl_typesupport_cpp.dir/rosidl_typesupport_cpp/ros2_data/msg/joint_pose__type_support.cpp.o[0m
[3.901s] [ 19%] [32mBuilding CXX object CMakeFiles/ros2_data__rosidl_typesupport_cpp.dir/rosidl_typesupport_cpp/ros2_data/action/move_js__type_support.cpp.o[0m
[3.902s] [ 19%] [32mBuilding CXX object CMakeFiles/ros2_data__rosidl_typesupport_cpp.dir/rosidl_typesupport_cpp/ros2_data/action/move_g__type_support.cpp.o[0m
[3.902s] [ 20%] [32mBuilding CXX object CMakeFiles/ros2_data__rosidl_typesupport_cpp.dir/rosidl_typesupport_cpp/ros2_data/msg/joint_pose_s__type_support.cpp.o[0m
[3.902s] [ 22%] [32mBuilding CXX object CMakeFiles/ros2_data__rosidl_typesupport_cpp.dir/rosidl_typesupport_cpp/ros2_data/action/move_l__type_support.cpp.o[0m
[3.902s] [ 22%] [32mBuilding CXX object CMakeFiles/ros2_data__rosidl_typesupport_cpp.dir/rosidl_typesupport_cpp/ros2_data/action/move_j__type_support.cpp.o[0m
[3.903s] [ 23%] [32mBuilding CXX object CMakeFiles/ros2_data__rosidl_typesupport_cpp.dir/rosidl_typesupport_cpp/ros2_data/action/move_r__type_support.cpp.o[0m
[3.904s] [ 24%] [32mBuilding CXX object CMakeFiles/ros2_data__rosidl_typesupport_cpp.dir/rosidl_typesupport_cpp/ros2_data/action/move_xyzw__type_support.cpp.o[0m
[3.904s] [ 25%] [32mBuilding CXX object CMakeFiles/ros2_data__rosidl_typesupport_cpp.dir/rosidl_typesupport_cpp/ros2_data/action/move_xyz__type_support.cpp.o[0m
[3.904s] [ 26%] [32mBuilding CXX object CMakeFiles/ros2_data__rosidl_typesupport_cpp.dir/rosidl_typesupport_cpp/ros2_data/action/move_ypr__type_support.cpp.o[0m
[3.904s] [ 26%] [32mBuilding CXX object CMakeFiles/ros2_data__rosidl_typesupport_cpp.dir/rosidl_typesupport_cpp/ros2_data/action/move_rot__type_support.cpp.o[0m
[3.906s] [ 27%] [32mBuilding CXX object CMakeFiles/ros2_data__rosidl_typesupport_cpp.dir/rosidl_typesupport_cpp/ros2_data/action/move_rp__type_support.cpp.o[0m
[3.925s] [ 28%] [32mBuilding CXX object CMakeFiles/ros2_data__rosidl_typesupport_c.dir/rosidl_typesupport_c/ros2_data/msg/joint_pose__type_support.cpp.o[0m
[3.925s] [ 31%] [32mBuilding CXX object CMakeFiles/ros2_data__rosidl_typesupport_c.dir/rosidl_typesupport_c/ros2_data/action/move_js__type_support.cpp.o[0m
[3.925s] [ 31%] [32mBuilding CXX object CMakeFiles/ros2_data__rosidl_typesupport_c.dir/rosidl_typesupport_c/ros2_data/action/move_g__type_support.cpp.o[0m
[3.925s] [ 31%] [32mBuilding CXX object CMakeFiles/ros2_data__rosidl_typesupport_c.dir/rosidl_typesupport_c/ros2_data/action/move_j__type_support.cpp.o[0m
[3.925s] [ 32%] [32mBuilding CXX object CMakeFiles/ros2_data__rosidl_typesupport_c.dir/rosidl_typesupport_c/ros2_data/action/move_xyzw__type_support.cpp.o[0m
[3.925s] [ 32%] [32mBuilding CXX object CMakeFiles/ros2_data__rosidl_typesupport_c.dir/rosidl_typesupport_c/ros2_data/msg/joint_pose_s__type_support.cpp.o[0m
[3.927s] [ 33%] [32mBuilding CXX object CMakeFiles/ros2_data__rosidl_typesupport_c.dir/rosidl_typesupport_c/ros2_data/action/move_l__type_support.cpp.o[0m
[3.930s] [ 33%] [32mBuilding CXX object CMakeFiles/ros2_data__rosidl_typesupport_c.dir/rosidl_typesupport_c/ros2_data/action/move_r__type_support.cpp.o[0m
[3.965s] [ 35%] [32mBuilding CXX object CMakeFiles/ros2_data__rosidl_typesupport_c.dir/rosidl_typesupport_c/ros2_data/action/move_xyz__type_support.cpp.o[0m
[3.965s] [ 35%] [32mBuilding CXX object CMakeFiles/ros2_data__rosidl_typesupport_c.dir/rosidl_typesupport_c/ros2_data/action/move_ypr__type_support.cpp.o[0m
[3.984s] [ 36%] [32mBuilding CXX object CMakeFiles/ros2_data__rosidl_typesupport_c.dir/rosidl_typesupport_c/ros2_data/action/move_rot__type_support.cpp.o[0m
[3.985s] [ 37%] [32mBuilding CXX object CMakeFiles/ros2_data__rosidl_typesupport_c.dir/rosidl_typesupport_c/ros2_data/action/move_rp__type_support.cpp.o[0m
[4.046s] [ 38%] [32m[1mLinking CXX shared library libros2_data__rosidl_typesupport_c.so[0m
[4.087s] [ 38%] Built target ros2_data__rosidl_typesupport_c
[4.331s] [ 39%] [32mBuilding CXX object CMakeFiles/ros2_data__rosidl_typesupport_introspection_cpp.dir/rosidl_typesupport_introspection_cpp/ros2_data/action/detail/move_xyzw__type_support.cpp.o[0m
[4.331s] [ 40%] [32mBuilding CXX object CMakeFiles/ros2_data__rosidl_typesupport_introspection_cpp.dir/rosidl_typesupport_introspection_cpp/ros2_data/action/detail/move_j__type_support.cpp.o[0m
[4.331s] [ 41%] [32mBuilding CXX object CMakeFiles/ros2_data__rosidl_typesupport_introspection_cpp.dir/rosidl_typesupport_introspection_cpp/ros2_data/msg/detail/joint_pose__type_support.cpp.o[0m
[4.331s] [ 41%] [32mBuilding CXX object CMakeFiles/ros2_data__rosidl_typesupport_introspection_cpp.dir/rosidl_typesupport_introspection_cpp/ros2_data/msg/detail/joint_pose_s__type_support.cpp.o[0m
[4.332s] [ 42%] [32mBuilding CXX object CMakeFiles/ros2_data__rosidl_typesupport_introspection_cpp.dir/rosidl_typesupport_introspection_cpp/ros2_data/action/detail/move_rp__type_support.cpp.o[0m
[4.333s] [ 43%] [32mBuilding CXX object CMakeFiles/ros2_data__rosidl_typesupport_introspection_cpp.dir/rosidl_typesupport_introspection_cpp/ros2_data/action/detail/move_g__type_support.cpp.o[0m
[4.333s] [ 44%] [32mBuilding CXX object CMakeFiles/ros2_data__rosidl_typesupport_introspection_cpp.dir/rosidl_typesupport_introspection_cpp/ros2_data/action/detail/move_js__type_support.cpp.o[0m
[4.333s] [ 45%] [32mBuilding CXX object CMakeFiles/ros2_data__rosidl_typesupport_introspection_cpp.dir/rosidl_typesupport_introspection_cpp/ros2_data/action/detail/move_xyz__type_support.cpp.o[0m
[4.333s] [ 46%] [32mBuilding CXX object CMakeFiles/ros2_data__rosidl_typesupport_introspection_cpp.dir/rosidl_typesupport_introspection_cpp/ros2_data/action/detail/move_r__type_support.cpp.o[0m
[4.333s] [ 46%] [32mBuilding CXX object CMakeFiles/ros2_data__rosidl_typesupport_introspection_cpp.dir/rosidl_typesupport_introspection_cpp/ros2_data/action/detail/move_l__type_support.cpp.o[0m
[4.334s] [ 47%] [32mBuilding CXX object CMakeFiles/ros2_data__rosidl_typesupport_introspection_cpp.dir/rosidl_typesupport_introspection_cpp/ros2_data/action/detail/move_rot__type_support.cpp.o[0m
[4.334s] [ 48%] [32mBuilding CXX object CMakeFiles/ros2_data__rosidl_typesupport_introspection_cpp.dir/rosidl_typesupport_introspection_cpp/ros2_data/action/detail/move_ypr__type_support.cpp.o[0m
[4.424s] [ 49%] [32m[1mLinking CXX shared library libros2_data__rosidl_typesupport_cpp.so[0m
[4.464s] [ 49%] Built target ros2_data__rosidl_typesupport_cpp
[4.640s] [ 52%] [32mBuilding C object CMakeFiles/ros2_data__rosidl_typesupport_introspection_c.dir/rosidl_typesupport_introspection_c/ros2_data/action/detail/move_js__type_support.c.o[0m
[4.641s] [ 52%] [32mBuilding C object CMakeFiles/ros2_data__rosidl_typesupport_introspection_c.dir/rosidl_typesupport_introspection_c/ros2_data/action/detail/move_g__type_support.c.o[0m
[4.641s] [ 54%] [32mBuilding C object CMakeFiles/ros2_data__rosidl_typesupport_introspection_c.dir/rosidl_typesupport_introspection_c/ros2_data/action/detail/move_j__type_support.c.o[0m
[4.641s] [ 54%] [32mBuilding C object CMakeFiles/ros2_data__rosidl_typesupport_introspection_c.dir/rosidl_typesupport_introspection_c/ros2_data/action/detail/move_xyzw__type_support.c.o[0m
[4.641s] [ 52%] [32mBuilding C object CMakeFiles/ros2_data__rosidl_typesupport_introspection_c.dir/rosidl_typesupport_introspection_c/ros2_data/msg/detail/joint_pose__type_support.c.o[0m
[4.641s] [ 54%] [32mBuilding C object CMakeFiles/ros2_data__rosidl_typesupport_introspection_c.dir/rosidl_typesupport_introspection_c/ros2_data/msg/detail/joint_pose_s__type_support.c.o[0m
[4.641s] [ 55%] [32mBuilding C object CMakeFiles/ros2_data__rosidl_typesupport_introspection_c.dir/rosidl_typesupport_introspection_c/ros2_data/action/detail/move_l__type_support.c.o[0m
[4.641s] [ 56%] [32mBuilding C object CMakeFiles/ros2_data__rosidl_typesupport_introspection_c.dir/rosidl_typesupport_introspection_c/ros2_data/action/detail/move_r__type_support.c.o[0m
[4.641s] [ 57%] [32mBuilding C object CMakeFiles/ros2_data__rosidl_typesupport_introspection_c.dir/rosidl_typesupport_introspection_c/ros2_data/action/detail/move_xyz__type_support.c.o[0m
[4.644s] [ 58%] [32mBuilding C object CMakeFiles/ros2_data__rosidl_typesupport_introspection_c.dir/rosidl_typesupport_introspection_c/ros2_data/action/detail/move_ypr__type_support.c.o[0m
[4.690s] [ 58%] [32mBuilding C object CMakeFiles/ros2_data__rosidl_typesupport_introspection_c.dir/rosidl_typesupport_introspection_c/ros2_data/action/detail/move_rot__type_support.c.o[0m
[4.693s] [ 59%] [32mBuilding C object CMakeFiles/ros2_data__rosidl_typesupport_introspection_c.dir/rosidl_typesupport_introspection_c/ros2_data/action/detail/move_rp__type_support.c.o[0m
[4.751s] [ 60%] [32m[1mLinking C shared library libros2_data__rosidl_typesupport_introspection_c.so[0m
[4.785s] [ 60%] Built target ros2_data__rosidl_typesupport_introspection_c
[4.830s] [ 61%] [32mBuilding CXX object CMakeFiles/ros2_data__rosidl_typesupport_fastrtps_cpp.dir/rosidl_typesupport_fastrtps_cpp/ros2_data/action/detail/dds_fastrtps/move_j__type_support.cpp.o[0m
[4.830s] [ 62%] [32mBuilding CXX object CMakeFiles/ros2_data__rosidl_typesupport_fastrtps_cpp.dir/rosidl_typesupport_fastrtps_cpp/ros2_data/msg/detail/dds_fastrtps/joint_pose_s__type_support.cpp.o[0m
[4.831s] [ 63%] [32mBuilding CXX object CMakeFiles/ros2_data__rosidl_typesupport_fastrtps_cpp.dir/rosidl_typesupport_fastrtps_cpp/ros2_data/action/detail/dds_fastrtps/move_ypr__type_support.cpp.o[0m
[4.831s] [ 64%] [32mBuilding CXX object CMakeFiles/ros2_data__rosidl_typesupport_fastrtps_cpp.dir/rosidl_typesupport_fastrtps_cpp/ros2_data/action/detail/dds_fastrtps/move_rot__type_support.cpp.o[0m
[4.831s] [ 66%] [32mBuilding CXX object CMakeFiles/ros2_data__rosidl_typesupport_fastrtps_cpp.dir/rosidl_typesupport_fastrtps_cpp/ros2_data/msg/detail/dds_fastrtps/joint_pose__type_support.cpp.o[0m
[4.831s] [ 66%] [32mBuilding CXX object CMakeFiles/ros2_data__rosidl_typesupport_fastrtps_cpp.dir/rosidl_typesupport_fastrtps_cpp/ros2_data/action/detail/dds_fastrtps/move_g__type_support.cpp.o[0m
[4.832s] [ 66%] [32mBuilding CXX object CMakeFiles/ros2_data__rosidl_typesupport_fastrtps_cpp.dir/rosidl_typesupport_fastrtps_cpp/ros2_data/action/detail/dds_fastrtps/move_xyzw__type_support.cpp.o[0m
[4.832s] [ 67%] [32mBuilding CXX object CMakeFiles/ros2_data__rosidl_typesupport_fastrtps_cpp.dir/rosidl_typesupport_fastrtps_cpp/ros2_data/action/detail/dds_fastrtps/move_xyz__type_support.cpp.o[0m
[4.833s] [ 68%] [32mBuilding CXX object CMakeFiles/ros2_data__rosidl_typesupport_fastrtps_cpp.dir/rosidl_typesupport_fastrtps_cpp/ros2_data/action/detail/dds_fastrtps/move_l__type_support.cpp.o[0m
[4.833s] [ 68%] [32mBuilding CXX object CMakeFiles/ros2_data__rosidl_typesupport_fastrtps_cpp.dir/rosidl_typesupport_fastrtps_cpp/ros2_data/action/detail/dds_fastrtps/move_rp__type_support.cpp.o[0m
[4.833s] [ 69%] [32mBuilding CXX object CMakeFiles/ros2_data__rosidl_typesupport_fastrtps_cpp.dir/rosidl_typesupport_fastrtps_cpp/ros2_data/action/detail/dds_fastrtps/move_js__type_support.cpp.o[0m
[4.834s] [ 70%] [32mBuilding CXX object CMakeFiles/ros2_data__rosidl_typesupport_fastrtps_cpp.dir/rosidl_typesupport_fastrtps_cpp/ros2_data/action/detail/dds_fastrtps/move_r__type_support.cpp.o[0m
[4.931s] [ 71%] [32mBuilding CXX object CMakeFiles/ros2_data__rosidl_typesupport_fastrtps_c.dir/rosidl_typesupport_fastrtps_c/ros2_data/msg/detail/joint_pose__type_support_c.cpp.o[0m
[4.932s] [ 71%] [32mBuilding CXX object CMakeFiles/ros2_data__rosidl_typesupport_fastrtps_c.dir/rosidl_typesupport_fastrtps_c/ros2_data/action/detail/move_j__type_support_c.cpp.o[0m
[4.932s] [ 72%] [32mBuilding CXX object CMakeFiles/ros2_data__rosidl_typesupport_fastrtps_c.dir/rosidl_typesupport_fastrtps_c/ros2_data/msg/detail/joint_pose_s__type_support_c.cpp.o[0m
[4.932s] [ 73%] [32mBuilding CXX object CMakeFiles/ros2_data__rosidl_typesupport_fastrtps_c.dir/rosidl_typesupport_fastrtps_c/ros2_data/action/detail/move_js__type_support_c.cpp.o[0m
[4.932s] [ 74%] [32mBuilding CXX object CMakeFiles/ros2_data__rosidl_typesupport_fastrtps_c.dir/rosidl_typesupport_fastrtps_c/ros2_data/action/detail/move_xyzw__type_support_c.cpp.o[0m
[4.932s] [ 75%] [32mBuilding CXX object CMakeFiles/ros2_data__rosidl_typesupport_fastrtps_c.dir/rosidl_typesupport_fastrtps_c/ros2_data/action/detail/move_r__type_support_c.cpp.o[0m
[4.932s] [ 76%] [32mBuilding CXX object CMakeFiles/ros2_data__rosidl_typesupport_fastrtps_c.dir/rosidl_typesupport_fastrtps_c/ros2_data/action/detail/move_g__type_support_c.cpp.o[0m
[4.932s] [ 77%] [32mBuilding CXX object CMakeFiles/ros2_data__rosidl_typesupport_fastrtps_c.dir/rosidl_typesupport_fastrtps_c/ros2_data/action/detail/move_l__type_support_c.cpp.o[0m
[4.934s] [ 77%] [32mBuilding CXX object CMakeFiles/ros2_data__rosidl_typesupport_fastrtps_c.dir/rosidl_typesupport_fastrtps_c/ros2_data/action/detail/move_xyz__type_support_c.cpp.o[0m
[4.936s] [ 78%] [32mBuilding CXX object CMakeFiles/ros2_data__rosidl_typesupport_fastrtps_c.dir/rosidl_typesupport_fastrtps_c/ros2_data/action/detail/move_ypr__type_support_c.cpp.o[0m
[4.955s] [ 79%] [32mBuilding CXX object CMakeFiles/ros2_data__rosidl_typesupport_fastrtps_c.dir/rosidl_typesupport_fastrtps_c/ros2_data/action/detail/move_rot__type_support_c.cpp.o[0m
[4.957s] [ 80%] [32m[1mLinking CXX shared library libros2_data__rosidl_typesupport_introspection_cpp.so[0m
[5.065s] [ 80%] Built target ros2_data__rosidl_typesupport_introspection_cpp
[5.079s] [ 81%] [32mBuilding CXX object CMakeFiles/ros2_data__rosidl_typesupport_fastrtps_c.dir/rosidl_typesupport_fastrtps_c/ros2_data/action/detail/move_rp__type_support_c.cpp.o[0m
[5.465s] [ 82%] [32m[1mLinking CXX shared library libros2_data__rosidl_typesupport_fastrtps_cpp.so[0m
[5.509s] [ 83%] [32m[1mLinking CXX shared library libros2_data__rosidl_typesupport_fastrtps_c.so[0m
[5.521s] [ 83%] Built target ros2_data__rosidl_typesupport_fastrtps_cpp
[5.575s] [ 83%] Built target ros2_data__rosidl_typesupport_fastrtps_c
[5.595s] [ 83%] Built target ros2_data
[5.612s] [ 84%] [34m[1mGenerating Python code for ROS interfaces[0m
[8.929s] [ 84%] Built target ros2_data__py
[8.956s] [ 87%] [32mBuilding C object CMakeFiles/ros2_data__rosidl_generator_py.dir/rosidl_generator_py/ros2_data/action/_move_xyzw_s.c.o[0m
[8.956s] [ 87%] [32mBuilding C object CMakeFiles/ros2_data__rosidl_generator_py.dir/rosidl_generator_py/ros2_data/action/_move_l_s.c.o[0m
[8.956s] [ 87%] [32mBuilding C object CMakeFiles/ros2_data__rosidl_generator_py.dir/rosidl_generator_py/ros2_data/action/_move_j_s.c.o[0m
[8.956s] [ 87%] [32mBuilding C object CMakeFiles/ros2_data__rosidl_generator_py.dir/rosidl_generator_py/ros2_data/msg/_joint_pose_s_s.c.o[0m
[8.956s] [ 88%] [32mBuilding C object CMakeFiles/ros2_data__rosidl_generator_py.dir/rosidl_generator_py/ros2_data/action/_move_ypr_s.c.o[0m
[8.956s] [ 88%] [32mBuilding C object CMakeFiles/ros2_data__rosidl_generator_py.dir/rosidl_generator_py/ros2_data/action/_move_r_s.c.o[0m
[8.957s] [ 91%] [32mBuilding C object CMakeFiles/ros2_data__rosidl_generator_py.dir/rosidl_generator_py/ros2_data/action/_move_xyz_s.c.o[0m
[8.957s] [ 91%] [32mBuilding C object CMakeFiles/ros2_data__rosidl_generator_py.dir/rosidl_generator_py/ros2_data/action/_move_g_s.c.o[0m
[8.957s] [ 91%] [32mBuilding C object CMakeFiles/ros2_data__rosidl_generator_py.dir/rosidl_generator_py/ros2_data/msg/_joint_pose_s.c.o[0m
[8.957s] [ 92%] [32mBuilding C object CMakeFiles/ros2_data__rosidl_generator_py.dir/rosidl_generator_py/ros2_data/action/_move_js_s.c.o[0m
[8.957s] [ 93%] [32mBuilding C object CMakeFiles/ros2_data__rosidl_generator_py.dir/rosidl_generator_py/ros2_data/action/_move_rp_s.c.o[0m
[8.957s] [ 94%] [32mBuilding C object CMakeFiles/ros2_data__rosidl_generator_py.dir/rosidl_generator_py/ros2_data/action/_move_rot_s.c.o[0m
[9.078s] [ 95%] [32m[1mLinking C shared library rosidl_generator_py/ros2_data/libros2_data__rosidl_generator_py.so[0m
[9.125s] [ 95%] Built target ros2_data__rosidl_generator_py
[9.144s] [ 96%] [32mBuilding C object CMakeFiles/ros2_data__rosidl_typesupport_fastrtps_c__pyext.dir/rosidl_generator_py/ros2_data/_ros2_data_s.ep.rosidl_typesupport_fastrtps_c.c.o[0m
[9.144s] [ 96%] [32mBuilding C object CMakeFiles/ros2_data__rosidl_typesupport_c__pyext.dir/rosidl_generator_py/ros2_data/_ros2_data_s.ep.rosidl_typesupport_c.c.o[0m
[9.144s] [ 97%] [32mBuilding C object CMakeFiles/ros2_data__rosidl_typesupport_introspection_c__pyext.dir/rosidl_generator_py/ros2_data/_ros2_data_s.ep.rosidl_typesupport_introspection_c.c.o[0m
[9.380s] [ 99%] [32m[1mLinking C shared library rosidl_generator_py/ros2_data/ros2_data_s__rosidl_typesupport_fastrtps_c.cpython-310-x86_64-linux-gnu.so[0m
[9.380s] [ 99%] [32m[1mLinking C shared library rosidl_generator_py/ros2_data/ros2_data_s__rosidl_typesupport_introspection_c.cpython-310-x86_64-linux-gnu.so[0m
[9.384s] [100%] [32m[1mLinking C shared library rosidl_generator_py/ros2_data/ros2_data_s__rosidl_typesupport_c.cpython-310-x86_64-linux-gnu.so[0m
[9.423s] [100%] Built target ros2_data__rosidl_typesupport_c__pyext
[9.426s] [100%] Built target ros2_data__rosidl_typesupport_introspection_c__pyext
[9.426s] [100%] Built target ros2_data__rosidl_typesupport_fastrtps_c__pyext
[9.441s] Invoked command in '/home/drail/ros2_ws/build/ros2_data' returned '0': CMAKE_PREFIX_PATH=${CMAKE_PREFIX_PATH}:/opt/ros/humble /usr/bin/cmake --build /home/drail/ros2_ws/build/ros2_data -- -j24 -l24
[9.442s] Invoking command in '/home/drail/ros2_ws/build/ros2_data': CMAKE_PREFIX_PATH=${CMAKE_PREFIX_PATH}:/opt/ros/humble /usr/bin/cmake --install /home/drail/ros2_ws/build/ros2_data
[9.449s] -- Install configuration: ""
[9.449s] -- Installing: /home/drail/ros2_ws/install/ros2_data/share/ament_index/resource_index/rosidl_interfaces/ros2_data
[9.449s] -- Installing: /home/drail/ros2_ws/install/ros2_data/include/ros2_data/ros2_data
[9.449s] -- Installing: /home/drail/ros2_ws/install/ros2_data/include/ros2_data/ros2_data/action
[9.449s] -- Installing: /home/drail/ros2_ws/install/ros2_data/include/ros2_data/ros2_data/action/move_l.h
[9.449s] -- Installing: /home/drail/ros2_ws/install/ros2_data/include/ros2_data/ros2_data/action/move_rp.h
[9.449s] -- Installing: /home/drail/ros2_ws/install/ros2_data/include/ros2_data/ros2_data/action/move_js.h
[9.449s] -- Installing: /home/drail/ros2_ws/install/ros2_data/include/ros2_data/ros2_data/action/move_xyzw.h
[9.449s] -- Installing: /home/drail/ros2_ws/install/ros2_data/include/ros2_data/ros2_data/action/move_xyz.h
[9.450s] -- Installing: /home/drail/ros2_ws/install/ros2_data/include/ros2_data/ros2_data/action/move_g.h
[9.450s] -- Installing: /home/drail/ros2_ws/install/ros2_data/include/ros2_data/ros2_data/action/detail
[9.450s] -- Installing: /home/drail/ros2_ws/install/ros2_data/include/ros2_data/ros2_data/action/detail/move_xyz__functions.c
[9.450s] -- Installing: /home/drail/ros2_ws/install/ros2_data/include/ros2_data/ros2_data/action/detail/move_xyzw__functions.c
[9.450s] -- Installing: /home/drail/ros2_ws/install/ros2_data/include/ros2_data/ros2_data/action/detail/move_js__functions.c
[9.450s] -- Installing: /home/drail/ros2_ws/install/ros2_data/include/ros2_data/ros2_data/action/detail/move_rp__functions.c
[9.450s] -- Installing: /home/drail/ros2_ws/install/ros2_data/include/ros2_data/ros2_data/action/detail/move_g__functions.h
[9.450s] -- Installing: /home/drail/ros2_ws/install/ros2_data/include/ros2_data/ros2_data/action/detail/move_js__type_support.h
[9.451s] -- Installing: /home/drail/ros2_ws/install/ros2_data/include/ros2_data/ros2_data/action/detail/move_ypr__functions.h
[9.451s] -- Installing: /home/drail/ros2_ws/install/ros2_data/include/ros2_data/ros2_data/action/detail/move_js__struct.h
[9.451s] -- Installing: /home/drail/ros2_ws/install/ros2_data/include/ros2_data/ros2_data/action/detail/move_rp__type_support.h
[9.451s] -- Installing: /home/drail/ros2_ws/install/ros2_data/include/ros2_data/ros2_data/action/detail/move_j__functions.c
[9.451s] -- Installing: /home/drail/ros2_ws/install/ros2_data/include/ros2_data/ros2_data/action/detail/move_xyz__type_support.h
[9.451s] -- Installing: /home/drail/ros2_ws/install/ros2_data/include/ros2_data/ros2_data/action/detail/move_xyz__struct.h
[9.451s] -- Installing: /home/drail/ros2_ws/install/ros2_data/include/ros2_data/ros2_data/action/detail/move_r__struct.h
[9.451s] -- Installing: /home/drail/ros2_ws/install/ros2_data/include/ros2_data/ros2_data/action/detail/move_js__functions.h
[9.451s] -- Installing: /home/drail/ros2_ws/install/ros2_data/include/ros2_data/ros2_data/action/detail/move_rot__type_support.h
[9.452s] -- Installing: /home/drail/ros2_ws/install/ros2_data/include/ros2_data/ros2_data/action/detail/move_rp__struct.h
[9.452s] -- Installing: /home/drail/ros2_ws/install/ros2_data/include/ros2_data/ros2_data/action/detail/move_ypr__type_support.h
[9.452s] -- Installing: /home/drail/ros2_ws/install/ros2_data/include/ros2_data/ros2_data/action/detail/move_g__functions.c
[9.452s] -- Installing: /home/drail/ros2_ws/install/ros2_data/include/ros2_data/ros2_data/action/detail/move_r__type_support.h
[9.452s] -- Installing: /home/drail/ros2_ws/install/ros2_data/include/ros2_data/ros2_data/action/detail/move_l__type_support.h
[9.452s] -- Installing: /home/drail/ros2_ws/install/ros2_data/include/ros2_data/ros2_data/action/detail/move_xyzw__struct.h
[9.452s] -- Installing: /home/drail/ros2_ws/install/ros2_data/include/ros2_data/ros2_data/action/detail/move_xyz__functions.h
[9.452s] -- Installing: /home/drail/ros2_ws/install/ros2_data/include/ros2_data/ros2_data/action/detail/move_rot__struct.h
[9.452s] -- Installing: /home/drail/ros2_ws/install/ros2_data/include/ros2_data/ros2_data/action/detail/move_j__struct.h
[9.453s] -- Installing: /home/drail/ros2_ws/install/ros2_data/include/ros2_data/ros2_data/action/detail/move_ypr__functions.c
[9.453s] -- Installing: /home/drail/ros2_ws/install/ros2_data/include/ros2_data/ros2_data/action/detail/move_j__functions.h
[9.453s] -- Installing: /home/drail/ros2_ws/install/ros2_data/include/ros2_data/ros2_data/action/detail/move_g__type_support.h
[9.453s] -- Installing: /home/drail/ros2_ws/install/ros2_data/include/ros2_data/ros2_data/action/detail/move_xyzw__functions.h
[9.453s] -- Installing: /home/drail/ros2_ws/install/ros2_data/include/ros2_data/ros2_data/action/detail/move_r__functions.h
[9.453s] -- Installing: /home/drail/ros2_ws/install/ros2_data/include/ros2_data/ros2_data/action/detail/move_g__struct.h
[9.453s] -- Installing: /home/drail/ros2_ws/install/ros2_data/include/ros2_data/ros2_data/action/detail/move_l__functions.c
[9.453s] -- Installing: /home/drail/ros2_ws/install/ros2_data/include/ros2_data/ros2_data/action/detail/move_rp__functions.h
[9.454s] -- Installing: /home/drail/ros2_ws/install/ros2_data/include/ros2_data/ros2_data/action/detail/move_ypr__struct.h
[9.454s] -- Installing: /home/drail/ros2_ws/install/ros2_data/include/ros2_data/ros2_data/action/detail/move_xyzw__type_support.h
[9.454s] -- Installing: /home/drail/ros2_ws/install/ros2_data/include/ros2_data/ros2_data/action/detail/move_rot__functions.c
[9.454s] -- Installing: /home/drail/ros2_ws/install/ros2_data/include/ros2_data/ros2_data/action/detail/move_rot__functions.h
[9.454s] -- Installing: /home/drail/ros2_ws/install/ros2_data/include/ros2_data/ros2_data/action/detail/move_l__functions.h
[9.454s] -- Installing: /home/drail/ros2_ws/install/ros2_data/include/ros2_data/ros2_data/action/detail/move_j__type_support.h
[9.454s] -- Installing: /home/drail/ros2_ws/install/ros2_data/include/ros2_data/ros2_data/action/detail/move_r__functions.c
[9.454s] -- Installing: /home/drail/ros2_ws/install/ros2_data/include/ros2_data/ros2_data/action/detail/move_l__struct.h
[9.455s] -- Installing: /home/drail/ros2_ws/install/ros2_data/include/ros2_data/ros2_data/action/move_ypr.h
[9.455s] -- Installing: /home/drail/ros2_ws/install/ros2_data/include/ros2_data/ros2_data/action/move_j.h
[9.455s] -- Installing: /home/drail/ros2_ws/install/ros2_data/include/ros2_data/ros2_data/action/move_r.h
[9.455s] -- Installing: /home/drail/ros2_ws/install/ros2_data/include/ros2_data/ros2_data/action/move_rot.h
[9.455s] -- Installing: /home/drail/ros2_ws/install/ros2_data/include/ros2_data/ros2_data/msg
[9.455s] -- Installing: /home/drail/ros2_ws/install/ros2_data/include/ros2_data/ros2_data/msg/detail
[9.455s] -- Installing: /home/drail/ros2_ws/install/ros2_data/include/ros2_data/ros2_data/msg/detail/joint_pose_s__struct.h
[9.455s] -- Installing: /home/drail/ros2_ws/install/ros2_data/include/ros2_data/ros2_data/msg/detail/joint_pose_s__functions.h
[9.455s] -- Installing: /home/drail/ros2_ws/install/ros2_data/include/ros2_data/ros2_data/msg/detail/joint_pose__struct.h
[9.455s] -- Installing: /home/drail/ros2_ws/install/ros2_data/include/ros2_data/ros2_data/msg/detail/joint_pose_s__functions.c
[9.455s] -- Installing: /home/drail/ros2_ws/install/ros2_data/include/ros2_data/ros2_data/msg/detail/joint_pose__functions.h
[9.456s] -- Installing: /home/drail/ros2_ws/install/ros2_data/include/ros2_data/ros2_data/msg/detail/joint_pose__functions.c
[9.456s] -- Installing: /home/drail/ros2_ws/install/ros2_data/include/ros2_data/ros2_data/msg/detail/joint_pose_s__type_support.h
[9.456s] -- Installing: /home/drail/ros2_ws/install/ros2_data/include/ros2_data/ros2_data/msg/detail/joint_pose__type_support.h
[9.456s] -- Installing: /home/drail/ros2_ws/install/ros2_data/include/ros2_data/ros2_data/msg/joint_pose.h
[9.456s] -- Installing: /home/drail/ros2_ws/install/ros2_data/include/ros2_data/ros2_data/msg/rosidl_generator_c__visibility_control.h
[9.456s] -- Installing: /home/drail/ros2_ws/install/ros2_data/include/ros2_data/ros2_data/msg/joint_pose_s.h
[9.456s] -- Installing: /home/drail/ros2_ws/install/ros2_data/share/ros2_data/environment/library_path.sh
[9.456s] -- Installing: /home/drail/ros2_ws/install/ros2_data/share/ros2_data/environment/library_path.dsv
[9.456s] -- Installing: /home/drail/ros2_ws/install/ros2_data/lib/libros2_data__rosidl_generator_c.so
[9.457s] -- Set runtime path of "/home/drail/ros2_ws/install/ros2_data/lib/libros2_data__rosidl_generator_c.so" to ""
[9.457s] -- Up-to-date: /home/drail/ros2_ws/install/ros2_data/include/ros2_data/ros2_data
[9.457s] -- Up-to-date: /home/drail/ros2_ws/install/ros2_data/include/ros2_data/ros2_data/action
[9.457s] -- Up-to-date: /home/drail/ros2_ws/install/ros2_data/include/ros2_data/ros2_data/action/detail
[9.457s] -- Installing: /home/drail/ros2_ws/install/ros2_data/include/ros2_data/ros2_data/action/detail/move_js__rosidl_typesupport_fastrtps_c.h
[9.457s] -- Installing: /home/drail/ros2_ws/install/ros2_data/include/ros2_data/ros2_data/action/detail/move_l__rosidl_typesupport_fastrtps_c.h
[9.457s] -- Installing: /home/drail/ros2_ws/install/ros2_data/include/ros2_data/ros2_data/action/detail/move_ypr__rosidl_typesupport_fastrtps_c.h
[9.458s] -- Installing: /home/drail/ros2_ws/install/ros2_data/include/ros2_data/ros2_data/action/detail/move_rp__rosidl_typesupport_fastrtps_c.h
[9.458s] -- Installing: /home/drail/ros2_ws/install/ros2_data/include/ros2_data/ros2_data/action/detail/move_g__rosidl_typesupport_fastrtps_c.h
[9.458s] -- Installing: /home/drail/ros2_ws/install/ros2_data/include/ros2_data/ros2_data/action/detail/move_rot__rosidl_typesupport_fastrtps_c.h
[9.458s] -- Installing: /home/drail/ros2_ws/install/ros2_data/include/ros2_data/ros2_data/action/detail/move_r__rosidl_typesupport_fastrtps_c.h
[9.458s] -- Installing: /home/drail/ros2_ws/install/ros2_data/include/ros2_data/ros2_data/action/detail/move_xyzw__rosidl_typesupport_fastrtps_c.h
[9.458s] -- Installing: /home/drail/ros2_ws/install/ros2_data/include/ros2_data/ros2_data/action/detail/move_j__rosidl_typesupport_fastrtps_c.h
[9.458s] -- Installing: /home/drail/ros2_ws/install/ros2_data/include/ros2_data/ros2_data/action/detail/move_xyz__rosidl_typesupport_fastrtps_c.h
[9.458s] -- Up-to-date: /home/drail/ros2_ws/install/ros2_data/include/ros2_data/ros2_data/msg
[9.458s] -- Up-to-date: /home/drail/ros2_ws/install/ros2_data/include/ros2_data/ros2_data/msg/detail
[9.458s] -- Installing: /home/drail/ros2_ws/install/ros2_data/include/ros2_data/ros2_data/msg/detail/joint_pose__rosidl_typesupport_fastrtps_c.h
[9.458s] -- Installing: /home/drail/ros2_ws/install/ros2_data/include/ros2_data/ros2_data/msg/detail/joint_pose_s__rosidl_typesupport_fastrtps_c.h
[9.459s] -- Installing: /home/drail/ros2_ws/install/ros2_data/include/ros2_data/ros2_data/msg/rosidl_typesupport_fastrtps_c__visibility_control.h
[9.459s] -- Installing: /home/drail/ros2_ws/install/ros2_data/lib/libros2_data__rosidl_typesupport_fastrtps_c.so
[9.459s] -- Set runtime path of "/home/drail/ros2_ws/install/ros2_data/lib/libros2_data__rosidl_typesupport_fastrtps_c.so" to ""
[9.459s] -- Up-to-date: /home/drail/ros2_ws/install/ros2_data/include/ros2_data/ros2_data
[9.459s] -- Up-to-date: /home/drail/ros2_ws/install/ros2_data/include/ros2_data/ros2_data/action
[9.459s] -- Up-to-date: /home/drail/ros2_ws/install/ros2_data/include/ros2_data/ros2_data/action/detail
[9.459s] -- Installing: /home/drail/ros2_ws/install/ros2_data/include/ros2_data/ros2_data/action/detail/move_g__type_support.c
[9.459s] -- Installing: /home/drail/ros2_ws/install/ros2_data/include/ros2_data/ros2_data/action/detail/move_j__rosidl_typesupport_introspection_c.h
[9.460s] -- Installing: /home/drail/ros2_ws/install/ros2_data/include/ros2_data/ros2_data/action/detail/move_xyzw__rosidl_typesupport_introspection_c.h
[9.460s] -- Installing: /home/drail/ros2_ws/install/ros2_data/include/ros2_data/ros2_data/action/detail/move_xyz__type_support.c
[9.460s] -- Installing: /home/drail/ros2_ws/install/ros2_data/include/ros2_data/ros2_data/action/detail/move_js__rosidl_typesupport_introspection_c.h
[9.460s] -- Installing: /home/drail/ros2_ws/install/ros2_data/include/ros2_data/ros2_data/action/detail/move_xyz__rosidl_typesupport_introspection_c.h
[9.460s] -- Installing: /home/drail/ros2_ws/install/ros2_data/include/ros2_data/ros2_data/action/detail/move_rot__type_support.c
[9.460s] -- Installing: /home/drail/ros2_ws/install/ros2_data/include/ros2_data/ros2_data/action/detail/move_xyzw__type_support.c
[9.460s] -- Installing: /home/drail/ros2_ws/install/ros2_data/include/ros2_data/ros2_data/action/detail/move_j__type_support.c
[9.460s] -- Installing: /home/drail/ros2_ws/install/ros2_data/include/ros2_data/ros2_data/action/detail/move_l__rosidl_typesupport_introspection_c.h
[9.461s] -- Installing: /home/drail/ros2_ws/install/ros2_data/include/ros2_data/ros2_data/action/detail/move_l__type_support.c
[9.461s] -- Installing: /home/drail/ros2_ws/install/ros2_data/include/ros2_data/ros2_data/action/detail/move_rp__type_support.c
[9.461s] -- Installing: /home/drail/ros2_ws/install/ros2_data/include/ros2_data/ros2_data/action/detail/move_rp__rosidl_typesupport_introspection_c.h
[9.461s] -- Installing: /home/drail/ros2_ws/install/ros2_data/include/ros2_data/ros2_data/action/detail/move_r__rosidl_typesupport_introspection_c.h
[9.461s] -- Installing: /home/drail/ros2_ws/install/ros2_data/include/ros2_data/ros2_data/action/detail/move_ypr__type_support.c
[9.461s] -- Installing: /home/drail/ros2_ws/install/ros2_data/include/ros2_data/ros2_data/action/detail/move_ypr__rosidl_typesupport_introspection_c.h
[9.461s] -- Installing: /home/drail/ros2_ws/install/ros2_data/include/ros2_data/ros2_data/action/detail/move_r__type_support.c
[9.461s] -- Installing: /home/drail/ros2_ws/install/ros2_data/include/ros2_data/ros2_data/action/detail/move_g__rosidl_typesupport_introspection_c.h
[9.462s] -- Installing: /home/drail/ros2_ws/install/ros2_data/include/ros2_data/ros2_data/action/detail/move_rot__rosidl_typesupport_introspection_c.h
[9.462s] -- Installing: /home/drail/ros2_ws/install/ros2_data/include/ros2_data/ros2_data/action/detail/move_js__type_support.c
[9.462s] -- Up-to-date: /home/drail/ros2_ws/install/ros2_data/include/ros2_data/ros2_data/msg
[9.462s] -- Installing: /home/drail/ros2_ws/install/ros2_data/include/ros2_data/ros2_data/msg/rosidl_typesupport_introspection_c__visibility_control.h
[9.462s] -- Up-to-date: /home/drail/ros2_ws/install/ros2_data/include/ros2_data/ros2_data/msg/detail
[9.462s] -- Installing: /home/drail/ros2_ws/install/ros2_data/include/ros2_data/ros2_data/msg/detail/joint_pose_s__type_support.c
[9.462s] -- Installing: /home/drail/ros2_ws/install/ros2_data/include/ros2_data/ros2_data/msg/detail/joint_pose__rosidl_typesupport_introspection_c.h
[9.462s] -- Installing: /home/drail/ros2_ws/install/ros2_data/include/ros2_data/ros2_data/msg/detail/joint_pose_s__rosidl_typesupport_introspection_c.h
[9.462s] -- Installing: /home/drail/ros2_ws/install/ros2_data/include/ros2_data/ros2_data/msg/detail/joint_pose__type_support.c
[9.462s] -- Installing: /home/drail/ros2_ws/install/ros2_data/lib/libros2_data__rosidl_typesupport_introspection_c.so
[9.463s] -- Set runtime path of "/home/drail/ros2_ws/install/ros2_data/lib/libros2_data__rosidl_typesupport_introspection_c.so" to ""
[9.463s] -- Installing: /home/drail/ros2_ws/install/ros2_data/lib/libros2_data__rosidl_typesupport_c.so
[9.463s] -- Set runtime path of "/home/drail/ros2_ws/install/ros2_data/lib/libros2_data__rosidl_typesupport_c.so" to ""
[9.463s] -- Up-to-date: /home/drail/ros2_ws/install/ros2_data/include/ros2_data/ros2_data
[9.463s] -- Up-to-date: /home/drail/ros2_ws/install/ros2_data/include/ros2_data/ros2_data/action
[9.463s] -- Installing: /home/drail/ros2_ws/install/ros2_data/include/ros2_data/ros2_data/action/move_g.hpp
[9.464s] -- Installing: /home/drail/ros2_ws/install/ros2_data/include/ros2_data/ros2_data/action/move_js.hpp
[9.464s] -- Installing: /home/drail/ros2_ws/install/ros2_data/include/ros2_data/ros2_data/action/move_rp.hpp
[9.464s] -- Up-to-date: /home/drail/ros2_ws/install/ros2_data/include/ros2_data/ros2_data/action/detail
[9.464s] -- Installing: /home/drail/ros2_ws/install/ros2_data/include/ros2_data/ros2_data/action/detail/move_rp__type_support.hpp
[9.464s] -- Installing: /home/drail/ros2_ws/install/ros2_data/include/ros2_data/ros2_data/action/detail/move_xyz__struct.hpp
[9.464s] -- Installing: /home/drail/ros2_ws/install/ros2_data/include/ros2_data/ros2_data/action/detail/move_g__type_support.hpp
[9.464s] -- Installing: /home/drail/ros2_ws/install/ros2_data/include/ros2_data/ros2_data/action/detail/move_rp__struct.hpp
[9.464s] -- Installing: /home/drail/ros2_ws/install/ros2_data/include/ros2_data/ros2_data/action/detail/move_xyz__type_support.hpp
[9.464s] -- Installing: /home/drail/ros2_ws/install/ros2_data/include/ros2_data/ros2_data/action/detail/move_g__struct.hpp
[9.464s] -- Installing: /home/drail/ros2_ws/install/ros2_data/include/ros2_data/ros2_data/action/detail/move_l__type_support.hpp
[9.464s] -- Installing: /home/drail/ros2_ws/install/ros2_data/include/ros2_data/ros2_data/action/detail/move_xyz__traits.hpp
[9.465s] -- Installing: /home/drail/ros2_ws/install/ros2_data/include/ros2_data/ros2_data/action/detail/move_ypr__traits.hpp
[9.465s] -- Installing: /home/drail/ros2_ws/install/ros2_data/include/ros2_data/ros2_data/action/detail/move_js__builder.hpp
[9.465s] -- Installing: /home/drail/ros2_ws/install/ros2_data/include/ros2_data/ros2_data/action/detail/move_r__builder.hpp
[9.465s] -- Installing: /home/drail/ros2_ws/install/ros2_data/include/ros2_data/ros2_data/action/detail/move_xyzw__struct.hpp
[9.465s] -- Installing: /home/drail/ros2_ws/install/ros2_data/include/ros2_data/ros2_data/action/detail/move_ypr__type_support.hpp
[9.465s] -- Installing: /home/drail/ros2_ws/install/ros2_data/include/ros2_data/ros2_data/action/detail/move_g__traits.hpp
[9.465s] -- Installing: /home/drail/ros2_ws/install/ros2_data/include/ros2_data/ros2_data/action/detail/move_r__type_support.hpp
[9.465s] -- Installing: /home/drail/ros2_ws/install/ros2_data/include/ros2_data/ros2_data/action/detail/move_j__type_support.hpp
[9.466s] -- Installing: /home/drail/ros2_ws/install/ros2_data/include/ros2_data/ros2_data/action/detail/move_j__traits.hpp
[9.466s] -- Installing: /home/drail/ros2_ws/install/ros2_data/include/ros2_data/ros2_data/action/detail/move_j__builder.hpp
[9.466s] -- Installing: /home/drail/ros2_ws/install/ros2_data/include/ros2_data/ros2_data/action/detail/move_ypr__builder.hpp
[9.466s] -- Installing: /home/drail/ros2_ws/install/ros2_data/include/ros2_data/ros2_data/action/detail/move_xyzw__builder.hpp
[9.466s] -- Installing: /home/drail/ros2_ws/install/ros2_data/include/ros2_data/ros2_data/action/detail/move_rp__traits.hpp
[9.466s] -- Installing: /home/drail/ros2_ws/install/ros2_data/include/ros2_data/ros2_data/action/detail/move_l__builder.hpp
[9.466s] -- Installing: /home/drail/ros2_ws/install/ros2_data/include/ros2_data/ros2_data/action/detail/move_js__traits.hpp
[9.466s] -- Installing: /home/drail/ros2_ws/install/ros2_data/include/ros2_data/ros2_data/action/detail/move_js__struct.hpp
[9.467s] -- Installing: /home/drail/ros2_ws/install/ros2_data/include/ros2_data/ros2_data/action/detail/move_r__traits.hpp
[9.467s] -- Installing: /home/drail/ros2_ws/install/ros2_data/include/ros2_data/ros2_data/action/detail/move_j__struct.hpp
[9.467s] -- Installing: /home/drail/ros2_ws/install/ros2_data/include/ros2_data/ros2_data/action/detail/move_l__traits.hpp
[9.467s] -- Installing: /home/drail/ros2_ws/install/ros2_data/include/ros2_data/ros2_data/action/detail/move_r__struct.hpp
[9.467s] -- Installing: /home/drail/ros2_ws/install/ros2_data/include/ros2_data/ros2_data/action/detail/move_xyz__builder.hpp
[9.467s] -- Installing: /home/drail/ros2_ws/install/ros2_data/include/ros2_data/ros2_data/action/detail/move_ypr__struct.hpp
[9.467s] -- Installing: /home/drail/ros2_ws/install/ros2_data/include/ros2_data/ros2_data/action/detail/move_js__type_support.hpp
[9.468s] -- Installing: /home/drail/ros2_ws/install/ros2_data/include/ros2_data/ros2_data/action/detail/move_rp__builder.hpp
[9.468s] -- Installing: /home/drail/ros2_ws/install/ros2_data/include/ros2_data/ros2_data/action/detail/move_g__builder.hpp
[9.468s] -- Installing: /home/drail/ros2_ws/install/ros2_data/include/ros2_data/ros2_data/action/detail/move_rot__type_support.hpp
[9.468s] -- Installing: /home/drail/ros2_ws/install/ros2_data/include/ros2_data/ros2_data/action/detail/move_rot__traits.hpp
[9.468s] -- Installing: /home/drail/ros2_ws/install/ros2_data/include/ros2_data/ros2_data/action/detail/move_xyzw__traits.hpp
[9.468s] -- Installing: /home/drail/ros2_ws/install/ros2_data/include/ros2_data/ros2_data/action/detail/move_xyzw__type_support.hpp
[9.468s] -- Installing: /home/drail/ros2_ws/install/ros2_data/include/ros2_data/ros2_data/action/detail/move_rot__builder.hpp
[9.468s] -- Installing: /home/drail/ros2_ws/install/ros2_data/include/ros2_data/ros2_data/action/detail/move_rot__struct.hpp
[9.468s] -- Installing: /home/drail/ros2_ws/install/ros2_data/include/ros2_data/ros2_data/action/detail/move_l__struct.hpp
[9.469s] -- Installing: /home/drail/ros2_ws/install/ros2_data/include/ros2_data/ros2_data/action/move_rot.hpp
[9.469s] -- Installing: /home/drail/ros2_ws/install/ros2_data/include/ros2_data/ros2_data/action/move_xyz.hpp
[9.469s] -- Installing: /home/drail/ros2_ws/install/ros2_data/include/ros2_data/ros2_data/action/move_l.hpp
[9.469s] -- Installing: /home/drail/ros2_ws/install/ros2_data/include/ros2_data/ros2_data/action/move_r.hpp
[9.469s] -- Installing: /home/drail/ros2_ws/install/ros2_data/include/ros2_data/ros2_data/action/move_ypr.hpp
[9.469s] -- Installing: /home/drail/ros2_ws/install/ros2_data/include/ros2_data/ros2_data/action/move_j.hpp
[9.469s] -- Installing: /home/drail/ros2_ws/install/ros2_data/include/ros2_data/ros2_data/action/move_xyzw.hpp
[9.469s] -- Up-to-date: /home/drail/ros2_ws/install/ros2_data/include/ros2_data/ros2_data/msg
[9.469s] -- Installing: /home/drail/ros2_ws/install/ros2_data/include/ros2_data/ros2_data/msg/joint_pose_s.hpp
[9.469s] -- Installing: /home/drail/ros2_ws/install/ros2_data/include/ros2_data/ros2_data/msg/joint_pose.hpp
[9.469s] -- Up-to-date: /home/drail/ros2_ws/install/ros2_data/include/ros2_data/ros2_data/msg/detail
[9.470s] -- Installing: /home/drail/ros2_ws/install/ros2_data/include/ros2_data/ros2_data/msg/detail/joint_pose_s__type_support.hpp
[9.470s] -- Installing: /home/drail/ros2_ws/install/ros2_data/include/ros2_data/ros2_data/msg/detail/joint_pose_s__traits.hpp
[9.470s] -- Installing: /home/drail/ros2_ws/install/ros2_data/include/ros2_data/ros2_data/msg/detail/joint_pose_s__struct.hpp
[9.470s] -- Installing: /home/drail/ros2_ws/install/ros2_data/include/ros2_data/ros2_data/msg/detail/joint_pose__type_support.hpp
[9.470s] -- Installing: /home/drail/ros2_ws/install/ros2_data/include/ros2_data/ros2_data/msg/detail/joint_pose__traits.hpp
[9.470s] -- Installing: /home/drail/ros2_ws/install/ros2_data/include/ros2_data/ros2_data/msg/detail/joint_pose__builder.hpp
[9.470s] -- Installing: /home/drail/ros2_ws/install/ros2_data/include/ros2_data/ros2_data/msg/detail/joint_pose__struct.hpp
[9.470s] -- Installing: /home/drail/ros2_ws/install/ros2_data/include/ros2_data/ros2_data/msg/detail/joint_pose_s__builder.hpp
[9.470s] -- Installing: /home/drail/ros2_ws/install/ros2_data/include/ros2_data/ros2_data/msg/rosidl_generator_cpp__visibility_control.hpp
[9.470s] -- Up-to-date: /home/drail/ros2_ws/install/ros2_data/include/ros2_data/ros2_data
[9.470s] -- Up-to-date: /home/drail/ros2_ws/install/ros2_data/include/ros2_data/ros2_data/action
[9.470s] -- Up-to-date: /home/drail/ros2_ws/install/ros2_data/include/ros2_data/ros2_data/action/detail
[9.471s] -- Installing: /home/drail/ros2_ws/install/ros2_data/include/ros2_data/ros2_data/action/detail/move_r__rosidl_typesupport_fastrtps_cpp.hpp
[9.471s] -- Installing: /home/drail/ros2_ws/install/ros2_data/include/ros2_data/ros2_data/action/detail/move_rot__rosidl_typesupport_fastrtps_cpp.hpp
[9.471s] -- Installing: /home/drail/ros2_ws/install/ros2_data/include/ros2_data/ros2_data/action/detail/move_rp__rosidl_typesupport_fastrtps_cpp.hpp
[9.471s] -- Installing: /home/drail/ros2_ws/install/ros2_data/include/ros2_data/ros2_data/action/detail/move_xyzw__rosidl_typesupport_fastrtps_cpp.hpp
[9.471s] -- Installing: /home/drail/ros2_ws/install/ros2_data/include/ros2_data/ros2_data/action/detail/move_js__rosidl_typesupport_fastrtps_cpp.hpp
[9.471s] -- Installing: /home/drail/ros2_ws/install/ros2_data/include/ros2_data/ros2_data/action/detail/move_xyz__rosidl_typesupport_fastrtps_cpp.hpp
[9.471s] -- Installing: /home/drail/ros2_ws/install/ros2_data/include/ros2_data/ros2_data/action/detail/move_ypr__rosidl_typesupport_fastrtps_cpp.hpp
[9.471s] -- Installing: /home/drail/ros2_ws/install/ros2_data/include/ros2_data/ros2_data/action/detail/dds_fastrtps
[9.471s] -- Installing: /home/drail/ros2_ws/install/ros2_data/include/ros2_data/ros2_data/action/detail/move_j__rosidl_typesupport_fastrtps_cpp.hpp
[9.472s] -- Installing: /home/drail/ros2_ws/install/ros2_data/include/ros2_data/ros2_data/action/detail/move_g__rosidl_typesupport_fastrtps_cpp.hpp
[9.472s] -- Installing: /home/drail/ros2_ws/install/ros2_data/include/ros2_data/ros2_data/action/detail/move_l__rosidl_typesupport_fastrtps_cpp.hpp
[9.472s] -- Up-to-date: /home/drail/ros2_ws/install/ros2_data/include/ros2_data/ros2_data/msg
[9.472s] -- Installing: /home/drail/ros2_ws/install/ros2_data/include/ros2_data/ros2_data/msg/rosidl_typesupport_fastrtps_cpp__visibility_control.h
[9.472s] -- Up-to-date: /home/drail/ros2_ws/install/ros2_data/include/ros2_data/ros2_data/msg/detail
[9.472s] -- Installing: /home/drail/ros2_ws/install/ros2_data/include/ros2_data/ros2_data/msg/detail/joint_pose_s__rosidl_typesupport_fastrtps_cpp.hpp
[9.472s] -- Installing: /home/drail/ros2_ws/install/ros2_data/include/ros2_data/ros2_data/msg/detail/joint_pose__rosidl_typesupport_fastrtps_cpp.hpp
[9.472s] -- Installing: /home/drail/ros2_ws/install/ros2_data/include/ros2_data/ros2_data/msg/detail/dds_fastrtps
[9.472s] -- Installing: /home/drail/ros2_ws/install/ros2_data/lib/libros2_data__rosidl_typesupport_fastrtps_cpp.so
[9.473s] -- Set runtime path of "/home/drail/ros2_ws/install/ros2_data/lib/libros2_data__rosidl_typesupport_fastrtps_cpp.so" to ""
[9.473s] -- Up-to-date: /home/drail/ros2_ws/install/ros2_data/include/ros2_data/ros2_data
[9.473s] -- Up-to-date: /home/drail/ros2_ws/install/ros2_data/include/ros2_data/ros2_data/action
[9.473s] -- Up-to-date: /home/drail/ros2_ws/install/ros2_data/include/ros2_data/ros2_data/action/detail
[9.473s] -- Installing: /home/drail/ros2_ws/install/ros2_data/include/ros2_data/ros2_data/action/detail/move_ypr__rosidl_typesupport_introspection_cpp.hpp
[9.473s] -- Installing: /home/drail/ros2_ws/install/ros2_data/include/ros2_data/ros2_data/action/detail/move_xyz__type_support.cpp
[9.473s] -- Installing: /home/drail/ros2_ws/install/ros2_data/include/ros2_data/ros2_data/action/detail/move_g__type_support.cpp
[9.473s] -- Installing: /home/drail/ros2_ws/install/ros2_data/include/ros2_data/ros2_data/action/detail/move_r__type_support.cpp
[9.474s] -- Installing: /home/drail/ros2_ws/install/ros2_data/include/ros2_data/ros2_data/action/detail/move_ypr__type_support.cpp
[9.474s] -- Installing: /home/drail/ros2_ws/install/ros2_data/include/ros2_data/ros2_data/action/detail/move_xyz__rosidl_typesupport_introspection_cpp.hpp
[9.474s] -- Installing: /home/drail/ros2_ws/install/ros2_data/include/ros2_data/ros2_data/action/detail/move_rp__type_support.cpp
[9.474s] -- Installing: /home/drail/ros2_ws/install/ros2_data/include/ros2_data/ros2_data/action/detail/move_j__rosidl_typesupport_introspection_cpp.hpp
[9.474s] -- Installing: /home/drail/ros2_ws/install/ros2_data/include/ros2_data/ros2_data/action/detail/move_rot__type_support.cpp
[9.474s] -- Installing: /home/drail/ros2_ws/install/ros2_data/include/ros2_data/ros2_data/action/detail/move_l__type_support.cpp
[9.474s] -- Installing: /home/drail/ros2_ws/install/ros2_data/include/ros2_data/ros2_data/action/detail/move_js__rosidl_typesupport_introspection_cpp.hpp
[9.474s] -- Installing: /home/drail/ros2_ws/install/ros2_data/include/ros2_data/ros2_data/action/detail/move_r__rosidl_typesupport_introspection_cpp.hpp
[9.475s] -- Installing: /home/drail/ros2_ws/install/ros2_data/include/ros2_data/ros2_data/action/detail/move_rp__rosidl_typesupport_introspection_cpp.hpp
[9.475s] -- Installing: /home/drail/ros2_ws/install/ros2_data/include/ros2_data/ros2_data/action/detail/move_xyzw__type_support.cpp
[9.475s] -- Installing: /home/drail/ros2_ws/install/ros2_data/include/ros2_data/ros2_data/action/detail/move_rot__rosidl_typesupport_introspection_cpp.hpp
[9.475s] -- Installing: /home/drail/ros2_ws/install/ros2_data/include/ros2_data/ros2_data/action/detail/move_js__type_support.cpp
[9.475s] -- Installing: /home/drail/ros2_ws/install/ros2_data/include/ros2_data/ros2_data/action/detail/move_g__rosidl_typesupport_introspection_cpp.hpp
[9.475s] -- Installing: /home/drail/ros2_ws/install/ros2_data/include/ros2_data/ros2_data/action/detail/move_j__type_support.cpp
[9.475s] -- Installing: /home/drail/ros2_ws/install/ros2_data/include/ros2_data/ros2_data/action/detail/move_l__rosidl_typesupport_introspection_cpp.hpp
[9.475s] -- Installing: /home/drail/ros2_ws/install/ros2_data/include/ros2_data/ros2_data/action/detail/move_xyzw__rosidl_typesupport_introspection_cpp.hpp
[9.476s] -- Up-to-date: /home/drail/ros2_ws/install/ros2_data/include/ros2_data/ros2_data/msg
[9.476s] -- Up-to-date: /home/drail/ros2_ws/install/ros2_data/include/ros2_data/ros2_data/msg/detail
[9.476s] -- Installing: /home/drail/ros2_ws/install/ros2_data/include/ros2_data/ros2_data/msg/detail/joint_pose__rosidl_typesupport_introspection_cpp.hpp
[9.476s] -- Installing: /home/drail/ros2_ws/install/ros2_data/include/ros2_data/ros2_data/msg/detail/joint_pose_s__rosidl_typesupport_introspection_cpp.hpp
[9.476s] -- Installing: /home/drail/ros2_ws/install/ros2_data/include/ros2_data/ros2_data/msg/detail/joint_pose_s__type_support.cpp
[9.476s] -- Installing: /home/drail/ros2_ws/install/ros2_data/include/ros2_data/ros2_data/msg/detail/joint_pose__type_support.cpp
[9.476s] -- Installing: /home/drail/ros2_ws/install/ros2_data/lib/libros2_data__rosidl_typesupport_introspection_cpp.so
[9.477s] -- Set runtime path of "/home/drail/ros2_ws/install/ros2_data/lib/libros2_data__rosidl_typesupport_introspection_cpp.so" to ""
[9.477s] -- Installing: /home/drail/ros2_ws/install/ros2_data/lib/libros2_data__rosidl_typesupport_cpp.so
[9.477s] -- Set runtime path of "/home/drail/ros2_ws/install/ros2_data/lib/libros2_data__rosidl_typesupport_cpp.so" to ""
[9.477s] -- Installing: /home/drail/ros2_ws/install/ros2_data/share/ros2_data/environment/pythonpath.sh
[9.477s] -- Installing: /home/drail/ros2_ws/install/ros2_data/share/ros2_data/environment/pythonpath.dsv
[9.477s] -- Installing: /home/drail/ros2_ws/install/ros2_data/local/lib/python3.10/dist-packages/ros2_data-0.0.0-py3.10.egg-info
[9.478s] -- Installing: /home/drail/ros2_ws/install/ros2_data/local/lib/python3.10/dist-packages/ros2_data-0.0.0-py3.10.egg-info/top_level.txt
[9.478s] -- Installing: /home/drail/ros2_ws/install/ros2_data/local/lib/python3.10/dist-packages/ros2_data-0.0.0-py3.10.egg-info/PKG-INFO
[9.478s] -- Installing: /home/drail/ros2_ws/install/ros2_data/local/lib/python3.10/dist-packages/ros2_data-0.0.0-py3.10.egg-info/SOURCES.txt
[9.478s] -- Installing: /home/drail/ros2_ws/install/ros2_data/local/lib/python3.10/dist-packages/ros2_data-0.0.0-py3.10.egg-info/dependency_links.txt
[9.478s] -- Installing: /home/drail/ros2_ws/install/ros2_data/local/lib/python3.10/dist-packages/ros2_data
[9.478s] -- Installing: /home/drail/ros2_ws/install/ros2_data/local/lib/python3.10/dist-packages/ros2_data/ros2_data_s__rosidl_typesupport_fastrtps_c.cpython-310-x86_64-linux-gnu.so
[9.478s] -- Installing: /home/drail/ros2_ws/install/ros2_data/local/lib/python3.10/dist-packages/ros2_data/libros2_data__rosidl_generator_py.so
[9.479s] -- Installing: /home/drail/ros2_ws/install/ros2_data/local/lib/python3.10/dist-packages/ros2_data/ros2_data_s__rosidl_typesupport_c.cpython-310-x86_64-linux-gnu.so
[9.479s] -- Installing: /home/drail/ros2_ws/install/ros2_data/local/lib/python3.10/dist-packages/ros2_data/_ros2_data_s.ep.rosidl_typesupport_fastrtps_c.c
[9.479s] -- Installing: /home/drail/ros2_ws/install/ros2_data/local/lib/python3.10/dist-packages/ros2_data/_ros2_data_s.ep.rosidl_typesupport_introspection_c.c
[9.480s] -- Installing: /home/drail/ros2_ws/install/ros2_data/local/lib/python3.10/dist-packages/ros2_data/ros2_data_s__rosidl_typesupport_introspection_c.cpython-310-x86_64-linux-gnu.so
[9.480s] -- Installing: /home/drail/ros2_ws/install/ros2_data/local/lib/python3.10/dist-packages/ros2_data/_ros2_data_s.ep.rosidl_typesupport_c.c
[9.481s] -- Installing: /home/drail/ros2_ws/install/ros2_data/local/lib/python3.10/dist-packages/ros2_data/__init__.py
[9.481s] -- Installing: /home/drail/ros2_ws/install/ros2_data/local/lib/python3.10/dist-packages/ros2_data/action
[9.481s] -- Installing: /home/drail/ros2_ws/install/ros2_data/local/lib/python3.10/dist-packages/ros2_data/action/_move_r.py
[9.481s] -- Installing: /home/drail/ros2_ws/install/ros2_data/local/lib/python3.10/dist-packages/ros2_data/action/_move_rp.py
[9.481s] -- Installing: /home/drail/ros2_ws/install/ros2_data/local/lib/python3.10/dist-packages/ros2_data/action/_move_j.py
[9.481s] -- Installing: /home/drail/ros2_ws/install/ros2_data/local/lib/python3.10/dist-packages/ros2_data/action/_move_js_s.c
[9.481s] -- Installing: /home/drail/ros2_ws/install/ros2_data/local/lib/python3.10/dist-packages/ros2_data/action/_move_rp_s.c
[9.481s] -- Installing: /home/drail/ros2_ws/install/ros2_data/local/lib/python3.10/dist-packages/ros2_data/action/_move_rot_s.c
[9.482s] -- Installing: /home/drail/ros2_ws/install/ros2_data/local/lib/python3.10/dist-packages/ros2_data/action/_move_j_s.c
[9.482s] -- Installing: /home/drail/ros2_ws/install/ros2_data/local/lib/python3.10/dist-packages/ros2_data/action/_move_g_s.c
[9.482s] -- Installing: /home/drail/ros2_ws/install/ros2_data/local/lib/python3.10/dist-packages/ros2_data/action/_move_xyz_s.c
[9.482s] -- Installing: /home/drail/ros2_ws/install/ros2_data/local/lib/python3.10/dist-packages/ros2_data/action/_move_ypr.py
[9.482s] -- Installing: /home/drail/ros2_ws/install/ros2_data/local/lib/python3.10/dist-packages/ros2_data/action/_move_r_s.c
[9.482s] -- Installing: /home/drail/ros2_ws/install/ros2_data/local/lib/python3.10/dist-packages/ros2_data/action/_move_l_s.c
[9.482s] -- Installing: /home/drail/ros2_ws/install/ros2_data/local/lib/python3.10/dist-packages/ros2_data/action/_move_xyz.py
[9.482s] -- Installing: /home/drail/ros2_ws/install/ros2_data/local/lib/python3.10/dist-packages/ros2_data/action/_move_ypr_s.c
[9.483s] -- Installing: /home/drail/ros2_ws/install/ros2_data/local/lib/python3.10/dist-packages/ros2_data/action/_move_js.py
[9.483s] -- Installing: /home/drail/ros2_ws/install/ros2_data/local/lib/python3.10/dist-packages/ros2_data/action/_move_l.py
[9.483s] -- Installing: /home/drail/ros2_ws/install/ros2_data/local/lib/python3.10/dist-packages/ros2_data/action/_move_xyzw.py
[9.483s] -- Installing: /home/drail/ros2_ws/install/ros2_data/local/lib/python3.10/dist-packages/ros2_data/action/_move_xyzw_s.c
[9.483s] -- Installing: /home/drail/ros2_ws/install/ros2_data/local/lib/python3.10/dist-packages/ros2_data/action/__init__.py
[9.483s] -- Installing: /home/drail/ros2_ws/install/ros2_data/local/lib/python3.10/dist-packages/ros2_data/action/_move_g.py
[9.483s] -- Installing: /home/drail/ros2_ws/install/ros2_data/local/lib/python3.10/dist-packages/ros2_data/action/_move_rot.py
[9.483s] -- Installing: /home/drail/ros2_ws/install/ros2_data/local/lib/python3.10/dist-packages/ros2_data/msg
[9.484s] -- Installing: /home/drail/ros2_ws/install/ros2_data/local/lib/python3.10/dist-packages/ros2_data/msg/_joint_pose.py
[9.484s] -- Installing: /home/drail/ros2_ws/install/ros2_data/local/lib/python3.10/dist-packages/ros2_data/msg/_joint_pose_s.py
[9.484s] -- Installing: /home/drail/ros2_ws/install/ros2_data/local/lib/python3.10/dist-packages/ros2_data/msg/_joint_pose_s.c
[9.484s] -- Installing: /home/drail/ros2_ws/install/ros2_data/local/lib/python3.10/dist-packages/ros2_data/msg/_joint_pose_s_s.c
[9.484s] -- Installing: /home/drail/ros2_ws/install/ros2_data/local/lib/python3.10/dist-packages/ros2_data/msg/__init__.py
[9.543s] Listing '/home/drail/ros2_ws/install/ros2_data/local/lib/python3.10/dist-packages/ros2_data'...
[9.543s] Compiling '/home/drail/ros2_ws/install/ros2_data/local/lib/python3.10/dist-packages/ros2_data/__init__.py'...
[9.543s] Listing '/home/drail/ros2_ws/install/ros2_data/local/lib/python3.10/dist-packages/ros2_data/action'...
[9.543s] Compiling '/home/drail/ros2_ws/install/ros2_data/local/lib/python3.10/dist-packages/ros2_data/action/__init__.py'...
[9.543s] Compiling '/home/drail/ros2_ws/install/ros2_data/local/lib/python3.10/dist-packages/ros2_data/action/_move_g.py'...
[9.543s] Compiling '/home/drail/ros2_ws/install/ros2_data/local/lib/python3.10/dist-packages/ros2_data/action/_move_j.py'...
[9.543s] Compiling '/home/drail/ros2_ws/install/ros2_data/local/lib/python3.10/dist-packages/ros2_data/action/_move_js.py'...
[9.543s] Compiling '/home/drail/ros2_ws/install/ros2_data/local/lib/python3.10/dist-packages/ros2_data/action/_move_l.py'...
[9.543s] Compiling '/home/drail/ros2_ws/install/ros2_data/local/lib/python3.10/dist-packages/ros2_data/action/_move_r.py'...
[9.543s] Compiling '/home/drail/ros2_ws/install/ros2_data/local/lib/python3.10/dist-packages/ros2_data/action/_move_rot.py'...
[9.543s] Compiling '/home/drail/ros2_ws/install/ros2_data/local/lib/python3.10/dist-packages/ros2_data/action/_move_rp.py'...
[9.544s] Compiling '/home/drail/ros2_ws/install/ros2_data/local/lib/python3.10/dist-packages/ros2_data/action/_move_xyz.py'...
[9.544s] Compiling '/home/drail/ros2_ws/install/ros2_data/local/lib/python3.10/dist-packages/ros2_data/action/_move_xyzw.py'...
[9.544s] Compiling '/home/drail/ros2_ws/install/ros2_data/local/lib/python3.10/dist-packages/ros2_data/action/_move_ypr.py'...
[9.544s] Listing '/home/drail/ros2_ws/install/ros2_data/local/lib/python3.10/dist-packages/ros2_data/msg'...
[9.544s] Compiling '/home/drail/ros2_ws/install/ros2_data/local/lib/python3.10/dist-packages/ros2_data/msg/__init__.py'...
[9.544s] Compiling '/home/drail/ros2_ws/install/ros2_data/local/lib/python3.10/dist-packages/ros2_data/msg/_joint_pose.py'...
[9.544s] Compiling '/home/drail/ros2_ws/install/ros2_data/local/lib/python3.10/dist-packages/ros2_data/msg/_joint_pose_s.py'...
[9.546s] -- Installing: /home/drail/ros2_ws/install/ros2_data/local/lib/python3.10/dist-packages/ros2_data/ros2_data_s__rosidl_typesupport_fastrtps_c.cpython-310-x86_64-linux-gnu.so
[9.547s] -- Set runtime path of "/home/drail/ros2_ws/install/ros2_data/local/lib/python3.10/dist-packages/ros2_data/ros2_data_s__rosidl_typesupport_fastrtps_c.cpython-310-x86_64-linux-gnu.so" to ""
[9.547s] -- Installing: /home/drail/ros2_ws/install/ros2_data/local/lib/python3.10/dist-packages/ros2_data/ros2_data_s__rosidl_typesupport_introspection_c.cpython-310-x86_64-linux-gnu.so
[9.547s] -- Set runtime path of "/home/drail/ros2_ws/install/ros2_data/local/lib/python3.10/dist-packages/ros2_data/ros2_data_s__rosidl_typesupport_introspection_c.cpython-310-x86_64-linux-gnu.so" to ""
[9.547s] -- Installing: /home/drail/ros2_ws/install/ros2_data/local/lib/python3.10/dist-packages/ros2_data/ros2_data_s__rosidl_typesupport_c.cpython-310-x86_64-linux-gnu.so
[9.548s] -- Set runtime path of "/home/drail/ros2_ws/install/ros2_data/local/lib/python3.10/dist-packages/ros2_data/ros2_data_s__rosidl_typesupport_c.cpython-310-x86_64-linux-gnu.so" to ""
[9.548s] -- Installing: /home/drail/ros2_ws/install/ros2_data/lib/libros2_data__rosidl_generator_py.so
[9.548s] -- Set runtime path of "/home/drail/ros2_ws/install/ros2_data/lib/libros2_data__rosidl_generator_py.so" to ""
[9.548s] -- Installing: /home/drail/ros2_ws/install/ros2_data/share/ros2_data/msg/JointPose.idl
[9.549s] -- Installing: /home/drail/ros2_ws/install/ros2_data/share/ros2_data/msg/JointPoseS.idl
[9.549s] -- Installing: /home/drail/ros2_ws/install/ros2_data/share/ros2_data/action/MoveJ.idl
[9.549s] -- Installing: /home/drail/ros2_ws/install/ros2_data/share/ros2_data/action/MoveJs.idl
[9.549s] -- Installing: /home/drail/ros2_ws/install/ros2_data/share/ros2_data/action/MoveG.idl
[9.549s] -- Installing: /home/drail/ros2_ws/install/ros2_data/share/ros2_data/action/MoveXYZW.idl
[9.549s] -- Installing: /home/drail/ros2_ws/install/ros2_data/share/ros2_data/action/MoveL.idl
[9.549s] -- Installing: /home/drail/ros2_ws/install/ros2_data/share/ros2_data/action/MoveR.idl
[9.549s] -- Installing: /home/drail/ros2_ws/install/ros2_data/share/ros2_data/action/MoveXYZ.idl
[9.550s] -- Installing: /home/drail/ros2_ws/install/ros2_data/share/ros2_data/action/MoveYPR.idl
[9.550s] -- Installing: /home/drail/ros2_ws/install/ros2_data/share/ros2_data/action/MoveROT.idl
[9.550s] -- Installing: /home/drail/ros2_ws/install/ros2_data/share/ros2_data/action/MoveRP.idl
[9.550s] -- Installing: /home/drail/ros2_ws/install/ros2_data/share/ros2_data/msg/JointPose.msg
[9.550s] -- Installing: /home/drail/ros2_ws/install/ros2_data/share/ros2_data/msg/JointPoseS.msg
[9.550s] -- Installing: /home/drail/ros2_ws/install/ros2_data/share/ros2_data/action/MoveJ.action
[9.550s] -- Installing: /home/drail/ros2_ws/install/ros2_data/share/ros2_data/action/MoveJs.action
[9.550s] -- Installing: /home/drail/ros2_ws/install/ros2_data/share/ros2_data/action/MoveG.action
[9.550s] -- Installing: /home/drail/ros2_ws/install/ros2_data/share/ros2_data/action/MoveXYZW.action
[9.551s] -- Installing: /home/drail/ros2_ws/install/ros2_data/share/ros2_data/action/MoveL.action
[9.551s] -- Installing: /home/drail/ros2_ws/install/ros2_data/share/ros2_data/action/MoveR.action
[9.551s] -- Installing: /home/drail/ros2_ws/install/ros2_data/share/ros2_data/action/MoveXYZ.action
[9.551s] -- Installing: /home/drail/ros2_ws/install/ros2_data/share/ros2_data/action/MoveYPR.action
[9.551s] -- Installing: /home/drail/ros2_ws/install/ros2_data/share/ros2_data/action/MoveROT.action
[9.551s] -- Installing: /home/drail/ros2_ws/install/ros2_data/share/ros2_data/action/MoveRP.action
[9.551s] -- Installing: /home/drail/ros2_ws/install/ros2_data/share/ament_index/resource_index/package_run_dependencies/ros2_data
[9.552s] -- Installing: /home/drail/ros2_ws/install/ros2_data/share/ament_index/resource_index/parent_prefix_path/ros2_data
[9.552s] -- Installing: /home/drail/ros2_ws/install/ros2_data/share/ros2_data/environment/ament_prefix_path.sh
[9.552s] -- Installing: /home/drail/ros2_ws/install/ros2_data/share/ros2_data/environment/ament_prefix_path.dsv
[9.552s] -- Installing: /home/drail/ros2_ws/install/ros2_data/share/ros2_data/environment/path.sh
[9.552s] -- Installing: /home/drail/ros2_ws/install/ros2_data/share/ros2_data/environment/path.dsv
[9.552s] -- Installing: /home/drail/ros2_ws/install/ros2_data/share/ros2_data/local_setup.bash
[9.552s] -- Installing: /home/drail/ros2_ws/install/ros2_data/share/ros2_data/local_setup.sh
[9.552s] -- Installing: /home/drail/ros2_ws/install/ros2_data/share/ros2_data/local_setup.zsh
[9.552s] -- Installing: /home/drail/ros2_ws/install/ros2_data/share/ros2_data/local_setup.dsv
[9.553s] -- Installing: /home/drail/ros2_ws/install/ros2_data/share/ros2_data/package.dsv
[9.553s] -- Installing: /home/drail/ros2_ws/install/ros2_data/share/ament_index/resource_index/packages/ros2_data
[9.553s] -- Installing: /home/drail/ros2_ws/install/ros2_data/share/ros2_data/cmake/export_ros2_data__rosidl_generator_cExport.cmake
[9.553s] -- Installing: /home/drail/ros2_ws/install/ros2_data/share/ros2_data/cmake/export_ros2_data__rosidl_generator_cExport-noconfig.cmake
[9.553s] -- Installing: /home/drail/ros2_ws/install/ros2_data/share/ros2_data/cmake/export_ros2_data__rosidl_typesupport_fastrtps_cExport.cmake
[9.553s] -- Installing: /home/drail/ros2_ws/install/ros2_data/share/ros2_data/cmake/export_ros2_data__rosidl_typesupport_fastrtps_cExport-noconfig.cmake
[9.553s] -- Installing: /home/drail/ros2_ws/install/ros2_data/share/ros2_data/cmake/ros2_data__rosidl_typesupport_introspection_cExport.cmake
[9.554s] -- Installing: /home/drail/ros2_ws/install/ros2_data/share/ros2_data/cmake/ros2_data__rosidl_typesupport_introspection_cExport-noconfig.cmake
[9.554s] -- Installing: /home/drail/ros2_ws/install/ros2_data/share/ros2_data/cmake/ros2_data__rosidl_typesupport_cExport.cmake
[9.554s] -- Installing: /home/drail/ros2_ws/install/ros2_data/share/ros2_data/cmake/ros2_data__rosidl_typesupport_cExport-noconfig.cmake
[9.554s] -- Installing: /home/drail/ros2_ws/install/ros2_data/share/ros2_data/cmake/export_ros2_data__rosidl_generator_cppExport.cmake
[9.554s] -- Installing: /home/drail/ros2_ws/install/ros2_data/share/ros2_data/cmake/export_ros2_data__rosidl_typesupport_fastrtps_cppExport.cmake
[9.554s] -- Installing: /home/drail/ros2_ws/install/ros2_data/share/ros2_data/cmake/export_ros2_data__rosidl_typesupport_fastrtps_cppExport-noconfig.cmake
[9.554s] -- Installing: /home/drail/ros2_ws/install/ros2_data/share/ros2_data/cmake/ros2_data__rosidl_typesupport_introspection_cppExport.cmake
[9.554s] -- Installing: /home/drail/ros2_ws/install/ros2_data/share/ros2_data/cmake/ros2_data__rosidl_typesupport_introspection_cppExport-noconfig.cmake
[9.555s] -- Installing: /home/drail/ros2_ws/install/ros2_data/share/ros2_data/cmake/ros2_data__rosidl_typesupport_cppExport.cmake
[9.555s] -- Installing: /home/drail/ros2_ws/install/ros2_data/share/ros2_data/cmake/ros2_data__rosidl_typesupport_cppExport-noconfig.cmake
[9.555s] -- Installing: /home/drail/ros2_ws/install/ros2_data/share/ros2_data/cmake/export_ros2_data__rosidl_generator_pyExport.cmake
[9.555s] -- Installing: /home/drail/ros2_ws/install/ros2_data/share/ros2_data/cmake/export_ros2_data__rosidl_generator_pyExport-noconfig.cmake
[9.555s] -- Installing: /home/drail/ros2_ws/install/ros2_data/share/ros2_data/cmake/rosidl_cmake-extras.cmake
[9.555s] -- Installing: /home/drail/ros2_ws/install/ros2_data/share/ros2_data/cmake/ament_cmake_export_dependencies-extras.cmake
[9.555s] -- Installing: /home/drail/ros2_ws/install/ros2_data/share/ros2_data/cmake/ament_cmake_export_include_directories-extras.cmake
[9.556s] -- Installing: /home/drail/ros2_ws/install/ros2_data/share/ros2_data/cmake/ament_cmake_export_libraries-extras.cmake
[9.556s] -- Installing: /home/drail/ros2_ws/install/ros2_data/share/ros2_data/cmake/ament_cmake_export_targets-extras.cmake
[9.556s] -- Installing: /home/drail/ros2_ws/install/ros2_data/share/ros2_data/cmake/rosidl_cmake_export_typesupport_targets-extras.cmake
[9.556s] -- Installing: /home/drail/ros2_ws/install/ros2_data/share/ros2_data/cmake/rosidl_cmake_export_typesupport_libraries-extras.cmake
[9.556s] -- Installing: /home/drail/ros2_ws/install/ros2_data/share/ros2_data/cmake/ros2_dataConfig.cmake
[9.556s] -- Installing: /home/drail/ros2_ws/install/ros2_data/share/ros2_data/cmake/ros2_dataConfig-version.cmake
[9.556s] -- Installing: /home/drail/ros2_ws/install/ros2_data/share/ros2_data/package.xml
[9.558s] Invoked command in '/home/drail/ros2_ws/build/ros2_data' returned '0': CMAKE_PREFIX_PATH=${CMAKE_PREFIX_PATH}:/opt/ros/humble /usr/bin/cmake --install /home/drail/ros2_ws/build/ros2_data
