-- The C compiler identification is GNU 11.4.0
-- The CXX compiler identification is GNU 11.4.0
-- Detecting C compiler ABI info
-- Detecting C compiler ABI info - done
-- Check for working C compiler: /usr/bin/cc - skipped
-- Detecting C compile features
-- Detecting C compile features - done
-- Detecting CXX compiler ABI info
-- Detecting CXX compiler ABI info - done
-- Check for working CXX compiler: /usr/bin/c++ - skipped
-- Detecting CXX compile features
-- Detecting CXX compile features - done
-- Found ament_cmake: 1.3.12 (/home/drail/ros2_humble/ros2-linux/share/ament_cmake/cmake)
-- Found Python3: /usr/bin/python3 (found version "3.10.12") found components: Interpreter 
-- Found ament_lint_auto: 0.12.14 (/home/drail/ros2_humble/ros2-linux/share/ament_lint_auto/cmake)
-- Found rosidl_default_generators: 1.2.0 (/home/drail/ros2_humble/ros2-linux/share/rosidl_default_generators/cmake)
-- Using all available rosidl_typesupport_c: rosidl_typesupport_fastrtps_c;rosidl_typesupport_introspection_c
-- Found rosidl_adapter: 3.1.7 (/home/drail/ros2_humble/ros2-linux/share/rosidl_adapter/cmake)
-- Using all available rosidl_typesupport_cpp: rosidl_typesupport_fastrtps_cpp;rosidl_typesupport_introspection_cpp
-- Found ament_cmake_ros: 0.10.0 (/home/drail/ros2_humble/ros2-linux/share/ament_cmake_ros/cmake)
-- Using all available rosidl_typesupport_c: rosidl_typesupport_fastrtps_c;rosidl_typesupport_introspection_c
-- Using all available rosidl_typesupport_cpp: rosidl_typesupport_fastrtps_cpp;rosidl_typesupport_introspection_cpp
-- Found PythonInterp: /usr/bin/python3 (found suitable version "3.10.12", minimum required is "3.6") 
-- Found python_cmake_module: 0.10.0 (/home/drail/ros2_humble/ros2-linux/share/python_cmake_module/cmake)
-- Found PythonLibs: /usr/lib/x86_64-linux-gnu/libpython3.10.so (found suitable version "3.10.12", minimum required is "3.5") 
-- Using PYTHON_EXECUTABLE: /usr/bin/python3
-- Using PYTHON_INCLUDE_DIRS: /usr/include/python3.10
-- Using PYTHON_LIBRARIES: /usr/lib/x86_64-linux-gnu/libpython3.10.so
-- Found PythonExtra: .so  
-- Added test 'copyright' to check source files copyright and LICENSE
-- Added test 'flake8' to check Python code syntax and style conventions
-- Added test 'lint_cmake' to check CMake code style
-- Added test 'pep257' to check Python code against some of the docstring style conventions in PEP 257
-- Added test 'xmllint' to check XML markup files
-- Configuring done
-- Generating done
-- Build files have been written to: /home/drail/ros2_ws/build/ros2_grasping
[  3%] [34m[1mGenerating C code for ROS interfaces[0m
[  6%] [34m[1mGenerating C++ code for ROS interfaces[0m
[  6%] Built target ament_cmake_python_copy_ros2_grasping
running egg_info
creating ros2_grasping.egg-info
writing ros2_grasping.egg-info/PKG-INFO
writing dependency_links to ros2_grasping.egg-info/dependency_links.txt
writing top-level names to ros2_grasping.egg-info/top_level.txt
writing manifest file 'ros2_grasping.egg-info/SOURCES.txt'
reading manifest file 'ros2_grasping.egg-info/SOURCES.txt'
writing manifest file 'ros2_grasping.egg-info/SOURCES.txt'
[  6%] Built target ament_cmake_python_build_ros2_grasping_egg
[  9%] [32mBuilding C object CMakeFiles/ros2_grasping__rosidl_generator_c.dir/rosidl_generator_c/ros2_grasping/action/detail/attacher__functions.c.o[0m
[  9%] Built target ros2_grasping__cpp
[ 12%] [34m[1mGenerating C++ type support for eProsima Fast-RTPS[0m
[ 16%] [34m[1mGenerating C++ introspection for ROS interfaces[0m
[ 19%] [34m[1mGenerating C++ type support dispatch for ROS interfaces[0m
[ 22%] [32m[1mLinking C shared library libros2_grasping__rosidl_generator_c.so[0m
[ 22%] Built target ros2_grasping__rosidl_generator_c
[ 25%] [34m[1mGenerating C introspection for ROS interfaces[0m
[ 29%] [34m[1mGenerating C type support for eProsima Fast-RTPS[0m
[ 32%] [34m[1mGenerating C type support dispatch for ROS interfaces[0m
[ 35%] [32mBuilding CXX object CMakeFiles/ros2_grasping__rosidl_typesupport_cpp.dir/rosidl_typesupport_cpp/ros2_grasping/action/attacher__type_support.cpp.o[0m
[ 38%] [32mBuilding CXX object CMakeFiles/ros2_grasping__rosidl_typesupport_introspection_cpp.dir/rosidl_typesupport_introspection_cpp/ros2_grasping/action/detail/attacher__type_support.cpp.o[0m
[ 41%] [32mBuilding CXX object CMakeFiles/ros2_grasping__rosidl_typesupport_fastrtps_cpp.dir/rosidl_typesupport_fastrtps_cpp/ros2_grasping/action/detail/dds_fastrtps/attacher__type_support.cpp.o[0m
[ 45%] [32mBuilding CXX object CMakeFiles/ros2_grasping__rosidl_typesupport_c.dir/rosidl_typesupport_c/ros2_grasping/action/attacher__type_support.cpp.o[0m
[ 48%] [32m[1mLinking CXX shared library libros2_grasping__rosidl_typesupport_c.so[0m
[ 51%] [32mBuilding C object CMakeFiles/ros2_grasping__rosidl_typesupport_introspection_c.dir/rosidl_typesupport_introspection_c/ros2_grasping/action/detail/attacher__type_support.c.o[0m
[ 54%] [32mBuilding CXX object CMakeFiles/ros2_grasping__rosidl_typesupport_fastrtps_c.dir/rosidl_typesupport_fastrtps_c/ros2_grasping/action/detail/attacher__type_support_c.cpp.o[0m
[ 54%] Built target ros2_grasping__rosidl_typesupport_c
[ 58%] [32m[1mLinking C shared library libros2_grasping__rosidl_typesupport_introspection_c.so[0m
[ 58%] Built target ros2_grasping__rosidl_typesupport_introspection_c
[ 61%] [32m[1mLinking CXX shared library libros2_grasping__rosidl_typesupport_cpp.so[0m
[ 61%] Built target ros2_grasping__rosidl_typesupport_cpp
[ 64%] [32m[1mLinking CXX shared library libros2_grasping__rosidl_typesupport_introspection_cpp.so[0m
[ 67%] [32m[1mLinking CXX shared library libros2_grasping__rosidl_typesupport_fastrtps_cpp.so[0m
[ 70%] [32m[1mLinking CXX shared library libros2_grasping__rosidl_typesupport_fastrtps_c.so[0m
[ 70%] Built target ros2_grasping__rosidl_typesupport_introspection_cpp
[ 70%] Built target ros2_grasping__rosidl_typesupport_fastrtps_cpp
[ 70%] Built target ros2_grasping__rosidl_typesupport_fastrtps_c
[ 70%] Built target ros2_grasping
[ 74%] [34m[1mGenerating Python code for ROS interfaces[0m
[ 74%] Built target ros2_grasping__py
[ 77%] [32mBuilding C object CMakeFiles/ros2_grasping__rosidl_generator_py.dir/rosidl_generator_py/ros2_grasping/action/_attacher_s.c.o[0m
[ 80%] [32m[1mLinking C shared library rosidl_generator_py/ros2_grasping/libros2_grasping__rosidl_generator_py.so[0m
[ 80%] Built target ros2_grasping__rosidl_generator_py
[ 83%] [32mBuilding C object CMakeFiles/ros2_grasping__rosidl_typesupport_fastrtps_c__pyext.dir/rosidl_generator_py/ros2_grasping/_ros2_grasping_s.ep.rosidl_typesupport_fastrtps_c.c.o[0m
[ 87%] [32mBuilding C object CMakeFiles/ros2_grasping__rosidl_typesupport_c__pyext.dir/rosidl_generator_py/ros2_grasping/_ros2_grasping_s.ep.rosidl_typesupport_c.c.o[0m
[ 90%] [32mBuilding C object CMakeFiles/ros2_grasping__rosidl_typesupport_introspection_c__pyext.dir/rosidl_generator_py/ros2_grasping/_ros2_grasping_s.ep.rosidl_typesupport_introspection_c.c.o[0m
[ 93%] [32m[1mLinking C shared library rosidl_generator_py/ros2_grasping/ros2_grasping_s__rosidl_typesupport_introspection_c.cpython-310-x86_64-linux-gnu.so[0m
[ 96%] [32m[1mLinking C shared library rosidl_generator_py/ros2_grasping/ros2_grasping_s__rosidl_typesupport_c.cpython-310-x86_64-linux-gnu.so[0m
[100%] [32m[1mLinking C shared library rosidl_generator_py/ros2_grasping/ros2_grasping_s__rosidl_typesupport_fastrtps_c.cpython-310-x86_64-linux-gnu.so[0m
[100%] Built target ros2_grasping__rosidl_typesupport_introspection_c__pyext
[100%] Built target ros2_grasping__rosidl_typesupport_c__pyext
[100%] Built target ros2_grasping__rosidl_typesupport_fastrtps_c__pyext
-- Install configuration: ""
-- Installing: /home/drail/ros2_ws/install/ros2_grasping/share/ros2_grasping/urdf
-- Installing: /home/drail/ros2_ws/install/ros2_grasping/share/ros2_grasping/urdf/box.urdf
-- Installing: /home/drail/ros2_ws/install/ros2_grasping/share/ament_index/resource_index/rosidl_interfaces/ros2_grasping
-- Installing: /home/drail/ros2_ws/install/ros2_grasping/include/ros2_grasping/ros2_grasping
-- Installing: /home/drail/ros2_ws/install/ros2_grasping/include/ros2_grasping/ros2_grasping/action
-- Installing: /home/drail/ros2_ws/install/ros2_grasping/include/ros2_grasping/ros2_grasping/action/detail
-- Installing: /home/drail/ros2_ws/install/ros2_grasping/include/ros2_grasping/ros2_grasping/action/detail/attacher__functions.h
-- Installing: /home/drail/ros2_ws/install/ros2_grasping/include/ros2_grasping/ros2_grasping/action/detail/attacher__struct.h
-- Installing: /home/drail/ros2_ws/install/ros2_grasping/include/ros2_grasping/ros2_grasping/action/detail/attacher__type_support.h
-- Installing: /home/drail/ros2_ws/install/ros2_grasping/include/ros2_grasping/ros2_grasping/action/detail/attacher__functions.c
-- Installing: /home/drail/ros2_ws/install/ros2_grasping/include/ros2_grasping/ros2_grasping/action/attacher.h
-- Installing: /home/drail/ros2_ws/install/ros2_grasping/include/ros2_grasping/ros2_grasping/msg
-- Installing: /home/drail/ros2_ws/install/ros2_grasping/include/ros2_grasping/ros2_grasping/msg/rosidl_generator_c__visibility_control.h
-- Installing: /home/drail/ros2_ws/install/ros2_grasping/share/ros2_grasping/environment/library_path.sh
-- Installing: /home/drail/ros2_ws/install/ros2_grasping/share/ros2_grasping/environment/library_path.dsv
-- Installing: /home/drail/ros2_ws/install/ros2_grasping/lib/libros2_grasping__rosidl_generator_c.so
-- Set runtime path of "/home/drail/ros2_ws/install/ros2_grasping/lib/libros2_grasping__rosidl_generator_c.so" to ""
-- Up-to-date: /home/drail/ros2_ws/install/ros2_grasping/include/ros2_grasping/ros2_grasping
-- Up-to-date: /home/drail/ros2_ws/install/ros2_grasping/include/ros2_grasping/ros2_grasping/action
-- Up-to-date: /home/drail/ros2_ws/install/ros2_grasping/include/ros2_grasping/ros2_grasping/action/detail
-- Installing: /home/drail/ros2_ws/install/ros2_grasping/include/ros2_grasping/ros2_grasping/action/detail/attacher__rosidl_typesupport_fastrtps_c.h
-- Up-to-date: /home/drail/ros2_ws/install/ros2_grasping/include/ros2_grasping/ros2_grasping/msg
-- Installing: /home/drail/ros2_ws/install/ros2_grasping/include/ros2_grasping/ros2_grasping/msg/rosidl_typesupport_fastrtps_c__visibility_control.h
-- Installing: /home/drail/ros2_ws/install/ros2_grasping/lib/libros2_grasping__rosidl_typesupport_fastrtps_c.so
-- Set runtime path of "/home/drail/ros2_ws/install/ros2_grasping/lib/libros2_grasping__rosidl_typesupport_fastrtps_c.so" to ""
-- Up-to-date: /home/drail/ros2_ws/install/ros2_grasping/include/ros2_grasping/ros2_grasping
-- Up-to-date: /home/drail/ros2_ws/install/ros2_grasping/include/ros2_grasping/ros2_grasping/action
-- Up-to-date: /home/drail/ros2_ws/install/ros2_grasping/include/ros2_grasping/ros2_grasping/action/detail
-- Installing: /home/drail/ros2_ws/install/ros2_grasping/include/ros2_grasping/ros2_grasping/action/detail/attacher__type_support.c
-- Installing: /home/drail/ros2_ws/install/ros2_grasping/include/ros2_grasping/ros2_grasping/action/detail/attacher__rosidl_typesupport_introspection_c.h
-- Up-to-date: /home/drail/ros2_ws/install/ros2_grasping/include/ros2_grasping/ros2_grasping/msg
-- Installing: /home/drail/ros2_ws/install/ros2_grasping/include/ros2_grasping/ros2_grasping/msg/rosidl_typesupport_introspection_c__visibility_control.h
-- Installing: /home/drail/ros2_ws/install/ros2_grasping/lib/libros2_grasping__rosidl_typesupport_introspection_c.so
-- Set runtime path of "/home/drail/ros2_ws/install/ros2_grasping/lib/libros2_grasping__rosidl_typesupport_introspection_c.so" to ""
-- Installing: /home/drail/ros2_ws/install/ros2_grasping/lib/libros2_grasping__rosidl_typesupport_c.so
-- Set runtime path of "/home/drail/ros2_ws/install/ros2_grasping/lib/libros2_grasping__rosidl_typesupport_c.so" to ""
-- Up-to-date: /home/drail/ros2_ws/install/ros2_grasping/include/ros2_grasping/ros2_grasping
-- Up-to-date: /home/drail/ros2_ws/install/ros2_grasping/include/ros2_grasping/ros2_grasping/action
-- Up-to-date: /home/drail/ros2_ws/install/ros2_grasping/include/ros2_grasping/ros2_grasping/action/detail
-- Installing: /home/drail/ros2_ws/install/ros2_grasping/include/ros2_grasping/ros2_grasping/action/detail/attacher__builder.hpp
-- Installing: /home/drail/ros2_ws/install/ros2_grasping/include/ros2_grasping/ros2_grasping/action/detail/attacher__traits.hpp
-- Installing: /home/drail/ros2_ws/install/ros2_grasping/include/ros2_grasping/ros2_grasping/action/detail/attacher__type_support.hpp
-- Installing: /home/drail/ros2_ws/install/ros2_grasping/include/ros2_grasping/ros2_grasping/action/detail/attacher__struct.hpp
-- Installing: /home/drail/ros2_ws/install/ros2_grasping/include/ros2_grasping/ros2_grasping/action/attacher.hpp
-- Up-to-date: /home/drail/ros2_ws/install/ros2_grasping/include/ros2_grasping/ros2_grasping/msg
-- Installing: /home/drail/ros2_ws/install/ros2_grasping/include/ros2_grasping/ros2_grasping/msg/rosidl_generator_cpp__visibility_control.hpp
-- Up-to-date: /home/drail/ros2_ws/install/ros2_grasping/include/ros2_grasping/ros2_grasping
-- Up-to-date: /home/drail/ros2_ws/install/ros2_grasping/include/ros2_grasping/ros2_grasping/action
-- Up-to-date: /home/drail/ros2_ws/install/ros2_grasping/include/ros2_grasping/ros2_grasping/action/detail
-- Installing: /home/drail/ros2_ws/install/ros2_grasping/include/ros2_grasping/ros2_grasping/action/detail/attacher__rosidl_typesupport_fastrtps_cpp.hpp
-- Installing: /home/drail/ros2_ws/install/ros2_grasping/include/ros2_grasping/ros2_grasping/action/detail/dds_fastrtps
-- Up-to-date: /home/drail/ros2_ws/install/ros2_grasping/include/ros2_grasping/ros2_grasping/msg
-- Installing: /home/drail/ros2_ws/install/ros2_grasping/include/ros2_grasping/ros2_grasping/msg/rosidl_typesupport_fastrtps_cpp__visibility_control.h
-- Installing: /home/drail/ros2_ws/install/ros2_grasping/lib/libros2_grasping__rosidl_typesupport_fastrtps_cpp.so
-- Set runtime path of "/home/drail/ros2_ws/install/ros2_grasping/lib/libros2_grasping__rosidl_typesupport_fastrtps_cpp.so" to ""
-- Up-to-date: /home/drail/ros2_ws/install/ros2_grasping/include/ros2_grasping/ros2_grasping
-- Up-to-date: /home/drail/ros2_ws/install/ros2_grasping/include/ros2_grasping/ros2_grasping/action
-- Up-to-date: /home/drail/ros2_ws/install/ros2_grasping/include/ros2_grasping/ros2_grasping/action/detail
-- Installing: /home/drail/ros2_ws/install/ros2_grasping/include/ros2_grasping/ros2_grasping/action/detail/attacher__type_support.cpp
-- Installing: /home/drail/ros2_ws/install/ros2_grasping/include/ros2_grasping/ros2_grasping/action/detail/attacher__rosidl_typesupport_introspection_cpp.hpp
-- Installing: /home/drail/ros2_ws/install/ros2_grasping/lib/libros2_grasping__rosidl_typesupport_introspection_cpp.so
-- Set runtime path of "/home/drail/ros2_ws/install/ros2_grasping/lib/libros2_grasping__rosidl_typesupport_introspection_cpp.so" to ""
-- Installing: /home/drail/ros2_ws/install/ros2_grasping/lib/libros2_grasping__rosidl_typesupport_cpp.so
-- Set runtime path of "/home/drail/ros2_ws/install/ros2_grasping/lib/libros2_grasping__rosidl_typesupport_cpp.so" to ""
-- Installing: /home/drail/ros2_ws/install/ros2_grasping/share/ros2_grasping/environment/pythonpath.sh
-- Installing: /home/drail/ros2_ws/install/ros2_grasping/share/ros2_grasping/environment/pythonpath.dsv
-- Installing: /home/drail/ros2_ws/install/ros2_grasping/local/lib/python3.10/dist-packages/ros2_grasping-0.0.0-py3.10.egg-info
-- Installing: /home/drail/ros2_ws/install/ros2_grasping/local/lib/python3.10/dist-packages/ros2_grasping-0.0.0-py3.10.egg-info/top_level.txt
-- Installing: /home/drail/ros2_ws/install/ros2_grasping/local/lib/python3.10/dist-packages/ros2_grasping-0.0.0-py3.10.egg-info/PKG-INFO
-- Installing: /home/drail/ros2_ws/install/ros2_grasping/local/lib/python3.10/dist-packages/ros2_grasping-0.0.0-py3.10.egg-info/SOURCES.txt
-- Installing: /home/drail/ros2_ws/install/ros2_grasping/local/lib/python3.10/dist-packages/ros2_grasping-0.0.0-py3.10.egg-info/dependency_links.txt
-- Installing: /home/drail/ros2_ws/install/ros2_grasping/local/lib/python3.10/dist-packages/ros2_grasping
-- Installing: /home/drail/ros2_ws/install/ros2_grasping/local/lib/python3.10/dist-packages/ros2_grasping/_ros2_grasping_s.ep.rosidl_typesupport_fastrtps_c.c
-- Installing: /home/drail/ros2_ws/install/ros2_grasping/local/lib/python3.10/dist-packages/ros2_grasping/ros2_grasping_s__rosidl_typesupport_introspection_c.cpython-310-x86_64-linux-gnu.so
-- Installing: /home/drail/ros2_ws/install/ros2_grasping/local/lib/python3.10/dist-packages/ros2_grasping/libros2_grasping__rosidl_generator_py.so
-- Installing: /home/drail/ros2_ws/install/ros2_grasping/local/lib/python3.10/dist-packages/ros2_grasping/ros2_grasping_s__rosidl_typesupport_fastrtps_c.cpython-310-x86_64-linux-gnu.so
-- Installing: /home/drail/ros2_ws/install/ros2_grasping/local/lib/python3.10/dist-packages/ros2_grasping/_ros2_grasping_s.ep.rosidl_typesupport_c.c
-- Installing: /home/drail/ros2_ws/install/ros2_grasping/local/lib/python3.10/dist-packages/ros2_grasping/_ros2_grasping_s.ep.rosidl_typesupport_introspection_c.c
-- Installing: /home/drail/ros2_ws/install/ros2_grasping/local/lib/python3.10/dist-packages/ros2_grasping/__init__.py
-- Installing: /home/drail/ros2_ws/install/ros2_grasping/local/lib/python3.10/dist-packages/ros2_grasping/ros2_grasping_s__rosidl_typesupport_c.cpython-310-x86_64-linux-gnu.so
-- Installing: /home/drail/ros2_ws/install/ros2_grasping/local/lib/python3.10/dist-packages/ros2_grasping/action
-- Installing: /home/drail/ros2_ws/install/ros2_grasping/local/lib/python3.10/dist-packages/ros2_grasping/action/_attacher.py
-- Installing: /home/drail/ros2_ws/install/ros2_grasping/local/lib/python3.10/dist-packages/ros2_grasping/action/_attacher_s.c
-- Installing: /home/drail/ros2_ws/install/ros2_grasping/local/lib/python3.10/dist-packages/ros2_grasping/action/__init__.py
Listing '/home/drail/ros2_ws/install/ros2_grasping/local/lib/python3.10/dist-packages/ros2_grasping'...
Compiling '/home/drail/ros2_ws/install/ros2_grasping/local/lib/python3.10/dist-packages/ros2_grasping/__init__.py'...
Listing '/home/drail/ros2_ws/install/ros2_grasping/local/lib/python3.10/dist-packages/ros2_grasping/action'...
Compiling '/home/drail/ros2_ws/install/ros2_grasping/local/lib/python3.10/dist-packages/ros2_grasping/action/__init__.py'...
Compiling '/home/drail/ros2_ws/install/ros2_grasping/local/lib/python3.10/dist-packages/ros2_grasping/action/_attacher.py'...
-- Installing: /home/drail/ros2_ws/install/ros2_grasping/local/lib/python3.10/dist-packages/ros2_grasping/ros2_grasping_s__rosidl_typesupport_fastrtps_c.cpython-310-x86_64-linux-gnu.so
-- Set runtime path of "/home/drail/ros2_ws/install/ros2_grasping/local/lib/python3.10/dist-packages/ros2_grasping/ros2_grasping_s__rosidl_typesupport_fastrtps_c.cpython-310-x86_64-linux-gnu.so" to ""
-- Installing: /home/drail/ros2_ws/install/ros2_grasping/local/lib/python3.10/dist-packages/ros2_grasping/ros2_grasping_s__rosidl_typesupport_introspection_c.cpython-310-x86_64-linux-gnu.so
-- Set runtime path of "/home/drail/ros2_ws/install/ros2_grasping/local/lib/python3.10/dist-packages/ros2_grasping/ros2_grasping_s__rosidl_typesupport_introspection_c.cpython-310-x86_64-linux-gnu.so" to ""
-- Installing: /home/drail/ros2_ws/install/ros2_grasping/local/lib/python3.10/dist-packages/ros2_grasping/ros2_grasping_s__rosidl_typesupport_c.cpython-310-x86_64-linux-gnu.so
-- Set runtime path of "/home/drail/ros2_ws/install/ros2_grasping/local/lib/python3.10/dist-packages/ros2_grasping/ros2_grasping_s__rosidl_typesupport_c.cpython-310-x86_64-linux-gnu.so" to ""
-- Installing: /home/drail/ros2_ws/install/ros2_grasping/lib/libros2_grasping__rosidl_generator_py.so
-- Set runtime path of "/home/drail/ros2_ws/install/ros2_grasping/lib/libros2_grasping__rosidl_generator_py.so" to ""
-- Installing: /home/drail/ros2_ws/install/ros2_grasping/share/ros2_grasping/action/Attacher.idl
-- Installing: /home/drail/ros2_ws/install/ros2_grasping/share/ros2_grasping/action/Attacher.action
-- Installing: /home/drail/ros2_ws/install/ros2_grasping/lib/ros2_grasping/attacher_action.py
-- Installing: /home/drail/ros2_ws/install/ros2_grasping/lib/ros2_grasping/spawn_object.py
-- Installing: /home/drail/ros2_ws/install/ros2_grasping/share/ament_index/resource_index/package_run_dependencies/ros2_grasping
-- Installing: /home/drail/ros2_ws/install/ros2_grasping/share/ament_index/resource_index/parent_prefix_path/ros2_grasping
-- Installing: /home/drail/ros2_ws/install/ros2_grasping/share/ros2_grasping/environment/ament_prefix_path.sh
-- Installing: /home/drail/ros2_ws/install/ros2_grasping/share/ros2_grasping/environment/ament_prefix_path.dsv
-- Installing: /home/drail/ros2_ws/install/ros2_grasping/share/ros2_grasping/environment/path.sh
-- Installing: /home/drail/ros2_ws/install/ros2_grasping/share/ros2_grasping/environment/path.dsv
-- Installing: /home/drail/ros2_ws/install/ros2_grasping/share/ros2_grasping/local_setup.bash
-- Installing: /home/drail/ros2_ws/install/ros2_grasping/share/ros2_grasping/local_setup.sh
-- Installing: /home/drail/ros2_ws/install/ros2_grasping/share/ros2_grasping/local_setup.zsh
-- Installing: /home/drail/ros2_ws/install/ros2_grasping/share/ros2_grasping/local_setup.dsv
-- Installing: /home/drail/ros2_ws/install/ros2_grasping/share/ros2_grasping/package.dsv
-- Installing: /home/drail/ros2_ws/install/ros2_grasping/share/ament_index/resource_index/packages/ros2_grasping
-- Installing: /home/drail/ros2_ws/install/ros2_grasping/share/ros2_grasping/cmake/export_ros2_grasping__rosidl_generator_cExport.cmake
-- Installing: /home/drail/ros2_ws/install/ros2_grasping/share/ros2_grasping/cmake/export_ros2_grasping__rosidl_generator_cExport-noconfig.cmake
-- Installing: /home/drail/ros2_ws/install/ros2_grasping/share/ros2_grasping/cmake/export_ros2_grasping__rosidl_typesupport_fastrtps_cExport.cmake
-- Installing: /home/drail/ros2_ws/install/ros2_grasping/share/ros2_grasping/cmake/export_ros2_grasping__rosidl_typesupport_fastrtps_cExport-noconfig.cmake
-- Installing: /home/drail/ros2_ws/install/ros2_grasping/share/ros2_grasping/cmake/ros2_grasping__rosidl_typesupport_introspection_cExport.cmake
-- Installing: /home/drail/ros2_ws/install/ros2_grasping/share/ros2_grasping/cmake/ros2_grasping__rosidl_typesupport_introspection_cExport-noconfig.cmake
-- Installing: /home/drail/ros2_ws/install/ros2_grasping/share/ros2_grasping/cmake/ros2_grasping__rosidl_typesupport_cExport.cmake
-- Installing: /home/drail/ros2_ws/install/ros2_grasping/share/ros2_grasping/cmake/ros2_grasping__rosidl_typesupport_cExport-noconfig.cmake
-- Installing: /home/drail/ros2_ws/install/ros2_grasping/share/ros2_grasping/cmake/export_ros2_grasping__rosidl_generator_cppExport.cmake
-- Installing: /home/drail/ros2_ws/install/ros2_grasping/share/ros2_grasping/cmake/export_ros2_grasping__rosidl_typesupport_fastrtps_cppExport.cmake
-- Installing: /home/drail/ros2_ws/install/ros2_grasping/share/ros2_grasping/cmake/export_ros2_grasping__rosidl_typesupport_fastrtps_cppExport-noconfig.cmake
-- Installing: /home/drail/ros2_ws/install/ros2_grasping/share/ros2_grasping/cmake/ros2_grasping__rosidl_typesupport_introspection_cppExport.cmake
-- Installing: /home/drail/ros2_ws/install/ros2_grasping/share/ros2_grasping/cmake/ros2_grasping__rosidl_typesupport_introspection_cppExport-noconfig.cmake
-- Installing: /home/drail/ros2_ws/install/ros2_grasping/share/ros2_grasping/cmake/ros2_grasping__rosidl_typesupport_cppExport.cmake
-- Installing: /home/drail/ros2_ws/install/ros2_grasping/share/ros2_grasping/cmake/ros2_grasping__rosidl_typesupport_cppExport-noconfig.cmake
-- Installing: /home/drail/ros2_ws/install/ros2_grasping/share/ros2_grasping/cmake/export_ros2_grasping__rosidl_generator_pyExport.cmake
-- Installing: /home/drail/ros2_ws/install/ros2_grasping/share/ros2_grasping/cmake/export_ros2_grasping__rosidl_generator_pyExport-noconfig.cmake
-- Installing: /home/drail/ros2_ws/install/ros2_grasping/share/ros2_grasping/cmake/rosidl_cmake-extras.cmake
-- Installing: /home/drail/ros2_ws/install/ros2_grasping/share/ros2_grasping/cmake/ament_cmake_export_dependencies-extras.cmake
-- Installing: /home/drail/ros2_ws/install/ros2_grasping/share/ros2_grasping/cmake/ament_cmake_export_include_directories-extras.cmake
-- Installing: /home/drail/ros2_ws/install/ros2_grasping/share/ros2_grasping/cmake/ament_cmake_export_libraries-extras.cmake
-- Installing: /home/drail/ros2_ws/install/ros2_grasping/share/ros2_grasping/cmake/ament_cmake_export_targets-extras.cmake
-- Installing: /home/drail/ros2_ws/install/ros2_grasping/share/ros2_grasping/cmake/rosidl_cmake_export_typesupport_targets-extras.cmake
-- Installing: /home/drail/ros2_ws/install/ros2_grasping/share/ros2_grasping/cmake/rosidl_cmake_export_typesupport_libraries-extras.cmake
-- Installing: /home/drail/ros2_ws/install/ros2_grasping/share/ros2_grasping/cmake/ros2_graspingConfig.cmake
-- Installing: /home/drail/ros2_ws/install/ros2_grasping/share/ros2_grasping/cmake/ros2_graspingConfig-version.cmake
-- Installing: /home/drail/ros2_ws/install/ros2_grasping/share/ros2_grasping/package.xml
