[0.040s] Invoking command in '/home/drail/ros2_ws/build/ros2_grasping': CMAKE_PREFIX_PATH=${CMAKE_PREFIX_PATH}:/opt/ros/humble /usr/bin/cmake /home/drail/ros2_ws/src/ros2_RobotSimulation/ros2_grasping -DCMAKE_INSTALL_PREFIX=/home/drail/ros2_ws/install/ros2_grasping
[0.082s] -- The C compiler identification is GNU 11.4.0
[0.126s] -- The CXX compiler identification is GNU 11.4.0
[0.134s] -- Detecting C compiler ABI info
[0.193s] -- Detecting C compiler ABI info - done
[0.200s] -- Check for working C compiler: /usr/bin/cc - skipped
[0.200s] -- Detecting C compile features
[0.200s] -- Detecting C compile features - done
[0.204s] -- Detecting CXX compiler ABI info
[0.271s] -- Detecting CXX compiler ABI info - done
[0.280s] -- Check for working CXX compiler: /usr/bin/c++ - skipped
[0.280s] -- Detecting CXX compile features
[0.281s] -- Detecting CXX compile features - done
[0.283s] -- Found ament_cmake: 1.3.12 (/home/drail/ros2_humble/ros2-linux/share/ament_cmake/cmake)
[0.405s] -- Found Python3: /usr/bin/python3 (found version "3.10.12") found components: Interpreter 
[0.476s] -- Found ament_lint_auto: 0.12.14 (/home/drail/ros2_humble/ros2-linux/share/ament_lint_auto/cmake)
[0.536s] -- Found rosidl_default_generators: 1.2.0 (/home/drail/ros2_humble/ros2-linux/share/rosidl_default_generators/cmake)
[0.538s] -- Using all available rosidl_typesupport_c: rosidl_typesupport_fastrtps_c;rosidl_typesupport_introspection_c
[0.543s] -- Found rosidl_adapter: 3.1.7 (/home/drail/ros2_humble/ros2-linux/share/rosidl_adapter/cmake)
[0.575s] -- Using all available rosidl_typesupport_cpp: rosidl_typesupport_fastrtps_cpp;rosidl_typesupport_introspection_cpp
[0.779s] -- Found ament_cmake_ros: 0.10.0 (/home/drail/ros2_humble/ros2-linux/share/ament_cmake_ros/cmake)
[0.950s] -- Using all available rosidl_typesupport_c: rosidl_typesupport_fastrtps_c;rosidl_typesupport_introspection_c
[1.138s] -- Using all available rosidl_typesupport_cpp: rosidl_typesupport_fastrtps_cpp;rosidl_typesupport_introspection_cpp
[1.154s] -- Found PythonInterp: /usr/bin/python3 (found suitable version "3.10.12", minimum required is "3.6") 
[1.155s] -- Found python_cmake_module: 0.10.0 (/home/drail/ros2_humble/ros2-linux/share/python_cmake_module/cmake)
[1.176s] -- Found PythonLibs: /usr/lib/x86_64-linux-gnu/libpython3.10.so (found suitable version "3.10.12", minimum required is "3.5") 
[1.176s] -- Using PYTHON_EXECUTABLE: /usr/bin/python3
[1.176s] -- Using PYTHON_INCLUDE_DIRS: /usr/include/python3.10
[1.176s] -- Using PYTHON_LIBRARIES: /usr/lib/x86_64-linux-gnu/libpython3.10.so
[1.191s] -- Found PythonExtra: .so  
[1.225s] -- Added test 'copyright' to check source files copyright and LICENSE
[1.228s] -- Added test 'flake8' to check Python code syntax and style conventions
[1.228s] -- Added test 'lint_cmake' to check CMake code style
[1.229s] -- Added test 'pep257' to check Python code against some of the docstring style conventions in PEP 257
[1.230s] -- Added test 'xmllint' to check XML markup files
[1.236s] -- Configuring done
[1.269s] -- Generating done
[1.277s] -- Build files have been written to: /home/drail/ros2_ws/build/ros2_grasping
[1.284s] Invoked command in '/home/drail/ros2_ws/build/ros2_grasping' returned '0': CMAKE_PREFIX_PATH=${CMAKE_PREFIX_PATH}:/opt/ros/humble /usr/bin/cmake /home/drail/ros2_ws/src/ros2_RobotSimulation/ros2_grasping -DCMAKE_INSTALL_PREFIX=/home/drail/ros2_ws/install/ros2_grasping
[1.285s] Invoking command in '/home/drail/ros2_ws/build/ros2_grasping': CMAKE_PREFIX_PATH=${CMAKE_PREFIX_PATH}:/opt/ros/humble /usr/bin/cmake --build /home/drail/ros2_ws/build/ros2_grasping -- -j24 -l24
[1.318s] [  3%] [34m[1mGenerating C code for ROS interfaces[0m
[1.328s] [  6%] [34m[1mGenerating C++ code for ROS interfaces[0m
[1.332s] [  6%] Built target ament_cmake_python_copy_ros2_grasping
[1.525s] running egg_info
[1.525s] creating ros2_grasping.egg-info
[1.525s] writing ros2_grasping.egg-info/PKG-INFO
[1.525s] writing dependency_links to ros2_grasping.egg-info/dependency_links.txt
[1.525s] writing top-level names to ros2_grasping.egg-info/top_level.txt
[1.525s] writing manifest file 'ros2_grasping.egg-info/SOURCES.txt'
[1.527s] reading manifest file 'ros2_grasping.egg-info/SOURCES.txt'
[1.527s] writing manifest file 'ros2_grasping.egg-info/SOURCES.txt'
[1.545s] [  6%] Built target ament_cmake_python_build_ros2_grasping_egg
[1.610s] [  9%] [32mBuilding C object CMakeFiles/ros2_grasping__rosidl_generator_c.dir/rosidl_generator_c/ros2_grasping/action/detail/attacher__functions.c.o[0m
[1.617s] [  9%] Built target ros2_grasping__cpp
[1.626s] [ 12%] [34m[1mGenerating C++ type support for eProsima Fast-RTPS[0m
[1.626s] [ 16%] [34m[1mGenerating C++ introspection for ROS interfaces[0m
[1.626s] [ 19%] [34m[1mGenerating C++ type support dispatch for ROS interfaces[0m
[1.696s] [ 22%] [32m[1mLinking C shared library libros2_grasping__rosidl_generator_c.so[0m
[1.726s] [ 22%] Built target ros2_grasping__rosidl_generator_c
[1.735s] [ 25%] [34m[1mGenerating C introspection for ROS interfaces[0m
[1.736s] [ 29%] [34m[1mGenerating C type support for eProsima Fast-RTPS[0m
[1.738s] [ 32%] [34m[1mGenerating C type support dispatch for ROS interfaces[0m
[1.830s] [ 35%] [32mBuilding CXX object CMakeFiles/ros2_grasping__rosidl_typesupport_cpp.dir/rosidl_typesupport_cpp/ros2_grasping/action/attacher__type_support.cpp.o[0m
[1.871s] [ 38%] [32mBuilding CXX object CMakeFiles/ros2_grasping__rosidl_typesupport_introspection_cpp.dir/rosidl_typesupport_introspection_cpp/ros2_grasping/action/detail/attacher__type_support.cpp.o[0m
[1.902s] [ 41%] [32mBuilding CXX object CMakeFiles/ros2_grasping__rosidl_typesupport_fastrtps_cpp.dir/rosidl_typesupport_fastrtps_cpp/ros2_grasping/action/detail/dds_fastrtps/attacher__type_support.cpp.o[0m
[1.944s] [ 45%] [32mBuilding CXX object CMakeFiles/ros2_grasping__rosidl_typesupport_c.dir/rosidl_typesupport_c/ros2_grasping/action/attacher__type_support.cpp.o[0m
[1.986s] [ 48%] [32m[1mLinking CXX shared library libros2_grasping__rosidl_typesupport_c.so[0m
[1.998s] [ 51%] [32mBuilding C object CMakeFiles/ros2_grasping__rosidl_typesupport_introspection_c.dir/rosidl_typesupport_introspection_c/ros2_grasping/action/detail/attacher__type_support.c.o[0m
[2.011s] [ 54%] [32mBuilding CXX object CMakeFiles/ros2_grasping__rosidl_typesupport_fastrtps_c.dir/rosidl_typesupport_fastrtps_c/ros2_grasping/action/detail/attacher__type_support_c.cpp.o[0m
[2.021s] [ 54%] Built target ros2_grasping__rosidl_typesupport_c
[2.035s] [ 58%] [32m[1mLinking C shared library libros2_grasping__rosidl_typesupport_introspection_c.so[0m
[2.061s] [ 58%] Built target ros2_grasping__rosidl_typesupport_introspection_c
[2.136s] [ 61%] [32m[1mLinking CXX shared library libros2_grasping__rosidl_typesupport_cpp.so[0m
[2.172s] [ 61%] Built target ros2_grasping__rosidl_typesupport_cpp
[2.259s] [ 64%] [32m[1mLinking CXX shared library libros2_grasping__rosidl_typesupport_introspection_cpp.so[0m
[2.274s] [ 67%] [32m[1mLinking CXX shared library libros2_grasping__rosidl_typesupport_fastrtps_cpp.so[0m
[2.276s] [ 70%] [32m[1mLinking CXX shared library libros2_grasping__rosidl_typesupport_fastrtps_c.so[0m
[2.314s] [ 70%] Built target ros2_grasping__rosidl_typesupport_introspection_cpp
[2.330s] [ 70%] Built target ros2_grasping__rosidl_typesupport_fastrtps_cpp
[2.333s] [ 70%] Built target ros2_grasping__rosidl_typesupport_fastrtps_c
[2.351s] [ 70%] Built target ros2_grasping
[2.368s] [ 74%] [34m[1mGenerating Python code for ROS interfaces[0m
[2.840s] [ 74%] Built target ros2_grasping__py
[2.857s] [ 77%] [32mBuilding C object CMakeFiles/ros2_grasping__rosidl_generator_py.dir/rosidl_generator_py/ros2_grasping/action/_attacher_s.c.o[0m
[2.957s] [ 80%] [32m[1mLinking C shared library rosidl_generator_py/ros2_grasping/libros2_grasping__rosidl_generator_py.so[0m
[2.998s] [ 80%] Built target ros2_grasping__rosidl_generator_py
[3.020s] [ 83%] [32mBuilding C object CMakeFiles/ros2_grasping__rosidl_typesupport_fastrtps_c__pyext.dir/rosidl_generator_py/ros2_grasping/_ros2_grasping_s.ep.rosidl_typesupport_fastrtps_c.c.o[0m
[3.021s] [ 87%] [32mBuilding C object CMakeFiles/ros2_grasping__rosidl_typesupport_c__pyext.dir/rosidl_generator_py/ros2_grasping/_ros2_grasping_s.ep.rosidl_typesupport_c.c.o[0m
[3.021s] [ 90%] [32mBuilding C object CMakeFiles/ros2_grasping__rosidl_typesupport_introspection_c__pyext.dir/rosidl_generator_py/ros2_grasping/_ros2_grasping_s.ep.rosidl_typesupport_introspection_c.c.o[0m
[3.143s] [ 93%] [32m[1mLinking C shared library rosidl_generator_py/ros2_grasping/ros2_grasping_s__rosidl_typesupport_introspection_c.cpython-310-x86_64-linux-gnu.so[0m
[3.150s] [ 96%] [32m[1mLinking C shared library rosidl_generator_py/ros2_grasping/ros2_grasping_s__rosidl_typesupport_c.cpython-310-x86_64-linux-gnu.so[0m
[3.165s] [100%] [32m[1mLinking C shared library rosidl_generator_py/ros2_grasping/ros2_grasping_s__rosidl_typesupport_fastrtps_c.cpython-310-x86_64-linux-gnu.so[0m
[3.178s] [100%] Built target ros2_grasping__rosidl_typesupport_introspection_c__pyext
[3.183s] [100%] Built target ros2_grasping__rosidl_typesupport_c__pyext
[3.198s] [100%] Built target ros2_grasping__rosidl_typesupport_fastrtps_c__pyext
[3.208s] Invoked command in '/home/drail/ros2_ws/build/ros2_grasping' returned '0': CMAKE_PREFIX_PATH=${CMAKE_PREFIX_PATH}:/opt/ros/humble /usr/bin/cmake --build /home/drail/ros2_ws/build/ros2_grasping -- -j24 -l24
[3.210s] Invoking command in '/home/drail/ros2_ws/build/ros2_grasping': CMAKE_PREFIX_PATH=${CMAKE_PREFIX_PATH}:/opt/ros/humble /usr/bin/cmake --install /home/drail/ros2_ws/build/ros2_grasping
[3.216s] -- Install configuration: ""
[3.216s] -- Installing: /home/drail/ros2_ws/install/ros2_grasping/share/ros2_grasping/urdf
[3.216s] -- Installing: /home/drail/ros2_ws/install/ros2_grasping/share/ros2_grasping/urdf/box.urdf
[3.217s] -- Installing: /home/drail/ros2_ws/install/ros2_grasping/share/ament_index/resource_index/rosidl_interfaces/ros2_grasping
[3.217s] -- Installing: /home/drail/ros2_ws/install/ros2_grasping/include/ros2_grasping/ros2_grasping
[3.217s] -- Installing: /home/drail/ros2_ws/install/ros2_grasping/include/ros2_grasping/ros2_grasping/action
[3.217s] -- Installing: /home/drail/ros2_ws/install/ros2_grasping/include/ros2_grasping/ros2_grasping/action/detail
[3.217s] -- Installing: /home/drail/ros2_ws/install/ros2_grasping/include/ros2_grasping/ros2_grasping/action/detail/attacher__functions.h
[3.217s] -- Installing: /home/drail/ros2_ws/install/ros2_grasping/include/ros2_grasping/ros2_grasping/action/detail/attacher__struct.h
[3.217s] -- Installing: /home/drail/ros2_ws/install/ros2_grasping/include/ros2_grasping/ros2_grasping/action/detail/attacher__type_support.h
[3.217s] -- Installing: /home/drail/ros2_ws/install/ros2_grasping/include/ros2_grasping/ros2_grasping/action/detail/attacher__functions.c
[3.217s] -- Installing: /home/drail/ros2_ws/install/ros2_grasping/include/ros2_grasping/ros2_grasping/action/attacher.h
[3.217s] -- Installing: /home/drail/ros2_ws/install/ros2_grasping/include/ros2_grasping/ros2_grasping/msg
[3.218s] -- Installing: /home/drail/ros2_ws/install/ros2_grasping/include/ros2_grasping/ros2_grasping/msg/rosidl_generator_c__visibility_control.h
[3.218s] -- Installing: /home/drail/ros2_ws/install/ros2_grasping/share/ros2_grasping/environment/library_path.sh
[3.218s] -- Installing: /home/drail/ros2_ws/install/ros2_grasping/share/ros2_grasping/environment/library_path.dsv
[3.218s] -- Installing: /home/drail/ros2_ws/install/ros2_grasping/lib/libros2_grasping__rosidl_generator_c.so
[3.218s] -- Set runtime path of "/home/drail/ros2_ws/install/ros2_grasping/lib/libros2_grasping__rosidl_generator_c.so" to ""
[3.218s] -- Up-to-date: /home/drail/ros2_ws/install/ros2_grasping/include/ros2_grasping/ros2_grasping
[3.219s] -- Up-to-date: /home/drail/ros2_ws/install/ros2_grasping/include/ros2_grasping/ros2_grasping/action
[3.219s] -- Up-to-date: /home/drail/ros2_ws/install/ros2_grasping/include/ros2_grasping/ros2_grasping/action/detail
[3.219s] -- Installing: /home/drail/ros2_ws/install/ros2_grasping/include/ros2_grasping/ros2_grasping/action/detail/attacher__rosidl_typesupport_fastrtps_c.h
[3.219s] -- Up-to-date: /home/drail/ros2_ws/install/ros2_grasping/include/ros2_grasping/ros2_grasping/msg
[3.219s] -- Installing: /home/drail/ros2_ws/install/ros2_grasping/include/ros2_grasping/ros2_grasping/msg/rosidl_typesupport_fastrtps_c__visibility_control.h
[3.219s] -- Installing: /home/drail/ros2_ws/install/ros2_grasping/lib/libros2_grasping__rosidl_typesupport_fastrtps_c.so
[3.219s] -- Set runtime path of "/home/drail/ros2_ws/install/ros2_grasping/lib/libros2_grasping__rosidl_typesupport_fastrtps_c.so" to ""
[3.219s] -- Up-to-date: /home/drail/ros2_ws/install/ros2_grasping/include/ros2_grasping/ros2_grasping
[3.219s] -- Up-to-date: /home/drail/ros2_ws/install/ros2_grasping/include/ros2_grasping/ros2_grasping/action
[3.219s] -- Up-to-date: /home/drail/ros2_ws/install/ros2_grasping/include/ros2_grasping/ros2_grasping/action/detail
[3.219s] -- Installing: /home/drail/ros2_ws/install/ros2_grasping/include/ros2_grasping/ros2_grasping/action/detail/attacher__type_support.c
[3.219s] -- Installing: /home/drail/ros2_ws/install/ros2_grasping/include/ros2_grasping/ros2_grasping/action/detail/attacher__rosidl_typesupport_introspection_c.h
[3.220s] -- Up-to-date: /home/drail/ros2_ws/install/ros2_grasping/include/ros2_grasping/ros2_grasping/msg
[3.220s] -- Installing: /home/drail/ros2_ws/install/ros2_grasping/include/ros2_grasping/ros2_grasping/msg/rosidl_typesupport_introspection_c__visibility_control.h
[3.220s] -- Installing: /home/drail/ros2_ws/install/ros2_grasping/lib/libros2_grasping__rosidl_typesupport_introspection_c.so
[3.220s] -- Set runtime path of "/home/drail/ros2_ws/install/ros2_grasping/lib/libros2_grasping__rosidl_typesupport_introspection_c.so" to ""
[3.220s] -- Installing: /home/drail/ros2_ws/install/ros2_grasping/lib/libros2_grasping__rosidl_typesupport_c.so
[3.220s] -- Set runtime path of "/home/drail/ros2_ws/install/ros2_grasping/lib/libros2_grasping__rosidl_typesupport_c.so" to ""
[3.220s] -- Up-to-date: /home/drail/ros2_ws/install/ros2_grasping/include/ros2_grasping/ros2_grasping
[3.220s] -- Up-to-date: /home/drail/ros2_ws/install/ros2_grasping/include/ros2_grasping/ros2_grasping/action
[3.220s] -- Up-to-date: /home/drail/ros2_ws/install/ros2_grasping/include/ros2_grasping/ros2_grasping/action/detail
[3.221s] -- Installing: /home/drail/ros2_ws/install/ros2_grasping/include/ros2_grasping/ros2_grasping/action/detail/attacher__builder.hpp
[3.221s] -- Installing: /home/drail/ros2_ws/install/ros2_grasping/include/ros2_grasping/ros2_grasping/action/detail/attacher__traits.hpp
[3.221s] -- Installing: /home/drail/ros2_ws/install/ros2_grasping/include/ros2_grasping/ros2_grasping/action/detail/attacher__type_support.hpp
[3.221s] -- Installing: /home/drail/ros2_ws/install/ros2_grasping/include/ros2_grasping/ros2_grasping/action/detail/attacher__struct.hpp
[3.221s] -- Installing: /home/drail/ros2_ws/install/ros2_grasping/include/ros2_grasping/ros2_grasping/action/attacher.hpp
[3.221s] -- Up-to-date: /home/drail/ros2_ws/install/ros2_grasping/include/ros2_grasping/ros2_grasping/msg
[3.221s] -- Installing: /home/drail/ros2_ws/install/ros2_grasping/include/ros2_grasping/ros2_grasping/msg/rosidl_generator_cpp__visibility_control.hpp
[3.221s] -- Up-to-date: /home/drail/ros2_ws/install/ros2_grasping/include/ros2_grasping/ros2_grasping
[3.221s] -- Up-to-date: /home/drail/ros2_ws/install/ros2_grasping/include/ros2_grasping/ros2_grasping/action
[3.221s] -- Up-to-date: /home/drail/ros2_ws/install/ros2_grasping/include/ros2_grasping/ros2_grasping/action/detail
[3.221s] -- Installing: /home/drail/ros2_ws/install/ros2_grasping/include/ros2_grasping/ros2_grasping/action/detail/attacher__rosidl_typesupport_fastrtps_cpp.hpp
[3.221s] -- Installing: /home/drail/ros2_ws/install/ros2_grasping/include/ros2_grasping/ros2_grasping/action/detail/dds_fastrtps
[3.221s] -- Up-to-date: /home/drail/ros2_ws/install/ros2_grasping/include/ros2_grasping/ros2_grasping/msg
[3.222s] -- Installing: /home/drail/ros2_ws/install/ros2_grasping/include/ros2_grasping/ros2_grasping/msg/rosidl_typesupport_fastrtps_cpp__visibility_control.h
[3.222s] -- Installing: /home/drail/ros2_ws/install/ros2_grasping/lib/libros2_grasping__rosidl_typesupport_fastrtps_cpp.so
[3.222s] -- Set runtime path of "/home/drail/ros2_ws/install/ros2_grasping/lib/libros2_grasping__rosidl_typesupport_fastrtps_cpp.so" to ""
[3.222s] -- Up-to-date: /home/drail/ros2_ws/install/ros2_grasping/include/ros2_grasping/ros2_grasping
[3.222s] -- Up-to-date: /home/drail/ros2_ws/install/ros2_grasping/include/ros2_grasping/ros2_grasping/action
[3.222s] -- Up-to-date: /home/drail/ros2_ws/install/ros2_grasping/include/ros2_grasping/ros2_grasping/action/detail
[3.222s] -- Installing: /home/drail/ros2_ws/install/ros2_grasping/include/ros2_grasping/ros2_grasping/action/detail/attacher__type_support.cpp
[3.222s] -- Installing: /home/drail/ros2_ws/install/ros2_grasping/include/ros2_grasping/ros2_grasping/action/detail/attacher__rosidl_typesupport_introspection_cpp.hpp
[3.222s] -- Installing: /home/drail/ros2_ws/install/ros2_grasping/lib/libros2_grasping__rosidl_typesupport_introspection_cpp.so
[3.223s] -- Set runtime path of "/home/drail/ros2_ws/install/ros2_grasping/lib/libros2_grasping__rosidl_typesupport_introspection_cpp.so" to ""
[3.223s] -- Installing: /home/drail/ros2_ws/install/ros2_grasping/lib/libros2_grasping__rosidl_typesupport_cpp.so
[3.223s] -- Set runtime path of "/home/drail/ros2_ws/install/ros2_grasping/lib/libros2_grasping__rosidl_typesupport_cpp.so" to ""
[3.223s] -- Installing: /home/drail/ros2_ws/install/ros2_grasping/share/ros2_grasping/environment/pythonpath.sh
[3.223s] -- Installing: /home/drail/ros2_ws/install/ros2_grasping/share/ros2_grasping/environment/pythonpath.dsv
[3.223s] -- Installing: /home/drail/ros2_ws/install/ros2_grasping/local/lib/python3.10/dist-packages/ros2_grasping-0.0.0-py3.10.egg-info
[3.223s] -- Installing: /home/drail/ros2_ws/install/ros2_grasping/local/lib/python3.10/dist-packages/ros2_grasping-0.0.0-py3.10.egg-info/top_level.txt
[3.223s] -- Installing: /home/drail/ros2_ws/install/ros2_grasping/local/lib/python3.10/dist-packages/ros2_grasping-0.0.0-py3.10.egg-info/PKG-INFO
[3.223s] -- Installing: /home/drail/ros2_ws/install/ros2_grasping/local/lib/python3.10/dist-packages/ros2_grasping-0.0.0-py3.10.egg-info/SOURCES.txt
[3.224s] -- Installing: /home/drail/ros2_ws/install/ros2_grasping/local/lib/python3.10/dist-packages/ros2_grasping-0.0.0-py3.10.egg-info/dependency_links.txt
[3.224s] -- Installing: /home/drail/ros2_ws/install/ros2_grasping/local/lib/python3.10/dist-packages/ros2_grasping
[3.224s] -- Installing: /home/drail/ros2_ws/install/ros2_grasping/local/lib/python3.10/dist-packages/ros2_grasping/_ros2_grasping_s.ep.rosidl_typesupport_fastrtps_c.c
[3.224s] -- Installing: /home/drail/ros2_ws/install/ros2_grasping/local/lib/python3.10/dist-packages/ros2_grasping/ros2_grasping_s__rosidl_typesupport_introspection_c.cpython-310-x86_64-linux-gnu.so
[3.224s] -- Installing: /home/drail/ros2_ws/install/ros2_grasping/local/lib/python3.10/dist-packages/ros2_grasping/libros2_grasping__rosidl_generator_py.so
[3.224s] -- Installing: /home/drail/ros2_ws/install/ros2_grasping/local/lib/python3.10/dist-packages/ros2_grasping/ros2_grasping_s__rosidl_typesupport_fastrtps_c.cpython-310-x86_64-linux-gnu.so
[3.224s] -- Installing: /home/drail/ros2_ws/install/ros2_grasping/local/lib/python3.10/dist-packages/ros2_grasping/_ros2_grasping_s.ep.rosidl_typesupport_c.c
[3.224s] -- Installing: /home/drail/ros2_ws/install/ros2_grasping/local/lib/python3.10/dist-packages/ros2_grasping/_ros2_grasping_s.ep.rosidl_typesupport_introspection_c.c
[3.225s] -- Installing: /home/drail/ros2_ws/install/ros2_grasping/local/lib/python3.10/dist-packages/ros2_grasping/__init__.py
[3.225s] -- Installing: /home/drail/ros2_ws/install/ros2_grasping/local/lib/python3.10/dist-packages/ros2_grasping/ros2_grasping_s__rosidl_typesupport_c.cpython-310-x86_64-linux-gnu.so
[3.225s] -- Installing: /home/drail/ros2_ws/install/ros2_grasping/local/lib/python3.10/dist-packages/ros2_grasping/action
[3.225s] -- Installing: /home/drail/ros2_ws/install/ros2_grasping/local/lib/python3.10/dist-packages/ros2_grasping/action/_attacher.py
[3.225s] -- Installing: /home/drail/ros2_ws/install/ros2_grasping/local/lib/python3.10/dist-packages/ros2_grasping/action/_attacher_s.c
[3.225s] -- Installing: /home/drail/ros2_ws/install/ros2_grasping/local/lib/python3.10/dist-packages/ros2_grasping/action/__init__.py
[3.253s] Listing '/home/drail/ros2_ws/install/ros2_grasping/local/lib/python3.10/dist-packages/ros2_grasping'...
[3.253s] Compiling '/home/drail/ros2_ws/install/ros2_grasping/local/lib/python3.10/dist-packages/ros2_grasping/__init__.py'...
[3.254s] Listing '/home/drail/ros2_ws/install/ros2_grasping/local/lib/python3.10/dist-packages/ros2_grasping/action'...
[3.254s] Compiling '/home/drail/ros2_ws/install/ros2_grasping/local/lib/python3.10/dist-packages/ros2_grasping/action/__init__.py'...
[3.254s] Compiling '/home/drail/ros2_ws/install/ros2_grasping/local/lib/python3.10/dist-packages/ros2_grasping/action/_attacher.py'...
[3.257s] -- Installing: /home/drail/ros2_ws/install/ros2_grasping/local/lib/python3.10/dist-packages/ros2_grasping/ros2_grasping_s__rosidl_typesupport_fastrtps_c.cpython-310-x86_64-linux-gnu.so
[3.257s] -- Set runtime path of "/home/drail/ros2_ws/install/ros2_grasping/local/lib/python3.10/dist-packages/ros2_grasping/ros2_grasping_s__rosidl_typesupport_fastrtps_c.cpython-310-x86_64-linux-gnu.so" to ""
[3.257s] -- Installing: /home/drail/ros2_ws/install/ros2_grasping/local/lib/python3.10/dist-packages/ros2_grasping/ros2_grasping_s__rosidl_typesupport_introspection_c.cpython-310-x86_64-linux-gnu.so
[3.257s] -- Set runtime path of "/home/drail/ros2_ws/install/ros2_grasping/local/lib/python3.10/dist-packages/ros2_grasping/ros2_grasping_s__rosidl_typesupport_introspection_c.cpython-310-x86_64-linux-gnu.so" to ""
[3.258s] -- Installing: /home/drail/ros2_ws/install/ros2_grasping/local/lib/python3.10/dist-packages/ros2_grasping/ros2_grasping_s__rosidl_typesupport_c.cpython-310-x86_64-linux-gnu.so
[3.258s] -- Set runtime path of "/home/drail/ros2_ws/install/ros2_grasping/local/lib/python3.10/dist-packages/ros2_grasping/ros2_grasping_s__rosidl_typesupport_c.cpython-310-x86_64-linux-gnu.so" to ""
[3.258s] -- Installing: /home/drail/ros2_ws/install/ros2_grasping/lib/libros2_grasping__rosidl_generator_py.so
[3.258s] -- Set runtime path of "/home/drail/ros2_ws/install/ros2_grasping/lib/libros2_grasping__rosidl_generator_py.so" to ""
[3.258s] -- Installing: /home/drail/ros2_ws/install/ros2_grasping/share/ros2_grasping/action/Attacher.idl
[3.258s] -- Installing: /home/drail/ros2_ws/install/ros2_grasping/share/ros2_grasping/action/Attacher.action
[3.259s] -- Installing: /home/drail/ros2_ws/install/ros2_grasping/lib/ros2_grasping/attacher_action.py
[3.259s] -- Installing: /home/drail/ros2_ws/install/ros2_grasping/lib/ros2_grasping/spawn_object.py
[3.259s] -- Installing: /home/drail/ros2_ws/install/ros2_grasping/share/ament_index/resource_index/package_run_dependencies/ros2_grasping
[3.259s] -- Installing: /home/drail/ros2_ws/install/ros2_grasping/share/ament_index/resource_index/parent_prefix_path/ros2_grasping
[3.259s] -- Installing: /home/drail/ros2_ws/install/ros2_grasping/share/ros2_grasping/environment/ament_prefix_path.sh
[3.259s] -- Installing: /home/drail/ros2_ws/install/ros2_grasping/share/ros2_grasping/environment/ament_prefix_path.dsv
[3.259s] -- Installing: /home/drail/ros2_ws/install/ros2_grasping/share/ros2_grasping/environment/path.sh
[3.259s] -- Installing: /home/drail/ros2_ws/install/ros2_grasping/share/ros2_grasping/environment/path.dsv
[3.260s] -- Installing: /home/drail/ros2_ws/install/ros2_grasping/share/ros2_grasping/local_setup.bash
[3.260s] -- Installing: /home/drail/ros2_ws/install/ros2_grasping/share/ros2_grasping/local_setup.sh
[3.260s] -- Installing: /home/drail/ros2_ws/install/ros2_grasping/share/ros2_grasping/local_setup.zsh
[3.260s] -- Installing: /home/drail/ros2_ws/install/ros2_grasping/share/ros2_grasping/local_setup.dsv
[3.260s] -- Installing: /home/drail/ros2_ws/install/ros2_grasping/share/ros2_grasping/package.dsv
[3.260s] -- Installing: /home/drail/ros2_ws/install/ros2_grasping/share/ament_index/resource_index/packages/ros2_grasping
[3.260s] -- Installing: /home/drail/ros2_ws/install/ros2_grasping/share/ros2_grasping/cmake/export_ros2_grasping__rosidl_generator_cExport.cmake
[3.261s] -- Installing: /home/drail/ros2_ws/install/ros2_grasping/share/ros2_grasping/cmake/export_ros2_grasping__rosidl_generator_cExport-noconfig.cmake
[3.261s] -- Installing: /home/drail/ros2_ws/install/ros2_grasping/share/ros2_grasping/cmake/export_ros2_grasping__rosidl_typesupport_fastrtps_cExport.cmake
[3.261s] -- Installing: /home/drail/ros2_ws/install/ros2_grasping/share/ros2_grasping/cmake/export_ros2_grasping__rosidl_typesupport_fastrtps_cExport-noconfig.cmake
[3.261s] -- Installing: /home/drail/ros2_ws/install/ros2_grasping/share/ros2_grasping/cmake/ros2_grasping__rosidl_typesupport_introspection_cExport.cmake
[3.261s] -- Installing: /home/drail/ros2_ws/install/ros2_grasping/share/ros2_grasping/cmake/ros2_grasping__rosidl_typesupport_introspection_cExport-noconfig.cmake
[3.261s] -- Installing: /home/drail/ros2_ws/install/ros2_grasping/share/ros2_grasping/cmake/ros2_grasping__rosidl_typesupport_cExport.cmake
[3.261s] -- Installing: /home/drail/ros2_ws/install/ros2_grasping/share/ros2_grasping/cmake/ros2_grasping__rosidl_typesupport_cExport-noconfig.cmake
[3.261s] -- Installing: /home/drail/ros2_ws/install/ros2_grasping/share/ros2_grasping/cmake/export_ros2_grasping__rosidl_generator_cppExport.cmake
[3.262s] -- Installing: /home/drail/ros2_ws/install/ros2_grasping/share/ros2_grasping/cmake/export_ros2_grasping__rosidl_typesupport_fastrtps_cppExport.cmake
[3.262s] -- Installing: /home/drail/ros2_ws/install/ros2_grasping/share/ros2_grasping/cmake/export_ros2_grasping__rosidl_typesupport_fastrtps_cppExport-noconfig.cmake
[3.262s] -- Installing: /home/drail/ros2_ws/install/ros2_grasping/share/ros2_grasping/cmake/ros2_grasping__rosidl_typesupport_introspection_cppExport.cmake
[3.262s] -- Installing: /home/drail/ros2_ws/install/ros2_grasping/share/ros2_grasping/cmake/ros2_grasping__rosidl_typesupport_introspection_cppExport-noconfig.cmake
[3.262s] -- Installing: /home/drail/ros2_ws/install/ros2_grasping/share/ros2_grasping/cmake/ros2_grasping__rosidl_typesupport_cppExport.cmake
[3.262s] -- Installing: /home/drail/ros2_ws/install/ros2_grasping/share/ros2_grasping/cmake/ros2_grasping__rosidl_typesupport_cppExport-noconfig.cmake
[3.262s] -- Installing: /home/drail/ros2_ws/install/ros2_grasping/share/ros2_grasping/cmake/export_ros2_grasping__rosidl_generator_pyExport.cmake
[3.262s] -- Installing: /home/drail/ros2_ws/install/ros2_grasping/share/ros2_grasping/cmake/export_ros2_grasping__rosidl_generator_pyExport-noconfig.cmake
[3.263s] -- Installing: /home/drail/ros2_ws/install/ros2_grasping/share/ros2_grasping/cmake/rosidl_cmake-extras.cmake
[3.263s] -- Installing: /home/drail/ros2_ws/install/ros2_grasping/share/ros2_grasping/cmake/ament_cmake_export_dependencies-extras.cmake
[3.263s] -- Installing: /home/drail/ros2_ws/install/ros2_grasping/share/ros2_grasping/cmake/ament_cmake_export_include_directories-extras.cmake
[3.263s] -- Installing: /home/drail/ros2_ws/install/ros2_grasping/share/ros2_grasping/cmake/ament_cmake_export_libraries-extras.cmake
[3.263s] -- Installing: /home/drail/ros2_ws/install/ros2_grasping/share/ros2_grasping/cmake/ament_cmake_export_targets-extras.cmake
[3.263s] -- Installing: /home/drail/ros2_ws/install/ros2_grasping/share/ros2_grasping/cmake/rosidl_cmake_export_typesupport_targets-extras.cmake
[3.263s] -- Installing: /home/drail/ros2_ws/install/ros2_grasping/share/ros2_grasping/cmake/rosidl_cmake_export_typesupport_libraries-extras.cmake
[3.263s] -- Installing: /home/drail/ros2_ws/install/ros2_grasping/share/ros2_grasping/cmake/ros2_graspingConfig.cmake
[3.263s] -- Installing: /home/drail/ros2_ws/install/ros2_grasping/share/ros2_grasping/cmake/ros2_graspingConfig-version.cmake
[3.264s] -- Installing: /home/drail/ros2_ws/install/ros2_grasping/share/ros2_grasping/package.xml
[3.266s] Invoked command in '/home/drail/ros2_ws/build/ros2_grasping' returned '0': CMAKE_PREFIX_PATH=${CMAKE_PREFIX_PATH}:/opt/ros/humble /usr/bin/cmake --install /home/drail/ros2_ws/build/ros2_grasping
