[0.055s] Invoking command in '/home/drail/ros2_ws/build/irb6640_ros2_gazebo': CMAKE_PREFIX_PATH=${CMAKE_PREFIX_PATH}:/opt/ros/humble /usr/bin/cmake /home/drail/ros2_ws/src/ros2_RobotSimulation/ABBRobots/IRB6640/irb6640_ros2_gazebo -DCMAKE_INSTALL_PREFIX=/home/drail/ros2_ws/install/irb6640_ros2_gazebo
[0.101s] -- The C compiler identification is GNU 11.4.0
[0.146s] -- The CXX compiler identification is GNU 11.4.0
[0.152s] -- Detecting C compiler ABI info
[0.213s] -- Detecting C compiler ABI info - done
[0.221s] -- Check for working C compiler: /usr/bin/cc - skipped
[0.221s] -- Detecting C compile features
[0.221s] -- Detecting C compile features - done
[0.225s] -- Detecting CXX compiler ABI info
[0.293s] -- Detecting CXX compiler ABI info - done
[0.302s] -- Check for working CXX compiler: /usr/bin/c++ - skipped
[0.302s] -- Detecting CXX compile features
[0.303s] -- Detecting CXX compile features - done
[0.305s] -- Found ament_cmake: 1.3.12 (/home/drail/ros2_humble/ros2-linux/share/ament_cmake/cmake)
[0.424s] -- Found Python3: /usr/bin/python3 (found version "3.10.12") found components: Interpreter 
[0.492s] -- Found ament_lint_auto: 0.12.14 (/home/drail/ros2_humble/ros2-linux/share/ament_lint_auto/cmake)
[0.556s] -- Added test 'copyright' to check source files copyright and LICENSE
[0.559s] -- Added test 'flake8' to check Python code syntax and style conventions
[0.560s] -- Added test 'lint_cmake' to check CMake code style
[0.561s] -- Added test 'pep257' to check Python code against some of the docstring style conventions in PEP 257
[0.563s] -- Added test 'xmllint' to check XML markup files
[0.564s] -- Configuring done
[0.567s] -- Generating done
[0.569s] -- Build files have been written to: /home/drail/ros2_ws/build/irb6640_ros2_gazebo
[0.578s] Invoked command in '/home/drail/ros2_ws/build/irb6640_ros2_gazebo' returned '0': CMAKE_PREFIX_PATH=${CMAKE_PREFIX_PATH}:/opt/ros/humble /usr/bin/cmake /home/drail/ros2_ws/src/ros2_RobotSimulation/ABBRobots/IRB6640/irb6640_ros2_gazebo -DCMAKE_INSTALL_PREFIX=/home/drail/ros2_ws/install/irb6640_ros2_gazebo
[0.580s] Invoking command in '/home/drail/ros2_ws/build/irb6640_ros2_gazebo': CMAKE_PREFIX_PATH=${CMAKE_PREFIX_PATH}:/opt/ros/humble /usr/bin/cmake --build /home/drail/ros2_ws/build/irb6640_ros2_gazebo -- -j24 -l24
[0.614s] Invoked command in '/home/drail/ros2_ws/build/irb6640_ros2_gazebo' returned '0': CMAKE_PREFIX_PATH=${CMAKE_PREFIX_PATH}:/opt/ros/humble /usr/bin/cmake --build /home/drail/ros2_ws/build/irb6640_ros2_gazebo -- -j24 -l24
[0.623s] Invoking command in '/home/drail/ros2_ws/build/irb6640_ros2_gazebo': CMAKE_PREFIX_PATH=${CMAKE_PREFIX_PATH}:/opt/ros/humble /usr/bin/cmake --install /home/drail/ros2_ws/build/irb6640_ros2_gazebo
[0.629s] -- Install configuration: ""
[0.629s] -- Installing: /home/drail/ros2_ws/install/irb6640_ros2_gazebo/share/irb6640_ros2_gazebo/config
[0.629s] -- Installing: /home/drail/ros2_ws/install/irb6640_ros2_gazebo/share/irb6640_ros2_gazebo/config/irb6640_controller.yaml
[0.630s] -- Installing: /home/drail/ros2_ws/install/irb6640_ros2_gazebo/share/irb6640_ros2_gazebo/launch
[0.630s] -- Installing: /home/drail/ros2_ws/install/irb6640_ros2_gazebo/share/irb6640_ros2_gazebo/launch/irb6640_simulation.launch.py
[0.630s] -- Installing: /home/drail/ros2_ws/install/irb6640_ros2_gazebo/share/irb6640_ros2_gazebo/urdf
[0.630s] -- Installing: /home/drail/ros2_ws/install/irb6640_ros2_gazebo/share/irb6640_ros2_gazebo/urdf/irb6640.urdf.xacro
[0.630s] -- Installing: /home/drail/ros2_ws/install/irb6640_ros2_gazebo/share/irb6640_ros2_gazebo/urdf/irb6640_ros2control.xacro
[0.630s] -- Installing: /home/drail/ros2_ws/install/irb6640_ros2_gazebo/share/irb6640_ros2_gazebo/urdf/irb6640_macro.urdf.xacro
[0.630s] -- Installing: /home/drail/ros2_ws/install/irb6640_ros2_gazebo/share/irb6640_ros2_gazebo/urdf/irb6640_transmission.xacro
[0.630s] -- Installing: /home/drail/ros2_ws/install/irb6640_ros2_gazebo/share/irb6640_ros2_gazebo/urdf/abb_resources
[0.630s] -- Installing: /home/drail/ros2_ws/install/irb6640_ros2_gazebo/share/irb6640_ros2_gazebo/urdf/abb_resources/common_colours.xacro
[0.630s] -- Installing: /home/drail/ros2_ws/install/irb6640_ros2_gazebo/share/irb6640_ros2_gazebo/urdf/abb_resources/common_materials.xacro
[0.631s] -- Installing: /home/drail/ros2_ws/install/irb6640_ros2_gazebo/share/irb6640_ros2_gazebo/worlds
[0.631s] -- Installing: /home/drail/ros2_ws/install/irb6640_ros2_gazebo/share/irb6640_ros2_gazebo/worlds/irb6640.world
[0.631s] -- Installing: /home/drail/ros2_ws/install/irb6640_ros2_gazebo/share/irb6640_ros2_gazebo/meshes
[0.631s] -- Installing: /home/drail/ros2_ws/install/irb6640_ros2_gazebo/share/irb6640_ros2_gazebo/meshes/collision
[0.631s] -- Installing: /home/drail/ros2_ws/install/irb6640_ros2_gazebo/share/irb6640_ros2_gazebo/meshes/collision/link_5.stl
[0.631s] -- Installing: /home/drail/ros2_ws/install/irb6640_ros2_gazebo/share/irb6640_ros2_gazebo/meshes/collision/link_4.stl
[0.631s] -- Installing: /home/drail/ros2_ws/install/irb6640_ros2_gazebo/share/irb6640_ros2_gazebo/meshes/collision/link_2.stl
[0.631s] -- Installing: /home/drail/ros2_ws/install/irb6640_ros2_gazebo/share/irb6640_ros2_gazebo/meshes/collision/cylinder_link.stl
[0.631s] -- Installing: /home/drail/ros2_ws/install/irb6640_ros2_gazebo/share/irb6640_ros2_gazebo/meshes/collision/piston_link.stl
[0.631s] -- Installing: /home/drail/ros2_ws/install/irb6640_ros2_gazebo/share/irb6640_ros2_gazebo/meshes/collision/link_6.stl
[0.632s] -- Installing: /home/drail/ros2_ws/install/irb6640_ros2_gazebo/share/irb6640_ros2_gazebo/meshes/collision/base_link.stl
[0.632s] -- Installing: /home/drail/ros2_ws/install/irb6640_ros2_gazebo/share/irb6640_ros2_gazebo/meshes/collision/link_1.stl
[0.632s] -- Installing: /home/drail/ros2_ws/install/irb6640_ros2_gazebo/share/irb6640_ros2_gazebo/meshes/collision/link_3.stl
[0.633s] -- Installing: /home/drail/ros2_ws/install/irb6640_ros2_gazebo/share/irb6640_ros2_gazebo/meshes/visual
[0.633s] -- Installing: /home/drail/ros2_ws/install/irb6640_ros2_gazebo/share/irb6640_ros2_gazebo/meshes/visual/link_2.dae
[0.635s] -- Installing: /home/drail/ros2_ws/install/irb6640_ros2_gazebo/share/irb6640_ros2_gazebo/meshes/visual/cylinder_link.dae
[0.635s] -- Installing: /home/drail/ros2_ws/install/irb6640_ros2_gazebo/share/irb6640_ros2_gazebo/meshes/visual/link_3.dae
[0.644s] -- Installing: /home/drail/ros2_ws/install/irb6640_ros2_gazebo/share/irb6640_ros2_gazebo/meshes/visual/link_6.dae
[0.645s] -- Installing: /home/drail/ros2_ws/install/irb6640_ros2_gazebo/share/irb6640_ros2_gazebo/meshes/visual/link_1.dae
[0.655s] -- Installing: /home/drail/ros2_ws/install/irb6640_ros2_gazebo/share/irb6640_ros2_gazebo/meshes/visual/piston_link.dae
[0.655s] -- Installing: /home/drail/ros2_ws/install/irb6640_ros2_gazebo/share/irb6640_ros2_gazebo/meshes/visual/link_4.dae
[0.660s] -- Installing: /home/drail/ros2_ws/install/irb6640_ros2_gazebo/share/irb6640_ros2_gazebo/meshes/visual/base_link.dae
[0.662s] -- Installing: /home/drail/ros2_ws/install/irb6640_ros2_gazebo/share/irb6640_ros2_gazebo/meshes/visual/link_5.dae
[0.664s] -- Installing: /home/drail/ros2_ws/install/irb6640_ros2_gazebo/share/ament_index/resource_index/package_run_dependencies/irb6640_ros2_gazebo
[0.664s] -- Installing: /home/drail/ros2_ws/install/irb6640_ros2_gazebo/share/ament_index/resource_index/parent_prefix_path/irb6640_ros2_gazebo
[0.664s] -- Installing: /home/drail/ros2_ws/install/irb6640_ros2_gazebo/share/irb6640_ros2_gazebo/environment/ament_prefix_path.sh
[0.664s] -- Installing: /home/drail/ros2_ws/install/irb6640_ros2_gazebo/share/irb6640_ros2_gazebo/environment/ament_prefix_path.dsv
[0.664s] -- Installing: /home/drail/ros2_ws/install/irb6640_ros2_gazebo/share/irb6640_ros2_gazebo/environment/path.sh
[0.664s] -- Installing: /home/drail/ros2_ws/install/irb6640_ros2_gazebo/share/irb6640_ros2_gazebo/environment/path.dsv
[0.664s] -- Installing: /home/drail/ros2_ws/install/irb6640_ros2_gazebo/share/irb6640_ros2_gazebo/local_setup.bash
[0.665s] -- Installing: /home/drail/ros2_ws/install/irb6640_ros2_gazebo/share/irb6640_ros2_gazebo/local_setup.sh
[0.665s] -- Installing: /home/drail/ros2_ws/install/irb6640_ros2_gazebo/share/irb6640_ros2_gazebo/local_setup.zsh
[0.665s] -- Installing: /home/drail/ros2_ws/install/irb6640_ros2_gazebo/share/irb6640_ros2_gazebo/local_setup.dsv
[0.665s] -- Installing: /home/drail/ros2_ws/install/irb6640_ros2_gazebo/share/irb6640_ros2_gazebo/package.dsv
[0.665s] -- Installing: /home/drail/ros2_ws/install/irb6640_ros2_gazebo/share/ament_index/resource_index/packages/irb6640_ros2_gazebo
[0.665s] -- Installing: /home/drail/ros2_ws/install/irb6640_ros2_gazebo/share/irb6640_ros2_gazebo/cmake/irb6640_ros2_gazeboConfig.cmake
[0.665s] -- Installing: /home/drail/ros2_ws/install/irb6640_ros2_gazebo/share/irb6640_ros2_gazebo/cmake/irb6640_ros2_gazeboConfig-version.cmake
[0.665s] -- Installing: /home/drail/ros2_ws/install/irb6640_ros2_gazebo/share/irb6640_ros2_gazebo/package.xml
[0.700s] Invoked command in '/home/drail/ros2_ws/build/irb6640_ros2_gazebo' returned '0': CMAKE_PREFIX_PATH=${CMAKE_PREFIX_PATH}:/opt/ros/humble /usr/bin/cmake --install /home/drail/ros2_ws/build/irb6640_ros2_gazebo
