[0mCMake Error: The current CMakeCache.txt directory /home/drail/changk2/school/ROB545/Grasping-Moving-Objects/ros2_ws/build/irb6640_ros2_gazebo/CMakeCache.txt is different than the directory /home/drail/ros2_ws/build/irb6640_ros2_gazebo where CMakeCache.txt was created. This may result in binaries being created in the wrong place. If you are not sure, reedit the CMakeCache.txt[0m
-- Found ament_cmake: 1.3.12 (/home/drail/ros2_humble/ros2-linux/share/ament_cmake/cmake)
-- Found ament_lint_auto: 0.12.14 (/home/drail/ros2_humble/ros2-linux/share/ament_lint_auto/cmake)
-- Added test 'copyright' to check source files copyright and LICENSE
-- Added test 'flake8' to check Python code syntax and style conventions
-- Added test 'lint_cmake' to check CMake code style
-- Added test 'pep257' to check Python code against some of the docstring style conventions in PEP 257
-- Added test 'xmllint' to check XML markup files
-- Configuring done
-- Generating done
-- Build files have been written to: /home/drail/ros2_ws/build/irb6640_ros2_gazebo
-- Install configuration: ""
-- Up-to-date: /home/drail/ros2_ws/install/irb6640_ros2_gazebo/share/irb6640_ros2_gazebo/config
-- Up-to-date: /home/drail/ros2_ws/install/irb6640_ros2_gazebo/share/irb6640_ros2_gazebo/config/irb6640_controller.yaml
-- Up-to-date: /home/drail/ros2_ws/install/irb6640_ros2_gazebo/share/irb6640_ros2_gazebo/launch
-- Up-to-date: /home/drail/ros2_ws/install/irb6640_ros2_gazebo/share/irb6640_ros2_gazebo/launch/irb6640_simulation.launch.py
-- Up-to-date: /home/drail/ros2_ws/install/irb6640_ros2_gazebo/share/irb6640_ros2_gazebo/urdf
-- Up-to-date: /home/drail/ros2_ws/install/irb6640_ros2_gazebo/share/irb6640_ros2_gazebo/urdf/irb6640.urdf.xacro
-- Up-to-date: /home/drail/ros2_ws/install/irb6640_ros2_gazebo/share/irb6640_ros2_gazebo/urdf/irb6640_ros2control.xacro
-- Up-to-date: /home/drail/ros2_ws/install/irb6640_ros2_gazebo/share/irb6640_ros2_gazebo/urdf/irb6640_macro.urdf.xacro
-- Up-to-date: /home/drail/ros2_ws/install/irb6640_ros2_gazebo/share/irb6640_ros2_gazebo/urdf/irb6640_transmission.xacro
-- Up-to-date: /home/drail/ros2_ws/install/irb6640_ros2_gazebo/share/irb6640_ros2_gazebo/urdf/abb_resources
-- Up-to-date: /home/drail/ros2_ws/install/irb6640_ros2_gazebo/share/irb6640_ros2_gazebo/urdf/abb_resources/common_colours.xacro
-- Up-to-date: /home/drail/ros2_ws/install/irb6640_ros2_gazebo/share/irb6640_ros2_gazebo/urdf/abb_resources/common_materials.xacro
-- Up-to-date: /home/drail/ros2_ws/install/irb6640_ros2_gazebo/share/irb6640_ros2_gazebo/worlds
-- Up-to-date: /home/drail/ros2_ws/install/irb6640_ros2_gazebo/share/irb6640_ros2_gazebo/worlds/irb6640.world
-- Up-to-date: /home/drail/ros2_ws/install/irb6640_ros2_gazebo/share/irb6640_ros2_gazebo/meshes
-- Up-to-date: /home/drail/ros2_ws/install/irb6640_ros2_gazebo/share/irb6640_ros2_gazebo/meshes/collision
-- Up-to-date: /home/drail/ros2_ws/install/irb6640_ros2_gazebo/share/irb6640_ros2_gazebo/meshes/collision/link_5.stl
-- Up-to-date: /home/drail/ros2_ws/install/irb6640_ros2_gazebo/share/irb6640_ros2_gazebo/meshes/collision/link_4.stl
-- Up-to-date: /home/drail/ros2_ws/install/irb6640_ros2_gazebo/share/irb6640_ros2_gazebo/meshes/collision/link_2.stl
-- Up-to-date: /home/drail/ros2_ws/install/irb6640_ros2_gazebo/share/irb6640_ros2_gazebo/meshes/collision/cylinder_link.stl
-- Up-to-date: /home/drail/ros2_ws/install/irb6640_ros2_gazebo/share/irb6640_ros2_gazebo/meshes/collision/piston_link.stl
-- Up-to-date: /home/drail/ros2_ws/install/irb6640_ros2_gazebo/share/irb6640_ros2_gazebo/meshes/collision/link_6.stl
-- Up-to-date: /home/drail/ros2_ws/install/irb6640_ros2_gazebo/share/irb6640_ros2_gazebo/meshes/collision/base_link.stl
-- Up-to-date: /home/drail/ros2_ws/install/irb6640_ros2_gazebo/share/irb6640_ros2_gazebo/meshes/collision/link_1.stl
-- Up-to-date: /home/drail/ros2_ws/install/irb6640_ros2_gazebo/share/irb6640_ros2_gazebo/meshes/collision/link_3.stl
-- Up-to-date: /home/drail/ros2_ws/install/irb6640_ros2_gazebo/share/irb6640_ros2_gazebo/meshes/visual
-- Up-to-date: /home/drail/ros2_ws/install/irb6640_ros2_gazebo/share/irb6640_ros2_gazebo/meshes/visual/link_2.dae
-- Up-to-date: /home/drail/ros2_ws/install/irb6640_ros2_gazebo/share/irb6640_ros2_gazebo/meshes/visual/cylinder_link.dae
-- Up-to-date: /home/drail/ros2_ws/install/irb6640_ros2_gazebo/share/irb6640_ros2_gazebo/meshes/visual/link_3.dae
-- Up-to-date: /home/drail/ros2_ws/install/irb6640_ros2_gazebo/share/irb6640_ros2_gazebo/meshes/visual/link_6.dae
-- Up-to-date: /home/drail/ros2_ws/install/irb6640_ros2_gazebo/share/irb6640_ros2_gazebo/meshes/visual/link_1.dae
-- Up-to-date: /home/drail/ros2_ws/install/irb6640_ros2_gazebo/share/irb6640_ros2_gazebo/meshes/visual/piston_link.dae
-- Up-to-date: /home/drail/ros2_ws/install/irb6640_ros2_gazebo/share/irb6640_ros2_gazebo/meshes/visual/link_4.dae
-- Up-to-date: /home/drail/ros2_ws/install/irb6640_ros2_gazebo/share/irb6640_ros2_gazebo/meshes/visual/base_link.dae
-- Up-to-date: /home/drail/ros2_ws/install/irb6640_ros2_gazebo/share/irb6640_ros2_gazebo/meshes/visual/link_5.dae
-- Up-to-date: /home/drail/ros2_ws/install/irb6640_ros2_gazebo/share/ament_index/resource_index/package_run_dependencies/irb6640_ros2_gazebo
-- Up-to-date: /home/drail/ros2_ws/install/irb6640_ros2_gazebo/share/ament_index/resource_index/parent_prefix_path/irb6640_ros2_gazebo
-- Up-to-date: /home/drail/ros2_ws/install/irb6640_ros2_gazebo/share/irb6640_ros2_gazebo/environment/ament_prefix_path.sh
-- Installing: /home/drail/ros2_ws/install/irb6640_ros2_gazebo/share/irb6640_ros2_gazebo/environment/ament_prefix_path.dsv
-- Up-to-date: /home/drail/ros2_ws/install/irb6640_ros2_gazebo/share/irb6640_ros2_gazebo/environment/path.sh
-- Installing: /home/drail/ros2_ws/install/irb6640_ros2_gazebo/share/irb6640_ros2_gazebo/environment/path.dsv
-- Up-to-date: /home/drail/ros2_ws/install/irb6640_ros2_gazebo/share/irb6640_ros2_gazebo/local_setup.bash
-- Up-to-date: /home/drail/ros2_ws/install/irb6640_ros2_gazebo/share/irb6640_ros2_gazebo/local_setup.sh
-- Up-to-date: /home/drail/ros2_ws/install/irb6640_ros2_gazebo/share/irb6640_ros2_gazebo/local_setup.zsh
-- Installing: /home/drail/ros2_ws/install/irb6640_ros2_gazebo/share/irb6640_ros2_gazebo/local_setup.dsv
-- Installing: /home/drail/ros2_ws/install/irb6640_ros2_gazebo/share/irb6640_ros2_gazebo/package.dsv
-- Up-to-date: /home/drail/ros2_ws/install/irb6640_ros2_gazebo/share/ament_index/resource_index/packages/irb6640_ros2_gazebo
-- Up-to-date: /home/drail/ros2_ws/install/irb6640_ros2_gazebo/share/irb6640_ros2_gazebo/cmake/irb6640_ros2_gazeboConfig.cmake
-- Up-to-date: /home/drail/ros2_ws/install/irb6640_ros2_gazebo/share/irb6640_ros2_gazebo/cmake/irb6640_ros2_gazeboConfig-version.cmake
-- Up-to-date: /home/drail/ros2_ws/install/irb6640_ros2_gazebo/share/irb6640_ros2_gazebo/package.xml
