[0.035s] Invoking command in '/home/drail/ros2_ws/build/ur10_ros2_gazebo': CMAKE_PREFIX_PATH=${CMAKE_PREFIX_PATH}:/opt/ros/humble /usr/bin/cmake /home/drail/ros2_ws/src/ros2_RobotSimulation/UniversalRobots/UR10/ur10_ros2_gazebo -DCMAKE_INSTALL_PREFIX=/home/drail/ros2_ws/install/ur10_ros2_gazebo
[0.080s] -- The C compiler identification is GNU 11.4.0
[0.123s] -- The CXX compiler identification is GNU 11.4.0
[0.129s] -- Detecting C compiler ABI info
[0.190s] -- Detecting C compiler ABI info - done
[0.199s] -- Check for working C compiler: /usr/bin/cc - skipped
[0.199s] -- Detecting C compile features
[0.199s] -- Detecting C compile features - done
[0.202s] -- Detecting CXX compiler ABI info
[0.268s] -- Detecting CXX compiler ABI info - done
[0.273s] -- Check for working CXX compiler: /usr/bin/c++ - skipped
[0.273s] -- Detecting CXX compile features
[0.274s] -- Detecting CXX compile features - done
[0.276s] -- Found ament_cmake: 1.3.12 (/home/drail/ros2_humble/ros2-linux/share/ament_cmake/cmake)
[0.397s] -- Found Python3: /usr/bin/python3 (found version "3.10.12") found components: Interpreter 
[0.474s] -- Found ament_lint_auto: 0.12.14 (/home/drail/ros2_humble/ros2-linux/share/ament_lint_auto/cmake)
[0.537s] -- Added test 'copyright' to check source files copyright and LICENSE
[0.540s] -- Added test 'flake8' to check Python code syntax and style conventions
[0.541s] -- Added test 'lint_cmake' to check CMake code style
[0.542s] -- Added test 'pep257' to check Python code against some of the docstring style conventions in PEP 257
[0.544s] -- Added test 'xmllint' to check XML markup files
[0.549s] -- Configuring done
[0.552s] -- Generating done
[0.555s] -- Build files have been written to: /home/drail/ros2_ws/build/ur10_ros2_gazebo
[0.566s] Invoked command in '/home/drail/ros2_ws/build/ur10_ros2_gazebo' returned '0': CMAKE_PREFIX_PATH=${CMAKE_PREFIX_PATH}:/opt/ros/humble /usr/bin/cmake /home/drail/ros2_ws/src/ros2_RobotSimulation/UniversalRobots/UR10/ur10_ros2_gazebo -DCMAKE_INSTALL_PREFIX=/home/drail/ros2_ws/install/ur10_ros2_gazebo
[0.567s] Invoking command in '/home/drail/ros2_ws/build/ur10_ros2_gazebo': CMAKE_PREFIX_PATH=${CMAKE_PREFIX_PATH}:/opt/ros/humble /usr/bin/cmake --build /home/drail/ros2_ws/build/ur10_ros2_gazebo -- -j24 -l24
[0.628s] Invoked command in '/home/drail/ros2_ws/build/ur10_ros2_gazebo' returned '0': CMAKE_PREFIX_PATH=${CMAKE_PREFIX_PATH}:/opt/ros/humble /usr/bin/cmake --build /home/drail/ros2_ws/build/ur10_ros2_gazebo -- -j24 -l24
[0.632s] Invoking command in '/home/drail/ros2_ws/build/ur10_ros2_gazebo': CMAKE_PREFIX_PATH=${CMAKE_PREFIX_PATH}:/opt/ros/humble /usr/bin/cmake --install /home/drail/ros2_ws/build/ur10_ros2_gazebo
[0.641s] -- Install configuration: ""
[0.641s] -- Installing: /home/drail/ros2_ws/install/ur10_ros2_gazebo/share/ur10_ros2_gazebo/config
[0.641s] -- Installing: /home/drail/ros2_ws/install/ur10_ros2_gazebo/share/ur10_ros2_gazebo/config/physical_parameters.yaml
[0.641s] -- Installing: /home/drail/ros2_ws/install/ur10_ros2_gazebo/share/ur10_ros2_gazebo/config/joint_limits.yaml
[0.641s] -- Installing: /home/drail/ros2_ws/install/ur10_ros2_gazebo/share/ur10_ros2_gazebo/config/initial_positions.yaml
[0.641s] -- Installing: /home/drail/ros2_ws/install/ur10_ros2_gazebo/share/ur10_ros2_gazebo/config/ur10_controller.yaml
[0.642s] -- Installing: /home/drail/ros2_ws/install/ur10_ros2_gazebo/share/ur10_ros2_gazebo/config/visual_parameters.yaml
[0.642s] -- Installing: /home/drail/ros2_ws/install/ur10_ros2_gazebo/share/ur10_ros2_gazebo/config/default_kinematics.yaml
[0.642s] -- Installing: /home/drail/ros2_ws/install/ur10_ros2_gazebo/share/ur10_ros2_gazebo/launch
[0.642s] -- Installing: /home/drail/ros2_ws/install/ur10_ros2_gazebo/share/ur10_ros2_gazebo/launch/ur10_simulation.launch.py
[0.642s] -- Installing: /home/drail/ros2_ws/install/ur10_ros2_gazebo/share/ur10_ros2_gazebo/urdf
[0.642s] -- Installing: /home/drail/ros2_ws/install/ur10_ros2_gazebo/share/ur10_ros2_gazebo/urdf/ur10.urdf.xacro
[0.642s] -- Installing: /home/drail/ros2_ws/install/ur10_ros2_gazebo/share/ur10_ros2_gazebo/urdf/ur10_macro.urdf.xacro
[0.642s] -- Installing: /home/drail/ros2_ws/install/ur10_ros2_gazebo/share/ur10_ros2_gazebo/urdf/ur10_transmission.xacro
[0.642s] -- Installing: /home/drail/ros2_ws/install/ur10_ros2_gazebo/share/ur10_ros2_gazebo/urdf/ur10_ros2control.xacro
[0.642s] -- Installing: /home/drail/ros2_ws/install/ur10_ros2_gazebo/share/ur10_ros2_gazebo/urdf/ur10_common.xacro
[0.642s] -- Installing: /home/drail/ros2_ws/install/ur10_ros2_gazebo/share/ur10_ros2_gazebo/worlds
[0.642s] -- Installing: /home/drail/ros2_ws/install/ur10_ros2_gazebo/share/ur10_ros2_gazebo/worlds/ur10.world
[0.642s] -- Installing: /home/drail/ros2_ws/install/ur10_ros2_gazebo/share/ur10_ros2_gazebo/meshes
[0.642s] -- Installing: /home/drail/ros2_ws/install/ur10_ros2_gazebo/share/ur10_ros2_gazebo/meshes/collision
[0.642s] -- Installing: /home/drail/ros2_ws/install/ur10_ros2_gazebo/share/ur10_ros2_gazebo/meshes/collision/wrist3.stl
[0.642s] -- Installing: /home/drail/ros2_ws/install/ur10_ros2_gazebo/share/ur10_ros2_gazebo/meshes/collision/upperarm.stl
[0.643s] -- Installing: /home/drail/ros2_ws/install/ur10_ros2_gazebo/share/ur10_ros2_gazebo/meshes/collision/wrist1.stl
[0.643s] -- Installing: /home/drail/ros2_ws/install/ur10_ros2_gazebo/share/ur10_ros2_gazebo/meshes/collision/base.stl
[0.643s] -- Installing: /home/drail/ros2_ws/install/ur10_ros2_gazebo/share/ur10_ros2_gazebo/meshes/collision/forearm.stl
[0.643s] -- Installing: /home/drail/ros2_ws/install/ur10_ros2_gazebo/share/ur10_ros2_gazebo/meshes/collision/wrist2.stl
[0.643s] -- Installing: /home/drail/ros2_ws/install/ur10_ros2_gazebo/share/ur10_ros2_gazebo/meshes/collision/shoulder.stl
[0.643s] -- Installing: /home/drail/ros2_ws/install/ur10_ros2_gazebo/share/ur10_ros2_gazebo/meshes/visual
[0.643s] -- Installing: /home/drail/ros2_ws/install/ur10_ros2_gazebo/share/ur10_ros2_gazebo/meshes/visual/wrist1.dae
[0.644s] -- Installing: /home/drail/ros2_ws/install/ur10_ros2_gazebo/share/ur10_ros2_gazebo/meshes/visual/forearm.dae
[0.644s] -- Installing: /home/drail/ros2_ws/install/ur10_ros2_gazebo/share/ur10_ros2_gazebo/meshes/visual/shoulder.dae
[0.644s] -- Installing: /home/drail/ros2_ws/install/ur10_ros2_gazebo/share/ur10_ros2_gazebo/meshes/visual/wrist2.dae
[0.644s] -- Installing: /home/drail/ros2_ws/install/ur10_ros2_gazebo/share/ur10_ros2_gazebo/meshes/visual/wrist3.dae
[0.645s] -- Installing: /home/drail/ros2_ws/install/ur10_ros2_gazebo/share/ur10_ros2_gazebo/meshes/visual/upperarm.dae
[0.645s] -- Installing: /home/drail/ros2_ws/install/ur10_ros2_gazebo/share/ur10_ros2_gazebo/meshes/visual/base.dae
[0.645s] -- Installing: /home/drail/ros2_ws/install/ur10_ros2_gazebo/share/ament_index/resource_index/package_run_dependencies/ur10_ros2_gazebo
[0.645s] -- Installing: /home/drail/ros2_ws/install/ur10_ros2_gazebo/share/ament_index/resource_index/parent_prefix_path/ur10_ros2_gazebo
[0.645s] -- Installing: /home/drail/ros2_ws/install/ur10_ros2_gazebo/share/ur10_ros2_gazebo/environment/ament_prefix_path.sh
[0.645s] -- Installing: /home/drail/ros2_ws/install/ur10_ros2_gazebo/share/ur10_ros2_gazebo/environment/ament_prefix_path.dsv
[0.645s] -- Installing: /home/drail/ros2_ws/install/ur10_ros2_gazebo/share/ur10_ros2_gazebo/environment/path.sh
[0.645s] -- Installing: /home/drail/ros2_ws/install/ur10_ros2_gazebo/share/ur10_ros2_gazebo/environment/path.dsv
[0.645s] -- Installing: /home/drail/ros2_ws/install/ur10_ros2_gazebo/share/ur10_ros2_gazebo/local_setup.bash
[0.645s] -- Installing: /home/drail/ros2_ws/install/ur10_ros2_gazebo/share/ur10_ros2_gazebo/local_setup.sh
[0.645s] -- Installing: /home/drail/ros2_ws/install/ur10_ros2_gazebo/share/ur10_ros2_gazebo/local_setup.zsh
[0.645s] -- Installing: /home/drail/ros2_ws/install/ur10_ros2_gazebo/share/ur10_ros2_gazebo/local_setup.dsv
[0.645s] -- Installing: /home/drail/ros2_ws/install/ur10_ros2_gazebo/share/ur10_ros2_gazebo/package.dsv
[0.645s] -- Installing: /home/drail/ros2_ws/install/ur10_ros2_gazebo/share/ament_index/resource_index/packages/ur10_ros2_gazebo
[0.645s] -- Installing: /home/drail/ros2_ws/install/ur10_ros2_gazebo/share/ur10_ros2_gazebo/cmake/ur10_ros2_gazeboConfig.cmake
[0.645s] -- Installing: /home/drail/ros2_ws/install/ur10_ros2_gazebo/share/ur10_ros2_gazebo/cmake/ur10_ros2_gazeboConfig-version.cmake
[0.645s] -- Installing: /home/drail/ros2_ws/install/ur10_ros2_gazebo/share/ur10_ros2_gazebo/package.xml
[0.720s] Invoked command in '/home/drail/ros2_ws/build/ur10_ros2_gazebo' returned '0': CMAKE_PREFIX_PATH=${CMAKE_PREFIX_PATH}:/opt/ros/humble /usr/bin/cmake --install /home/drail/ros2_ws/build/ur10_ros2_gazebo
