[0.054s] Invoking command in '/home/drail/changk2/school/ROB545/Grasping-Moving-Objects/ros2_ws/build/ros2_actions': AMENT_PREFIX_PATH=/home/drail/ros2_ws/install/ros2_data:${AMENT_PREFIX_PATH} CMAKE_PREFIX_PATH=/home/drail/changk2/school/ROB545/Grasping-Moving-Objects/ros2_ws/install/ros2_data:/home/drail/ros2_ws/install/turtlesim:/home/drail/ros2_humble/ros2-linux:/opt/ros/humble LD_LIBRARY_PATH=/home/drail/ros2_ws/install/ros2_data/lib:/home/drail/changk2/school/ROB545/Grasping-Moving-Objects/ros2_ws/install/ros2_data/lib:/home/drail/ros2_ws/install/turtlesim/lib:/usr/lib/x86_64-linux-gnu/gazebo-11/plugins:/opt/ros/humble/opt/rviz_ogre_vendor/lib:/opt/ros/humble/lib/x86_64-linux-gnu:/opt/ros/humble/lib:/home/drail/ros2_humble/ros2-linux/opt/rviz_ogre_vendor/lib:/home/drail/ros2_humble/ros2-linux/lib:/usr/local/cuda-12.9/lib64 PYTHONPATH=/home/drail/ros2_ws/install/ros2_data/local/lib/python3.10/dist-packages:${PYTHONPATH} /usr/bin/cmake --build /home/drail/changk2/school/ROB545/Grasping-Moving-Objects/ros2_ws/build/ros2_actions -- -j24 -l24
[0.062s] [0mCMake Error: The current CMakeCache.txt directory /home/drail/changk2/school/ROB545/Grasping-Moving-Objects/ros2_ws/build/ros2_actions/CMakeCache.txt is different than the directory /home/drail/ros2_ws/build/ros2_actions where CMakeCache.txt was created. This may result in binaries being created in the wrong place. If you are not sure, reedit the CMakeCache.txt[0m
[0.076s] -- Found ament_cmake: 1.3.12 (/home/drail/ros2_humble/ros2-linux/share/ament_cmake/cmake)
[0.174s] -- Found ament_lint_auto: 0.12.14 (/home/drail/ros2_humble/ros2-linux/share/ament_lint_auto/cmake)
[0.227s] -- Found moveit_ros_planning_interface: 2.5.9 (/opt/ros/humble/share/moveit_ros_planning_interface/cmake)
[0.236s] -- Found Boost: /usr/lib/x86_64-linux-gnu/cmake/Boost-1.74.0/BoostConfig.cmake (found version "1.74.0") found components: date_time filesystem program_options system thread 
[0.258s] -- Found rosidl_generator_c: 3.1.7 (/home/drail/ros2_humble/ros2-linux/share/rosidl_generator_c/cmake)
[0.259s] -- Found rosidl_adapter: 3.1.7 (/home/drail/ros2_humble/ros2-linux/share/rosidl_adapter/cmake)
[0.263s] -- Found rosidl_generator_cpp: 3.1.7 (/home/drail/ros2_humble/ros2-linux/share/rosidl_generator_cpp/cmake)
[0.269s] -- Using all available rosidl_typesupport_c: rosidl_typesupport_fastrtps_c;rosidl_typesupport_introspection_c
[0.277s] -- Using all available rosidl_typesupport_cpp: rosidl_typesupport_fastrtps_cpp;rosidl_typesupport_introspection_cpp
[0.403s] -- Found Boost: /usr/lib/x86_64-linux-gnu/cmake/Boost-1.74.0/BoostConfig.cmake (found version "1.74.0") found components: chrono date_time filesystem iostreams program_options regex serialization system thread 
[0.421s] -- Found parameter_traits: 0.5.0 (/opt/ros/humble/share/parameter_traits/cmake)
[0.439s] -- Found rmw_implementation_cmake: 6.1.2 (/home/drail/ros2_humble/ros2-linux/share/rmw_implementation_cmake/cmake)
[0.440s] -- Found rmw_cyclonedds_cpp: 1.3.4 (/home/drail/ros2_humble/ros2-linux/share/rmw_cyclonedds_cpp/cmake)
[0.452s] -- Using RMW implementation 'rmw_cyclonedds_cpp' as default
[0.480s] -- Found rclcpp_lifecycle: 16.0.14 (/home/drail/ros2_humble/ros2-linux/share/rclcpp_lifecycle/cmake)
[0.494s] -- Found Boost: /usr/lib/x86_64-linux-gnu/cmake/Boost-1.74.0/BoostConfig.cmake (found version "1.74.0") found components: filesystem 
[0.521s] -- library: /usr/lib/x86_64-linux-gnu/libcurl.so
[0.540s] -- Ensuring Eigen3 include directory is part of orocos-kdl CMake target
[0.615s] -- Found Boost: /usr/lib/x86_64-linux-gnu/cmake/Boost-1.74.0/BoostConfig.cmake (found version "1.74.0") found components: system filesystem date_time program_options thread chrono 
[0.635s] -- Found Boost: /usr/lib/x86_64-linux-gnu/cmake/Boost-1.74.0/BoostConfig.cmake (found version "1.74.0") found components: thread system filesystem regex date_time program_options 
[0.654s] -- Found Boost: /usr/lib/x86_64-linux-gnu/cmake/Boost-1.74.0/BoostConfig.cmake (found version "1.74.0") found components: system filesystem date_time program_options thread 
[0.671s] -- Found ros2_data: 0.0.0 (/home/drail/ros2_ws/install/ros2_data/share/ros2_data/cmake)
[0.691s] -- Added test 'copyright' to check source files copyright and LICENSE
[0.692s] -- Added test 'cppcheck' to perform static code analysis on C / C++ code
[0.692s] -- Configured cppcheck include dirs: 
[0.692s] -- Configured cppcheck exclude dirs and/or files: 
[0.693s] -- Added test 'cpplint' to check C / C++ code against the Google style
[0.693s] -- Configured cpplint exclude dirs and/or files: 
[0.693s] -- Added test 'lint_cmake' to check CMake code style
[0.694s] -- Added test 'uncrustify' to check C / C++ code style
[0.694s] -- Configured uncrustify additional arguments: 
[0.694s] -- Added test 'xmllint' to check XML markup files
[0.694s] -- Configuring done
[0.799s] -- Generating done
[0.828s] -- Build files have been written to: /home/drail/ros2_ws/build/ros2_actions
[0.856s] [35m[1mConsolidate compiler generated dependencies of target moveG_action[0m
[0.856s] [35m[1mConsolidate compiler generated dependencies of target moveJ_action[0m
[0.856s] [35m[1mConsolidate compiler generated dependencies of target moveRs_action[0m
[0.856s] [35m[1mConsolidate compiler generated dependencies of target moveXYZ_action[0m
[0.856s] [35m[1mConsolidate compiler generated dependencies of target moveR_action[0m
[0.857s] [35m[1mConsolidate compiler generated dependencies of target moveL_action[0m
[0.857s] [35m[1mConsolidate compiler generated dependencies of target moveROT_action[0m
[0.857s] [35m[1mConsolidate compiler generated dependencies of target moveJs_action[0m
[0.857s] [35m[1mConsolidate compiler generated dependencies of target moveRP_action[0m
[0.857s] [35m[1mConsolidate compiler generated dependencies of target moveYPR_action[0m
[0.857s] [35m[1mConsolidate compiler generated dependencies of target moveXYZW_action[0m
[0.872s] [ 31%] [32m[1mLinking CXX executable moveROT_action[0m
[0.872s] [ 31%] [32m[1mLinking CXX executable moveL_action[0m
[0.872s] [ 31%] [32m[1mLinking CXX executable moveRs_action[0m
[0.872s] [ 31%] [32m[1mLinking CXX executable moveR_action[0m
[0.872s] [ 31%] [32m[1mLinking CXX executable moveRP_action[0m
[0.872s] [ 31%] [32m[1mLinking CXX executable moveG_action[0m
[0.873s] [ 31%] [32m[1mLinking CXX executable moveJ_action[0m
[0.873s] [ 36%] [32m[1mLinking CXX executable moveXYZ_action[0m
[0.873s] [ 40%] [32m[1mLinking CXX executable moveYPR_action[0m
[0.874s] [ 45%] [32m[1mLinking CXX executable moveXYZW_action[0m
[0.874s] [ 50%] [32m[1mLinking CXX executable moveJs_action[0m
[1.236s] [ 54%] Built target moveL_action
[1.247s] [ 59%] Built target moveG_action
[1.249s] [ 63%] Built target moveRP_action
[1.253s] [ 68%] Built target moveXYZW_action
[1.255s] [ 72%] Built target moveJ_action
[1.255s] [ 81%] Built target moveRs_action
[1.255s] [ 81%] Built target moveYPR_action
[1.255s] [ 90%] Built target moveR_action
[1.256s] [ 90%] Built target moveJs_action
[1.257s] [ 95%] Built target moveXYZ_action
[1.261s] [100%] Built target moveROT_action
[1.270s] Invoked command in '/home/drail/changk2/school/ROB545/Grasping-Moving-Objects/ros2_ws/build/ros2_actions' returned '0': AMENT_PREFIX_PATH=/home/drail/ros2_ws/install/ros2_data:${AMENT_PREFIX_PATH} CMAKE_PREFIX_PATH=/home/drail/changk2/school/ROB545/Grasping-Moving-Objects/ros2_ws/install/ros2_data:/home/drail/ros2_ws/install/turtlesim:/home/drail/ros2_humble/ros2-linux:/opt/ros/humble LD_LIBRARY_PATH=/home/drail/ros2_ws/install/ros2_data/lib:/home/drail/changk2/school/ROB545/Grasping-Moving-Objects/ros2_ws/install/ros2_data/lib:/home/drail/ros2_ws/install/turtlesim/lib:/usr/lib/x86_64-linux-gnu/gazebo-11/plugins:/opt/ros/humble/opt/rviz_ogre_vendor/lib:/opt/ros/humble/lib/x86_64-linux-gnu:/opt/ros/humble/lib:/home/drail/ros2_humble/ros2-linux/opt/rviz_ogre_vendor/lib:/home/drail/ros2_humble/ros2-linux/lib:/usr/local/cuda-12.9/lib64 PYTHONPATH=/home/drail/ros2_ws/install/ros2_data/local/lib/python3.10/dist-packages:${PYTHONPATH} /usr/bin/cmake --build /home/drail/changk2/school/ROB545/Grasping-Moving-Objects/ros2_ws/build/ros2_actions -- -j24 -l24
[1.271s] Invoking command in '/home/drail/changk2/school/ROB545/Grasping-Moving-Objects/ros2_ws/build/ros2_actions': AMENT_PREFIX_PATH=/home/drail/ros2_ws/install/ros2_data:${AMENT_PREFIX_PATH} CMAKE_PREFIX_PATH=/home/drail/changk2/school/ROB545/Grasping-Moving-Objects/ros2_ws/install/ros2_data:/home/drail/ros2_ws/install/turtlesim:/home/drail/ros2_humble/ros2-linux:/opt/ros/humble LD_LIBRARY_PATH=/home/drail/ros2_ws/install/ros2_data/lib:/home/drail/changk2/school/ROB545/Grasping-Moving-Objects/ros2_ws/install/ros2_data/lib:/home/drail/ros2_ws/install/turtlesim/lib:/usr/lib/x86_64-linux-gnu/gazebo-11/plugins:/opt/ros/humble/opt/rviz_ogre_vendor/lib:/opt/ros/humble/lib/x86_64-linux-gnu:/opt/ros/humble/lib:/home/drail/ros2_humble/ros2-linux/opt/rviz_ogre_vendor/lib:/home/drail/ros2_humble/ros2-linux/lib:/usr/local/cuda-12.9/lib64 PYTHONPATH=/home/drail/ros2_ws/install/ros2_data/local/lib/python3.10/dist-packages:${PYTHONPATH} /usr/bin/cmake --install /home/drail/changk2/school/ROB545/Grasping-Moving-Objects/ros2_ws/build/ros2_actions
[1.278s] -- Install configuration: ""
[1.278s] -- Up-to-date: /home/drail/ros2_ws/install/ros2_actions/lib/ros2_actions/moveJ_action
[1.278s] -- Up-to-date: /home/drail/ros2_ws/install/ros2_actions/lib/ros2_actions/moveJs_action
[1.278s] -- Up-to-date: /home/drail/ros2_ws/install/ros2_actions/lib/ros2_actions/moveG_action
[1.279s] -- Up-to-date: /home/drail/ros2_ws/install/ros2_actions/lib/ros2_actions/moveXYZW_action
[1.279s] -- Up-to-date: /home/drail/ros2_ws/install/ros2_actions/lib/ros2_actions/moveL_action
[1.279s] -- Up-to-date: /home/drail/ros2_ws/install/ros2_actions/lib/ros2_actions/moveR_action
[1.279s] -- Up-to-date: /home/drail/ros2_ws/install/ros2_actions/lib/ros2_actions/moveRs_action
[1.279s] -- Up-to-date: /home/drail/ros2_ws/install/ros2_actions/lib/ros2_actions/moveXYZ_action
[1.280s] -- Up-to-date: /home/drail/ros2_ws/install/ros2_actions/lib/ros2_actions/moveYPR_action
[1.280s] -- Up-to-date: /home/drail/ros2_ws/install/ros2_actions/lib/ros2_actions/moveROT_action
[1.280s] -- Up-to-date: /home/drail/ros2_ws/install/ros2_actions/lib/ros2_actions/moveRP_action
[1.280s] -- Up-to-date: /home/drail/ros2_ws/install/ros2_actions/share/ament_index/resource_index/package_run_dependencies/ros2_actions
[1.280s] -- Up-to-date: /home/drail/ros2_ws/install/ros2_actions/share/ament_index/resource_index/parent_prefix_path/ros2_actions
[1.280s] -- Up-to-date: /home/drail/ros2_ws/install/ros2_actions/share/ros2_actions/environment/ament_prefix_path.sh
[1.281s] -- Installing: /home/drail/ros2_ws/install/ros2_actions/share/ros2_actions/environment/ament_prefix_path.dsv
[1.281s] -- Up-to-date: /home/drail/ros2_ws/install/ros2_actions/share/ros2_actions/environment/path.sh
[1.281s] -- Installing: /home/drail/ros2_ws/install/ros2_actions/share/ros2_actions/environment/path.dsv
[1.281s] -- Up-to-date: /home/drail/ros2_ws/install/ros2_actions/share/ros2_actions/local_setup.bash
[1.281s] -- Up-to-date: /home/drail/ros2_ws/install/ros2_actions/share/ros2_actions/local_setup.sh
[1.281s] -- Up-to-date: /home/drail/ros2_ws/install/ros2_actions/share/ros2_actions/local_setup.zsh
[1.281s] -- Installing: /home/drail/ros2_ws/install/ros2_actions/share/ros2_actions/local_setup.dsv
[1.281s] -- Installing: /home/drail/ros2_ws/install/ros2_actions/share/ros2_actions/package.dsv
[1.281s] -- Up-to-date: /home/drail/ros2_ws/install/ros2_actions/share/ament_index/resource_index/packages/ros2_actions
[1.281s] -- Up-to-date: /home/drail/ros2_ws/install/ros2_actions/share/ros2_actions/cmake/ros2_actionsConfig.cmake
[1.281s] -- Up-to-date: /home/drail/ros2_ws/install/ros2_actions/share/ros2_actions/cmake/ros2_actionsConfig-version.cmake
[1.281s] -- Up-to-date: /home/drail/ros2_ws/install/ros2_actions/share/ros2_actions/package.xml
[1.283s] Invoked command in '/home/drail/changk2/school/ROB545/Grasping-Moving-Objects/ros2_ws/build/ros2_actions' returned '0': AMENT_PREFIX_PATH=/home/drail/ros2_ws/install/ros2_data:${AMENT_PREFIX_PATH} CMAKE_PREFIX_PATH=/home/drail/changk2/school/ROB545/Grasping-Moving-Objects/ros2_ws/install/ros2_data:/home/drail/ros2_ws/install/turtlesim:/home/drail/ros2_humble/ros2-linux:/opt/ros/humble LD_LIBRARY_PATH=/home/drail/ros2_ws/install/ros2_data/lib:/home/drail/changk2/school/ROB545/Grasping-Moving-Objects/ros2_ws/install/ros2_data/lib:/home/drail/ros2_ws/install/turtlesim/lib:/usr/lib/x86_64-linux-gnu/gazebo-11/plugins:/opt/ros/humble/opt/rviz_ogre_vendor/lib:/opt/ros/humble/lib/x86_64-linux-gnu:/opt/ros/humble/lib:/home/drail/ros2_humble/ros2-linux/opt/rviz_ogre_vendor/lib:/home/drail/ros2_humble/ros2-linux/lib:/usr/local/cuda-12.9/lib64 PYTHONPATH=/home/drail/ros2_ws/install/ros2_data/local/lib/python3.10/dist-packages:${PYTHONPATH} /usr/bin/cmake --install /home/drail/changk2/school/ROB545/Grasping-Moving-Objects/ros2_ws/build/ros2_actions
